[ 2017-12-11T21:25:59+08:00 ] ::1 /web/marx/
INFO: [ app_init ] --START--
INFO: Run Behavior\BuildLiteBehavior [ RunTime:0.000029s ]
INFO: [ app_init ] --END-- [ RunTime:0.000658s ]
INFO: [ app_begin ] --START--
INFO: Run Behavior\ReadHtmlCacheBehavior [ RunTime:0.000583s ]
INFO: [ app_begin ] --END-- [ RunTime:0.000742s ]
INFO: [ view_parse ] --START--
INFO: [ template_filter ] --START--
INFO: Run Behavior\ContentReplaceBehavior [ RunTime:0.000096s ]
INFO: [ template_filter ] --END-- [ RunTime:0.000212s ]
NOTIC: [8] Undefined variable: as D:\wamp64\www\web\marx\Application\Runtime\Cache\Home\2a94b8bda04ff446dcedd42276fc99ee.php 第 85 行.
NOTIC: [8] Undefined variable: noticestitle D:\wamp64\www\web\marx\Application\Runtime\Cache\Home\2a94b8bda04ff446dcedd42276fc99ee.php 第 118 行.
INFO: Run Behavior\ParseTemplateBehavior [ RunTime:0.014433s ]
INFO: [ view_parse ] --END-- [ RunTime:0.014572s ]
INFO: [ view_filter ] --START--
INFO: Run Behavior\WriteHtmlCacheBehavior [ RunTime:0.000340s ]
INFO: [ view_filter ] --END-- [ RunTime:0.000480s ]
NOTIC: [8] Use of undefined constant Blog - assumed 'Blog' D:\wamp64\www\web\marx\Application\Home\Controller\IndexController.class.php 第 10 行.
SQL: SHOW COLUMNS FROM `tp_blog` [ RunTime:0.0011s ]
SQL: SELECT `title`,`id` FROM `tp_blog` WHERE `cid` = 16 ORDER BY time desc LIMIT 6   [ RunTime:0.0012s ]
INFO: [ app_end ] --START--
INFO: Run Behavior\ShowPageTraceBehavior [ RunTime:0.000622s ]
INFO: [ app_end ] --END-- [ RunTime:0.000736s ]

[ 2017-12-11T21:26:01+08:00 ] ::1 /web/marx/
INFO: [ app_init ] --START--
INFO: Run Behavior\BuildLiteBehavior [ RunTime:0.000026s ]
INFO: [ app_init ] --END-- [ RunTime:0.000492s ]
INFO: [ app_begin ] --START--
INFO: Run Behavior\ReadHtmlCacheBehavior [ RunTime:0.000880s ]
INFO: [ app_begin ] --END-- [ RunTime:0.001028s ]
INFO: [ view_parse ] --START--
INFO: [ template_filter ] --START--
INFO: Run Behavior\ContentReplaceBehavior [ RunTime:0.000085s ]
INFO: [ template_filter ] --END-- [ RunTime:0.000196s ]
NOTIC: [8] Undefined variable: as D:\wamp64\www\web\marx\Application\Runtime\Cache\Home\2a94b8bda04ff446dcedd42276fc99ee.php 第 85 行.
NOTIC: [8] Undefined variable: noticestitle D:\wamp64\www\web\marx\Application\Runtime\Cache\Home\2a94b8bda04ff446dcedd42276fc99ee.php 第 118 行.
INFO: Run Behavior\ParseTemplateBehavior [ RunTime:0.011246s ]
INFO: [ view_parse ] --END-- [ RunTime:0.011369s ]
INFO: [ view_filter ] --START--
INFO: Run Behavior\WriteHtmlCacheBehavior [ RunTime:0.000360s ]
INFO: [ view_filter ] --END-- [ RunTime:0.000461s ]
NOTIC: [8] Use of undefined constant Blog - assumed 'Blog' D:\wamp64\www\web\marx\Application\Home\Controller\IndexController.class.php 第 10 行.
SQL: SHOW COLUMNS FROM `tp_blog` [ RunTime:0.0008s ]
SQL: SELECT `title`,`id` FROM `tp_blog` WHERE `cid` = 16 ORDER BY time desc LIMIT 6   [ RunTime:0.0008s ]
INFO: [ app_end ] --START--
INFO: Run Behavior\ShowPageTraceBehavior [ RunTime:0.000637s ]
INFO: [ app_end ] --END-- [ RunTime:0.000751s ]

[ 2017-12-11T21:26:03+08:00 ] ::1 /web/marx/
INFO: [ app_init ] --START--
INFO: Run Behavior\BuildLiteBehavior [ RunTime:0.000024s ]
INFO: [ app_init ] --END-- [ RunTime:0.000450s ]
INFO: [ app_begin ] --START--
INFO: Run Behavior\ReadHtmlCacheBehavior [ RunTime:0.000634s ]
INFO: [ app_begin ] --END-- [ RunTime:0.000758s ]
INFO: [ view_parse ] --START--
INFO: [ template_filter ] --START--
INFO: Run Behavior\ContentReplaceBehavior [ RunTime:0.000097s ]
INFO: [ template_filter ] --END-- [ RunTime:0.000240s ]
NOTIC: [8] Undefined variable: as D:\wamp64\www\web\marx\Application\Runtime\Cache\Home\2a94b8bda04ff446dcedd42276fc99ee.php 第 85 行.
NOTIC: [8] Undefined variable: noticestitle D:\wamp64\www\web\marx\Application\Runtime\Cache\Home\2a94b8bda04ff446dcedd42276fc99ee.php 第 118 行.
INFO: Run Behavior\ParseTemplateBehavior [ RunTime:0.012727s ]
INFO: [ view_parse ] --END-- [ RunTime:0.012844s ]
INFO: [ view_filter ] --START--
INFO: Run Behavior\WriteHtmlCacheBehavior [ RunTime:0.000397s ]
INFO: [ view_filter ] --END-- [ RunTime:0.000505s ]
NOTIC: [8] Use of undefined constant Blog - assumed 'Blog' D:\wamp64\www\web\marx\Application\Home\Controller\IndexController.class.php 第 10 行.
SQL: SHOW COLUMNS FROM `tp_blog` [ RunTime:0.0007s ]
SQL: SELECT `title`,`id` FROM `tp_blog` WHERE `cid` = 16 ORDER BY time desc LIMIT 6   [ RunTime:0.0010s ]
INFO: [ app_end ] --START--
INFO: Run Behavior\ShowPageTraceBehavior [ RunTime:0.000642s ]
INFO: [ app_end ] --END-- [ RunTime:0.000768s ]

[ 2017-12-11T21:27:59+08:00 ] ::1 /web/marx/
INFO: [ app_init ] --START--
INFO: Run Behavior\BuildLiteBehavior [ RunTime:0.000024s ]
INFO: [ app_init ] --END-- [ RunTime:0.000700s ]
INFO: [ app_begin ] --START--
INFO: Run Behavior\ReadHtmlCacheBehavior [ RunTime:0.000654s ]
INFO: [ app_begin ] --END-- [ RunTime:0.000807s ]
INFO: [ view_parse ] --START--
INFO: [ template_filter ] --START--
INFO: Run Behavior\ContentReplaceBehavior [ RunTime:0.000084s ]
INFO: [ template_filter ] --END-- [ RunTime:0.000229s ]
NOTIC: [8] Undefined variable: a D:\wamp64\www\web\marx\Application\Runtime\Cache\Home\2a94b8bda04ff446dcedd42276fc99ee.php 第 85 行.
NOTIC: [8] Undefined variable: a D:\wamp64\www\web\marx\Application\Runtime\Cache\Home\2a94b8bda04ff446dcedd42276fc99ee.php 第 85 行.
NOTIC: [8] Undefined variable: noticestitle D:\wamp64\www\web\marx\Application\Runtime\Cache\Home\2a94b8bda04ff446dcedd42276fc99ee.php 第 118 行.
INFO: Run Behavior\ParseTemplateBehavior [ RunTime:0.028906s ]
INFO: [ view_parse ] --END-- [ RunTime:0.029088s ]
INFO: [ view_filter ] --START--
INFO: Run Behavior\WriteHtmlCacheBehavior [ RunTime:0.000503s ]
INFO: [ view_filter ] --END-- [ RunTime:0.000657s ]
NOTIC: [8] Use of undefined constant Blog - assumed 'Blog' D:\wamp64\www\web\marx\Application\Home\Controller\IndexController.class.php 第 10 行.
SQL: SHOW COLUMNS FROM `tp_blog` [ RunTime:0.0008s ]
SQL: SELECT `title`,`id` FROM `tp_blog` WHERE `cid` = 16 ORDER BY time desc LIMIT 6   [ RunTime:0.0009s ]
INFO: [ app_end ] --START--
INFO: Run Behavior\ShowPageTraceBehavior [ RunTime:0.000737s ]
INFO: [ app_end ] --END-- [ RunTime:0.000853s ]

[ 2017-12-11T21:39:29+08:00 ] ::1 /web/marx/
INFO: [ app_init ] --START--
INFO: Run Behavior\BuildLiteBehavior [ RunTime:0.000021s ]
INFO: [ app_init ] --END-- [ RunTime:0.000436s ]
INFO: [ app_begin ] --START--
INFO: Run Behavior\ReadHtmlCacheBehavior [ RunTime:0.000568s ]
INFO: [ app_begin ] --END-- [ RunTime:0.000724s ]
NOTIC: [8] Use of undefined constant Blog - assumed 'Blog' D:\wamp64\www\web\marx\Application\Home\Controller\IndexController.class.php 第 10 行.
SQL: SHOW COLUMNS FROM `tp_blog` [ RunTime:0.0010s ]
SQL: SELECT `title`,`id` FROM `tp_blog` WHERE `cid` = 16 ORDER BY time desc LIMIT 6   [ RunTime:0.0010s ]
INFO: [ view_parse ] --START--
INFO: [ template_filter ] --START--
INFO: Run Behavior\ContentReplaceBehavior [ RunTime:0.000089s ]
INFO: [ template_filter ] --END-- [ RunTime:0.000200s ]
NOTIC: [8] Undefined variable: noticestitle D:\wamp64\www\web\marx\Application\Runtime\Cache\Home\2a94b8bda04ff446dcedd42276fc99ee.php 第 118 行.
INFO: Run Behavior\ParseTemplateBehavior [ RunTime:0.012786s ]
INFO: [ view_parse ] --END-- [ RunTime:0.012904s ]
INFO: [ view_filter ] --START--
INFO: Run Behavior\WriteHtmlCacheBehavior [ RunTime:0.000390s ]
INFO: [ view_filter ] --END-- [ RunTime:0.000496s ]
INFO: [ app_end ] --START--
INFO: Run Behavior\ShowPageTraceBehavior [ RunTime:0.000598s ]
INFO: [ app_end ] --END-- [ RunTime:0.000726s ]

[ 2017-12-11T21:40:05+08:00 ] ::1 /web/marx/
INFO: [ app_init ] --START--
INFO: Run Behavior\BuildLiteBehavior [ RunTime:0.000040s ]
INFO: [ app_init ] --END-- [ RunTime:0.000546s ]
INFO: [ app_begin ] --START--
INFO: Run Behavior\ReadHtmlCacheBehavior [ RunTime:0.000538s ]
INFO: [ app_begin ] --END-- [ RunTime:0.000663s ]
NOTIC: [8] Use of undefined constant Blog - assumed 'Blog' D:\wamp64\www\web\marx\Application\Home\Controller\IndexController.class.php 第 10 行.
SQL: SHOW COLUMNS FROM `tp_blog` [ RunTime:0.0007s ]
SQL: SELECT `title`,`id` FROM `tp_blog` WHERE `cid` = 16 ORDER BY time desc LIMIT 6   [ RunTime:0.0008s ]
INFO: [ view_parse ] --START--
INFO: [ template_filter ] --START--
INFO: Run Behavior\ContentReplaceBehavior [ RunTime:0.000082s ]
INFO: [ template_filter ] --END-- [ RunTime:0.000183s ]
NOTIC: [8] Undefined variable: a D:\wamp64\www\web\marx\Application\Runtime\Cache\Home\2a94b8bda04ff446dcedd42276fc99ee.php 第 85 行.
NOTIC: [8] Undefined index: title D:\wamp64\www\web\marx\Application\Runtime\Cache\Home\2a94b8bda04ff446dcedd42276fc99ee.php 第 85 行.
NOTIC: [8] Undefined variable: noticestitle D:\wamp64\www\web\marx\Application\Runtime\Cache\Home\2a94b8bda04ff446dcedd42276fc99ee.php 第 118 行.
INFO: Run Behavior\ParseTemplateBehavior [ RunTime:0.028733s ]
INFO: [ view_parse ] --END-- [ RunTime:0.028856s ]
INFO: [ view_filter ] --START--
INFO: Run Behavior\WriteHtmlCacheBehavior [ RunTime:0.000537s ]
INFO: [ view_filter ] --END-- [ RunTime:0.000776s ]
INFO: [ app_end ] --START--
INFO: Run Behavior\ShowPageTraceBehavior [ RunTime:0.001043s ]
INFO: [ app_end ] --END-- [ RunTime:0.001180s ]

[ 2017-12-11T21:40:28+08:00 ] ::1 /web/marx/
INFO: [ app_init ] --START--
INFO: Run Behavior\BuildLiteBehavior [ RunTime:0.000039s ]
INFO: [ app_init ] --END-- [ RunTime:0.000465s ]
INFO: [ app_begin ] --START--
INFO: Run Behavior\ReadHtmlCacheBehavior [ RunTime:0.001461s ]
INFO: [ app_begin ] --END-- [ RunTime:0.001651s ]
NOTIC: [8] Use of undefined constant Blog - assumed 'Blog' D:\wamp64\www\web\marx\Application\Home\Controller\IndexController.class.php 第 10 行.
SQL: SHOW COLUMNS FROM `tp_blog` [ RunTime:0.0008s ]
SQL: SELECT `title`,`id` FROM `tp_blog` WHERE `cid` = 16 ORDER BY time desc LIMIT 6   [ RunTime:0.0012s ]
INFO: [ view_parse ] --START--
INFO: [ template_filter ] --START--
INFO: Run Behavior\ContentReplaceBehavior [ RunTime:0.000108s ]
INFO: [ template_filter ] --END-- [ RunTime:0.000220s ]
NOTIC: [8] Undefined variable: a D:\wamp64\www\web\marx\Application\Runtime\Cache\Home\2a94b8bda04ff446dcedd42276fc99ee.php 第 85 行.
NOTIC: [8] Undefined index: title D:\wamp64\www\web\marx\Application\Runtime\Cache\Home\2a94b8bda04ff446dcedd42276fc99ee.php 第 85 行.
NOTIC: [8] Undefined variable: noticestitle D:\wamp64\www\web\marx\Application\Runtime\Cache\Home\2a94b8bda04ff446dcedd42276fc99ee.php 第 118 行.
INFO: Run Behavior\ParseTemplateBehavior [ RunTime:0.012678s ]
INFO: [ view_parse ] --END-- [ RunTime:0.012784s ]
INFO: [ view_filter ] --START--
INFO: Run Behavior\WriteHtmlCacheBehavior [ RunTime:0.000661s ]
INFO: [ view_filter ] --END-- [ RunTime:0.000760s ]
INFO: [ app_end ] --START--
INFO: Run Behavior\ShowPageTraceBehavior [ RunTime:0.000603s ]
INFO: [ app_end ] --END-- [ RunTime:0.000718s ]

[ 2017-12-11T21:40:44+08:00 ] ::1 /web/marx/
INFO: [ app_init ] --START--
INFO: Run Behavior\BuildLiteBehavior [ RunTime:0.000021s ]
INFO: [ app_init ] --END-- [ RunTime:0.000399s ]
INFO: [ app_begin ] --START--
INFO: Run Behavior\ReadHtmlCacheBehavior [ RunTime:0.000488s ]
INFO: [ app_begin ] --END-- [ RunTime:0.000601s ]
NOTIC: [8] Use of undefined constant Blog - assumed 'Blog' D:\wamp64\www\web\marx\Application\Home\Controller\IndexController.class.php 第 10 行.
SQL: SHOW COLUMNS FROM `tp_blog` [ RunTime:0.0008s ]
SQL: SELECT `title`,`id` FROM `tp_blog` WHERE `cid` = 16 ORDER BY time desc LIMIT 6   [ RunTime:0.0013s ]
INFO: [ view_parse ] --START--
INFO: [ template_filter ] --START--
INFO: Run Behavior\ContentReplaceBehavior [ RunTime:0.000088s ]
INFO: [ template_filter ] --END-- [ RunTime:0.000196s ]

[ 2017-12-11T21:40:58+08:00 ] ::1 /web/marx/
INFO: [ app_init ] --START--
INFO: Run Behavior\BuildLiteBehavior [ RunTime:0.000021s ]
INFO: [ app_init ] --END-- [ RunTime:0.000433s ]
INFO: [ app_begin ] --START--
INFO: Run Behavior\ReadHtmlCacheBehavior [ RunTime:0.000699s ]
INFO: [ app_begin ] --END-- [ RunTime:0.000823s ]
NOTIC: [8] Use of undefined constant Blog - assumed 'Blog' D:\wamp64\www\web\marx\Application\Home\Controller\IndexController.class.php 第 10 行.
SQL: SHOW COLUMNS FROM `tp_blog` [ RunTime:0.0007s ]
SQL: SELECT `title`,`id` FROM `tp_blog` WHERE `cid` = 16 ORDER BY time desc LIMIT 6   [ RunTime:0.0011s ]
INFO: [ view_parse ] --START--
INFO: [ template_filter ] --START--
INFO: Run Behavior\ContentReplaceBehavior [ RunTime:0.000086s ]
INFO: [ template_filter ] --END-- [ RunTime:0.000198s ]
NOTIC: [8] Undefined variable: a D:\wamp64\www\web\marx\Application\Runtime\Cache\Home\2a94b8bda04ff446dcedd42276fc99ee.php 第 85 行.
NOTIC: [8] Undefined variable: noticestitle D:\wamp64\www\web\marx\Application\Runtime\Cache\Home\2a94b8bda04ff446dcedd42276fc99ee.php 第 118 行.
INFO: Run Behavior\ParseTemplateBehavior [ RunTime:0.027913s ]
INFO: [ view_parse ] --END-- [ RunTime:0.028019s ]
INFO: [ view_filter ] --START--
INFO: Run Behavior\WriteHtmlCacheBehavior [ RunTime:0.000335s ]
INFO: [ view_filter ] --END-- [ RunTime:0.000431s ]
INFO: [ app_end ] --START--
INFO: Run Behavior\ShowPageTraceBehavior [ RunTime:0.000484s ]
INFO: [ app_end ] --END-- [ RunTime:0.000583s ]

[ 2017-12-11T21:42:09+08:00 ] ::1 /web/marx/
INFO: [ app_init ] --START--
INFO: Run Behavior\BuildLiteBehavior [ RunTime:0.000024s ]
INFO: [ app_init ] --END-- [ RunTime:0.000452s ]
INFO: [ app_begin ] --START--
INFO: Run Behavior\ReadHtmlCacheBehavior [ RunTime:0.000517s ]
INFO: [ app_begin ] --END-- [ RunTime:0.000632s ]
NOTIC: [8] Use of undefined constant Blog - assumed 'Blog' D:\wamp64\www\web\marx\Application\Home\Controller\IndexController.class.php 第 10 行.
SQL: SHOW COLUMNS FROM `tp_blog` [ RunTime:0.0010s ]
SQL: SELECT `title`,`id` FROM `tp_blog` WHERE `cid` = 16 ORDER BY time desc LIMIT 6   [ RunTime:0.0010s ]
INFO: [ view_parse ] --START--
INFO: [ template_filter ] --START--
INFO: Run Behavior\ContentReplaceBehavior [ RunTime:0.000083s ]
INFO: [ template_filter ] --END-- [ RunTime:0.000226s ]
NOTIC: [8] Undefined variable: a D:\wamp64\www\web\marx\Application\Runtime\Cache\Home\2a94b8bda04ff446dcedd42276fc99ee.php 第 85 行.

[ 2017-12-11T21:44:31+08:00 ] ::1 /web/marx/
INFO: [ app_init ] --START--
INFO: Run Behavior\BuildLiteBehavior [ RunTime:0.000022s ]
INFO: [ app_init ] --END-- [ RunTime:0.000389s ]
INFO: [ app_begin ] --START--
INFO: Run Behavior\ReadHtmlCacheBehavior [ RunTime:0.000497s ]
INFO: [ app_begin ] --END-- [ RunTime:0.000600s ]
NOTIC: [8] Use of undefined constant Blog - assumed 'Blog' D:\wamp64\www\web\marx\Application\Home\Controller\IndexController.class.php 第 10 行.
SQL: SHOW COLUMNS FROM `tp_blog` [ RunTime:0.0008s ]
SQL: SELECT `title`,`id` FROM `tp_blog` WHERE `cid` = 16 ORDER BY time desc LIMIT 6   [ RunTime:0.0013s ]
INFO: [ view_parse ] --START--
INFO: [ template_filter ] --START--
INFO: Run Behavior\ContentReplaceBehavior [ RunTime:0.000178s ]
INFO: [ template_filter ] --END-- [ RunTime:0.000405s ]
NOTIC: [8] Undefined variable: a D:\wamp64\www\web\marx\Application\Runtime\Cache\Home\2a94b8bda04ff446dcedd42276fc99ee.php 第 85 行.

[ 2017-12-11T21:44:42+08:00 ] ::1 /web/marx/
INFO: [ app_init ] --START--
INFO: Run Behavior\BuildLiteBehavior [ RunTime:0.000023s ]
INFO: [ app_init ] --END-- [ RunTime:0.000415s ]
INFO: [ app_begin ] --START--
INFO: Run Behavior\ReadHtmlCacheBehavior [ RunTime:0.000569s ]
INFO: [ app_begin ] --END-- [ RunTime:0.000686s ]
NOTIC: [8] Use of undefined constant Blog - assumed 'Blog' D:\wamp64\www\web\marx\Application\Home\Controller\IndexController.class.php 第 10 行.
SQL: SHOW COLUMNS FROM `tp_blog` [ RunTime:0.0007s ]
SQL: SELECT `title`,`id` FROM `tp_blog` WHERE `cid` = 16 ORDER BY time desc LIMIT 6   [ RunTime:0.0009s ]
INFO: [ view_parse ] --START--
INFO: [ template_filter ] --START--
INFO: Run Behavior\ContentReplaceBehavior [ RunTime:0.000089s ]
INFO: [ template_filter ] --END-- [ RunTime:0.000200s ]
NOTIC: [8] Undefined variable: a D:\wamp64\www\web\marx\Application\Runtime\Cache\Home\2a94b8bda04ff446dcedd42276fc99ee.php 第 85 行.
NOTIC: [8] Undefined variable: noticestitle D:\wamp64\www\web\marx\Application\Runtime\Cache\Home\2a94b8bda04ff446dcedd42276fc99ee.php 第 118 行.
INFO: Run Behavior\ParseTemplateBehavior [ RunTime:0.029983s ]
INFO: [ view_parse ] --END-- [ RunTime:0.030128s ]
INFO: [ view_filter ] --START--
INFO: Run Behavior\WriteHtmlCacheBehavior [ RunTime:0.000434s ]
INFO: [ view_filter ] --END-- [ RunTime:0.000541s ]
INFO: [ app_end ] --START--
INFO: Run Behavior\ShowPageTraceBehavior [ RunTime:0.000678s ]
INFO: [ app_end ] --END-- [ RunTime:0.000808s ]

[ 2017-12-11T22:19:08+08:00 ] ::1 /web/marx/
INFO: [ app_init ] --START--
INFO: Run Behavior\BuildLiteBehavior [ RunTime:0.000024s ]
INFO: [ app_init ] --END-- [ RunTime:0.000458s ]
INFO: [ app_begin ] --START--
INFO: Run Behavior\ReadHtmlCacheBehavior [ RunTime:0.000506s ]
INFO: [ app_begin ] --END-- [ RunTime:0.000609s ]
NOTIC: [8] Use of undefined constant Blog - assumed 'Blog' D:\wamp64\www\web\marx\Application\Home\Controller\IndexController.class.php 第 10 行.
SQL: SHOW COLUMNS FROM `tp_blog` [ RunTime:0.0010s ]
SQL: SELECT `title`,`id` FROM `tp_blog` WHERE `cid` = 16 ORDER BY time desc LIMIT 6   [ RunTime:0.0009s ]
INFO: [ view_parse ] --START--
INFO: [ template_filter ] --START--
INFO: Run Behavior\ContentReplaceBehavior [ RunTime:0.000098s ]
INFO: [ template_filter ] --END-- [ RunTime:0.000207s ]
NOTIC: [8] Undefined variable: noticestitle D:\wamp64\www\web\marx\Application\Runtime\Cache\Home\2a94b8bda04ff446dcedd42276fc99ee.php 第 86 行.
NOTIC: [8] Undefined variable: noticestitle D:\wamp64\www\web\marx\Application\Runtime\Cache\Home\2a94b8bda04ff446dcedd42276fc99ee.php 第 121 行.
INFO: Run Behavior\ParseTemplateBehavior [ RunTime:0.039711s ]
INFO: [ view_parse ] --END-- [ RunTime:0.039840s ]
INFO: [ view_filter ] --START--
INFO: Run Behavior\WriteHtmlCacheBehavior [ RunTime:0.000402s ]
INFO: [ view_filter ] --END-- [ RunTime:0.000542s ]
INFO: [ app_end ] --START--
INFO: Run Behavior\ShowPageTraceBehavior [ RunTime:0.000607s ]
INFO: [ app_end ] --END-- [ RunTime:0.000703s ]

[ 2017-12-11T22:19:20+08:00 ] ::1 /web/marx/
INFO: [ app_init ] --START--
INFO: Run Behavior\BuildLiteBehavior [ RunTime:0.000047s ]
INFO: [ app_init ] --END-- [ RunTime:0.000476s ]
INFO: [ app_begin ] --START--
INFO: Run Behavior\ReadHtmlCacheBehavior [ RunTime:0.000623s ]
INFO: [ app_begin ] --END-- [ RunTime:0.000773s ]
NOTIC: [8] Use of undefined constant Blog - assumed 'Blog' D:\wamp64\www\web\marx\Application\Home\Controller\IndexController.class.php 第 10 行.
SQL: SHOW COLUMNS FROM `tp_blog` [ RunTime:0.0011s ]
SQL: SELECT `title`,`id` FROM `tp_blog` WHERE `cid` = 16 ORDER BY time desc LIMIT 6   [ RunTime:0.0011s ]
INFO: [ view_parse ] --START--
INFO: [ template_filter ] --START--
INFO: Run Behavior\ContentReplaceBehavior [ RunTime:0.000086s ]
INFO: [ template_filter ] --END-- [ RunTime:0.000193s ]
NOTIC: [8] Undefined variable: noticestitle D:\wamp64\www\web\marx\Application\Runtime\Cache\Home\2a94b8bda04ff446dcedd42276fc99ee.php 第 86 行.
NOTIC: [8] Undefined variable: noticestitle D:\wamp64\www\web\marx\Application\Runtime\Cache\Home\2a94b8bda04ff446dcedd42276fc99ee.php 第 121 行.
INFO: Run Behavior\ParseTemplateBehavior [ RunTime:0.036547s ]
INFO: [ view_parse ] --END-- [ RunTime:0.036670s ]
INFO: [ view_filter ] --START--
INFO: Run Behavior\WriteHtmlCacheBehavior [ RunTime:0.000380s ]
INFO: [ view_filter ] --END-- [ RunTime:0.000476s ]
INFO: [ app_end ] --START--
INFO: Run Behavior\ShowPageTraceBehavior [ RunTime:0.000510s ]
INFO: [ app_end ] --END-- [ RunTime:0.000618s ]

[ 2017-12-11T22:19:34+08:00 ] ::1 /web/marx/
INFO: [ app_init ] --START--
INFO: Run Behavior\BuildLiteBehavior [ RunTime:0.000025s ]
INFO: [ app_init ] --END-- [ RunTime:0.000590s ]
INFO: [ app_begin ] --START--
INFO: Run Behavior\ReadHtmlCacheBehavior [ RunTime:0.000797s ]
INFO: [ app_begin ] --END-- [ RunTime:0.000935s ]
NOTIC: [8] Use of undefined constant Blog - assumed 'Blog' D:\wamp64\www\web\marx\Application\Home\Controller\IndexController.class.php 第 10 行.
SQL: SHOW COLUMNS FROM `tp_blog` [ RunTime:0.0009s ]
SQL: SELECT `title`,`id` FROM `tp_blog` WHERE `cid` = 16 ORDER BY time desc LIMIT 6   [ RunTime:0.0010s ]
INFO: [ view_parse ] --START--
INFO: [ template_filter ] --START--
INFO: Run Behavior\ContentReplaceBehavior [ RunTime:0.000084s ]
INFO: [ template_filter ] --END-- [ RunTime:0.000195s ]
NOTIC: [8] Undefined variable: noticestitle D:\wamp64\www\web\marx\Application\Runtime\Cache\Home\2a94b8bda04ff446dcedd42276fc99ee.php 第 86 行.
NOTIC: [8] Undefined variable: noticestitle D:\wamp64\www\web\marx\Application\Runtime\Cache\Home\2a94b8bda04ff446dcedd42276fc99ee.php 第 121 行.
INFO: Run Behavior\ParseTemplateBehavior [ RunTime:0.036782s ]
INFO: [ view_parse ] --END-- [ RunTime:0.036898s ]
INFO: [ view_filter ] --START--
INFO: Run Behavior\WriteHtmlCacheBehavior [ RunTime:0.000359s ]
INFO: [ view_filter ] --END-- [ RunTime:0.000453s ]
INFO: [ app_end ] --START--
INFO: Run Behavior\ShowPageTraceBehavior [ RunTime:0.000547s ]
INFO: [ app_end ] --END-- [ RunTime:0.000655s ]

[ 2017-12-11T22:20:01+08:00 ] ::1 /web/marx/
INFO: [ app_init ] --START--
INFO: Run Behavior\BuildLiteBehavior [ RunTime:0.000022s ]
INFO: [ app_init ] --END-- [ RunTime:0.000464s ]
INFO: [ app_begin ] --START--
INFO: Run Behavior\ReadHtmlCacheBehavior [ RunTime:0.000619s ]
INFO: [ app_begin ] --END-- [ RunTime:0.000757s ]
NOTIC: [8] Use of undefined constant Blog - assumed 'Blog' D:\wamp64\www\web\marx\Application\Home\Controller\IndexController.class.php 第 10 行.
SQL: SHOW COLUMNS FROM `tp_blog` [ RunTime:0.0008s ]
SQL: SELECT `title`,`id` FROM `tp_blog` WHERE `cid` = 16 ORDER BY time desc LIMIT 6   [ RunTime:0.0010s ]
INFO: [ view_parse ] --START--
INFO: [ template_filter ] --START--
INFO: Run Behavior\ContentReplaceBehavior [ RunTime:0.000090s ]
INFO: [ template_filter ] --END-- [ RunTime:0.000221s ]
NOTIC: [8] Undefined variable: noticestitle D:\wamp64\www\web\marx\Application\Runtime\Cache\Home\2a94b8bda04ff446dcedd42276fc99ee.php 第 121 行.
INFO: Run Behavior\ParseTemplateBehavior [ RunTime:0.037068s ]
INFO: [ view_parse ] --END-- [ RunTime:0.037179s ]
INFO: [ view_filter ] --START--
INFO: Run Behavior\WriteHtmlCacheBehavior [ RunTime:0.000343s ]
INFO: [ view_filter ] --END-- [ RunTime:0.000440s ]
INFO: [ app_end ] --START--
INFO: Run Behavior\ShowPageTraceBehavior [ RunTime:0.000493s ]
INFO: [ app_end ] --END-- [ RunTime:0.000592s ]

[ 2017-12-11T22:20:39+08:00 ] ::1 /web/marx/
INFO: [ app_init ] --START--
INFO: Run Behavior\BuildLiteBehavior [ RunTime:0.000022s ]
INFO: [ app_init ] --END-- [ RunTime:0.000503s ]
INFO: [ app_begin ] --START--
INFO: Run Behavior\ReadHtmlCacheBehavior [ RunTime:0.000516s ]
INFO: [ app_begin ] --END-- [ RunTime:0.000628s ]
NOTIC: [8] Use of undefined constant Blog - assumed 'Blog' D:\wamp64\www\web\marx\Application\Home\Controller\IndexController.class.php 第 10 行.
SQL: SHOW COLUMNS FROM `tp_blog` [ RunTime:0.0009s ]
SQL: SELECT `title`,`id` FROM `tp_blog` WHERE `cid` = 16 ORDER BY time desc LIMIT 6   [ RunTime:0.0010s ]
INFO: [ view_parse ] --START--
INFO: [ template_filter ] --START--
INFO: Run Behavior\ContentReplaceBehavior [ RunTime:0.000099s ]
INFO: [ template_filter ] --END-- [ RunTime:0.000208s ]
NOTIC: [8] Undefined variable: b D:\wamp64\www\web\marx\Application\Runtime\Cache\Home\2a94b8bda04ff446dcedd42276fc99ee.php 第 87 行.
NOTIC: [8] Undefined variable: b D:\wamp64\www\web\marx\Application\Runtime\Cache\Home\2a94b8bda04ff446dcedd42276fc99ee.php 第 87 行.
NOTIC: [8] Undefined variable: b D:\wamp64\www\web\marx\Application\Runtime\Cache\Home\2a94b8bda04ff446dcedd42276fc99ee.php 第 87 行.
NOTIC: [8] Undefined variable: b D:\wamp64\www\web\marx\Application\Runtime\Cache\Home\2a94b8bda04ff446dcedd42276fc99ee.php 第 87 行.
NOTIC: [8] Undefined variable: b D:\wamp64\www\web\marx\Application\Runtime\Cache\Home\2a94b8bda04ff446dcedd42276fc99ee.php 第 87 行.
NOTIC: [8] Undefined variable: b D:\wamp64\www\web\marx\Application\Runtime\Cache\Home\2a94b8bda04ff446dcedd42276fc99ee.php 第 87 行.
NOTIC: [8] Undefined variable: noticestitle D:\wamp64\www\web\marx\Application\Runtime\Cache\Home\2a94b8bda04ff446dcedd42276fc99ee.php 第 121 行.
INFO: Run Behavior\ParseTemplateBehavior [ RunTime:0.040010s ]
INFO: [ view_parse ] --END-- [ RunTime:0.040132s ]
INFO: [ view_filter ] --START--
INFO: Run Behavior\WriteHtmlCacheBehavior [ RunTime:0.000432s ]
INFO: [ view_filter ] --END-- [ RunTime:0.000543s ]
INFO: [ app_end ] --START--
INFO: Run Behavior\ShowPageTraceBehavior [ RunTime:0.000576s ]
INFO: [ app_end ] --END-- [ RunTime:0.000686s ]

[ 2017-12-11T22:20:57+08:00 ] ::1 /web/marx/
INFO: [ app_init ] --START--
INFO: Run Behavior\BuildLiteBehavior [ RunTime:0.000023s ]
INFO: [ app_init ] --END-- [ RunTime:0.000800s ]
INFO: [ app_begin ] --START--
INFO: Run Behavior\ReadHtmlCacheBehavior [ RunTime:0.000538s ]
INFO: [ app_begin ] --END-- [ RunTime:0.000644s ]
NOTIC: [8] Use of undefined constant Blog - assumed 'Blog' D:\wamp64\www\web\marx\Application\Home\Controller\IndexController.class.php 第 10 行.
SQL: SHOW COLUMNS FROM `tp_blog` [ RunTime:0.0010s ]
SQL: SELECT `title`,`id` FROM `tp_blog` WHERE `cid` = 16 ORDER BY time desc LIMIT 6   [ RunTime:0.0016s ]
INFO: [ view_parse ] --START--
INFO: [ template_filter ] --START--
INFO: Run Behavior\ContentReplaceBehavior [ RunTime:0.000082s ]
INFO: [ template_filter ] --END-- [ RunTime:0.000184s ]
NOTIC: [8] Undefined variable: b D:\wamp64\www\web\marx\Application\Runtime\Cache\Home\2a94b8bda04ff446dcedd42276fc99ee.php 第 87 行.
NOTIC: [8] Undefined variable: b D:\wamp64\www\web\marx\Application\Runtime\Cache\Home\2a94b8bda04ff446dcedd42276fc99ee.php 第 87 行.
NOTIC: [8] Undefined variable: b D:\wamp64\www\web\marx\Application\Runtime\Cache\Home\2a94b8bda04ff446dcedd42276fc99ee.php 第 87 行.
NOTIC: [8] Undefined variable: b D:\wamp64\www\web\marx\Application\Runtime\Cache\Home\2a94b8bda04ff446dcedd42276fc99ee.php 第 87 行.
NOTIC: [8] Undefined variable: b D:\wamp64\www\web\marx\Application\Runtime\Cache\Home\2a94b8bda04ff446dcedd42276fc99ee.php 第 87 行.
NOTIC: [8] Undefined variable: b D:\wamp64\www\web\marx\Application\Runtime\Cache\Home\2a94b8bda04ff446dcedd42276fc99ee.php 第 87 行.
NOTIC: [8] Undefined variable: noticestitle D:\wamp64\www\web\marx\Application\Runtime\Cache\Home\2a94b8bda04ff446dcedd42276fc99ee.php 第 121 行.
INFO: Run Behavior\ParseTemplateBehavior [ RunTime:0.039829s ]
INFO: [ view_parse ] --END-- [ RunTime:0.039952s ]
INFO: [ view_filter ] --START--
INFO: Run Behavior\WriteHtmlCacheBehavior [ RunTime:0.000420s ]
INFO: [ view_filter ] --END-- [ RunTime:0.000577s ]
INFO: [ app_end ] --START--
INFO: Run Behavior\ShowPageTraceBehavior [ RunTime:0.000804s ]
INFO: [ app_end ] --END-- [ RunTime:0.000981s ]

[ 2017-12-11T22:22:05+08:00 ] ::1 /web/marx/
INFO: [ app_init ] --START--
INFO: Run Behavior\BuildLiteBehavior [ RunTime:0.000024s ]
INFO: [ app_init ] --END-- [ RunTime:0.000420s ]
INFO: [ app_begin ] --START--
INFO: Run Behavior\ReadHtmlCacheBehavior [ RunTime:0.000562s ]
INFO: [ app_begin ] --END-- [ RunTime:0.000666s ]
NOTIC: [8] Use of undefined constant Blog - assumed 'Blog' D:\wamp64\www\web\marx\Application\Home\Controller\IndexController.class.php 第 10 行.
SQL: SHOW COLUMNS FROM `tp_blog` [ RunTime:0.0010s ]
SQL: SELECT `title`,`id` FROM `tp_blog` WHERE `cid` = 16 ORDER BY time desc LIMIT 6   [ RunTime:0.0009s ]
INFO: [ view_parse ] --START--
INFO: [ template_filter ] --START--
INFO: Run Behavior\ContentReplaceBehavior [ RunTime:0.000088s ]
INFO: [ template_filter ] --END-- [ RunTime:0.000199s ]
NOTIC: [8] Undefined variable: b D:\wamp64\www\web\marx\Application\Runtime\Cache\Home\2a94b8bda04ff446dcedd42276fc99ee.php 第 87 行.
NOTIC: [8] Undefined variable: b D:\wamp64\www\web\marx\Application\Runtime\Cache\Home\2a94b8bda04ff446dcedd42276fc99ee.php 第 87 行.
NOTIC: [8] Undefined variable: b D:\wamp64\www\web\marx\Application\Runtime\Cache\Home\2a94b8bda04ff446dcedd42276fc99ee.php 第 87 行.
NOTIC: [8] Undefined variable: b D:\wamp64\www\web\marx\Application\Runtime\Cache\Home\2a94b8bda04ff446dcedd42276fc99ee.php 第 87 行.
NOTIC: [8] Undefined variable: b D:\wamp64\www\web\marx\Application\Runtime\Cache\Home\2a94b8bda04ff446dcedd42276fc99ee.php 第 87 行.
NOTIC: [8] Undefined variable: b D:\wamp64\www\web\marx\Application\Runtime\Cache\Home\2a94b8bda04ff446dcedd42276fc99ee.php 第 87 行.
NOTIC: [8] Undefined variable: noticestitle D:\wamp64\www\web\marx\Application\Runtime\Cache\Home\2a94b8bda04ff446dcedd42276fc99ee.php 第 121 行.
INFO: Run Behavior\ParseTemplateBehavior [ RunTime:0.040890s ]
INFO: [ view_parse ] --END-- [ RunTime:0.040999s ]
INFO: [ view_filter ] --START--
INFO: Run Behavior\WriteHtmlCacheBehavior [ RunTime:0.000413s ]
INFO: [ view_filter ] --END-- [ RunTime:0.000506s ]
INFO: [ app_end ] --START--
INFO: Run Behavior\ShowPageTraceBehavior [ RunTime:0.000597s ]
INFO: [ app_end ] --END-- [ RunTime:0.000695s ]

[ 2017-12-11T22:22:21+08:00 ] ::1 /web/marx/
INFO: [ app_init ] --START--
INFO: Run Behavior\BuildLiteBehavior [ RunTime:0.000023s ]
INFO: [ app_init ] --END-- [ RunTime:0.000478s ]
INFO: [ app_begin ] --START--
INFO: Run Behavior\ReadHtmlCacheBehavior [ RunTime:0.000531s ]
INFO: [ app_begin ] --END-- [ RunTime:0.000644s ]
NOTIC: [8] Use of undefined constant Blog - assumed 'Blog' D:\wamp64\www\web\marx\Application\Home\Controller\IndexController.class.php 第 10 行.
SQL: SHOW COLUMNS FROM `tp_blog` [ RunTime:0.0008s ]
SQL: SELECT `title`,`id` FROM `tp_blog` WHERE `cid` = 16 ORDER BY time desc LIMIT 6   [ RunTime:0.0009s ]
INFO: [ view_parse ] --START--
INFO: [ template_filter ] --START--
INFO: Run Behavior\ContentReplaceBehavior [ RunTime:0.000085s ]
INFO: [ template_filter ] --END-- [ RunTime:0.000195s ]
NOTIC: [8] Undefined variable: b D:\wamp64\www\web\marx\Application\Runtime\Cache\Home\2a94b8bda04ff446dcedd42276fc99ee.php 第 87 行.
NOTIC: [8] Undefined variable: b D:\wamp64\www\web\marx\Application\Runtime\Cache\Home\2a94b8bda04ff446dcedd42276fc99ee.php 第 87 行.
NOTIC: [8] Undefined variable: b D:\wamp64\www\web\marx\Application\Runtime\Cache\Home\2a94b8bda04ff446dcedd42276fc99ee.php 第 87 行.
NOTIC: [8] Undefined variable: b D:\wamp64\www\web\marx\Application\Runtime\Cache\Home\2a94b8bda04ff446dcedd42276fc99ee.php 第 87 行.
NOTIC: [8] Undefined variable: b D:\wamp64\www\web\marx\Application\Runtime\Cache\Home\2a94b8bda04ff446dcedd42276fc99ee.php 第 87 行.
NOTIC: [8] Undefined variable: b D:\wamp64\www\web\marx\Application\Runtime\Cache\Home\2a94b8bda04ff446dcedd42276fc99ee.php 第 87 行.
NOTIC: [8] Undefined variable: noticestitle D:\wamp64\www\web\marx\Application\Runtime\Cache\Home\2a94b8bda04ff446dcedd42276fc99ee.php 第 121 行.
INFO: Run Behavior\ParseTemplateBehavior [ RunTime:0.042563s ]
INFO: [ view_parse ] --END-- [ RunTime:0.042671s ]
INFO: [ view_filter ] --START--
INFO: Run Behavior\WriteHtmlCacheBehavior [ RunTime:0.000342s ]
INFO: [ view_filter ] --END-- [ RunTime:0.000436s ]
INFO: [ app_end ] --START--
INFO: Run Behavior\ShowPageTraceBehavior [ RunTime:0.000507s ]
INFO: [ app_end ] --END-- [ RunTime:0.000617s ]

[ 2017-12-11T22:22:28+08:00 ] ::1 /web/marx/
INFO: [ app_init ] --START--
INFO: Run Behavior\BuildLiteBehavior [ RunTime:0.000075s ]
INFO: [ app_init ] --END-- [ RunTime:0.000772s ]
INFO: [ app_begin ] --START--
INFO: Run Behavior\ReadHtmlCacheBehavior [ RunTime:0.000528s ]
INFO: [ app_begin ] --END-- [ RunTime:0.000640s ]
NOTIC: [8] Use of undefined constant Blog - assumed 'Blog' D:\wamp64\www\web\marx\Application\Home\Controller\IndexController.class.php 第 10 行.
SQL: SHOW COLUMNS FROM `tp_blog` [ RunTime:0.0010s ]
SQL: SELECT `title`,`id` FROM `tp_blog` WHERE `cid` = 16 ORDER BY time desc LIMIT 6   [ RunTime:0.0010s ]
INFO: [ view_parse ] --START--
INFO: [ template_filter ] --START--
INFO: Run Behavior\ContentReplaceBehavior [ RunTime:0.000127s ]
INFO: [ template_filter ] --END-- [ RunTime:0.000375s ]
NOTIC: [8] Undefined variable: b D:\wamp64\www\web\marx\Application\Runtime\Cache\Home\2a94b8bda04ff446dcedd42276fc99ee.php 第 87 行.
NOTIC: [8] Undefined variable: b D:\wamp64\www\web\marx\Application\Runtime\Cache\Home\2a94b8bda04ff446dcedd42276fc99ee.php 第 87 行.
NOTIC: [8] Undefined variable: b D:\wamp64\www\web\marx\Application\Runtime\Cache\Home\2a94b8bda04ff446dcedd42276fc99ee.php 第 87 行.
NOTIC: [8] Undefined variable: b D:\wamp64\www\web\marx\Application\Runtime\Cache\Home\2a94b8bda04ff446dcedd42276fc99ee.php 第 87 行.
NOTIC: [8] Undefined variable: b D:\wamp64\www\web\marx\Application\Runtime\Cache\Home\2a94b8bda04ff446dcedd42276fc99ee.php 第 87 行.
NOTIC: [8] Undefined variable: b D:\wamp64\www\web\marx\Application\Runtime\Cache\Home\2a94b8bda04ff446dcedd42276fc99ee.php 第 87 行.
NOTIC: [8] Undefined variable: noticestitle D:\wamp64\www\web\marx\Application\Runtime\Cache\Home\2a94b8bda04ff446dcedd42276fc99ee.php 第 121 行.
INFO: Run Behavior\ParseTemplateBehavior [ RunTime:0.039665s ]
INFO: [ view_parse ] --END-- [ RunTime:0.039771s ]
INFO: [ view_filter ] --START--
INFO: Run Behavior\WriteHtmlCacheBehavior [ RunTime:0.000408s ]
INFO: [ view_filter ] --END-- [ RunTime:0.000506s ]
INFO: [ app_end ] --START--
INFO: Run Behavior\ShowPageTraceBehavior [ RunTime:0.000530s ]
INFO: [ app_end ] --END-- [ RunTime:0.000633s ]

[ 2017-12-11T22:22:35+08:00 ] ::1 /web/marx/
INFO: [ app_init ] --START--
INFO: Run Behavior\BuildLiteBehavior [ RunTime:0.000047s ]
INFO: [ app_init ] --END-- [ RunTime:0.000508s ]
INFO: [ app_begin ] --START--
INFO: Run Behavior\ReadHtmlCacheBehavior [ RunTime:0.000607s ]
INFO: [ app_begin ] --END-- [ RunTime:0.000731s ]
NOTIC: [8] Use of undefined constant Blog - assumed 'Blog' D:\wamp64\www\web\marx\Application\Home\Controller\IndexController.class.php 第 10 行.
SQL: SHOW COLUMNS FROM `tp_blog` [ RunTime:0.0009s ]
SQL: SELECT `title`,`id` FROM `tp_blog` WHERE `cid` = 16 ORDER BY time desc LIMIT 6   [ RunTime:0.0008s ]
INFO: [ view_parse ] --START--
INFO: [ template_filter ] --START--
INFO: Run Behavior\ContentReplaceBehavior [ RunTime:0.000247s ]
INFO: [ template_filter ] --END-- [ RunTime:0.000495s ]
NOTIC: [8] Undefined variable: b D:\wamp64\www\web\marx\Application\Runtime\Cache\Home\2a94b8bda04ff446dcedd42276fc99ee.php 第 87 行.
NOTIC: [8] Undefined variable: b D:\wamp64\www\web\marx\Application\Runtime\Cache\Home\2a94b8bda04ff446dcedd42276fc99ee.php 第 87 行.
NOTIC: [8] Undefined variable: b D:\wamp64\www\web\marx\Application\Runtime\Cache\Home\2a94b8bda04ff446dcedd42276fc99ee.php 第 87 行.
NOTIC: [8] Undefined variable: b D:\wamp64\www\web\marx\Application\Runtime\Cache\Home\2a94b8bda04ff446dcedd42276fc99ee.php 第 87 行.
NOTIC: [8] Undefined variable: b D:\wamp64\www\web\marx\Application\Runtime\Cache\Home\2a94b8bda04ff446dcedd42276fc99ee.php 第 87 行.
NOTIC: [8] Undefined variable: b D:\wamp64\www\web\marx\Application\Runtime\Cache\Home\2a94b8bda04ff446dcedd42276fc99ee.php 第 87 行.
NOTIC: [8] Undefined variable: noticestitle D:\wamp64\www\web\marx\Application\Runtime\Cache\Home\2a94b8bda04ff446dcedd42276fc99ee.php 第 121 行.
INFO: Run Behavior\ParseTemplateBehavior [ RunTime:0.041954s ]
INFO: [ view_parse ] --END-- [ RunTime:0.042078s ]
INFO: [ view_filter ] --START--
INFO: Run Behavior\WriteHtmlCacheBehavior [ RunTime:0.000432s ]
INFO: [ view_filter ] --END-- [ RunTime:0.000527s ]
INFO: [ app_end ] --START--
INFO: Run Behavior\ShowPageTraceBehavior [ RunTime:0.000650s ]
INFO: [ app_end ] --END-- [ RunTime:0.000768s ]

[ 2017-12-11T22:22:45+08:00 ] ::1 /web/marx/
INFO: [ app_init ] --START--
INFO: Run Behavior\BuildLiteBehavior [ RunTime:0.000024s ]
INFO: [ app_init ] --END-- [ RunTime:0.000787s ]
INFO: [ app_begin ] --START--
INFO: Run Behavior\ReadHtmlCacheBehavior [ RunTime:0.000572s ]
INFO: [ app_begin ] --END-- [ RunTime:0.000684s ]
NOTIC: [8] Use of undefined constant Blog - assumed 'Blog' D:\wamp64\www\web\marx\Application\Home\Controller\IndexController.class.php 第 10 行.
SQL: SHOW COLUMNS FROM `tp_blog` [ RunTime:0.0007s ]
SQL: SELECT `title`,`id` FROM `tp_blog` WHERE `cid` = 16 ORDER BY time desc LIMIT 6   [ RunTime:0.0012s ]
INFO: [ view_parse ] --START--
INFO: [ template_filter ] --START--
INFO: Run Behavior\ContentReplaceBehavior [ RunTime:0.000085s ]
INFO: [ template_filter ] --END-- [ RunTime:0.000192s ]
NOTIC: [8] Undefined variable: b D:\wamp64\www\web\marx\Application\Runtime\Cache\Home\2a94b8bda04ff446dcedd42276fc99ee.php 第 87 行.
NOTIC: [8] Undefined variable: b D:\wamp64\www\web\marx\Application\Runtime\Cache\Home\2a94b8bda04ff446dcedd42276fc99ee.php 第 87 行.
NOTIC: [8] Undefined variable: b D:\wamp64\www\web\marx\Application\Runtime\Cache\Home\2a94b8bda04ff446dcedd42276fc99ee.php 第 87 行.
NOTIC: [8] Undefined variable: b D:\wamp64\www\web\marx\Application\Runtime\Cache\Home\2a94b8bda04ff446dcedd42276fc99ee.php 第 87 行.
NOTIC: [8] Undefined variable: b D:\wamp64\www\web\marx\Application\Runtime\Cache\Home\2a94b8bda04ff446dcedd42276fc99ee.php 第 87 行.
NOTIC: [8] Undefined variable: b D:\wamp64\www\web\marx\Application\Runtime\Cache\Home\2a94b8bda04ff446dcedd42276fc99ee.php 第 87 行.
NOTIC: [8] Undefined variable: noticestitle D:\wamp64\www\web\marx\Application\Runtime\Cache\Home\2a94b8bda04ff446dcedd42276fc99ee.php 第 121 行.
INFO: Run Behavior\ParseTemplateBehavior [ RunTime:0.039768s ]
INFO: [ view_parse ] --END-- [ RunTime:0.039885s ]
INFO: [ view_filter ] --START--
INFO: Run Behavior\WriteHtmlCacheBehavior [ RunTime:0.000336s ]
INFO: [ view_filter ] --END-- [ RunTime:0.000433s ]
INFO: [ app_end ] --START--
INFO: Run Behavior\ShowPageTraceBehavior [ RunTime:0.000697s ]
INFO: [ app_end ] --END-- [ RunTime:0.000892s ]

[ 2017-12-11T22:22:56+08:00 ] ::1 /web/marx/
INFO: [ app_init ] --START--
INFO: Run Behavior\BuildLiteBehavior [ RunTime:0.000023s ]
INFO: [ app_init ] --END-- [ RunTime:0.000535s ]
INFO: [ app_begin ] --START--
INFO: Run Behavior\ReadHtmlCacheBehavior [ RunTime:0.000558s ]
INFO: [ app_begin ] --END-- [ RunTime:0.000678s ]
NOTIC: [8] Use of undefined constant Blog - assumed 'Blog' D:\wamp64\www\web\marx\Application\Home\Controller\IndexController.class.php 第 10 行.
SQL: SHOW COLUMNS FROM `tp_blog` [ RunTime:0.0008s ]
SQL: SELECT `title`,`id` FROM `tp_blog` WHERE `cid` = 16 ORDER BY time desc LIMIT 6   [ RunTime:0.0010s ]
INFO: [ view_parse ] --START--
INFO: [ template_filter ] --START--
INFO: Run Behavior\ContentReplaceBehavior [ RunTime:0.000090s ]
INFO: [ template_filter ] --END-- [ RunTime:0.000204s ]
NOTIC: [8] Undefined variable: b D:\wamp64\www\web\marx\Application\Runtime\Cache\Home\2a94b8bda04ff446dcedd42276fc99ee.php 第 87 行.
NOTIC: [8] Undefined variable: b D:\wamp64\www\web\marx\Application\Runtime\Cache\Home\2a94b8bda04ff446dcedd42276fc99ee.php 第 87 行.
NOTIC: [8] Undefined variable: b D:\wamp64\www\web\marx\Application\Runtime\Cache\Home\2a94b8bda04ff446dcedd42276fc99ee.php 第 87 行.
NOTIC: [8] Undefined variable: b D:\wamp64\www\web\marx\Application\Runtime\Cache\Home\2a94b8bda04ff446dcedd42276fc99ee.php 第 87 行.
NOTIC: [8] Undefined variable: b D:\wamp64\www\web\marx\Application\Runtime\Cache\Home\2a94b8bda04ff446dcedd42276fc99ee.php 第 87 行.
NOTIC: [8] Undefined variable: b D:\wamp64\www\web\marx\Application\Runtime\Cache\Home\2a94b8bda04ff446dcedd42276fc99ee.php 第 87 行.
NOTIC: [8] Undefined variable: noticestitle D:\wamp64\www\web\marx\Application\Runtime\Cache\Home\2a94b8bda04ff446dcedd42276fc99ee.php 第 121 行.
INFO: Run Behavior\ParseTemplateBehavior [ RunTime:0.045417s ]
INFO: [ view_parse ] --END-- [ RunTime:0.045544s ]
INFO: [ view_filter ] --START--
INFO: Run Behavior\WriteHtmlCacheBehavior [ RunTime:0.000633s ]
INFO: [ view_filter ] --END-- [ RunTime:0.000753s ]
INFO: [ app_end ] --START--
INFO: Run Behavior\ShowPageTraceBehavior [ RunTime:0.000713s ]
INFO: [ app_end ] --END-- [ RunTime:0.000863s ]

[ 2017-12-11T22:23:05+08:00 ] ::1 /web/marx/index.php/Home/Index/notice.html
INFO: [ app_init ] --START--
INFO: Run Behavior\BuildLiteBehavior [ RunTime:0.000043s ]
INFO: [ app_init ] --END-- [ RunTime:0.000635s ]
INFO: [ app_begin ] --START--
INFO: Run Behavior\ReadHtmlCacheBehavior [ RunTime:0.000581s ]
INFO: [ app_begin ] --END-- [ RunTime:0.000693s ]
ERR: 非法操作:notice

[ 2017-12-11T22:40:07+08:00 ] ::1 /web/marx/index.php/Home/Index/notice.html
INFO: [ app_init ] --START--
INFO: Run Behavior\BuildLiteBehavior [ RunTime:0.000022s ]
INFO: [ app_init ] --END-- [ RunTime:0.000396s ]
INFO: [ app_begin ] --START--
INFO: Run Behavior\ReadHtmlCacheBehavior [ RunTime:0.000551s ]
INFO: [ app_begin ] --END-- [ RunTime:0.000663s ]
ERR: 非法操作:notice

[ 2017-12-11T22:40:47+08:00 ] ::1 /web/marx/
INFO: [ app_init ] --START--
INFO: Run Behavior\BuildLiteBehavior [ RunTime:0.000023s ]
INFO: [ app_init ] --END-- [ RunTime:0.000412s ]
INFO: [ app_begin ] --START--
INFO: Run Behavior\ReadHtmlCacheBehavior [ RunTime:0.000509s ]
INFO: [ app_begin ] --END-- [ RunTime:0.000612s ]
NOTIC: [8] Use of undefined constant Blog - assumed 'Blog' D:\wamp64\www\web\marx\Application\Home\Controller\IndexController.class.php 第 10 行.
SQL: SHOW COLUMNS FROM `tp_blog` [ RunTime:0.0008s ]
SQL: SELECT `title`,`id` FROM `tp_blog` WHERE `cid` = 16 ORDER BY time desc LIMIT 6   [ RunTime:0.0011s ]
INFO: [ view_parse ] --START--
INFO: [ template_filter ] --START--
INFO: Run Behavior\ContentReplaceBehavior [ RunTime:0.000090s ]
INFO: [ template_filter ] --END-- [ RunTime:0.000200s ]
NOTIC: [8] Undefined variable: b D:\wamp64\www\web\marx\Application\Runtime\Cache\Home\2a94b8bda04ff446dcedd42276fc99ee.php 第 87 行.
NOTIC: [8] Undefined variable: b D:\wamp64\www\web\marx\Application\Runtime\Cache\Home\2a94b8bda04ff446dcedd42276fc99ee.php 第 87 行.
NOTIC: [8] Undefined variable: b D:\wamp64\www\web\marx\Application\Runtime\Cache\Home\2a94b8bda04ff446dcedd42276fc99ee.php 第 87 行.
NOTIC: [8] Undefined variable: b D:\wamp64\www\web\marx\Application\Runtime\Cache\Home\2a94b8bda04ff446dcedd42276fc99ee.php 第 87 行.
NOTIC: [8] Undefined variable: b D:\wamp64\www\web\marx\Application\Runtime\Cache\Home\2a94b8bda04ff446dcedd42276fc99ee.php 第 87 行.
NOTIC: [8] Undefined variable: b D:\wamp64\www\web\marx\Application\Runtime\Cache\Home\2a94b8bda04ff446dcedd42276fc99ee.php 第 87 行.
NOTIC: [8] Undefined variable: noticestitle D:\wamp64\www\web\marx\Application\Runtime\Cache\Home\2a94b8bda04ff446dcedd42276fc99ee.php 第 121 行.
INFO: Run Behavior\ParseTemplateBehavior [ RunTime:0.044255s ]
INFO: [ view_parse ] --END-- [ RunTime:0.044360s ]
INFO: [ view_filter ] --START--
INFO: Run Behavior\WriteHtmlCacheBehavior [ RunTime:0.000422s ]
INFO: [ view_filter ] --END-- [ RunTime:0.000514s ]
INFO: [ app_end ] --START--
INFO: Run Behavior\ShowPageTraceBehavior [ RunTime:0.000651s ]
INFO: [ app_end ] --END-- [ RunTime:0.000749s ]

[ 2017-12-11T22:40:48+08:00 ] ::1 /web/marx/index.php/Home/Index/Show.html
INFO: [ app_init ] --START--
INFO: Run Behavior\BuildLiteBehavior [ RunTime:0.000021s ]
INFO: [ app_init ] --END-- [ RunTime:0.000449s ]
INFO: [ app_begin ] --START--
INFO: Run Behavior\ReadHtmlCacheBehavior [ RunTime:0.000507s ]
INFO: [ app_begin ] --END-- [ RunTime:0.000611s ]
ERR: 非法操作:Show

[ 2017-12-11T22:41:46+08:00 ] ::1 /web/marx/
INFO: [ app_init ] --START--
INFO: Run Behavior\BuildLiteBehavior [ RunTime:0.000023s ]
INFO: [ app_init ] --END-- [ RunTime:0.000556s ]
INFO: [ app_begin ] --START--
INFO: Run Behavior\ReadHtmlCacheBehavior [ RunTime:0.000688s ]
INFO: [ app_begin ] --END-- [ RunTime:0.000827s ]
NOTIC: [8] Use of undefined constant Blog - assumed 'Blog' D:\wamp64\www\web\marx\Application\Home\Controller\IndexController.class.php 第 10 行.
SQL: SHOW COLUMNS FROM `tp_blog` [ RunTime:0.0009s ]
SQL: SELECT `title`,`id` FROM `tp_blog` WHERE `cid` = 16 ORDER BY time desc LIMIT 6   [ RunTime:0.0009s ]
INFO: [ view_parse ] --START--
INFO: [ template_filter ] --START--
INFO: Run Behavior\ContentReplaceBehavior [ RunTime:0.000088s ]
INFO: [ template_filter ] --END-- [ RunTime:0.000245s ]
NOTIC: [8] Undefined variable: b D:\wamp64\www\web\marx\Application\Runtime\Cache\Home\2a94b8bda04ff446dcedd42276fc99ee.php 第 87 行.
NOTIC: [8] Undefined variable: b D:\wamp64\www\web\marx\Application\Runtime\Cache\Home\2a94b8bda04ff446dcedd42276fc99ee.php 第 87 行.
NOTIC: [8] Undefined variable: b D:\wamp64\www\web\marx\Application\Runtime\Cache\Home\2a94b8bda04ff446dcedd42276fc99ee.php 第 87 行.
NOTIC: [8] Undefined variable: b D:\wamp64\www\web\marx\Application\Runtime\Cache\Home\2a94b8bda04ff446dcedd42276fc99ee.php 第 87 行.
NOTIC: [8] Undefined variable: b D:\wamp64\www\web\marx\Application\Runtime\Cache\Home\2a94b8bda04ff446dcedd42276fc99ee.php 第 87 行.
NOTIC: [8] Undefined variable: b D:\wamp64\www\web\marx\Application\Runtime\Cache\Home\2a94b8bda04ff446dcedd42276fc99ee.php 第 87 行.
NOTIC: [8] Undefined variable: noticestitle D:\wamp64\www\web\marx\Application\Runtime\Cache\Home\2a94b8bda04ff446dcedd42276fc99ee.php 第 121 行.
INFO: Run Behavior\ParseTemplateBehavior [ RunTime:0.041124s ]
INFO: [ view_parse ] --END-- [ RunTime:0.041271s ]
INFO: [ view_filter ] --START--
INFO: Run Behavior\WriteHtmlCacheBehavior [ RunTime:0.000551s ]
INFO: [ view_filter ] --END-- [ RunTime:0.000733s ]
INFO: [ app_end ] --START--
INFO: Run Behavior\ShowPageTraceBehavior [ RunTime:0.000601s ]
INFO: [ app_end ] --END-- [ RunTime:0.000742s ]

[ 2017-12-11T22:41:47+08:00 ] ::1 /web/marx/index.php/Home/Show/index.html
INFO: [ app_init ] --START--
INFO: Run Behavior\BuildLiteBehavior [ RunTime:0.000053s ]
INFO: [ app_init ] --END-- [ RunTime:0.000501s ]
INFO: [ app_begin ] --START--
INFO: Run Behavior\ReadHtmlCacheBehavior [ RunTime:0.000568s ]
INFO: [ app_begin ] --END-- [ RunTime:0.000679s ]
ERR: 参数错误或者未定义:id

[ 2017-12-11T22:42:05+08:00 ] ::1 /web/marx/index.php/Home/Show/index.html
INFO: [ app_init ] --START--
INFO: Run Behavior\BuildLiteBehavior [ RunTime:0.000043s ]
INFO: [ app_init ] --END-- [ RunTime:0.000572s ]
INFO: [ app_begin ] --START--
INFO: Run Behavior\ReadHtmlCacheBehavior [ RunTime:0.000524s ]
INFO: [ app_begin ] --END-- [ RunTime:0.000631s ]
ERR: 参数错误或者未定义:id

[ 2017-12-11T22:42:27+08:00 ] ::1 /web/marx/
INFO: [ app_init ] --START--
INFO: Run Behavior\BuildLiteBehavior [ RunTime:0.000022s ]
INFO: [ app_init ] --END-- [ RunTime:0.000457s ]
INFO: [ app_begin ] --START--
INFO: Run Behavior\ReadHtmlCacheBehavior [ RunTime:0.000515s ]
INFO: [ app_begin ] --END-- [ RunTime:0.000627s ]
NOTIC: [8] Use of undefined constant Blog - assumed 'Blog' D:\wamp64\www\web\marx\Application\Home\Controller\IndexController.class.php 第 10 行.
SQL: SHOW COLUMNS FROM `tp_blog` [ RunTime:0.0009s ]
SQL: SELECT `title`,`id` FROM `tp_blog` WHERE `cid` = 16 ORDER BY time desc LIMIT 6   [ RunTime:0.0009s ]
INFO: [ view_parse ] --START--
INFO: [ template_filter ] --START--
INFO: Run Behavior\ContentReplaceBehavior [ RunTime:0.000085s ]
INFO: [ template_filter ] --END-- [ RunTime:0.000191s ]
NOTIC: [8] Undefined variable: b D:\wamp64\www\web\marx\Application\Runtime\Cache\Home\2a94b8bda04ff446dcedd42276fc99ee.php 第 87 行.
NOTIC: [8] Undefined variable: b D:\wamp64\www\web\marx\Application\Runtime\Cache\Home\2a94b8bda04ff446dcedd42276fc99ee.php 第 87 行.
NOTIC: [2] substr() expects at most 3 parameters, 4 given D:\wamp64\www\web\marx\Application\Runtime\Cache\Home\2a94b8bda04ff446dcedd42276fc99ee.php 第 87 行.
NOTIC: [8] Undefined variable: b D:\wamp64\www\web\marx\Application\Runtime\Cache\Home\2a94b8bda04ff446dcedd42276fc99ee.php 第 87 行.
NOTIC: [8] Undefined variable: b D:\wamp64\www\web\marx\Application\Runtime\Cache\Home\2a94b8bda04ff446dcedd42276fc99ee.php 第 87 行.
NOTIC: [2] substr() expects at most 3 parameters, 4 given D:\wamp64\www\web\marx\Application\Runtime\Cache\Home\2a94b8bda04ff446dcedd42276fc99ee.php 第 87 行.
NOTIC: [8] Undefined variable: b D:\wamp64\www\web\marx\Application\Runtime\Cache\Home\2a94b8bda04ff446dcedd42276fc99ee.php 第 87 行.
NOTIC: [8] Undefined variable: b D:\wamp64\www\web\marx\Application\Runtime\Cache\Home\2a94b8bda04ff446dcedd42276fc99ee.php 第 87 行.
NOTIC: [2] substr() expects at most 3 parameters, 4 given D:\wamp64\www\web\marx\Application\Runtime\Cache\Home\2a94b8bda04ff446dcedd42276fc99ee.php 第 87 行.
NOTIC: [8] Undefined variable: b D:\wamp64\www\web\marx\Application\Runtime\Cache\Home\2a94b8bda04ff446dcedd42276fc99ee.php 第 87 行.
NOTIC: [8] Undefined variable: b D:\wamp64\www\web\marx\Application\Runtime\Cache\Home\2a94b8bda04ff446dcedd42276fc99ee.php 第 87 行.
NOTIC: [2] substr() expects at most 3 parameters, 4 given D:\wamp64\www\web\marx\Application\Runtime\Cache\Home\2a94b8bda04ff446dcedd42276fc99ee.php 第 87 行.
NOTIC: [8] Undefined variable: b D:\wamp64\www\web\marx\Application\Runtime\Cache\Home\2a94b8bda04ff446dcedd42276fc99ee.php 第 87 行.
NOTIC: [8] Undefined variable: b D:\wamp64\www\web\marx\Application\Runtime\Cache\Home\2a94b8bda04ff446dcedd42276fc99ee.php 第 87 行.
NOTIC: [2] substr() expects at most 3 parameters, 4 given D:\wamp64\www\web\marx\Application\Runtime\Cache\Home\2a94b8bda04ff446dcedd42276fc99ee.php 第 87 行.
NOTIC: [8] Undefined variable: b D:\wamp64\www\web\marx\Application\Runtime\Cache\Home\2a94b8bda04ff446dcedd42276fc99ee.php 第 87 行.
NOTIC: [8] Undefined variable: b D:\wamp64\www\web\marx\Application\Runtime\Cache\Home\2a94b8bda04ff446dcedd42276fc99ee.php 第 87 行.
NOTIC: [2] substr() expects at most 3 parameters, 4 given D:\wamp64\www\web\marx\Application\Runtime\Cache\Home\2a94b8bda04ff446dcedd42276fc99ee.php 第 87 行.
NOTIC: [8] Undefined variable: noticestitle D:\wamp64\www\web\marx\Application\Runtime\Cache\Home\2a94b8bda04ff446dcedd42276fc99ee.php 第 121 行.
INFO: Run Behavior\ParseTemplateBehavior [ RunTime:0.040154s ]
INFO: [ view_parse ] --END-- [ RunTime:0.040278s ]
INFO: [ view_filter ] --START--
INFO: Run Behavior\WriteHtmlCacheBehavior [ RunTime:0.000417s ]
INFO: [ view_filter ] --END-- [ RunTime:0.000512s ]
INFO: [ app_end ] --START--
INFO: Run Behavior\ShowPageTraceBehavior [ RunTime:0.000581s ]
INFO: [ app_end ] --END-- [ RunTime:0.000689s ]

[ 2017-12-11T22:42:33+08:00 ] ::1 /web/marx/
INFO: [ app_init ] --START--
INFO: Run Behavior\BuildLiteBehavior [ RunTime:0.000022s ]
INFO: [ app_init ] --END-- [ RunTime:0.000390s ]
INFO: [ app_begin ] --START--
INFO: Run Behavior\ReadHtmlCacheBehavior [ RunTime:0.000504s ]
INFO: [ app_begin ] --END-- [ RunTime:0.000609s ]
NOTIC: [8] Use of undefined constant Blog - assumed 'Blog' D:\wamp64\www\web\marx\Application\Home\Controller\IndexController.class.php 第 10 行.
SQL: SHOW COLUMNS FROM `tp_blog` [ RunTime:0.0008s ]
SQL: SELECT `title`,`id` FROM `tp_blog` WHERE `cid` = 16 ORDER BY time desc LIMIT 6   [ RunTime:0.0009s ]
INFO: [ view_parse ] --START--
INFO: [ template_filter ] --START--
INFO: Run Behavior\ContentReplaceBehavior [ RunTime:0.000095s ]
INFO: [ template_filter ] --END-- [ RunTime:0.000239s ]

[ 2017-12-11T22:42:45+08:00 ] ::1 /web/marx/
INFO: [ app_init ] --START--
INFO: Run Behavior\BuildLiteBehavior [ RunTime:0.000052s ]
INFO: [ app_init ] --END-- [ RunTime:0.000504s ]
INFO: [ app_begin ] --START--
INFO: Run Behavior\ReadHtmlCacheBehavior [ RunTime:0.000578s ]
INFO: [ app_begin ] --END-- [ RunTime:0.000680s ]
NOTIC: [8] Use of undefined constant Blog - assumed 'Blog' D:\wamp64\www\web\marx\Application\Home\Controller\IndexController.class.php 第 10 行.
SQL: SHOW COLUMNS FROM `tp_blog` [ RunTime:0.0009s ]
SQL: SELECT `title`,`id` FROM `tp_blog` WHERE `cid` = 16 ORDER BY time desc LIMIT 6   [ RunTime:0.0010s ]
INFO: [ view_parse ] --START--
INFO: [ template_filter ] --START--
INFO: Run Behavior\ContentReplaceBehavior [ RunTime:0.000084s ]
INFO: [ template_filter ] --END-- [ RunTime:0.000190s ]

[ 2017-12-11T22:43:05+08:00 ] ::1 /web/marx/
INFO: [ app_init ] --START--
INFO: Run Behavior\BuildLiteBehavior [ RunTime:0.000022s ]
INFO: [ app_init ] --END-- [ RunTime:0.000448s ]
INFO: [ app_begin ] --START--
INFO: Run Behavior\ReadHtmlCacheBehavior [ RunTime:0.000559s ]
INFO: [ app_begin ] --END-- [ RunTime:0.000673s ]
NOTIC: [8] Use of undefined constant Blog - assumed 'Blog' D:\wamp64\www\web\marx\Application\Home\Controller\IndexController.class.php 第 10 行.
SQL: SHOW COLUMNS FROM `tp_blog` [ RunTime:0.0008s ]
SQL: SELECT `title`,`id` FROM `tp_blog` WHERE `cid` = 16 ORDER BY time desc LIMIT 6   [ RunTime:0.0013s ]
INFO: [ view_parse ] --START--
INFO: [ template_filter ] --START--
INFO: Run Behavior\ContentReplaceBehavior [ RunTime:0.000200s ]
INFO: [ template_filter ] --END-- [ RunTime:0.000366s ]
NOTIC: [8] Undefined variable: b D:\wamp64\www\web\marx\Application\Runtime\Cache\Home\2a94b8bda04ff446dcedd42276fc99ee.php 第 87 行.
NOTIC: [8] Undefined variable: b D:\wamp64\www\web\marx\Application\Runtime\Cache\Home\2a94b8bda04ff446dcedd42276fc99ee.php 第 87 行.
NOTIC: [8] Undefined variable: b D:\wamp64\www\web\marx\Application\Runtime\Cache\Home\2a94b8bda04ff446dcedd42276fc99ee.php 第 87 行.
NOTIC: [8] Undefined variable: b D:\wamp64\www\web\marx\Application\Runtime\Cache\Home\2a94b8bda04ff446dcedd42276fc99ee.php 第 87 行.
NOTIC: [8] Undefined variable: b D:\wamp64\www\web\marx\Application\Runtime\Cache\Home\2a94b8bda04ff446dcedd42276fc99ee.php 第 87 行.
NOTIC: [8] Undefined variable: b D:\wamp64\www\web\marx\Application\Runtime\Cache\Home\2a94b8bda04ff446dcedd42276fc99ee.php 第 87 行.
NOTIC: [8] Undefined variable: noticestitle D:\wamp64\www\web\marx\Application\Runtime\Cache\Home\2a94b8bda04ff446dcedd42276fc99ee.php 第 121 行.
INFO: Run Behavior\ParseTemplateBehavior [ RunTime:0.015563s ]
INFO: [ view_parse ] --END-- [ RunTime:0.015678s ]
INFO: [ view_filter ] --START--
INFO: Run Behavior\WriteHtmlCacheBehavior [ RunTime:0.000375s ]
INFO: [ view_filter ] --END-- [ RunTime:0.000480s ]
INFO: [ app_end ] --START--
INFO: Run Behavior\ShowPageTraceBehavior [ RunTime:0.000562s ]
INFO: [ app_end ] --END-- [ RunTime:0.000677s ]

[ 2017-12-11T22:43:27+08:00 ] ::1 /web/marx/
INFO: [ app_init ] --START--
INFO: Run Behavior\BuildLiteBehavior [ RunTime:0.000032s ]
INFO: [ app_init ] --END-- [ RunTime:0.000632s ]
INFO: [ app_begin ] --START--
INFO: Run Behavior\ReadHtmlCacheBehavior [ RunTime:0.000652s ]
INFO: [ app_begin ] --END-- [ RunTime:0.000884s ]
NOTIC: [8] Use of undefined constant Blog - assumed 'Blog' D:\wamp64\www\web\marx\Application\Home\Controller\IndexController.class.php 第 10 行.
SQL: SHOW COLUMNS FROM `tp_blog` [ RunTime:0.0009s ]
SQL: SELECT `title`,`id` FROM `tp_blog` WHERE `cid` = 16 ORDER BY time desc LIMIT 6   [ RunTime:0.0012s ]
INFO: [ view_parse ] --START--
INFO: [ template_filter ] --START--
INFO: Run Behavior\ContentReplaceBehavior [ RunTime:0.000085s ]
INFO: [ template_filter ] --END-- [ RunTime:0.000190s ]
NOTIC: [8] Undefined variable: b D:\wamp64\www\web\marx\Application\Runtime\Cache\Home\2a94b8bda04ff446dcedd42276fc99ee.php 第 87 行.
NOTIC: [8] Undefined variable: b D:\wamp64\www\web\marx\Application\Runtime\Cache\Home\2a94b8bda04ff446dcedd42276fc99ee.php 第 87 行.
NOTIC: [8] Undefined variable: b D:\wamp64\www\web\marx\Application\Runtime\Cache\Home\2a94b8bda04ff446dcedd42276fc99ee.php 第 87 行.
NOTIC: [8] Undefined variable: b D:\wamp64\www\web\marx\Application\Runtime\Cache\Home\2a94b8bda04ff446dcedd42276fc99ee.php 第 87 行.
NOTIC: [8] Undefined variable: b D:\wamp64\www\web\marx\Application\Runtime\Cache\Home\2a94b8bda04ff446dcedd42276fc99ee.php 第 87 行.
NOTIC: [8] Undefined variable: b D:\wamp64\www\web\marx\Application\Runtime\Cache\Home\2a94b8bda04ff446dcedd42276fc99ee.php 第 87 行.
NOTIC: [8] Undefined variable: noticestitle D:\wamp64\www\web\marx\Application\Runtime\Cache\Home\2a94b8bda04ff446dcedd42276fc99ee.php 第 121 行.
INFO: Run Behavior\ParseTemplateBehavior [ RunTime:0.042117s ]
INFO: [ view_parse ] --END-- [ RunTime:0.042259s ]
INFO: [ view_filter ] --START--
INFO: Run Behavior\WriteHtmlCacheBehavior [ RunTime:0.000400s ]
INFO: [ view_filter ] --END-- [ RunTime:0.000497s ]
INFO: [ app_end ] --START--
INFO: Run Behavior\ShowPageTraceBehavior [ RunTime:0.000533s ]
INFO: [ app_end ] --END-- [ RunTime:0.000632s ]

[ 2017-12-11T22:44:07+08:00 ] ::1 /web/marx/
INFO: [ app_init ] --START--
INFO: Run Behavior\BuildLiteBehavior [ RunTime:0.000041s ]
INFO: [ app_init ] --END-- [ RunTime:0.000628s ]
INFO: [ app_begin ] --START--
INFO: Run Behavior\ReadHtmlCacheBehavior [ RunTime:0.000705s ]
INFO: [ app_begin ] --END-- [ RunTime:0.000879s ]
NOTIC: [8] Use of undefined constant Blog - assumed 'Blog' D:\wamp64\www\web\marx\Application\Home\Controller\IndexController.class.php 第 10 行.
SQL: SHOW COLUMNS FROM `tp_blog` [ RunTime:0.0008s ]
SQL: SELECT `title`,`id` FROM `tp_blog` WHERE `cid` = 16 ORDER BY time desc LIMIT 6   [ RunTime:0.0009s ]
INFO: [ view_parse ] --START--
INFO: [ template_filter ] --START--
INFO: Run Behavior\ContentReplaceBehavior [ RunTime:0.000096s ]
INFO: [ template_filter ] --END-- [ RunTime:0.000215s ]
NOTIC: [8] Undefined variable: b D:\wamp64\www\web\marx\Application\Runtime\Cache\Home\2a94b8bda04ff446dcedd42276fc99ee.php 第 87 行.
NOTIC: [8] Undefined variable: b D:\wamp64\www\web\marx\Application\Runtime\Cache\Home\2a94b8bda04ff446dcedd42276fc99ee.php 第 87 行.
NOTIC: [8] Undefined variable: b D:\wamp64\www\web\marx\Application\Runtime\Cache\Home\2a94b8bda04ff446dcedd42276fc99ee.php 第 87 行.
NOTIC: [8] Undefined variable: b D:\wamp64\www\web\marx\Application\Runtime\Cache\Home\2a94b8bda04ff446dcedd42276fc99ee.php 第 87 行.
NOTIC: [8] Undefined variable: b D:\wamp64\www\web\marx\Application\Runtime\Cache\Home\2a94b8bda04ff446dcedd42276fc99ee.php 第 87 行.
NOTIC: [8] Undefined variable: b D:\wamp64\www\web\marx\Application\Runtime\Cache\Home\2a94b8bda04ff446dcedd42276fc99ee.php 第 87 行.
NOTIC: [8] Undefined variable: noticestitle D:\wamp64\www\web\marx\Application\Runtime\Cache\Home\2a94b8bda04ff446dcedd42276fc99ee.php 第 121 行.
INFO: Run Behavior\ParseTemplateBehavior [ RunTime:0.045413s ]
INFO: [ view_parse ] --END-- [ RunTime:0.045542s ]
INFO: [ view_filter ] --START--
INFO: Run Behavior\WriteHtmlCacheBehavior [ RunTime:0.000373s ]
INFO: [ view_filter ] --END-- [ RunTime:0.000472s ]
INFO: [ app_end ] --START--
INFO: Run Behavior\ShowPageTraceBehavior [ RunTime:0.000565s ]
INFO: [ app_end ] --END-- [ RunTime:0.000674s ]

[ 2017-12-11T22:44:21+08:00 ] ::1 /web/marx/
INFO: [ app_init ] --START--
INFO: Run Behavior\BuildLiteBehavior [ RunTime:0.000022s ]
INFO: [ app_init ] --END-- [ RunTime:0.000445s ]
INFO: [ app_begin ] --START--
INFO: Run Behavior\ReadHtmlCacheBehavior [ RunTime:0.000526s ]
INFO: [ app_begin ] --END-- [ RunTime:0.000682s ]
NOTIC: [8] Use of undefined constant Blog - assumed 'Blog' D:\wamp64\www\web\marx\Application\Home\Controller\IndexController.class.php 第 10 行.
SQL: SHOW COLUMNS FROM `tp_blog` [ RunTime:0.0008s ]
SQL: SELECT `title`,`id` FROM `tp_blog` WHERE `cid` = 16 ORDER BY time desc LIMIT 6   [ RunTime:0.0014s ]
INFO: [ view_parse ] --START--
INFO: [ template_filter ] --START--
INFO: Run Behavior\ContentReplaceBehavior [ RunTime:0.000090s ]
INFO: [ template_filter ] --END-- [ RunTime:0.000200s ]
NOTIC: [8] Undefined variable: noticestitle D:\wamp64\www\web\marx\Application\Runtime\Cache\Home\2a94b8bda04ff446dcedd42276fc99ee.php 第 121 行.
INFO: Run Behavior\ParseTemplateBehavior [ RunTime:0.040938s ]
INFO: [ view_parse ] --END-- [ RunTime:0.041051s ]
INFO: [ view_filter ] --START--
INFO: Run Behavior\WriteHtmlCacheBehavior [ RunTime:0.000515s ]
INFO: [ view_filter ] --END-- [ RunTime:0.000612s ]
INFO: [ app_end ] --START--
INFO: Run Behavior\ShowPageTraceBehavior [ RunTime:0.000559s ]
INFO: [ app_end ] --END-- [ RunTime:0.000668s ]

[ 2017-12-11T22:44:41+08:00 ] ::1 /web/marx/
INFO: [ app_init ] --START--
INFO: Run Behavior\BuildLiteBehavior [ RunTime:0.000024s ]
INFO: [ app_init ] --END-- [ RunTime:0.000665s ]
INFO: [ app_begin ] --START--
INFO: Run Behavior\ReadHtmlCacheBehavior [ RunTime:0.000940s ]
INFO: [ app_begin ] --END-- [ RunTime:0.001164s ]
NOTIC: [8] Use of undefined constant Blog - assumed 'Blog' D:\wamp64\www\web\marx\Application\Home\Controller\IndexController.class.php 第 10 行.
SQL: SHOW COLUMNS FROM `tp_blog` [ RunTime:0.0008s ]
SQL: SELECT `title`,`id` FROM `tp_blog` WHERE `cid` = 16 ORDER BY time desc LIMIT 6   [ RunTime:0.0013s ]
INFO: [ view_parse ] --START--
INFO: [ template_filter ] --START--
INFO: Run Behavior\ContentReplaceBehavior [ RunTime:0.000087s ]
INFO: [ template_filter ] --END-- [ RunTime:0.000189s ]
NOTIC: [8] Undefined variable: noticestitle D:\wamp64\www\web\marx\Application\Runtime\Cache\Home\2a94b8bda04ff446dcedd42276fc99ee.php 第 121 行.
INFO: Run Behavior\ParseTemplateBehavior [ RunTime:0.040505s ]
INFO: [ view_parse ] --END-- [ RunTime:0.040630s ]
INFO: [ view_filter ] --START--
INFO: Run Behavior\WriteHtmlCacheBehavior [ RunTime:0.000335s ]
INFO: [ view_filter ] --END-- [ RunTime:0.000432s ]
INFO: [ app_end ] --START--
INFO: Run Behavior\ShowPageTraceBehavior [ RunTime:0.000531s ]
INFO: [ app_end ] --END-- [ RunTime:0.000630s ]

[ 2017-12-11T22:44:43+08:00 ] ::1 /web/marx/index.php/Home/Show/index/id/112.html
INFO: [ app_init ] --START--
INFO: Run Behavior\BuildLiteBehavior [ RunTime:0.000021s ]
INFO: [ app_init ] --END-- [ RunTime:0.000390s ]
INFO: [ app_begin ] --START--
INFO: Run Behavior\ReadHtmlCacheBehavior [ RunTime:0.000480s ]
INFO: [ app_begin ] --END-- [ RunTime:0.000583s ]
NOTIC: [8] Use of undefined constant blog - assumed 'blog' D:\wamp64\www\web\marx\Application\Home\Controller\ShowController.class.php 第 13 行.
SQL: SHOW COLUMNS FROM `tp_blog` [ RunTime:0.0010s ]
SQL: SELECT * FROM `tp_blog` WHERE `id` = 112  [ RunTime:0.0004s ]
INFO: [ view_parse ] --START--
INFO: [ template_filter ] --START--
INFO: Run Behavior\ContentReplaceBehavior [ RunTime:0.000107s ]
INFO: [ template_filter ] --END-- [ RunTime:0.000274s ]
INFO: Run Behavior\ParseTemplateBehavior [ RunTime:0.018936s ]
INFO: [ view_parse ] --END-- [ RunTime:0.019075s ]
INFO: [ view_filter ] --START--
INFO: Run Behavior\WriteHtmlCacheBehavior [ RunTime:0.000333s ]
INFO: [ view_filter ] --END-- [ RunTime:0.000431s ]
INFO: [ app_end ] --START--
INFO: Run Behavior\ShowPageTraceBehavior [ RunTime:0.000481s ]
INFO: [ app_end ] --END-- [ RunTime:0.000580s ]

[ 2017-12-11T22:53:24+08:00 ] ::1 /web/marx/index.php/Home/Show/index/id/112.html
INFO: [ app_init ] --START--
INFO: Run Behavior\BuildLiteBehavior [ RunTime:0.000023s ]
INFO: [ app_init ] --END-- [ RunTime:0.000490s ]
INFO: [ app_begin ] --START--
INFO: Run Behavior\ReadHtmlCacheBehavior [ RunTime:0.000774s ]
INFO: [ app_begin ] --END-- [ RunTime:0.000917s ]
NOTIC: [8] Use of undefined constant blog - assumed 'blog' D:\wamp64\www\web\marx\Application\Home\Controller\ShowController.class.php 第 13 行.
SQL: SHOW COLUMNS FROM `tp_blog` [ RunTime:0.0012s ]
SQL: SELECT * FROM `tp_blog` WHERE `id` = 112  [ RunTime:0.0003s ]
INFO: [ view_parse ] --START--
INFO: [ template_filter ] --START--
INFO: Run Behavior\ContentReplaceBehavior [ RunTime:0.000076s ]
INFO: [ template_filter ] --END-- [ RunTime:0.000184s ]
INFO: Run Behavior\ParseTemplateBehavior [ RunTime:0.018482s ]
INFO: [ view_parse ] --END-- [ RunTime:0.018629s ]
INFO: [ view_filter ] --START--
INFO: Run Behavior\WriteHtmlCacheBehavior [ RunTime:0.000344s ]
INFO: [ view_filter ] --END-- [ RunTime:0.000453s ]
INFO: [ app_end ] --START--
INFO: Run Behavior\ShowPageTraceBehavior [ RunTime:0.000493s ]
INFO: [ app_end ] --END-- [ RunTime:0.000636s ]

[ 2017-12-11T22:55:56+08:00 ] ::1 /web/marx/index.php/Home/Show/index/id/112.html
INFO: [ app_init ] --START--
INFO: Run Behavior\BuildLiteBehavior [ RunTime:0.000024s ]
INFO: [ app_init ] --END-- [ RunTime:0.000613s ]
INFO: [ app_begin ] --START--
INFO: Run Behavior\ReadHtmlCacheBehavior [ RunTime:0.000712s ]
INFO: [ app_begin ] --END-- [ RunTime:0.000844s ]
NOTIC: [8] Use of undefined constant blog - assumed 'blog' D:\wamp64\www\web\marx\Application\Home\Controller\ShowController.class.php 第 13 行.
SQL: SHOW COLUMNS FROM `tp_blog` [ RunTime:0.0008s ]
SQL: SELECT * FROM `tp_blog` WHERE `id` = 112  [ RunTime:0.0003s ]
INFO: [ view_parse ] --START--
INFO: [ template_filter ] --START--
INFO: Run Behavior\ContentReplaceBehavior [ RunTime:0.000076s ]
INFO: [ template_filter ] --END-- [ RunTime:0.000180s ]

[ 2017-12-11T22:56:46+08:00 ] ::1 /web/marx/index.php/Home/Show/index/id/112.html
INFO: [ app_init ] --START--
INFO: Run Behavior\BuildLiteBehavior [ RunTime:0.000042s ]
INFO: [ app_init ] --END-- [ RunTime:0.000582s ]
INFO: [ app_begin ] --START--
INFO: Run Behavior\ReadHtmlCacheBehavior [ RunTime:0.000599s ]
INFO: [ app_begin ] --END-- [ RunTime:0.000703s ]
NOTIC: [8] Use of undefined constant blog - assumed 'blog' D:\wamp64\www\web\marx\Application\Home\Controller\ShowController.class.php 第 13 行.
SQL: SHOW COLUMNS FROM `tp_blog` [ RunTime:0.0007s ]
SQL: SELECT * FROM `tp_blog` WHERE `id` = 112  [ RunTime:0.0003s ]
INFO: [ view_parse ] --START--
INFO: [ template_filter ] --START--
INFO: Run Behavior\ContentReplaceBehavior [ RunTime:0.000071s ]
INFO: [ template_filter ] --END-- [ RunTime:0.000176s ]
INFO: Run Behavior\ParseTemplateBehavior [ RunTime:0.021541s ]
INFO: [ view_parse ] --END-- [ RunTime:0.021665s ]
INFO: [ view_filter ] --START--
INFO: Run Behavior\WriteHtmlCacheBehavior [ RunTime:0.000358s ]
INFO: [ view_filter ] --END-- [ RunTime:0.000458s ]
INFO: [ app_end ] --START--
INFO: Run Behavior\ShowPageTraceBehavior [ RunTime:0.000515s ]
INFO: [ app_end ] --END-- [ RunTime:0.000613s ]

[ 2017-12-11T22:57:21+08:00 ] ::1 /web/marx/index.php/Home/Show/index/id/112.html
INFO: [ app_init ] --START--
INFO: Run Behavior\BuildLiteBehavior [ RunTime:0.000022s ]
INFO: [ app_init ] --END-- [ RunTime:0.000396s ]
INFO: [ app_begin ] --START--
INFO: Run Behavior\ReadHtmlCacheBehavior [ RunTime:0.000581s ]
INFO: [ app_begin ] --END-- [ RunTime:0.000723s ]
NOTIC: [8] Use of undefined constant blog - assumed 'blog' D:\wamp64\www\web\marx\Application\Home\Controller\ShowController.class.php 第 13 行.
SQL: SHOW COLUMNS FROM `tp_blog` [ RunTime:0.0007s ]
SQL: SELECT * FROM `tp_blog` WHERE `id` = 112  [ RunTime:0.0003s ]
INFO: [ view_parse ] --START--
INFO: [ template_filter ] --START--
INFO: Run Behavior\ContentReplaceBehavior [ RunTime:0.000106s ]
INFO: [ template_filter ] --END-- [ RunTime:0.000252s ]
INFO: Run Behavior\ParseTemplateBehavior [ RunTime:0.022142s ]
INFO: [ view_parse ] --END-- [ RunTime:0.022287s ]
INFO: [ view_filter ] --START--
INFO: Run Behavior\WriteHtmlCacheBehavior [ RunTime:0.000433s ]
INFO: [ view_filter ] --END-- [ RunTime:0.000542s ]
INFO: [ app_end ] --START--
INFO: Run Behavior\ShowPageTraceBehavior [ RunTime:0.000835s ]
INFO: [ app_end ] --END-- [ RunTime:0.001050s ]

[ 2017-12-11T23:00:17+08:00 ] ::1 /web/marx/
INFO: [ app_init ] --START--
INFO: Run Behavior\BuildLiteBehavior [ RunTime:0.000022s ]
INFO: [ app_init ] --END-- [ RunTime:0.000457s ]
INFO: [ app_begin ] --START--
INFO: Run Behavior\ReadHtmlCacheBehavior [ RunTime:0.000503s ]
INFO: [ app_begin ] --END-- [ RunTime:0.000606s ]
NOTIC: [8] Use of undefined constant Blog - assumed 'Blog' D:\wamp64\www\web\marx\Application\Home\Controller\IndexController.class.php 第 10 行.
SQL: SHOW COLUMNS FROM `tp_blog` [ RunTime:0.0010s ]
SQL: SELECT `title`,`id` FROM `tp_blog` WHERE `cid` = 16 ORDER BY time desc LIMIT 6   [ RunTime:0.0009s ]
SQL: SELECT `title`,`id` FROM `tp_blog` WHERE `cid` = 16 ORDER BY time desc LIMIT 6   [ RunTime:0.0007s ]
INFO: [ view_parse ] --START--
INFO: [ template_filter ] --START--
INFO: Run Behavior\ContentReplaceBehavior [ RunTime:0.000087s ]
INFO: [ template_filter ] --END-- [ RunTime:0.000194s ]
INFO: Run Behavior\ParseTemplateBehavior [ RunTime:0.044427s ]
INFO: [ view_parse ] --END-- [ RunTime:0.044543s ]
INFO: [ view_filter ] --START--
INFO: Run Behavior\WriteHtmlCacheBehavior [ RunTime:0.000374s ]
INFO: [ view_filter ] --END-- [ RunTime:0.000516s ]
INFO: [ app_end ] --START--
INFO: Run Behavior\ShowPageTraceBehavior [ RunTime:0.000598s ]
INFO: [ app_end ] --END-- [ RunTime:0.000696s ]

[ 2017-12-11T23:00:42+08:00 ] ::1 /web/marx/
INFO: [ app_init ] --START--
INFO: Run Behavior\BuildLiteBehavior [ RunTime:0.000022s ]
INFO: [ app_init ] --END-- [ RunTime:0.000393s ]
INFO: [ app_begin ] --START--
INFO: Run Behavior\ReadHtmlCacheBehavior [ RunTime:0.000726s ]
INFO: [ app_begin ] --END-- [ RunTime:0.000884s ]
NOTIC: [8] Use of undefined constant Blog - assumed 'Blog' D:\wamp64\www\web\marx\Application\Home\Controller\IndexController.class.php 第 10 行.
SQL: SHOW COLUMNS FROM `tp_blog` [ RunTime:0.0009s ]
SQL: SELECT `title`,`id` FROM `tp_blog` WHERE `cid` = 16 ORDER BY time desc LIMIT 6   [ RunTime:0.0009s ]
SQL: SELECT `title`,`id` FROM `tp_blog` WHERE `cid` = 17 ORDER BY time desc LIMIT 6   [ RunTime:0.0614s ]
INFO: [ view_parse ] --START--
INFO: [ template_filter ] --START--
INFO: Run Behavior\ContentReplaceBehavior [ RunTime:0.000108s ]
INFO: [ template_filter ] --END-- [ RunTime:0.000313s ]
INFO: Run Behavior\ParseTemplateBehavior [ RunTime:0.015757s ]
INFO: [ view_parse ] --END-- [ RunTime:0.015896s ]
INFO: [ view_filter ] --START--
INFO: Run Behavior\WriteHtmlCacheBehavior [ RunTime:0.000401s ]
INFO: [ view_filter ] --END-- [ RunTime:0.000508s ]
INFO: [ app_end ] --START--
INFO: Run Behavior\ShowPageTraceBehavior [ RunTime:0.000514s ]
INFO: [ app_end ] --END-- [ RunTime:0.000612s ]

[ 2017-12-11T23:16:48+08:00 ] ::1 /web/marx/
INFO: [ app_init ] --START--
INFO: Run Behavior\BuildLiteBehavior [ RunTime:0.000043s ]
INFO: [ app_init ] --END-- [ RunTime:0.000476s ]
INFO: [ app_begin ] --START--
INFO: Run Behavior\ReadHtmlCacheBehavior [ RunTime:0.001052s ]
INFO: [ app_begin ] --END-- [ RunTime:0.001341s ]
NOTIC: [8] Use of undefined constant Blog - assumed 'Blog' D:\wamp64\www\web\marx\Application\Home\Controller\IndexController.class.php 第 10 行.
SQL: SHOW COLUMNS FROM `tp_blog` [ RunTime:0.0011s ]
SQL: SELECT `title`,`id` FROM `tp_blog` WHERE `cid` = 16 ORDER BY time desc LIMIT 6   [ RunTime:0.0011s ]
SQL: SELECT `title`,`id` FROM `tp_blog` WHERE `cid` = 17 ORDER BY time desc LIMIT 6   [ RunTime:0.0005s ]
INFO: [ view_parse ] --START--
INFO: [ template_filter ] --START--
INFO: Run Behavior\ContentReplaceBehavior [ RunTime:0.000089s ]
INFO: [ template_filter ] --END-- [ RunTime:0.000195s ]
INFO: Run Behavior\ParseTemplateBehavior [ RunTime:0.043356s ]
INFO: [ view_parse ] --END-- [ RunTime:0.043639s ]
INFO: [ view_filter ] --START--
INFO: Run Behavior\WriteHtmlCacheBehavior [ RunTime:0.000381s ]
INFO: [ view_filter ] --END-- [ RunTime:0.000515s ]
INFO: [ app_end ] --START--
INFO: Run Behavior\ShowPageTraceBehavior [ RunTime:0.001491s ]
INFO: [ app_end ] --END-- [ RunTime:0.001692s ]

[ 2017-12-11T23:16:49+08:00 ] ::1 /web/marx/index.php/Home/Lists/index/cid/16.html
INFO: [ app_init ] --START--
INFO: Run Behavior\BuildLiteBehavior [ RunTime:0.000023s ]
INFO: [ app_init ] --END-- [ RunTime:0.000576s ]
INFO: [ app_begin ] --START--
INFO: Run Behavior\ReadHtmlCacheBehavior [ RunTime:0.000523s ]
INFO: [ app_begin ] --END-- [ RunTime:0.000626s ]
ERR: 无法加载控制器:Lists

[ 2017-12-11T23:17:24+08:00 ] ::1 /web/marx/index.php/Home/Lists/index/cid/16.html
INFO: [ app_init ] --START--
INFO: Run Behavior\BuildLiteBehavior [ RunTime:0.000022s ]
INFO: [ app_init ] --END-- [ RunTime:0.000414s ]
INFO: [ app_begin ] --START--
INFO: Run Behavior\ReadHtmlCacheBehavior [ RunTime:0.000641s ]
INFO: [ app_begin ] --END-- [ RunTime:0.000781s ]
NOTIC: [8] Use of undefined constant blog - assumed 'blog' D:\wamp64\www\web\marx\Application\Home\Controller\ListsController.class.php 第 12 行.
SQL: SHOW COLUMNS FROM `tp_blog` [ RunTime:0.0012s ]
SQL: SELECT * FROM `tp_blog` WHERE `cid` = 16  [ RunTime:0.0028s ]
INFO: [ app_end ] --START--
INFO: Run Behavior\ShowPageTraceBehavior [ RunTime:0.000648s ]
INFO: [ app_end ] --END-- [ RunTime:0.000766s ]

[ 2017-12-11T23:17:47+08:00 ] ::1 /web/marx/index.php/Home/Lists/index/cid/16.html
INFO: [ app_init ] --START--
INFO: Run Behavior\BuildLiteBehavior [ RunTime:0.000024s ]
INFO: [ app_init ] --END-- [ RunTime:0.000507s ]
INFO: [ app_begin ] --START--
INFO: Run Behavior\ReadHtmlCacheBehavior [ RunTime:0.000652s ]
INFO: [ app_begin ] --END-- [ RunTime:0.000787s ]
NOTIC: [8] Use of undefined constant blog - assumed 'blog' D:\wamp64\www\web\marx\Application\Home\Controller\ListsController.class.php 第 12 行.
SQL: SHOW COLUMNS FROM `tp_blog` [ RunTime:0.0012s ]
SQL: SELECT * FROM `tp_blog` WHERE `cid` = 16  [ RunTime:0.0027s ]
INFO: [ view_parse ] --START--
INFO: [ template_filter ] --START--
INFO: Run Behavior\ContentReplaceBehavior [ RunTime:0.000143s ]
INFO: [ template_filter ] --END-- [ RunTime:0.000269s ]
INFO: Run Behavior\ParseTemplateBehavior [ RunTime:0.049960s ]
INFO: [ view_parse ] --END-- [ RunTime:0.050117s ]
INFO: [ view_filter ] --START--
INFO: Run Behavior\WriteHtmlCacheBehavior [ RunTime:0.000499s ]
INFO: [ view_filter ] --END-- [ RunTime:0.000681s ]
INFO: [ app_end ] --START--
INFO: Run Behavior\ShowPageTraceBehavior [ RunTime:0.002453s ]
INFO: [ app_end ] --END-- [ RunTime:0.002628s ]

[ 2017-12-11T23:18:22+08:00 ] ::1 /web/marx/index.php/Home/Lists/index/cid/16.html
INFO: [ app_init ] --START--
INFO: Run Behavior\BuildLiteBehavior [ RunTime:0.000021s ]
INFO: [ app_init ] --END-- [ RunTime:0.000381s ]
INFO: [ app_begin ] --START--
INFO: Run Behavior\ReadHtmlCacheBehavior [ RunTime:0.000497s ]
INFO: [ app_begin ] --END-- [ RunTime:0.000635s ]
NOTIC: [8] Use of undefined constant blog - assumed 'blog' D:\wamp64\www\web\marx\Application\Home\Controller\ListsController.class.php 第 12 行.
SQL: SHOW COLUMNS FROM `tp_blog` [ RunTime:0.0008s ]
SQL: SELECT * FROM `tp_blog` WHERE `cid` = 16  [ RunTime:0.0040s ]
INFO: [ view_parse ] --START--
INFO: [ template_filter ] --START--
INFO: Run Behavior\ContentReplaceBehavior [ RunTime:0.000075s ]
INFO: [ template_filter ] --END-- [ RunTime:0.000179s ]
INFO: Run Behavior\ParseTemplateBehavior [ RunTime:0.043791s ]
INFO: [ view_parse ] --END-- [ RunTime:0.043937s ]
INFO: [ view_filter ] --START--
INFO: Run Behavior\WriteHtmlCacheBehavior [ RunTime:0.000659s ]
INFO: [ view_filter ] --END-- [ RunTime:0.000793s ]
INFO: [ app_end ] --START--
INFO: Run Behavior\ShowPageTraceBehavior [ RunTime:0.000707s ]
INFO: [ app_end ] --END-- [ RunTime:0.000842s ]

[ 2017-12-11T23:18:29+08:00 ] ::1 /web/marx/index.php/Home/Show/index/id/5.html
INFO: [ app_init ] --START--
INFO: Run Behavior\BuildLiteBehavior [ RunTime:0.000024s ]
INFO: [ app_init ] --END-- [ RunTime:0.000559s ]
INFO: [ app_begin ] --START--
INFO: Run Behavior\ReadHtmlCacheBehavior [ RunTime:0.000622s ]
INFO: [ app_begin ] --END-- [ RunTime:0.000745s ]
NOTIC: [8] Use of undefined constant blog - assumed 'blog' D:\wamp64\www\web\marx\Application\Home\Controller\ShowController.class.php 第 13 行.
SQL: SHOW COLUMNS FROM `tp_blog` [ RunTime:0.0009s ]
SQL: SELECT * FROM `tp_blog` WHERE `id` = 5  [ RunTime:0.0003s ]
INFO: [ view_parse ] --START--
INFO: [ template_filter ] --START--
INFO: Run Behavior\ContentReplaceBehavior [ RunTime:0.000075s ]
INFO: [ template_filter ] --END-- [ RunTime:0.000192s ]
INFO: Run Behavior\ParseTemplateBehavior [ RunTime:0.022220s ]
INFO: [ view_parse ] --END-- [ RunTime:0.022333s ]
INFO: [ view_filter ] --START--
INFO: Run Behavior\WriteHtmlCacheBehavior [ RunTime:0.000488s ]
INFO: [ view_filter ] --END-- [ RunTime:0.000591s ]
INFO: [ app_end ] --START--
INFO: Run Behavior\ShowPageTraceBehavior [ RunTime:0.000701s ]
INFO: [ app_end ] --END-- [ RunTime:0.000823s ]

[ 2017-12-11T23:24:29+08:00 ] ::1 /web/marx/
INFO: [ app_init ] --START--
INFO: Run Behavior\BuildLiteBehavior [ RunTime:0.000022s ]
INFO: [ app_init ] --END-- [ RunTime:0.000394s ]
INFO: [ app_begin ] --START--
INFO: Run Behavior\ReadHtmlCacheBehavior [ RunTime:0.000507s ]
INFO: [ app_begin ] --END-- [ RunTime:0.000609s ]
NOTIC: [8] Use of undefined constant Blog - assumed 'Blog' D:\wamp64\www\web\marx\Application\Home\Controller\IndexController.class.php 第 10 行.
SQL: SHOW COLUMNS FROM `tp_blog` [ RunTime:0.0008s ]
SQL: SELECT `title`,`id` FROM `tp_blog` WHERE `cid` = 16 ORDER BY time desc LIMIT 6   [ RunTime:0.0009s ]
SQL: SELECT `title`,`id` FROM `tp_blog` WHERE `cid` = 17 ORDER BY time desc LIMIT 6   [ RunTime:0.0004s ]
INFO: [ view_parse ] --START--
INFO: [ template_filter ] --START--
INFO: Run Behavior\ContentReplaceBehavior [ RunTime:0.000095s ]
INFO: [ template_filter ] --END-- [ RunTime:0.000206s ]
INFO: Run Behavior\ParseTemplateBehavior [ RunTime:0.047580s ]
INFO: [ view_parse ] --END-- [ RunTime:0.047801s ]
INFO: [ view_filter ] --START--
INFO: Run Behavior\WriteHtmlCacheBehavior [ RunTime:0.001096s ]
INFO: [ view_filter ] --END-- [ RunTime:0.001328s ]
INFO: [ app_end ] --START--
INFO: Run Behavior\ShowPageTraceBehavior [ RunTime:0.000867s ]
INFO: [ app_end ] --END-- [ RunTime:0.000990s ]

[ 2017-12-11T23:24:55+08:00 ] ::1 /web/marx/index.php/Home/Lists/index/cid/27.html
INFO: [ app_init ] --START--
INFO: Run Behavior\BuildLiteBehavior [ RunTime:0.000021s ]
INFO: [ app_init ] --END-- [ RunTime:0.000376s ]
INFO: [ app_begin ] --START--
INFO: Run Behavior\ReadHtmlCacheBehavior [ RunTime:0.000486s ]
INFO: [ app_begin ] --END-- [ RunTime:0.000585s ]
NOTIC: [8] Use of undefined constant blog - assumed 'blog' D:\wamp64\www\web\marx\Application\Home\Controller\ListsController.class.php 第 12 行.
SQL: SHOW COLUMNS FROM `tp_blog` [ RunTime:0.0008s ]
SQL: SELECT * FROM `tp_blog` WHERE `cid` = 27  [ RunTime:0.0007s ]
INFO: [ view_parse ] --START--
INFO: [ template_filter ] --START--
INFO: Run Behavior\ContentReplaceBehavior [ RunTime:0.000137s ]
INFO: [ template_filter ] --END-- [ RunTime:0.000313s ]
INFO: Run Behavior\ParseTemplateBehavior [ RunTime:0.033539s ]
INFO: [ view_parse ] --END-- [ RunTime:0.033653s ]
INFO: [ view_filter ] --START--
INFO: Run Behavior\WriteHtmlCacheBehavior [ RunTime:0.000367s ]
INFO: [ view_filter ] --END-- [ RunTime:0.000464s ]
INFO: [ app_end ] --START--
INFO: Run Behavior\ShowPageTraceBehavior [ RunTime:0.000505s ]
INFO: [ app_end ] --END-- [ RunTime:0.000602s ]

[ 2017-12-11T23:25:01+08:00 ] ::1 /web/marx/index.php/Home/Show/index/id/130.html
INFO: [ app_init ] --START--
INFO: Run Behavior\BuildLiteBehavior [ RunTime:0.000021s ]
INFO: [ app_init ] --END-- [ RunTime:0.000375s ]
INFO: [ app_begin ] --START--
INFO: Run Behavior\ReadHtmlCacheBehavior [ RunTime:0.001215s ]
INFO: [ app_begin ] --END-- [ RunTime:0.001357s ]
NOTIC: [8] Use of undefined constant blog - assumed 'blog' D:\wamp64\www\web\marx\Application\Home\Controller\ShowController.class.php 第 13 行.
SQL: SHOW COLUMNS FROM `tp_blog` [ RunTime:0.0010s ]
SQL: SELECT * FROM `tp_blog` WHERE `id` = 130  [ RunTime:0.0003s ]
INFO: [ view_parse ] --START--
INFO: [ template_filter ] --START--
INFO: Run Behavior\ContentReplaceBehavior [ RunTime:0.000072s ]
INFO: [ template_filter ] --END-- [ RunTime:0.000174s ]
INFO: Run Behavior\ParseTemplateBehavior [ RunTime:0.027378s ]
INFO: [ view_parse ] --END-- [ RunTime:0.027490s ]
INFO: [ view_filter ] --START--
INFO: Run Behavior\WriteHtmlCacheBehavior [ RunTime:0.000544s ]
INFO: [ view_filter ] --END-- [ RunTime:0.000685s ]
INFO: [ app_end ] --START--
INFO: Run Behavior\ShowPageTraceBehavior [ RunTime:0.000979s ]
INFO: [ app_end ] --END-- [ RunTime:0.001147s ]

[ 2017-12-11T23:25:04+08:00 ] ::1 /web/marx/index.php/Home/Lists/index/cid/15.html
INFO: [ app_init ] --START--
INFO: Run Behavior\BuildLiteBehavior [ RunTime:0.000023s ]
INFO: [ app_init ] --END-- [ RunTime:0.000394s ]
INFO: [ app_begin ] --START--
INFO: Run Behavior\ReadHtmlCacheBehavior [ RunTime:0.000483s ]
INFO: [ app_begin ] --END-- [ RunTime:0.000587s ]
NOTIC: [8] Use of undefined constant blog - assumed 'blog' D:\wamp64\www\web\marx\Application\Home\Controller\ListsController.class.php 第 12 行.
SQL: SHOW COLUMNS FROM `tp_blog` [ RunTime:0.0007s ]
SQL: SELECT * FROM `tp_blog` WHERE `cid` = 15  [ RunTime:0.0004s ]
INFO: [ view_parse ] --START--
INFO: [ template_filter ] --START--
INFO: Run Behavior\ContentReplaceBehavior [ RunTime:0.000078s ]
INFO: [ template_filter ] --END-- [ RunTime:0.000186s ]
INFO: Run Behavior\ParseTemplateBehavior [ RunTime:0.016706s ]
INFO: [ view_parse ] --END-- [ RunTime:0.016863s ]
INFO: [ view_filter ] --START--
INFO: Run Behavior\WriteHtmlCacheBehavior [ RunTime:0.000488s ]
INFO: [ view_filter ] --END-- [ RunTime:0.000682s ]
INFO: [ app_end ] --START--
INFO: Run Behavior\ShowPageTraceBehavior [ RunTime:0.000759s ]
INFO: [ app_end ] --END-- [ RunTime:0.000856s ]

[ 2017-12-11T23:25:06+08:00 ] ::1 /web/marx/index.php/Home/Show/index/id/129.html
INFO: [ app_init ] --START--
INFO: Run Behavior\BuildLiteBehavior [ RunTime:0.000022s ]
INFO: [ app_init ] --END-- [ RunTime:0.000393s ]
INFO: [ app_begin ] --START--
INFO: Run Behavior\ReadHtmlCacheBehavior [ RunTime:0.000534s ]
INFO: [ app_begin ] --END-- [ RunTime:0.000634s ]
NOTIC: [8] Use of undefined constant blog - assumed 'blog' D:\wamp64\www\web\marx\Application\Home\Controller\ShowController.class.php 第 13 行.
SQL: SHOW COLUMNS FROM `tp_blog` [ RunTime:0.0009s ]
SQL: SELECT * FROM `tp_blog` WHERE `id` = 129  [ RunTime:0.0003s ]
INFO: [ view_parse ] --START--
INFO: [ template_filter ] --START--
INFO: Run Behavior\ContentReplaceBehavior [ RunTime:0.000076s ]
INFO: [ template_filter ] --END-- [ RunTime:0.000185s ]
INFO: Run Behavior\ParseTemplateBehavior [ RunTime:0.014513s ]
INFO: [ view_parse ] --END-- [ RunTime:0.014723s ]
INFO: [ view_filter ] --START--
INFO: Run Behavior\WriteHtmlCacheBehavior [ RunTime:0.000533s ]
INFO: [ view_filter ] --END-- [ RunTime:0.000673s ]
INFO: [ app_end ] --START--
INFO: Run Behavior\ShowPageTraceBehavior [ RunTime:0.000814s ]
INFO: [ app_end ] --END-- [ RunTime:0.000996s ]

