[ 2017-12-27T21:37:08+08:00 ] ::1 /web/marx/
INFO: [ app_init ] --START--
INFO: Run Behavior\BuildLiteBehavior [ RunTime:0.000025s ]
INFO: [ app_init ] --END-- [ RunTime:0.028204s ]
INFO: [ app_begin ] --START--
INFO: Run Behavior\ReadHtmlCacheBehavior [ RunTime:0.036674s ]
INFO: [ app_begin ] --END-- [ RunTime:0.036819s ]
NOTIC: [8] Use of undefined constant Blog - assumed 'Blog' D:\wamp64\www\web\marx\Application\Home\Controller\IndexController.class.php 第 7 行.
SQL: SHOW COLUMNS FROM `tp_blog` [ RunTime:0.0155s ]
SQL: SELECT `title`,`id` FROM `tp_blog` WHERE `cid` = 1 ORDER BY time desc LIMIT 8   [ RunTime:0.0150s ]
SQL: SELECT `title`,`id` FROM `tp_blog` WHERE `cid` = 2 ORDER BY time desc LIMIT 8   [ RunTime:0.0152s ]
INFO: [ view_parse ] --START--
INFO: [ template_filter ] --START--
INFO: Run Behavior\ContentReplaceBehavior [ RunTime:0.000117s ]
INFO: [ template_filter ] --END-- [ RunTime:0.000230s ]
INFO: Run Behavior\ParseTemplateBehavior [ RunTime:0.292953s ]
INFO: [ view_parse ] --END-- [ RunTime:0.293075s ]
INFO: [ view_filter ] --START--
INFO: Run Behavior\WriteHtmlCacheBehavior [ RunTime:0.030245s ]
INFO: [ view_filter ] --END-- [ RunTime:0.030354s ]
INFO: [ app_end ] --START--
INFO: Run Behavior\ShowPageTraceBehavior [ RunTime:0.020997s ]
INFO: [ app_end ] --END-- [ RunTime:0.021347s ]

[ 2017-12-27T21:37:12+08:00 ] ::1 /web/marx/index.php/Home/Lists/index/cid/5.html
INFO: [ app_init ] --START--
INFO: Run Behavior\BuildLiteBehavior [ RunTime:0.000022s ]
INFO: [ app_init ] --END-- [ RunTime:0.000413s ]
INFO: [ app_begin ] --START--
INFO: Run Behavior\ReadHtmlCacheBehavior [ RunTime:0.000513s ]
INFO: [ app_begin ] --END-- [ RunTime:0.000619s ]
NOTIC: [8] Use of undefined constant blog - assumed 'blog' D:\wamp64\www\web\marx\Application\Home\Controller\ListsController.class.php 第 13 行.
SQL: SHOW COLUMNS FROM `tp_blog` [ RunTime:0.0240s ]
SQL: SELECT * FROM `tp_blog` WHERE `cid` = 5 ORDER BY id desc  [ RunTime:0.0759s ]
NOTIC: [8] Use of undefined constant cate - assumed 'cate' D:\wamp64\www\web\marx\Application\Home\Controller\ListsController.class.php 第 14 行.
SQL: SHOW COLUMNS FROM `tp_cate` [ RunTime:0.0233s ]
SQL: SELECT * FROM `tp_cate` WHERE `id` = 5  [ RunTime:0.0232s ]
INFO: [ view_parse ] --START--
INFO: [ template_filter ] --START--
INFO: Run Behavior\ContentReplaceBehavior [ RunTime:0.000087s ]
INFO: [ template_filter ] --END-- [ RunTime:0.000193s ]
INFO: Run Behavior\ParseTemplateBehavior [ RunTime:0.080665s ]
INFO: [ view_parse ] --END-- [ RunTime:0.080785s ]
INFO: [ view_filter ] --START--
INFO: Run Behavior\WriteHtmlCacheBehavior [ RunTime:0.000440s ]
INFO: [ view_filter ] --END-- [ RunTime:0.000528s ]
NOTIC: [8] Use of undefined constant cate - assumed 'cate' D:\wamp64\www\web\marx\Application\Home\Controller\ListsController.class.php 第 24 行.
SQL: SELECT * FROM `tp_cate` WHERE `id` = 5  [ RunTime:0.0230s ]
NOTIC: [8] Use of undefined constant cate - assumed 'cate' D:\wamp64\www\web\marx\Application\Home\Controller\ListsController.class.php 第 27 行.
SQL: SELECT * FROM `tp_cate` WHERE `pid` = 29 ORDER BY id desc  [ RunTime:0.0233s ]
INFO: [ view_parse ] --START--
INFO: [ template_filter ] --START--
INFO: Run Behavior\ContentReplaceBehavior [ RunTime:0.000063s ]
INFO: [ template_filter ] --END-- [ RunTime:-0.097911s ]
INFO: Run Behavior\ParseTemplateBehavior [ RunTime:0.025568s ]
INFO: [ view_parse ] --END-- [ RunTime:-0.049133s ]
INFO: [ view_filter ] --START--
INFO: Run Behavior\WriteHtmlCacheBehavior [ RunTime:0.000026s ]
INFO: [ view_filter ] --END-- [ RunTime:-0.074296s ]
NOTIC: [2] Cannot modify header information - headers already sent by (output started at D:\wamp64\www\web\marx\ThinkPHP\Library\Think\View.class.php:95) D:\wamp64\www\web\marx\ThinkPHP\Library\Think\View.class.php 第 91 行.
NOTIC: [2] Cannot modify header information - headers already sent by (output started at D:\wamp64\www\web\marx\ThinkPHP\Library\Think\View.class.php:95) D:\wamp64\www\web\marx\ThinkPHP\Library\Think\View.class.php 第 92 行.
NOTIC: [2] Cannot modify header information - headers already sent by (output started at D:\wamp64\www\web\marx\ThinkPHP\Library\Think\View.class.php:95) D:\wamp64\www\web\marx\ThinkPHP\Library\Think\View.class.php 第 93 行.
INFO: [ app_end ] --START--
INFO: Run Behavior\ShowPageTraceBehavior [ RunTime:0.000608s ]
INFO: [ app_end ] --END-- [ RunTime:0.000708s ]

[ 2017-12-27T21:37:40+08:00 ] ::1 /web/marx/index.php/Home/Show/index/id/291.html
INFO: [ app_init ] --START--
INFO: Run Behavior\BuildLiteBehavior [ RunTime:0.000023s ]
INFO: [ app_init ] --END-- [ RunTime:0.000629s ]
INFO: [ app_begin ] --START--
INFO: Run Behavior\ReadHtmlCacheBehavior [ RunTime:0.000527s ]
INFO: [ app_begin ] --END-- [ RunTime:0.000632s ]
NOTIC: [8] Use of undefined constant blog - assumed 'blog' D:\wamp64\www\web\marx\Application\Home\Controller\ShowController.class.php 第 13 行.
SQL: SHOW COLUMNS FROM `tp_blog` [ RunTime:0.0329s ]
SQL: SELECT * FROM `tp_blog` WHERE `id` = 291  [ RunTime:0.0326s ]
INFO: [ view_parse ] --START--
INFO: [ template_filter ] --START--
INFO: Run Behavior\ContentReplaceBehavior [ RunTime:0.000087s ]
INFO: [ template_filter ] --END-- [ RunTime:0.000222s ]
INFO: Run Behavior\ParseTemplateBehavior [ RunTime:0.050248s ]
INFO: [ view_parse ] --END-- [ RunTime:0.050379s ]
INFO: [ view_filter ] --START--
INFO: Run Behavior\WriteHtmlCacheBehavior [ RunTime:0.000282s ]
INFO: [ view_filter ] --END-- [ RunTime:0.000378s ]
NOTIC: [8] Use of undefined constant cate - assumed 'cate' D:\wamp64\www\web\marx\Application\Home\Controller\ShowController.class.php 第 31 行.
SQL: SHOW COLUMNS FROM `tp_cate` [ RunTime:0.0328s ]
SQL: SELECT * FROM `tp_cate` WHERE `id` = 5  [ RunTime:0.0320s ]
NOTIC: [8] Use of undefined constant cate - assumed 'cate' D:\wamp64\www\web\marx\Application\Home\Controller\ShowController.class.php 第 34 行.
SQL: SELECT * FROM `tp_cate` WHERE `pid` = 29 ORDER BY id desc  [ RunTime:0.0322s ]
INFO: [ view_parse ] --START--
INFO: [ template_filter ] --START--
INFO: Run Behavior\ContentReplaceBehavior [ RunTime:0.000091s ]
INFO: [ template_filter ] --END-- [ RunTime:-0.138579s ]
INFO: Run Behavior\ParseTemplateBehavior [ RunTime:0.006318s ]
INFO: [ view_parse ] --END-- [ RunTime:-0.099109s ]
INFO: [ view_filter ] --START--
INFO: Run Behavior\WriteHtmlCacheBehavior [ RunTime:0.000026s ]
INFO: [ view_filter ] --END-- [ RunTime:-0.105159s ]
NOTIC: [2] Cannot modify header information - headers already sent by (output started at D:\wamp64\www\web\marx\ThinkPHP\Library\Think\View.class.php:95) D:\wamp64\www\web\marx\ThinkPHP\Library\Think\View.class.php 第 91 行.
NOTIC: [2] Cannot modify header information - headers already sent by (output started at D:\wamp64\www\web\marx\ThinkPHP\Library\Think\View.class.php:95) D:\wamp64\www\web\marx\ThinkPHP\Library\Think\View.class.php 第 92 行.
NOTIC: [2] Cannot modify header information - headers already sent by (output started at D:\wamp64\www\web\marx\ThinkPHP\Library\Think\View.class.php:95) D:\wamp64\www\web\marx\ThinkPHP\Library\Think\View.class.php 第 93 行.
INFO: [ app_end ] --START--
INFO: Run Behavior\ShowPageTraceBehavior [ RunTime:0.000594s ]
INFO: [ app_end ] --END-- [ RunTime:0.000710s ]

[ 2017-12-27T21:41:33+08:00 ] ::1 /web/marx/index.php/Home/Lists/index/cid/5.html
INFO: [ app_init ] --START--
INFO: Run Behavior\BuildLiteBehavior [ RunTime:0.000037s ]
INFO: [ app_init ] --END-- [ RunTime:0.000420s ]
INFO: [ app_begin ] --START--
INFO: Run Behavior\ReadHtmlCacheBehavior [ RunTime:0.000747s ]
INFO: [ app_begin ] --END-- [ RunTime:0.000957s ]
NOTIC: [8] Use of undefined constant blog - assumed 'blog' D:\wamp64\www\web\marx\Application\Home\Controller\ListsController.class.php 第 13 行.
SQL: SHOW COLUMNS FROM `tp_blog` [ RunTime:0.0159s ]
SQL: SELECT * FROM `tp_blog` WHERE `cid` = 5 ORDER BY id desc  [ RunTime:0.0506s ]
NOTIC: [8] Use of undefined constant cate - assumed 'cate' D:\wamp64\www\web\marx\Application\Home\Controller\ListsController.class.php 第 14 行.
SQL: SHOW COLUMNS FROM `tp_cate` [ RunTime:0.0159s ]
SQL: SELECT * FROM `tp_cate` WHERE `id` = 5  [ RunTime:0.0154s ]
INFO: [ view_parse ] --START--
INFO: [ template_filter ] --START--
INFO: Run Behavior\ContentReplaceBehavior [ RunTime:0.000138s ]
INFO: [ template_filter ] --END-- [ RunTime:0.000264s ]
INFO: Run Behavior\ParseTemplateBehavior [ RunTime:0.038959s ]
INFO: [ view_parse ] --END-- [ RunTime:0.039098s ]
INFO: [ view_filter ] --START--
INFO: Run Behavior\WriteHtmlCacheBehavior [ RunTime:0.000421s ]
INFO: [ view_filter ] --END-- [ RunTime:0.000518s ]
NOTIC: [8] Use of undefined constant cate - assumed 'cate' D:\wamp64\www\web\marx\Application\Home\Controller\ListsController.class.php 第 24 行.
SQL: SELECT * FROM `tp_cate` WHERE `id` = 5  [ RunTime:0.0150s ]
NOTIC: [8] Use of undefined constant cate - assumed 'cate' D:\wamp64\www\web\marx\Application\Home\Controller\ListsController.class.php 第 27 行.
SQL: SELECT * FROM `tp_cate` WHERE `pid` = 29 ORDER BY id desc  [ RunTime:0.0152s ]
INFO: [ view_parse ] --START--
INFO: [ template_filter ] --START--
INFO: Run Behavior\ContentReplaceBehavior [ RunTime:0.000073s ]
INFO: [ template_filter ] --END-- [ RunTime:-0.064223s ]
INFO: Run Behavior\ParseTemplateBehavior [ RunTime:0.009522s ]
INFO: [ view_parse ] --END-- [ RunTime:-0.032476s ]
INFO: [ view_filter ] --START--
INFO: Run Behavior\WriteHtmlCacheBehavior [ RunTime:0.000041s ]
INFO: [ view_filter ] --END-- [ RunTime:-0.041598s ]
NOTIC: [2] Cannot modify header information - headers already sent by (output started at D:\wamp64\www\web\marx\ThinkPHP\Library\Think\View.class.php:95) D:\wamp64\www\web\marx\ThinkPHP\Library\Think\View.class.php 第 91 行.
NOTIC: [2] Cannot modify header information - headers already sent by (output started at D:\wamp64\www\web\marx\ThinkPHP\Library\Think\View.class.php:95) D:\wamp64\www\web\marx\ThinkPHP\Library\Think\View.class.php 第 92 行.
NOTIC: [2] Cannot modify header information - headers already sent by (output started at D:\wamp64\www\web\marx\ThinkPHP\Library\Think\View.class.php:95) D:\wamp64\www\web\marx\ThinkPHP\Library\Think\View.class.php 第 93 行.
INFO: [ app_end ] --START--
INFO: Run Behavior\ShowPageTraceBehavior [ RunTime:0.000878s ]
INFO: [ app_end ] --END-- [ RunTime:0.001019s ]

[ 2017-12-27T21:41:58+08:00 ] ::1 /web/marx/index.php/Home/Lists/index/cid/5.html
INFO: [ app_init ] --START--
INFO: Run Behavior\BuildLiteBehavior [ RunTime:0.000038s ]
INFO: [ app_init ] --END-- [ RunTime:0.000569s ]
INFO: [ app_begin ] --START--
INFO: Run Behavior\ReadHtmlCacheBehavior [ RunTime:0.000576s ]
INFO: [ app_begin ] --END-- [ RunTime:0.000684s ]
NOTIC: [8] Use of undefined constant blog - assumed 'blog' D:\wamp64\www\web\marx\Application\Home\Controller\ListsController.class.php 第 13 行.
SQL: SHOW COLUMNS FROM `tp_blog` [ RunTime:0.0330s ]
SQL: SELECT * FROM `tp_blog` WHERE `cid` = 5 ORDER BY id desc  [ RunTime:0.1018s ]
NOTIC: [8] Use of undefined constant cate - assumed 'cate' D:\wamp64\www\web\marx\Application\Home\Controller\ListsController.class.php 第 14 行.
SQL: SHOW COLUMNS FROM `tp_cate` [ RunTime:0.0324s ]
SQL: SELECT * FROM `tp_cate` WHERE `id` = 5  [ RunTime:0.0321s ]
INFO: [ view_parse ] --START--
INFO: [ template_filter ] --START--
INFO: Run Behavior\ContentReplaceBehavior [ RunTime:0.000160s ]
INFO: [ template_filter ] --END-- [ RunTime:0.000324s ]
INFO: Run Behavior\ParseTemplateBehavior [ RunTime:0.034158s ]
INFO: [ view_parse ] --END-- [ RunTime:0.034328s ]
INFO: [ view_filter ] --START--
INFO: Run Behavior\WriteHtmlCacheBehavior [ RunTime:0.000315s ]
INFO: [ view_filter ] --END-- [ RunTime:0.000409s ]
NOTIC: [8] Use of undefined constant cate - assumed 'cate' D:\wamp64\www\web\marx\Application\Home\Controller\ListsController.class.php 第 24 行.
SQL: SELECT * FROM `tp_cate` WHERE `id` = 5  [ RunTime:0.0319s ]
NOTIC: [8] Use of undefined constant cate - assumed 'cate' D:\wamp64\www\web\marx\Application\Home\Controller\ListsController.class.php 第 27 行.
SQL: SELECT * FROM `tp_cate` WHERE `pid` = 29 ORDER BY id desc  [ RunTime:0.0323s ]
INFO: [ view_parse ] --START--
INFO: [ template_filter ] --START--
INFO: Run Behavior\ContentReplaceBehavior [ RunTime:0.000071s ]
INFO: [ template_filter ] --END-- [ RunTime:-0.094578s ]
INFO: Run Behavior\ParseTemplateBehavior [ RunTime:0.006890s ]
INFO: [ view_parse ] --END-- [ RunTime:-0.066264s ]
INFO: [ view_filter ] --START--
INFO: Run Behavior\WriteHtmlCacheBehavior [ RunTime:0.000029s ]
INFO: [ view_filter ] --END-- [ RunTime:-0.072863s ]
NOTIC: [2] Cannot modify header information - headers already sent by (output started at D:\wamp64\www\web\marx\ThinkPHP\Library\Think\View.class.php:95) D:\wamp64\www\web\marx\ThinkPHP\Library\Think\View.class.php 第 91 行.
NOTIC: [2] Cannot modify header information - headers already sent by (output started at D:\wamp64\www\web\marx\ThinkPHP\Library\Think\View.class.php:95) D:\wamp64\www\web\marx\ThinkPHP\Library\Think\View.class.php 第 92 行.
NOTIC: [2] Cannot modify header information - headers already sent by (output started at D:\wamp64\www\web\marx\ThinkPHP\Library\Think\View.class.php:95) D:\wamp64\www\web\marx\ThinkPHP\Library\Think\View.class.php 第 93 行.
INFO: [ app_end ] --START--
INFO: Run Behavior\ShowPageTraceBehavior [ RunTime:0.000684s ]
INFO: [ app_end ] --END-- [ RunTime:0.000816s ]

