[ 2018-03-06T16:11:52+08:00 ] ::1 /web/marx/
INFO: [ app_init ] --START--
INFO: Run Behavior\BuildLiteBehavior [ RunTime:0.000028s ]
INFO: [ app_init ] --END-- [ RunTime:0.010687s ]
INFO: [ app_begin ] --START--
INFO: Run Behavior\ReadHtmlCacheBehavior [ RunTime:0.010749s ]
INFO: [ app_begin ] --END-- [ RunTime:0.010853s ]
NOTIC: [8] Use of undefined constant Blog - assumed 'Blog' D:\wamp64\www\web\marx\Application\Home\Controller\IndexController.class.php 第 7 行.
SQL: SHOW COLUMNS FROM `tp_blog` [ RunTime:0.0092s ]
SQL: SELECT `title`,`id` FROM `tp_blog` WHERE `cid` = 1 ORDER BY time desc LIMIT 8   [ RunTime:0.0018s ]
SQL: SELECT `title`,`id` FROM `tp_blog` WHERE `cid` = 2 ORDER BY time desc LIMIT 6   [ RunTime:0.0006s ]
INFO: [ view_parse ] --START--
INFO: [ template_filter ] --START--
INFO: Run Behavior\ContentReplaceBehavior [ RunTime:0.009270s ]
INFO: [ template_filter ] --END-- [ RunTime:0.009398s ]
INFO: Run Behavior\ParseTemplateBehavior [ RunTime:0.141437s ]
INFO: [ view_parse ] --END-- [ RunTime:0.141596s ]
INFO: [ view_filter ] --START--
INFO: Run Behavior\WriteHtmlCacheBehavior [ RunTime:0.018410s ]
INFO: [ view_filter ] --END-- [ RunTime:0.018483s ]
INFO: [ app_end ] --START--
INFO: Run Behavior\ShowPageTraceBehavior [ RunTime:0.007233s ]
INFO: [ app_end ] --END-- [ RunTime:0.007328s ]

[ 2018-03-06T16:11:58+08:00 ] ::1 /web/marx/index.php?s=/Home/Show/index/id/402.html
INFO: [ app_init ] --START--
INFO: Run Behavior\BuildLiteBehavior [ RunTime:0.000021s ]
INFO: [ app_init ] --END-- [ RunTime:0.000440s ]
INFO: [ app_begin ] --START--
INFO: Run Behavior\ReadHtmlCacheBehavior [ RunTime:0.000708s ]
INFO: [ app_begin ] --END-- [ RunTime:0.000785s ]
NOTIC: [8] Use of undefined constant blog - assumed 'blog' D:\wamp64\www\web\marx\Application\Home\Controller\ShowController.class.php 第 13 行.
SQL: SHOW COLUMNS FROM `tp_blog` [ RunTime:0.0048s ]
SQL: SELECT * FROM `tp_blog` WHERE `id` = 402  [ RunTime:0.0012s ]
NOTIC: [8] Use of undefined constant blog - assumed 'blog' D:\wamp64\www\web\marx\Application\Home\Controller\ShowController.class.php 第 18 行.
SQL: UPDATE `tp_blog` SET `click`='173' WHERE ( id=402 ) [ RunTime:0.0007s ]
INFO: [ view_parse ] --START--
INFO: [ template_filter ] --START--
INFO: Run Behavior\ContentReplaceBehavior [ RunTime:0.000073s ]
INFO: [ template_filter ] --END-- [ RunTime:0.000150s ]
INFO: Run Behavior\ParseTemplateBehavior [ RunTime:0.023173s ]
INFO: [ view_parse ] --END-- [ RunTime:0.023260s ]
INFO: [ view_filter ] --START--
INFO: Run Behavior\WriteHtmlCacheBehavior [ RunTime:0.000615s ]
INFO: [ view_filter ] --END-- [ RunTime:0.000694s ]
NOTIC: [8] Use of undefined constant cate - assumed 'cate' D:\wamp64\www\web\marx\Application\Home\Controller\ShowController.class.php 第 35 行.
SQL: SHOW COLUMNS FROM `tp_cate` [ RunTime:0.0045s ]
SQL: SELECT * FROM `tp_cate` WHERE `id` = 1  [ RunTime:0.0015s ]
NOTIC: [8] Use of undefined constant cate - assumed 'cate' D:\wamp64\www\web\marx\Application\Home\Controller\ShowController.class.php 第 38 行.
SQL: SELECT * FROM `tp_cate` WHERE `pid` = 28 ORDER BY id desc  [ RunTime:0.0005s ]
INFO: [ view_parse ] --START--
INFO: [ template_filter ] --START--
INFO: Run Behavior\ContentReplaceBehavior [ RunTime:0.000034s ]
INFO: [ template_filter ] --END-- [ RunTime:-0.015283s ]
INFO: Run Behavior\ParseTemplateBehavior [ RunTime:0.003564s ]
INFO: [ view_parse ] --END-- [ RunTime:-0.009093s ]
INFO: [ view_filter ] --START--
INFO: Run Behavior\WriteHtmlCacheBehavior [ RunTime:0.000018s ]
INFO: [ view_filter ] --END-- [ RunTime:-0.012081s ]
NOTIC: [2] Cannot modify header information - headers already sent by (output started at D:\wamp64\www\web\marx\ThinkPHP\Library\Think\View.class.php:95) D:\wamp64\www\web\marx\ThinkPHP\Library\Think\View.class.php 第 91 行.
NOTIC: [2] Cannot modify header information - headers already sent by (output started at D:\wamp64\www\web\marx\ThinkPHP\Library\Think\View.class.php:95) D:\wamp64\www\web\marx\ThinkPHP\Library\Think\View.class.php 第 92 行.
NOTIC: [2] Cannot modify header information - headers already sent by (output started at D:\wamp64\www\web\marx\ThinkPHP\Library\Think\View.class.php:95) D:\wamp64\www\web\marx\ThinkPHP\Library\Think\View.class.php 第 93 行.
INFO: [ app_end ] --START--
INFO: Run Behavior\ShowPageTraceBehavior [ RunTime:0.001005s ]
INFO: [ app_end ] --END-- [ RunTime:0.001079s ]

[ 2018-03-06T16:12:09+08:00 ] ::1 /web/marx/index.php?s=/Home/Show/showdet/cid/3.html
INFO: [ app_init ] --START--
INFO: Run Behavior\BuildLiteBehavior [ RunTime:0.000017s ]
INFO: [ app_init ] --END-- [ RunTime:0.000524s ]
INFO: [ app_begin ] --START--
INFO: Run Behavior\ReadHtmlCacheBehavior [ RunTime:0.000454s ]
INFO: [ app_begin ] --END-- [ RunTime:0.000528s ]
NOTIC: [8] Use of undefined constant blog - assumed 'blog' D:\wamp64\www\web\marx\Application\Home\Controller\ShowController.class.php 第 26 行.
SQL: SHOW COLUMNS FROM `tp_blog` [ RunTime:0.0047s ]
SQL: SELECT * FROM `tp_blog` WHERE `cid` = 3  [ RunTime:0.0013s ]
INFO: [ view_parse ] --START--
INFO: [ template_filter ] --START--
INFO: Run Behavior\ContentReplaceBehavior [ RunTime:0.000079s ]
INFO: [ template_filter ] --END-- [ RunTime:0.000156s ]
INFO: Run Behavior\ParseTemplateBehavior [ RunTime:0.011644s ]
INFO: [ view_parse ] --END-- [ RunTime:0.011719s ]
INFO: [ view_filter ] --START--
INFO: Run Behavior\WriteHtmlCacheBehavior [ RunTime:0.000615s ]
INFO: [ view_filter ] --END-- [ RunTime:0.000678s ]
NOTIC: [8] Use of undefined constant cate - assumed 'cate' D:\wamp64\www\web\marx\Application\Home\Controller\ShowController.class.php 第 35 行.
SQL: SHOW COLUMNS FROM `tp_cate` [ RunTime:0.0047s ]
SQL: SELECT * FROM `tp_cate` WHERE `id` = 3  [ RunTime:0.0014s ]
NOTIC: [8] Use of undefined constant cate - assumed 'cate' D:\wamp64\www\web\marx\Application\Home\Controller\ShowController.class.php 第 38 行.
SQL: SELECT * FROM `tp_cate` WHERE `pid` = 29 ORDER BY id desc  [ RunTime:0.0010s ]
INFO: [ view_parse ] --START--
INFO: [ template_filter ] --START--
INFO: Run Behavior\ContentReplaceBehavior [ RunTime:0.000032s ]
INFO: [ template_filter ] --END-- [ RunTime:-0.015817s ]
INFO: Run Behavior\ParseTemplateBehavior [ RunTime:0.003464s ]
INFO: [ view_parse ] --END-- [ RunTime:-0.009379s ]
INFO: [ view_filter ] --START--
INFO: Run Behavior\WriteHtmlCacheBehavior [ RunTime:0.000021s ]
INFO: [ view_filter ] --END-- [ RunTime:-0.012260s ]
NOTIC: [2] Cannot modify header information - headers already sent by (output started at D:\wamp64\www\web\marx\ThinkPHP\Library\Think\View.class.php:95) D:\wamp64\www\web\marx\ThinkPHP\Library\Think\View.class.php 第 91 行.
NOTIC: [2] Cannot modify header information - headers already sent by (output started at D:\wamp64\www\web\marx\ThinkPHP\Library\Think\View.class.php:95) D:\wamp64\www\web\marx\ThinkPHP\Library\Think\View.class.php 第 92 行.
NOTIC: [2] Cannot modify header information - headers already sent by (output started at D:\wamp64\www\web\marx\ThinkPHP\Library\Think\View.class.php:95) D:\wamp64\www\web\marx\ThinkPHP\Library\Think\View.class.php 第 93 行.
INFO: [ app_end ] --START--
INFO: Run Behavior\ShowPageTraceBehavior [ RunTime:0.001426s ]
INFO: [ app_end ] --END-- [ RunTime:0.001531s ]

[ 2018-03-06T16:12:14+08:00 ] ::1 /web/marx/index.php?s=/Home/Lists/index/cid/15.html
INFO: [ app_init ] --START--
INFO: Run Behavior\BuildLiteBehavior [ RunTime:0.000017s ]
INFO: [ app_init ] --END-- [ RunTime:0.000470s ]
INFO: [ app_begin ] --START--
INFO: Run Behavior\ReadHtmlCacheBehavior [ RunTime:0.000478s ]
INFO: [ app_begin ] --END-- [ RunTime:0.000540s ]
NOTIC: [8] Use of undefined constant blog - assumed 'blog' D:\wamp64\www\web\marx\Application\Home\Controller\ListsController.class.php 第 13 行.
SQL: SHOW COLUMNS FROM `tp_blog` [ RunTime:0.0046s ]
SQL: SELECT * FROM `tp_blog` WHERE `cid` = 15 ORDER BY id desc  [ RunTime:0.0012s ]
NOTIC: [8] Use of undefined constant cate - assumed 'cate' D:\wamp64\www\web\marx\Application\Home\Controller\ListsController.class.php 第 14 行.
SQL: SHOW COLUMNS FROM `tp_cate` [ RunTime:0.0045s ]
SQL: SELECT * FROM `tp_cate` WHERE `id` = 15  [ RunTime:0.0011s ]
INFO: [ view_parse ] --START--
INFO: [ template_filter ] --START--
INFO: Run Behavior\ContentReplaceBehavior [ RunTime:0.000123s ]
INFO: [ template_filter ] --END-- [ RunTime:0.000248s ]
INFO: Run Behavior\ParseTemplateBehavior [ RunTime:0.013409s ]
INFO: [ view_parse ] --END-- [ RunTime:0.013481s ]
INFO: [ view_filter ] --START--
INFO: Run Behavior\WriteHtmlCacheBehavior [ RunTime:0.000654s ]
INFO: [ view_filter ] --END-- [ RunTime:0.000718s ]
NOTIC: [8] Use of undefined constant cate - assumed 'cate' D:\wamp64\www\web\marx\Application\Home\Controller\ListsController.class.php 第 24 行.
SQL: SELECT * FROM `tp_cate` WHERE `id` = 15  [ RunTime:0.0010s ]
NOTIC: [8] Use of undefined constant cate - assumed 'cate' D:\wamp64\www\web\marx\Application\Home\Controller\ListsController.class.php 第 27 行.
SQL: SELECT * FROM `tp_cate` WHERE `pid` = 32 ORDER BY id desc  [ RunTime:0.0008s ]
INFO: [ view_parse ] --START--
INFO: [ template_filter ] --START--
INFO: Run Behavior\ContentReplaceBehavior [ RunTime:0.000039s ]
INFO: [ template_filter ] --END-- [ RunTime:-0.010363s ]
INFO: Run Behavior\ParseTemplateBehavior [ RunTime:0.003451s ]
INFO: [ view_parse ] --END-- [ RunTime:-0.003911s ]
INFO: [ view_filter ] --START--
INFO: Run Behavior\WriteHtmlCacheBehavior [ RunTime:0.000019s ]
INFO: [ view_filter ] --END-- [ RunTime:-0.006684s ]
NOTIC: [2] Cannot modify header information - headers already sent by (output started at D:\wamp64\www\web\marx\ThinkPHP\Library\Think\View.class.php:95) D:\wamp64\www\web\marx\ThinkPHP\Library\Think\View.class.php 第 91 行.
NOTIC: [2] Cannot modify header information - headers already sent by (output started at D:\wamp64\www\web\marx\ThinkPHP\Library\Think\View.class.php:95) D:\wamp64\www\web\marx\ThinkPHP\Library\Think\View.class.php 第 92 行.
NOTIC: [2] Cannot modify header information - headers already sent by (output started at D:\wamp64\www\web\marx\ThinkPHP\Library\Think\View.class.php:95) D:\wamp64\www\web\marx\ThinkPHP\Library\Think\View.class.php 第 93 行.
INFO: [ app_end ] --START--
INFO: Run Behavior\ShowPageTraceBehavior [ RunTime:0.001009s ]
INFO: [ app_end ] --END-- [ RunTime:0.001122s ]

[ 2018-03-06T16:12:17+08:00 ] ::1 /web/marx/index.php?s=/Home/Show/index/id/416.html
INFO: [ app_init ] --START--
INFO: Run Behavior\BuildLiteBehavior [ RunTime:0.000016s ]
INFO: [ app_init ] --END-- [ RunTime:0.000410s ]
INFO: [ app_begin ] --START--
INFO: Run Behavior\ReadHtmlCacheBehavior [ RunTime:0.000395s ]
INFO: [ app_begin ] --END-- [ RunTime:0.000458s ]
NOTIC: [8] Use of undefined constant blog - assumed 'blog' D:\wamp64\www\web\marx\Application\Home\Controller\ShowController.class.php 第 13 行.
SQL: SHOW COLUMNS FROM `tp_blog` [ RunTime:0.0049s ]
SQL: SELECT * FROM `tp_blog` WHERE `id` = 416  [ RunTime:0.0012s ]
NOTIC: [8] Use of undefined constant blog - assumed 'blog' D:\wamp64\www\web\marx\Application\Home\Controller\ShowController.class.php 第 18 行.
SQL: UPDATE `tp_blog` SET `click`='102' WHERE ( id=416 ) [ RunTime:0.0007s ]
INFO: [ view_parse ] --START--
INFO: [ template_filter ] --START--
INFO: Run Behavior\ContentReplaceBehavior [ RunTime:0.000193s ]
INFO: [ template_filter ] --END-- [ RunTime:0.000294s ]
INFO: Run Behavior\ParseTemplateBehavior [ RunTime:0.011783s ]
INFO: [ view_parse ] --END-- [ RunTime:0.011855s ]
INFO: [ view_filter ] --START--
INFO: Run Behavior\WriteHtmlCacheBehavior [ RunTime:0.000621s ]
INFO: [ view_filter ] --END-- [ RunTime:0.000685s ]
NOTIC: [8] Use of undefined constant cate - assumed 'cate' D:\wamp64\www\web\marx\Application\Home\Controller\ShowController.class.php 第 35 行.
SQL: SHOW COLUMNS FROM `tp_cate` [ RunTime:0.0045s ]
SQL: SELECT * FROM `tp_cate` WHERE `id` = 15  [ RunTime:0.0012s ]
NOTIC: [8] Use of undefined constant cate - assumed 'cate' D:\wamp64\www\web\marx\Application\Home\Controller\ShowController.class.php 第 38 行.
SQL: SELECT * FROM `tp_cate` WHERE `pid` = 32 ORDER BY id desc  [ RunTime:0.0009s ]
INFO: [ view_parse ] --START--
INFO: [ template_filter ] --START--
INFO: Run Behavior\ContentReplaceBehavior [ RunTime:0.000036s ]
INFO: [ template_filter ] --END-- [ RunTime:-0.015494s ]
INFO: Run Behavior\ParseTemplateBehavior [ RunTime:0.003929s ]
INFO: [ view_parse ] --END-- [ RunTime:-0.008904s ]
INFO: [ view_filter ] --START--
INFO: Run Behavior\WriteHtmlCacheBehavior [ RunTime:0.000021s ]
INFO: [ view_filter ] --END-- [ RunTime:-0.012310s ]
NOTIC: [2] Cannot modify header information - headers already sent by (output started at D:\wamp64\www\web\marx\ThinkPHP\Library\Think\View.class.php:95) D:\wamp64\www\web\marx\ThinkPHP\Library\Think\View.class.php 第 91 行.
NOTIC: [2] Cannot modify header information - headers already sent by (output started at D:\wamp64\www\web\marx\ThinkPHP\Library\Think\View.class.php:95) D:\wamp64\www\web\marx\ThinkPHP\Library\Think\View.class.php 第 92 行.
NOTIC: [2] Cannot modify header information - headers already sent by (output started at D:\wamp64\www\web\marx\ThinkPHP\Library\Think\View.class.php:95) D:\wamp64\www\web\marx\ThinkPHP\Library\Think\View.class.php 第 93 行.
INFO: [ app_end ] --START--
INFO: Run Behavior\ShowPageTraceBehavior [ RunTime:0.000925s ]
INFO: [ app_end ] --END-- [ RunTime:0.000994s ]

[ 2018-03-06T16:12:38+08:00 ] ::1 /web/marx/index.php?s=/Home/Show/index/id/416.html
INFO: [ app_init ] --START--
INFO: Run Behavior\BuildLiteBehavior [ RunTime:0.000025s ]
INFO: [ app_init ] --END-- [ RunTime:0.000630s ]
INFO: [ app_begin ] --START--
INFO: Run Behavior\ReadHtmlCacheBehavior [ RunTime:0.000491s ]
INFO: [ app_begin ] --END-- [ RunTime:0.000580s ]
NOTIC: [8] Use of undefined constant blog - assumed 'blog' D:\wamp64\www\web\marx\Application\Home\Controller\ShowController.class.php 第 13 行.
SQL: SHOW COLUMNS FROM `tp_blog` [ RunTime:0.0053s ]
SQL: SELECT * FROM `tp_blog` WHERE `id` = 416  [ RunTime:0.0016s ]
NOTIC: [8] Use of undefined constant blog - assumed 'blog' D:\wamp64\www\web\marx\Application\Home\Controller\ShowController.class.php 第 18 行.
SQL: UPDATE `tp_blog` SET `click`='103' WHERE ( id=416 ) [ RunTime:0.0005s ]
INFO: [ view_parse ] --START--
INFO: [ template_filter ] --START--
INFO: Run Behavior\ContentReplaceBehavior [ RunTime:0.000076s ]
INFO: [ template_filter ] --END-- [ RunTime:0.000148s ]
INFO: Run Behavior\ParseTemplateBehavior [ RunTime:0.011761s ]
INFO: [ view_parse ] --END-- [ RunTime:0.011884s ]
INFO: [ view_filter ] --START--
INFO: Run Behavior\WriteHtmlCacheBehavior [ RunTime:0.000653s ]
INFO: [ view_filter ] --END-- [ RunTime:0.000725s ]
NOTIC: [8] Use of undefined constant cate - assumed 'cate' D:\wamp64\www\web\marx\Application\Home\Controller\ShowController.class.php 第 35 行.
SQL: SHOW COLUMNS FROM `tp_cate` [ RunTime:0.0043s ]
SQL: SELECT * FROM `tp_cate` WHERE `id` = 15  [ RunTime:0.0015s ]
NOTIC: [8] Use of undefined constant cate - assumed 'cate' D:\wamp64\www\web\marx\Application\Home\Controller\ShowController.class.php 第 38 行.
SQL: SELECT * FROM `tp_cate` WHERE `pid` = 32 ORDER BY id desc  [ RunTime:0.0006s ]
INFO: [ view_parse ] --START--
INFO: [ template_filter ] --START--
INFO: Run Behavior\ContentReplaceBehavior [ RunTime:0.000042s ]
INFO: [ template_filter ] --END-- [ RunTime:-0.015084s ]
INFO: Run Behavior\ParseTemplateBehavior [ RunTime:0.014920s ]
INFO: [ view_parse ] --END-- [ RunTime:-0.008842s ]
INFO: [ view_filter ] --START--
INFO: Run Behavior\WriteHtmlCacheBehavior [ RunTime:0.000020s ]
INFO: [ view_filter ] --END-- [ RunTime:-0.023122s ]
NOTIC: [2] Cannot modify header information - headers already sent by (output started at D:\wamp64\www\web\marx\ThinkPHP\Library\Think\View.class.php:95) D:\wamp64\www\web\marx\ThinkPHP\Library\Think\View.class.php 第 91 行.
NOTIC: [2] Cannot modify header information - headers already sent by (output started at D:\wamp64\www\web\marx\ThinkPHP\Library\Think\View.class.php:95) D:\wamp64\www\web\marx\ThinkPHP\Library\Think\View.class.php 第 92 行.
NOTIC: [2] Cannot modify header information - headers already sent by (output started at D:\wamp64\www\web\marx\ThinkPHP\Library\Think\View.class.php:95) D:\wamp64\www\web\marx\ThinkPHP\Library\Think\View.class.php 第 93 行.
INFO: [ app_end ] --START--
INFO: Run Behavior\ShowPageTraceBehavior [ RunTime:0.000876s ]
INFO: [ app_end ] --END-- [ RunTime:0.000942s ]

[ 2018-03-06T16:12:53+08:00 ] ::1 /web/marx/index.php?s=/Home/Show/index/id/416.html
INFO: [ app_init ] --START--
INFO: Run Behavior\BuildLiteBehavior [ RunTime:0.000018s ]
INFO: [ app_init ] --END-- [ RunTime:0.000499s ]
INFO: [ app_begin ] --START--
INFO: Run Behavior\ReadHtmlCacheBehavior [ RunTime:0.000717s ]
INFO: [ app_begin ] --END-- [ RunTime:0.000779s ]
NOTIC: [8] Use of undefined constant blog - assumed 'blog' D:\wamp64\www\web\marx\Application\Home\Controller\ShowController.class.php 第 13 行.
ERR: SQLSTATE[HY000] [1045] Access denied for user 'root'@'localhost' (using password: YES)

[ 2018-03-06T16:13:07+08:00 ] ::1 /web/marx/index.php?s=/Home/Show/index/id/416.html
INFO: [ app_init ] --START--
INFO: Run Behavior\BuildLiteBehavior [ RunTime:0.000015s ]
INFO: [ app_init ] --END-- [ RunTime:0.000429s ]
INFO: [ app_begin ] --START--
INFO: Run Behavior\ReadHtmlCacheBehavior [ RunTime:0.000399s ]
INFO: [ app_begin ] --END-- [ RunTime:0.000469s ]
NOTIC: [8] Use of undefined constant blog - assumed 'blog' D:\wamp64\www\web\marx\Application\Home\Controller\ShowController.class.php 第 13 行.
SQL: SHOW COLUMNS FROM `tp_blog` [ RunTime:0.0051s ]
SQL: SELECT * FROM `tp_blog` WHERE `id` = 416  [ RunTime:0.0015s ]
NOTIC: [8] Use of undefined constant blog - assumed 'blog' D:\wamp64\www\web\marx\Application\Home\Controller\ShowController.class.php 第 18 行.
SQL: UPDATE `tp_blog` SET `click`='104' WHERE ( id=416 ) [ RunTime:0.0004s ]
INFO: [ view_parse ] --START--
INFO: [ template_filter ] --START--
INFO: Run Behavior\ContentReplaceBehavior [ RunTime:0.000073s ]
INFO: [ template_filter ] --END-- [ RunTime:0.000137s ]
INFO: Run Behavior\ParseTemplateBehavior [ RunTime:0.010979s ]
INFO: [ view_parse ] --END-- [ RunTime:0.011099s ]
INFO: [ view_filter ] --START--
INFO: Run Behavior\WriteHtmlCacheBehavior [ RunTime:0.001276s ]
INFO: [ view_filter ] --END-- [ RunTime:0.001368s ]
NOTIC: [8] Use of undefined constant cate - assumed 'cate' D:\wamp64\www\web\marx\Application\Home\Controller\ShowController.class.php 第 35 行.
SQL: SHOW COLUMNS FROM `tp_cate` [ RunTime:0.0048s ]
SQL: SELECT * FROM `tp_cate` WHERE `id` = 15  [ RunTime:0.0019s ]
NOTIC: [8] Use of undefined constant cate - assumed 'cate' D:\wamp64\www\web\marx\Application\Home\Controller\ShowController.class.php 第 38 行.
SQL: SELECT * FROM `tp_cate` WHERE `pid` = 32 ORDER BY id desc  [ RunTime:0.0005s ]
INFO: [ view_parse ] --START--
INFO: [ template_filter ] --START--
INFO: Run Behavior\ContentReplaceBehavior [ RunTime:0.000055s ]
INFO: [ template_filter ] --END-- [ RunTime:-0.016863s ]
INFO: Run Behavior\ParseTemplateBehavior [ RunTime:0.014620s ]
INFO: [ view_parse ] --END-- [ RunTime:-0.010274s ]
INFO: [ view_filter ] --START--
INFO: Run Behavior\WriteHtmlCacheBehavior [ RunTime:0.000107s ]
INFO: [ view_filter ] --END-- [ RunTime:-0.023570s ]
NOTIC: [2] Cannot modify header information - headers already sent by (output started at D:\wamp64\www\web\marx\ThinkPHP\Library\Think\View.class.php:95) D:\wamp64\www\web\marx\ThinkPHP\Library\Think\View.class.php 第 91 行.
NOTIC: [2] Cannot modify header information - headers already sent by (output started at D:\wamp64\www\web\marx\ThinkPHP\Library\Think\View.class.php:95) D:\wamp64\www\web\marx\ThinkPHP\Library\Think\View.class.php 第 92 行.
NOTIC: [2] Cannot modify header information - headers already sent by (output started at D:\wamp64\www\web\marx\ThinkPHP\Library\Think\View.class.php:95) D:\wamp64\www\web\marx\ThinkPHP\Library\Think\View.class.php 第 93 行.
INFO: [ app_end ] --START--
INFO: Run Behavior\ShowPageTraceBehavior [ RunTime:0.001353s ]
INFO: [ app_end ] --END-- [ RunTime:0.001438s ]

[ 2018-03-06T16:15:19+08:00 ] ::1 /web/marx/index.php?s=/Home/Show/index/id/416.html
INFO: [ app_init ] --START--
INFO: Run Behavior\BuildLiteBehavior [ RunTime:0.000017s ]
INFO: [ app_init ] --END-- [ RunTime:0.000560s ]
INFO: [ app_begin ] --START--
INFO: Run Behavior\ReadHtmlCacheBehavior [ RunTime:0.001738s ]
INFO: [ app_begin ] --END-- [ RunTime:0.001845s ]
NOTIC: [8] Use of undefined constant blog - assumed 'blog' D:\wamp64\www\web\marx\Application\Home\Controller\ShowController.class.php 第 13 行.
SQL: SHOW COLUMNS FROM `tp_blog` [ RunTime:0.0056s ]
SQL: SELECT * FROM `tp_blog` WHERE `id` = 416  [ RunTime:0.0015s ]
NOTIC: [8] Use of undefined constant blog - assumed 'blog' D:\wamp64\www\web\marx\Application\Home\Controller\ShowController.class.php 第 18 行.
SQL: UPDATE `tp_blog` SET `click`='105' WHERE ( id=416 ) [ RunTime:0.0006s ]
INFO: [ view_parse ] --START--
INFO: [ template_filter ] --START--
INFO: Run Behavior\ContentReplaceBehavior [ RunTime:0.000081s ]
INFO: [ template_filter ] --END-- [ RunTime:0.000178s ]
INFO: Run Behavior\ParseTemplateBehavior [ RunTime:0.014450s ]
INFO: [ view_parse ] --END-- [ RunTime:0.014536s ]
INFO: [ view_filter ] --START--
INFO: Run Behavior\WriteHtmlCacheBehavior [ RunTime:0.000698s ]
INFO: [ view_filter ] --END-- [ RunTime:0.000788s ]
NOTIC: [8] Use of undefined constant cate - assumed 'cate' D:\wamp64\www\web\marx\Application\Home\Controller\ShowController.class.php 第 35 行.
SQL: SHOW COLUMNS FROM `tp_cate` [ RunTime:0.0043s ]
SQL: SELECT * FROM `tp_cate` WHERE `id` = 15  [ RunTime:0.0015s ]
NOTIC: [8] Use of undefined constant cate - assumed 'cate' D:\wamp64\www\web\marx\Application\Home\Controller\ShowController.class.php 第 38 行.
SQL: SELECT * FROM `tp_cate` WHERE `pid` = 32 ORDER BY id desc  [ RunTime:0.0006s ]
INFO: [ view_parse ] --START--
INFO: [ template_filter ] --START--
INFO: Run Behavior\ContentReplaceBehavior [ RunTime:0.000036s ]
INFO: [ template_filter ] --END-- [ RunTime:-0.015392s ]
INFO: Run Behavior\ParseTemplateBehavior [ RunTime:0.004284s ]
INFO: [ view_parse ] --END-- [ RunTime:-0.009012s ]
INFO: [ view_filter ] --START--
INFO: Run Behavior\WriteHtmlCacheBehavior [ RunTime:0.000019s ]
INFO: [ view_filter ] --END-- [ RunTime:-0.012921s ]
NOTIC: [2] Cannot modify header information - headers already sent by (output started at D:\wamp64\www\web\marx\ThinkPHP\Library\Think\View.class.php:95) D:\wamp64\www\web\marx\ThinkPHP\Library\Think\View.class.php 第 91 行.
NOTIC: [2] Cannot modify header information - headers already sent by (output started at D:\wamp64\www\web\marx\ThinkPHP\Library\Think\View.class.php:95) D:\wamp64\www\web\marx\ThinkPHP\Library\Think\View.class.php 第 92 行.
NOTIC: [2] Cannot modify header information - headers already sent by (output started at D:\wamp64\www\web\marx\ThinkPHP\Library\Think\View.class.php:95) D:\wamp64\www\web\marx\ThinkPHP\Library\Think\View.class.php 第 93 行.
INFO: [ app_end ] --START--
INFO: Run Behavior\ShowPageTraceBehavior [ RunTime:0.000968s ]
INFO: [ app_end ] --END-- [ RunTime:0.001183s ]

