[ 2018-01-12T22:04:28+08:00 ] 127.0.0.1 /
INFO: [ app_init ] --START--
INFO: Run Behavior\BuildLiteBehavior [ RunTime:0.000017s ]
INFO: [ app_init ] --END-- [ RunTime:0.000539s ]
INFO: [ app_begin ] --START--
INFO: Run Behavior\ReadHtmlCacheBehavior [ RunTime:0.000709s ]
INFO: [ app_begin ] --END-- [ RunTime:0.000784s ]
NOTIC: [8] Use of undefined constant Blog - assumed 'Blog' /data/wwwroot/default/Application/Home/Controller/IndexController.class.php 第 7 行.
ERR: SQLSTATE[HY000] [2002] Connection refused

[ 2018-01-12T22:07:33+08:00 ] 127.0.0.1 /
INFO: [ app_init ] --START--
INFO: Run Behavior\BuildLiteBehavior [ RunTime:0.000015s ]
INFO: [ app_init ] --END-- [ RunTime:0.000117s ]
INFO: [ app_begin ] --START--
INFO: Run Behavior\ReadHtmlCacheBehavior [ RunTime:0.000062s ]
INFO: [ app_begin ] --END-- [ RunTime:0.000085s ]
NOTIC: [8] Use of undefined constant Blog - assumed 'Blog' /data/wwwroot/default/Application/Home/Controller/IndexController.class.php 第 7 行.
SQL: SHOW COLUMNS FROM `tp_blog` [ RunTime:0.0008s ]
SQL: SELECT `title`,`id` FROM `tp_blog` WHERE `cid` = 1 ORDER BY time desc LIMIT 8   [ RunTime:0.1081s ]
SQL: SELECT `title`,`id` FROM `tp_blog` WHERE `cid` = 2 ORDER BY time desc LIMIT 6   [ RunTime:0.0004s ]
INFO: [ view_parse ] --START--
NOTIC: [2] file_get_contents(./Application/Home/View/Index/..\head.html): failed to open stream: No such file or directory /data/wwwroot/default/ThinkPHP/Library/Think/Template.class.php 第 696 行.
INFO: [ template_filter ] --START--
INFO: Run Behavior\ContentReplaceBehavior [ RunTime:0.000090s ]
INFO: [ template_filter ] --END-- [ RunTime:0.000147s ]
INFO: Run Behavior\ParseTemplateBehavior [ RunTime:0.010475s ]
INFO: [ view_parse ] --END-- [ RunTime:0.010510s ]
INFO: [ view_filter ] --START--
INFO: Run Behavior\WriteHtmlCacheBehavior [ RunTime:0.000341s ]
INFO: [ view_filter ] --END-- [ RunTime:0.000376s ]
INFO: [ app_end ] --START--
INFO: Run Behavior\ShowPageTraceBehavior [ RunTime:0.000889s ]
INFO: [ app_end ] --END-- [ RunTime:0.000922s ]

[ 2018-01-12T22:12:13+08:00 ] 127.0.0.1 /
INFO: [ app_init ] --START--
INFO: Run Behavior\BuildLiteBehavior [ RunTime:0.000018s ]
INFO: [ app_init ] --END-- [ RunTime:0.000663s ]
INFO: [ app_begin ] --START--
INFO: Run Behavior\ReadHtmlCacheBehavior [ RunTime:0.000078s ]
INFO: [ app_begin ] --END-- [ RunTime:0.000105s ]
NOTIC: [8] Use of undefined constant Blog - assumed 'Blog' /data/wwwroot/default/Application/Home/Controller/IndexController.class.php 第 7 行.
SQL: SHOW COLUMNS FROM `tp_blog` [ RunTime:0.0015s ]
SQL: SELECT `title`,`id` FROM `tp_blog` WHERE `cid` = 1 ORDER BY time desc LIMIT 8   [ RunTime:0.0002s ]
SQL: SELECT `title`,`id` FROM `tp_blog` WHERE `cid` = 2 ORDER BY time desc LIMIT 6   [ RunTime:0.0001s ]
INFO: [ view_parse ] --START--
NOTIC: [2] file_get_contents(./Application/Home/View/Index/..\head.html): failed to open stream: No such file or directory /data/wwwroot/default/ThinkPHP/Library/Think/Template.class.php 第 696 行.
INFO: [ template_filter ] --START--
INFO: Run Behavior\ContentReplaceBehavior [ RunTime:0.000053s ]
INFO: [ template_filter ] --END-- [ RunTime:0.000095s ]
INFO: Run Behavior\ParseTemplateBehavior [ RunTime:0.005031s ]
INFO: [ view_parse ] --END-- [ RunTime:0.005072s ]
INFO: [ view_filter ] --START--
INFO: Run Behavior\WriteHtmlCacheBehavior [ RunTime:0.000089s ]
INFO: [ view_filter ] --END-- [ RunTime:0.000138s ]
INFO: [ app_end ] --START--
INFO: Run Behavior\ShowPageTraceBehavior [ RunTime:0.000070s ]
INFO: [ app_end ] --END-- [ RunTime:0.000093s ]

[ 2018-01-12T22:12:15+08:00 ] 127.0.0.1 /
INFO: [ app_init ] --START--
INFO: Run Behavior\BuildLiteBehavior [ RunTime:0.000016s ]
INFO: [ app_init ] --END-- [ RunTime:0.000201s ]
INFO: [ app_begin ] --START--
INFO: Run Behavior\ReadHtmlCacheBehavior [ RunTime:0.000066s ]
INFO: [ app_begin ] --END-- [ RunTime:0.000092s ]
NOTIC: [8] Use of undefined constant Blog - assumed 'Blog' /data/wwwroot/default/Application/Home/Controller/IndexController.class.php 第 7 行.
SQL: SHOW COLUMNS FROM `tp_blog` [ RunTime:0.0024s ]
SQL: SELECT `title`,`id` FROM `tp_blog` WHERE `cid` = 1 ORDER BY time desc LIMIT 8   [ RunTime:0.0001s ]
SQL: SELECT `title`,`id` FROM `tp_blog` WHERE `cid` = 2 ORDER BY time desc LIMIT 6   [ RunTime:0.0001s ]
INFO: [ view_parse ] --START--
NOTIC: [2] file_get_contents(./Application/Home/View/Index/..\head.html): failed to open stream: No such file or directory /data/wwwroot/default/ThinkPHP/Library/Think/Template.class.php 第 696 行.
INFO: [ template_filter ] --START--
INFO: Run Behavior\ContentReplaceBehavior [ RunTime:0.000050s ]
INFO: [ template_filter ] --END-- [ RunTime:0.000090s ]
INFO: Run Behavior\ParseTemplateBehavior [ RunTime:0.004965s ]
INFO: [ view_parse ] --END-- [ RunTime:0.005004s ]
INFO: [ view_filter ] --START--
INFO: Run Behavior\WriteHtmlCacheBehavior [ RunTime:0.000088s ]
INFO: [ view_filter ] --END-- [ RunTime:0.000110s ]
INFO: [ app_end ] --START--
INFO: Run Behavior\ShowPageTraceBehavior [ RunTime:0.000069s ]
INFO: [ app_end ] --END-- [ RunTime:0.000094s ]

[ 2018-01-12T22:12:20+08:00 ] 127.0.0.1 /
INFO: [ app_init ] --START--
INFO: Run Behavior\BuildLiteBehavior [ RunTime:0.000013s ]
INFO: [ app_init ] --END-- [ RunTime:0.000119s ]
INFO: [ app_begin ] --START--
INFO: Run Behavior\ReadHtmlCacheBehavior [ RunTime:0.000657s ]
INFO: [ app_begin ] --END-- [ RunTime:0.000699s ]
NOTIC: [8] Use of undefined constant Blog - assumed 'Blog' /data/wwwroot/default/Application/Home/Controller/IndexController.class.php 第 7 行.
SQL: SHOW COLUMNS FROM `tp_blog` [ RunTime:0.0006s ]
SQL: SELECT `title`,`id` FROM `tp_blog` WHERE `cid` = 1 ORDER BY time desc LIMIT 8   [ RunTime:0.0001s ]
SQL: SELECT `title`,`id` FROM `tp_blog` WHERE `cid` = 2 ORDER BY time desc LIMIT 6   [ RunTime:0.0001s ]
INFO: [ view_parse ] --START--
NOTIC: [2] file_get_contents(./Application/Home/View/Index/..\head.html): failed to open stream: No such file or directory /data/wwwroot/default/ThinkPHP/Library/Think/Template.class.php 第 696 行.
INFO: [ template_filter ] --START--
INFO: Run Behavior\ContentReplaceBehavior [ RunTime:0.000054s ]
INFO: [ template_filter ] --END-- [ RunTime:0.000101s ]
INFO: Run Behavior\ParseTemplateBehavior [ RunTime:0.005966s ]
INFO: [ view_parse ] --END-- [ RunTime:0.006004s ]
INFO: [ view_filter ] --START--
INFO: Run Behavior\WriteHtmlCacheBehavior [ RunTime:0.000107s ]
INFO: [ view_filter ] --END-- [ RunTime:0.000129s ]
INFO: [ app_end ] --START--
INFO: Run Behavior\ShowPageTraceBehavior [ RunTime:0.000066s ]
INFO: [ app_end ] --END-- [ RunTime:0.000088s ]

[ 2018-01-12T22:12:21+08:00 ] 127.0.0.1 /
INFO: [ app_init ] --START--
INFO: Run Behavior\BuildLiteBehavior [ RunTime:0.000011s ]
INFO: [ app_init ] --END-- [ RunTime:0.000104s ]
INFO: [ app_begin ] --START--
INFO: Run Behavior\ReadHtmlCacheBehavior [ RunTime:0.000065s ]
INFO: [ app_begin ] --END-- [ RunTime:0.000118s ]
NOTIC: [8] Use of undefined constant Blog - assumed 'Blog' /data/wwwroot/default/Application/Home/Controller/IndexController.class.php 第 7 行.
SQL: SHOW COLUMNS FROM `tp_blog` [ RunTime:0.0005s ]
SQL: SELECT `title`,`id` FROM `tp_blog` WHERE `cid` = 1 ORDER BY time desc LIMIT 8   [ RunTime:0.0001s ]
SQL: SELECT `title`,`id` FROM `tp_blog` WHERE `cid` = 2 ORDER BY time desc LIMIT 6   [ RunTime:0.0001s ]
INFO: [ view_parse ] --START--
NOTIC: [2] file_get_contents(./Application/Home/View/Index/..\head.html): failed to open stream: No such file or directory /data/wwwroot/default/ThinkPHP/Library/Think/Template.class.php 第 696 行.
INFO: [ template_filter ] --START--
INFO: Run Behavior\ContentReplaceBehavior [ RunTime:0.000053s ]
INFO: [ template_filter ] --END-- [ RunTime:0.000096s ]
INFO: Run Behavior\ParseTemplateBehavior [ RunTime:0.010980s ]
INFO: [ view_parse ] --END-- [ RunTime:0.011045s ]
INFO: [ view_filter ] --START--
INFO: Run Behavior\WriteHtmlCacheBehavior [ RunTime:0.000214s ]
INFO: [ view_filter ] --END-- [ RunTime:0.000249s ]
INFO: [ app_end ] --START--
INFO: Run Behavior\ShowPageTraceBehavior [ RunTime:0.000085s ]
INFO: [ app_end ] --END-- [ RunTime:0.000114s ]

[ 2018-01-12T22:33:38+08:00 ] 127.0.0.1 /
INFO: [ app_init ] --START--
INFO: Run Behavior\BuildLiteBehavior [ RunTime:0.000013s ]
INFO: [ app_init ] --END-- [ RunTime:0.000175s ]
INFO: [ app_begin ] --START--
INFO: Run Behavior\ReadHtmlCacheBehavior [ RunTime:0.000065s ]
INFO: [ app_begin ] --END-- [ RunTime:0.000090s ]
NOTIC: [8] Use of undefined constant Blog - assumed 'Blog' /data/wwwroot/default/Application/Home/Controller/IndexController.class.php 第 7 行.
SQL: SHOW COLUMNS FROM `tp_blog` [ RunTime:0.0013s ]
SQL: SELECT `title`,`id` FROM `tp_blog` WHERE `cid` = 1 ORDER BY time desc LIMIT 8   [ RunTime:0.0001s ]
SQL: SELECT `title`,`id` FROM `tp_blog` WHERE `cid` = 2 ORDER BY time desc LIMIT 6   [ RunTime:0.0001s ]
INFO: [ view_parse ] --START--
NOTIC: [2] file_get_contents(./Application/Home/View/Index/..\head.html): failed to open stream: No such file or directory /data/wwwroot/default/ThinkPHP/Library/Think/Template.class.php 第 696 行.
INFO: [ template_filter ] --START--
INFO: Run Behavior\ContentReplaceBehavior [ RunTime:0.000107s ]
INFO: [ template_filter ] --END-- [ RunTime:0.000153s ]
INFO: Run Behavior\ParseTemplateBehavior [ RunTime:0.005395s ]
INFO: [ view_parse ] --END-- [ RunTime:0.005459s ]
INFO: [ view_filter ] --START--
INFO: Run Behavior\WriteHtmlCacheBehavior [ RunTime:0.000106s ]
INFO: [ view_filter ] --END-- [ RunTime:0.000127s ]
INFO: [ app_end ] --START--
INFO: Run Behavior\ShowPageTraceBehavior [ RunTime:0.000063s ]
INFO: [ app_end ] --END-- [ RunTime:0.000086s ]

[ 2018-01-12T22:55:13+08:00 ] 192.168.8.1 /
INFO: [ app_init ] --START--
INFO: Run Behavior\BuildLiteBehavior [ RunTime:0.000060s ]
INFO: [ app_init ] --END-- [ RunTime:0.000221s ]
INFO: [ app_begin ] --START--
INFO: Run Behavior\ReadHtmlCacheBehavior [ RunTime:0.000199s ]
INFO: [ app_begin ] --END-- [ RunTime:0.000315s ]
NOTIC: [8] Use of undefined constant Blog - assumed 'Blog' /data/wwwroot/default/Application/Home/Controller/IndexController.class.php 第 7 行.
SQL: SHOW COLUMNS FROM `tp_blog` [ RunTime:0.0023s ]
SQL: SELECT `title`,`id` FROM `tp_blog` WHERE `cid` = 1 ORDER BY time desc LIMIT 8   [ RunTime:0.0003s ]
SQL: SELECT `title`,`id` FROM `tp_blog` WHERE `cid` = 2 ORDER BY time desc LIMIT 6   [ RunTime:0.0002s ]
INFO: [ view_parse ] --START--
NOTIC: [2] file_get_contents(./Application/Home/View/Index/..\head.html): failed to open stream: No such file or directory /data/wwwroot/default/ThinkPHP/Library/Think/Template.class.php 第 696 行.
INFO: [ template_filter ] --START--
INFO: Run Behavior\ContentReplaceBehavior [ RunTime:0.000099s ]
INFO: [ template_filter ] --END-- [ RunTime:0.000227s ]
INFO: Run Behavior\ParseTemplateBehavior [ RunTime:0.007038s ]
INFO: [ view_parse ] --END-- [ RunTime:0.007148s ]
INFO: [ view_filter ] --START--
INFO: Run Behavior\WriteHtmlCacheBehavior [ RunTime:0.000069s ]
INFO: [ view_filter ] --END-- [ RunTime:0.000089s ]
INFO: [ app_end ] --START--
INFO: Run Behavior\ShowPageTraceBehavior [ RunTime:0.000058s ]
INFO: [ app_end ] --END-- [ RunTime:0.000078s ]

[ 2018-01-12T23:09:03+08:00 ] 192.168.8.1 /
INFO: [ app_init ] --START--
INFO: Run Behavior\BuildLiteBehavior [ RunTime:0.000013s ]
INFO: [ app_init ] --END-- [ RunTime:0.000343s ]
INFO: [ app_begin ] --START--
INFO: Run Behavior\ReadHtmlCacheBehavior [ RunTime:0.000105s ]
INFO: [ app_begin ] --END-- [ RunTime:0.000143s ]
NOTIC: [8] Use of undefined constant Blog - assumed 'Blog' /data/wwwroot/default/Application/Home/Controller/IndexController.class.php 第 7 行.
SQL: SHOW COLUMNS FROM `tp_blog` [ RunTime:0.0056s ]
SQL: SELECT `title`,`id` FROM `tp_blog` WHERE `cid` = 1 ORDER BY time desc LIMIT 8   [ RunTime:0.0002s ]
SQL: SELECT `title`,`id` FROM `tp_blog` WHERE `cid` = 2 ORDER BY time desc LIMIT 6   [ RunTime:0.0001s ]
INFO: [ view_parse ] --START--
NOTIC: [2] file_get_contents(./Application/Home/View/Index/..\head.html): failed to open stream: No such file or directory /data/wwwroot/default/ThinkPHP/Library/Think/Template.class.php 第 696 行.
INFO: [ template_filter ] --START--
INFO: Run Behavior\ContentReplaceBehavior [ RunTime:0.000086s ]
INFO: [ template_filter ] --END-- [ RunTime:0.000127s ]
INFO: Run Behavior\ParseTemplateBehavior [ RunTime:0.006020s ]
INFO: [ view_parse ] --END-- [ RunTime:0.006092s ]
INFO: [ view_filter ] --START--
INFO: Run Behavior\WriteHtmlCacheBehavior [ RunTime:0.000068s ]
INFO: [ view_filter ] --END-- [ RunTime:0.000087s ]
INFO: [ app_end ] --START--
INFO: Run Behavior\ShowPageTraceBehavior [ RunTime:0.000076s ]
INFO: [ app_end ] --END-- [ RunTime:0.000096s ]

