[ 2018-03-21T10:44:40+08:00 ] ::1 /web/marx/
INFO: [ app_init ] --START--
INFO: Run Behavior\BuildLiteBehavior [ RunTime:0.000046s ]
INFO: [ app_init ] --END-- [ RunTime:0.010409s ]
INFO: [ app_begin ] --START--
INFO: Run Behavior\ReadHtmlCacheBehavior [ RunTime:0.015075s ]
INFO: [ app_begin ] --END-- [ RunTime:0.015147s ]
NOTIC: [8] Use of undefined constant Blog - assumed 'Blog' D:\wamp64\www\web\marx\Application\Home\Controller\IndexController.class.php 第 7 行.
SQL: SHOW COLUMNS FROM `tp_blog` [ RunTime:0.0476s ]
SQL: SELECT `title`,`id` FROM `tp_blog` WHERE `cid` = 1 ORDER BY time desc LIMIT 8   [ RunTime:0.0166s ]
SQL: SELECT `title`,`id` FROM `tp_blog` WHERE `cid` = 2 ORDER BY time desc LIMIT 6   [ RunTime:0.0022s ]
INFO: [ view_parse ] --START--
INFO: [ template_filter ] --START--
INFO: Run Behavior\ContentReplaceBehavior [ RunTime:0.018926s ]
INFO: [ template_filter ] --END-- [ RunTime:0.019011s ]
INFO: Run Behavior\ParseTemplateBehavior [ RunTime:0.137314s ]
INFO: [ view_parse ] --END-- [ RunTime:0.137390s ]
INFO: [ view_filter ] --START--
INFO: Run Behavior\WriteHtmlCacheBehavior [ RunTime:0.010723s ]
INFO: [ view_filter ] --END-- [ RunTime:0.010808s ]
INFO: [ app_end ] --START--
INFO: Run Behavior\ShowPageTraceBehavior [ RunTime:0.009948s ]
INFO: [ app_end ] --END-- [ RunTime:0.010096s ]

[ 2018-03-21T11:05:33+08:00 ] ::1 /web/marx/
INFO: [ app_init ] --START--
INFO: Run Behavior\BuildLiteBehavior [ RunTime:0.000022s ]
INFO: [ app_init ] --END-- [ RunTime:0.000442s ]
INFO: [ app_begin ] --START--
INFO: Run Behavior\ReadHtmlCacheBehavior [ RunTime:0.000921s ]
INFO: [ app_begin ] --END-- [ RunTime:0.000994s ]
NOTIC: [8] Use of undefined constant Blog - assumed 'Blog' D:\wamp64\www\web\marx\Application\Home\Controller\IndexController.class.php 第 7 行.
SQL: SHOW COLUMNS FROM `tp_blog` [ RunTime:0.0011s ]
SQL: SELECT `title`,`id` FROM `tp_blog` WHERE `cid` = 1 ORDER BY time desc LIMIT 8   [ RunTime:0.0009s ]
SQL: SELECT `title`,`id` FROM `tp_blog` WHERE `cid` = 2 ORDER BY time desc LIMIT 6   [ RunTime:0.0005s ]
INFO: [ view_parse ] --START--
INFO: [ template_filter ] --START--
INFO: Run Behavior\ContentReplaceBehavior [ RunTime:0.000186s ]
INFO: [ template_filter ] --END-- [ RunTime:0.000312s ]
INFO: Run Behavior\ParseTemplateBehavior [ RunTime:0.019160s ]
INFO: [ view_parse ] --END-- [ RunTime:0.019266s ]
INFO: [ view_filter ] --START--
INFO: Run Behavior\WriteHtmlCacheBehavior [ RunTime:0.000779s ]
INFO: [ view_filter ] --END-- [ RunTime:0.000843s ]
INFO: [ app_end ] --START--
INFO: Run Behavior\ShowPageTraceBehavior [ RunTime:0.001273s ]
INFO: [ app_end ] --END-- [ RunTime:0.001368s ]

[ 2018-03-21T11:07:04+08:00 ] ::1 /web/marx/
INFO: [ app_init ] --START--
INFO: Run Behavior\BuildLiteBehavior [ RunTime:0.000033s ]
INFO: [ app_init ] --END-- [ RunTime:0.001142s ]
INFO: [ app_begin ] --START--
INFO: Run Behavior\ReadHtmlCacheBehavior [ RunTime:0.000989s ]
INFO: [ app_begin ] --END-- [ RunTime:0.001146s ]
NOTIC: [8] Use of undefined constant Blog - assumed 'Blog' D:\wamp64\www\web\marx\Application\Home\Controller\IndexController.class.php 第 7 行.
SQL: SHOW COLUMNS FROM `tp_blog` [ RunTime:0.0015s ]
SQL: SELECT `title`,`id` FROM `tp_blog` WHERE `cid` = 1 ORDER BY time desc LIMIT 8   [ RunTime:0.0004s ]
SQL: SELECT `title`,`id` FROM `tp_blog` WHERE `cid` = 2 ORDER BY time desc LIMIT 6   [ RunTime:0.0003s ]
INFO: [ view_parse ] --START--
INFO: [ template_filter ] --START--
INFO: Run Behavior\ContentReplaceBehavior [ RunTime:0.000223s ]
INFO: [ template_filter ] --END-- [ RunTime:0.000368s ]
INFO: Run Behavior\ParseTemplateBehavior [ RunTime:0.019101s ]
INFO: [ view_parse ] --END-- [ RunTime:0.019179s ]
INFO: [ view_filter ] --START--
INFO: Run Behavior\WriteHtmlCacheBehavior [ RunTime:0.000643s ]
INFO: [ view_filter ] --END-- [ RunTime:0.000715s ]
INFO: [ app_end ] --START--
INFO: Run Behavior\ShowPageTraceBehavior [ RunTime:0.001133s ]
INFO: [ app_end ] --END-- [ RunTime:0.001272s ]

[ 2018-03-21T11:07:30+08:00 ] ::1 /web/marx/
INFO: [ app_init ] --START--
INFO: Run Behavior\BuildLiteBehavior [ RunTime:0.000016s ]
INFO: [ app_init ] --END-- [ RunTime:0.000441s ]
INFO: [ app_begin ] --START--
INFO: Run Behavior\ReadHtmlCacheBehavior [ RunTime:0.000429s ]
INFO: [ app_begin ] --END-- [ RunTime:0.000492s ]
NOTIC: [8] Use of undefined constant Blog - assumed 'Blog' D:\wamp64\www\web\marx\Application\Home\Controller\IndexController.class.php 第 7 行.
SQL: SHOW COLUMNS FROM `tp_blog` [ RunTime:0.0017s ]
SQL: SELECT `title`,`id` FROM `tp_blog` WHERE `cid` = 1 ORDER BY time desc LIMIT 8   [ RunTime:0.0006s ]
SQL: SELECT `title`,`id` FROM `tp_blog` WHERE `cid` = 2 ORDER BY time desc LIMIT 6   [ RunTime:0.0004s ]
INFO: [ view_parse ] --START--
INFO: [ template_filter ] --START--
INFO: Run Behavior\ContentReplaceBehavior [ RunTime:0.000106s ]
INFO: [ template_filter ] --END-- [ RunTime:0.000180s ]
INFO: Run Behavior\ParseTemplateBehavior [ RunTime:0.017947s ]
INFO: [ view_parse ] --END-- [ RunTime:0.018026s ]
INFO: [ view_filter ] --START--
INFO: Run Behavior\WriteHtmlCacheBehavior [ RunTime:0.000800s ]
INFO: [ view_filter ] --END-- [ RunTime:0.000880s ]
INFO: [ app_end ] --START--
INFO: Run Behavior\ShowPageTraceBehavior [ RunTime:0.001007s ]
INFO: [ app_end ] --END-- [ RunTime:0.001113s ]

[ 2018-03-21T11:29:48+08:00 ] ::1 /web/marx/
INFO: [ app_init ] --START--
INFO: Run Behavior\BuildLiteBehavior [ RunTime:0.000017s ]
INFO: [ app_init ] --END-- [ RunTime:0.000515s ]
INFO: [ app_begin ] --START--
INFO: Run Behavior\ReadHtmlCacheBehavior [ RunTime:0.000606s ]
INFO: [ app_begin ] --END-- [ RunTime:0.000669s ]
NOTIC: [8] Use of undefined constant Blog - assumed 'Blog' D:\wamp64\www\web\marx\Application\Home\Controller\IndexController.class.php 第 7 行.
SQL: SHOW COLUMNS FROM `tp_blog` [ RunTime:0.0012s ]
SQL: SELECT `title`,`id` FROM `tp_blog` WHERE `cid` = 1 ORDER BY time desc LIMIT 8   [ RunTime:0.0004s ]
SQL: SELECT `title`,`id` FROM `tp_blog` WHERE `cid` = 2 ORDER BY time desc LIMIT 6   [ RunTime:0.0004s ]
INFO: [ view_parse ] --START--
INFO: [ template_filter ] --START--
INFO: Run Behavior\ContentReplaceBehavior [ RunTime:0.000105s ]
INFO: [ template_filter ] --END-- [ RunTime:0.000170s ]
INFO: Run Behavior\ParseTemplateBehavior [ RunTime:0.017802s ]
INFO: [ view_parse ] --END-- [ RunTime:0.017899s ]
INFO: [ view_filter ] --START--
INFO: Run Behavior\WriteHtmlCacheBehavior [ RunTime:0.000846s ]
INFO: [ view_filter ] --END-- [ RunTime:0.000950s ]
INFO: [ app_end ] --START--
INFO: Run Behavior\ShowPageTraceBehavior [ RunTime:0.001044s ]
INFO: [ app_end ] --END-- [ RunTime:0.001211s ]

[ 2018-03-21T11:34:54+08:00 ] ::1 /web/marx/
INFO: [ app_init ] --START--
INFO: Run Behavior\BuildLiteBehavior [ RunTime:0.000017s ]
INFO: [ app_init ] --END-- [ RunTime:0.000456s ]
INFO: [ app_begin ] --START--
INFO: Run Behavior\ReadHtmlCacheBehavior [ RunTime:0.000767s ]
INFO: [ app_begin ] --END-- [ RunTime:0.000833s ]
NOTIC: [8] Use of undefined constant Blog - assumed 'Blog' D:\wamp64\www\web\marx\Application\Home\Controller\IndexController.class.php 第 7 行.
SQL: SHOW COLUMNS FROM `tp_blog` [ RunTime:0.0021s ]
SQL: SELECT `title`,`id` FROM `tp_blog` WHERE `cid` = 1 ORDER BY time desc LIMIT 8   [ RunTime:0.0005s ]
SQL: SELECT `title`,`id` FROM `tp_blog` WHERE `cid` = 2 ORDER BY time desc LIMIT 6   [ RunTime:0.0005s ]
INFO: [ view_parse ] --START--
INFO: [ template_filter ] --START--
INFO: Run Behavior\ContentReplaceBehavior [ RunTime:0.000155s ]
INFO: [ template_filter ] --END-- [ RunTime:0.000253s ]
INFO: Run Behavior\ParseTemplateBehavior [ RunTime:0.019265s ]
INFO: [ view_parse ] --END-- [ RunTime:0.019407s ]
INFO: [ view_filter ] --START--
INFO: Run Behavior\WriteHtmlCacheBehavior [ RunTime:0.000946s ]
INFO: [ view_filter ] --END-- [ RunTime:0.001021s ]
INFO: [ app_end ] --START--
INFO: Run Behavior\ShowPageTraceBehavior [ RunTime:0.001084s ]
INFO: [ app_end ] --END-- [ RunTime:0.001161s ]

[ 2018-03-21T11:37:10+08:00 ] ::1 /web/marx/
INFO: [ app_init ] --START--
INFO: Run Behavior\BuildLiteBehavior [ RunTime:0.000015s ]
INFO: [ app_init ] --END-- [ RunTime:0.000413s ]
INFO: [ app_begin ] --START--
INFO: Run Behavior\ReadHtmlCacheBehavior [ RunTime:0.000737s ]
INFO: [ app_begin ] --END-- [ RunTime:0.000798s ]
NOTIC: [8] Use of undefined constant Blog - assumed 'Blog' D:\wamp64\www\web\marx\Application\Home\Controller\IndexController.class.php 第 7 行.
SQL: SHOW COLUMNS FROM `tp_blog` [ RunTime:0.0010s ]
SQL: SELECT `title`,`id` FROM `tp_blog` WHERE `cid` = 1 ORDER BY time desc LIMIT 8   [ RunTime:0.0004s ]
SQL: SELECT `title`,`id` FROM `tp_blog` WHERE `cid` = 2 ORDER BY time desc LIMIT 6   [ RunTime:0.0004s ]
INFO: [ view_parse ] --START--
INFO: [ template_filter ] --START--
INFO: Run Behavior\ContentReplaceBehavior [ RunTime:0.000137s ]
INFO: [ template_filter ] --END-- [ RunTime:0.000302s ]
INFO: Run Behavior\ParseTemplateBehavior [ RunTime:0.016458s ]
INFO: [ view_parse ] --END-- [ RunTime:0.016561s ]
INFO: [ view_filter ] --START--
INFO: Run Behavior\WriteHtmlCacheBehavior [ RunTime:0.000583s ]
INFO: [ view_filter ] --END-- [ RunTime:0.000652s ]
INFO: [ app_end ] --START--
INFO: Run Behavior\ShowPageTraceBehavior [ RunTime:0.000894s ]
INFO: [ app_end ] --END-- [ RunTime:0.000962s ]

[ 2018-03-21T11:37:12+08:00 ] ::1 /web/marx/
INFO: [ app_init ] --START--
INFO: Run Behavior\BuildLiteBehavior [ RunTime:0.000016s ]
INFO: [ app_init ] --END-- [ RunTime:0.000371s ]
INFO: [ app_begin ] --START--
INFO: Run Behavior\ReadHtmlCacheBehavior [ RunTime:0.000690s ]
INFO: [ app_begin ] --END-- [ RunTime:0.000753s ]
NOTIC: [8] Use of undefined constant Blog - assumed 'Blog' D:\wamp64\www\web\marx\Application\Home\Controller\IndexController.class.php 第 7 行.
SQL: SHOW COLUMNS FROM `tp_blog` [ RunTime:0.0009s ]
SQL: SELECT `title`,`id` FROM `tp_blog` WHERE `cid` = 1 ORDER BY time desc LIMIT 8   [ RunTime:0.0005s ]
SQL: SELECT `title`,`id` FROM `tp_blog` WHERE `cid` = 2 ORDER BY time desc LIMIT 6   [ RunTime:0.0003s ]
INFO: [ view_parse ] --START--
INFO: [ template_filter ] --START--
INFO: Run Behavior\ContentReplaceBehavior [ RunTime:0.000101s ]
INFO: [ template_filter ] --END-- [ RunTime:0.000172s ]
INFO: Run Behavior\ParseTemplateBehavior [ RunTime:0.018376s ]
INFO: [ view_parse ] --END-- [ RunTime:0.018693s ]
INFO: [ view_filter ] --START--
INFO: Run Behavior\WriteHtmlCacheBehavior [ RunTime:0.001087s ]
INFO: [ view_filter ] --END-- [ RunTime:0.001213s ]
INFO: [ app_end ] --START--
INFO: Run Behavior\ShowPageTraceBehavior [ RunTime:0.001898s ]
INFO: [ app_end ] --END-- [ RunTime:0.001981s ]

[ 2018-03-21T11:44:00+08:00 ] ::1 /web/marx/
INFO: [ app_init ] --START--
INFO: Run Behavior\BuildLiteBehavior [ RunTime:0.000019s ]
INFO: [ app_init ] --END-- [ RunTime:0.000490s ]
INFO: [ app_begin ] --START--
INFO: Run Behavior\ReadHtmlCacheBehavior [ RunTime:0.001503s ]
INFO: [ app_begin ] --END-- [ RunTime:0.001613s ]
NOTIC: [8] Use of undefined constant Blog - assumed 'Blog' D:\wamp64\www\web\marx\Application\Home\Controller\IndexController.class.php 第 7 行.
SQL: SHOW COLUMNS FROM `tp_blog` [ RunTime:0.0010s ]
SQL: SELECT `title`,`id` FROM `tp_blog` WHERE `cid` = 1 ORDER BY time desc LIMIT 8   [ RunTime:0.0013s ]
SQL: SELECT `title`,`id` FROM `tp_blog` WHERE `cid` = 2 ORDER BY time desc LIMIT 6   [ RunTime:0.0015s ]
INFO: [ view_parse ] --START--
INFO: [ template_filter ] --START--
INFO: Run Behavior\ContentReplaceBehavior [ RunTime:0.000107s ]
INFO: [ template_filter ] --END-- [ RunTime:0.000177s ]
INFO: Run Behavior\ParseTemplateBehavior [ RunTime:0.020534s ]
INFO: [ view_parse ] --END-- [ RunTime:0.020623s ]
INFO: [ view_filter ] --START--
INFO: Run Behavior\WriteHtmlCacheBehavior [ RunTime:0.000825s ]
INFO: [ view_filter ] --END-- [ RunTime:0.000886s ]
INFO: [ app_end ] --START--
INFO: Run Behavior\ShowPageTraceBehavior [ RunTime:0.000840s ]
INFO: [ app_end ] --END-- [ RunTime:0.000953s ]

[ 2018-03-21T11:45:25+08:00 ] ::1 /web/marx/
INFO: [ app_init ] --START--
INFO: Run Behavior\BuildLiteBehavior [ RunTime:0.000018s ]
INFO: [ app_init ] --END-- [ RunTime:0.000556s ]
INFO: [ app_begin ] --START--
INFO: Run Behavior\ReadHtmlCacheBehavior [ RunTime:0.000614s ]
INFO: [ app_begin ] --END-- [ RunTime:0.000683s ]
NOTIC: [8] Use of undefined constant Blog - assumed 'Blog' D:\wamp64\www\web\marx\Application\Home\Controller\IndexController.class.php 第 7 行.
SQL: SHOW COLUMNS FROM `tp_blog` [ RunTime:0.0011s ]
SQL: SELECT `title`,`id` FROM `tp_blog` WHERE `cid` = 1 ORDER BY time desc LIMIT 8   [ RunTime:0.0005s ]
SQL: SELECT `title`,`id` FROM `tp_blog` WHERE `cid` = 2 ORDER BY time desc LIMIT 6   [ RunTime:0.0004s ]
INFO: [ view_parse ] --START--
INFO: [ template_filter ] --START--
INFO: Run Behavior\ContentReplaceBehavior [ RunTime:0.000167s ]
INFO: [ template_filter ] --END-- [ RunTime:0.000366s ]
INFO: Run Behavior\ParseTemplateBehavior [ RunTime:0.018061s ]
INFO: [ view_parse ] --END-- [ RunTime:0.018153s ]
INFO: [ view_filter ] --START--
INFO: Run Behavior\WriteHtmlCacheBehavior [ RunTime:0.000433s ]
INFO: [ view_filter ] --END-- [ RunTime:0.000493s ]
INFO: [ app_end ] --START--
INFO: Run Behavior\ShowPageTraceBehavior [ RunTime:0.000662s ]
INFO: [ app_end ] --END-- [ RunTime:0.000728s ]

[ 2018-03-21T11:45:44+08:00 ] ::1 /web/marx/
INFO: [ app_init ] --START--
INFO: Run Behavior\BuildLiteBehavior [ RunTime:0.000061s ]
INFO: [ app_init ] --END-- [ RunTime:0.000969s ]
INFO: [ app_begin ] --START--
INFO: Run Behavior\ReadHtmlCacheBehavior [ RunTime:0.000590s ]
INFO: [ app_begin ] --END-- [ RunTime:0.000675s ]
NOTIC: [8] Use of undefined constant Blog - assumed 'Blog' D:\wamp64\www\web\marx\Application\Home\Controller\IndexController.class.php 第 7 行.
SQL: SHOW COLUMNS FROM `tp_blog` [ RunTime:0.0008s ]
SQL: SELECT `title`,`id` FROM `tp_blog` WHERE `cid` = 1 ORDER BY time desc LIMIT 8   [ RunTime:0.0005s ]
SQL: SELECT `title`,`id` FROM `tp_blog` WHERE `cid` = 2 ORDER BY time desc LIMIT 6   [ RunTime:0.0004s ]
INFO: [ view_parse ] --START--
INFO: [ template_filter ] --START--
INFO: Run Behavior\ContentReplaceBehavior [ RunTime:0.000178s ]
INFO: [ template_filter ] --END-- [ RunTime:0.000294s ]
INFO: Run Behavior\ParseTemplateBehavior [ RunTime:0.015912s ]
INFO: [ view_parse ] --END-- [ RunTime:0.015987s ]
INFO: [ view_filter ] --START--
INFO: Run Behavior\WriteHtmlCacheBehavior [ RunTime:0.000410s ]
INFO: [ view_filter ] --END-- [ RunTime:0.000475s ]
INFO: [ app_end ] --START--
INFO: Run Behavior\ShowPageTraceBehavior [ RunTime:0.000429s ]
INFO: [ app_end ] --END-- [ RunTime:0.000491s ]

[ 2018-03-21T11:46:07+08:00 ] ::1 /web/marx/
INFO: [ app_init ] --START--
INFO: Run Behavior\BuildLiteBehavior [ RunTime:0.000021s ]
INFO: [ app_init ] --END-- [ RunTime:0.001206s ]
INFO: [ app_begin ] --START--
INFO: Run Behavior\ReadHtmlCacheBehavior [ RunTime:0.000416s ]
INFO: [ app_begin ] --END-- [ RunTime:0.000483s ]
NOTIC: [8] Use of undefined constant Blog - assumed 'Blog' D:\wamp64\www\web\marx\Application\Home\Controller\IndexController.class.php 第 7 行.
SQL: SHOW COLUMNS FROM `tp_blog` [ RunTime:0.0008s ]
SQL: SELECT `title`,`id` FROM `tp_blog` WHERE `cid` = 1 ORDER BY time desc LIMIT 8   [ RunTime:0.0004s ]
SQL: SELECT `title`,`id` FROM `tp_blog` WHERE `cid` = 2 ORDER BY time desc LIMIT 6   [ RunTime:0.0004s ]
INFO: [ view_parse ] --START--
INFO: [ template_filter ] --START--
INFO: Run Behavior\ContentReplaceBehavior [ RunTime:0.000103s ]
INFO: [ template_filter ] --END-- [ RunTime:0.000169s ]
INFO: Run Behavior\ParseTemplateBehavior [ RunTime:0.013634s ]
INFO: [ view_parse ] --END-- [ RunTime:0.013718s ]
INFO: [ view_filter ] --START--
INFO: Run Behavior\WriteHtmlCacheBehavior [ RunTime:0.000361s ]
INFO: [ view_filter ] --END-- [ RunTime:0.000449s ]
INFO: [ app_end ] --START--
INFO: Run Behavior\ShowPageTraceBehavior [ RunTime:0.000434s ]
INFO: [ app_end ] --END-- [ RunTime:0.000496s ]

