[ 2018-01-15T13:16:07+08:00 ] ::1 /web/marx/
INFO: [ app_init ] --START--
INFO: Run Behavior\BuildLiteBehavior [ RunTime:0.000034s ]
INFO: [ app_init ] --END-- [ RunTime:0.051004s ]
INFO: [ app_begin ] --START--
INFO: Run Behavior\ReadHtmlCacheBehavior [ RunTime:0.047999s ]
INFO: [ app_begin ] --END-- [ RunTime:0.048188s ]
NOTIC: [8] Use of undefined constant Blog - assumed 'Blog' D:\wamp64\www\web\marx\Application\Home\Controller\IndexController.class.php ç¬¬ 7 è¡Œ.
ERR: SQLSTATE[HY000] [2002] ÓÉÓÚÄ¿±ê¼ÆËã»ú»ý¼«¾Ü¾ø£¬ÎÞ·¨Á¬½Ó¡£


[ 2018-01-15T13:17:17+08:00 ] ::1 /web/marx/
INFO: [ app_init ] --START--
INFO: Run Behavior\BuildLiteBehavior [ RunTime:0.000069s ]
INFO: [ app_init ] --END-- [ RunTime:0.000621s ]
INFO: [ app_begin ] --START--
INFO: Run Behavior\ReadHtmlCacheBehavior [ RunTime:0.000754s ]
INFO: [ app_begin ] --END-- [ RunTime:0.000927s ]
NOTIC: [8] Use of undefined constant Blog - assumed 'Blog' D:\wamp64\www\web\marx\Application\Home\Controller\IndexController.class.php ç¬¬ 7 è¡Œ.
NOTIC: [2] PDO::__construct(): php_network_getaddresses: getaddrinfo failed: ï¿½ï¿½Öªï¿½ï¿½ï¿½ï¿½ï¿½ï¿½ï¿½ï¿½ï¿½ï¿½ï¿½ï¿½  D:\wamp64\www\web\marx\ThinkPHP\Library\Think\Db\Driver.class.php ç¬¬ 103 è¡Œ.
ERR: SQLSTATE[HY000] [2002] php_network_getaddresses: getaddrinfo failed: ²»ÖªµÀÕâÑùµÄÖ÷»ú¡£ 

[ 2018-01-15T13:18:30+08:00 ] ::1 /web/marx/
INFO: [ app_init ] --START--
INFO: Run Behavior\BuildLiteBehavior [ RunTime:0.000034s ]
INFO: [ app_init ] --END-- [ RunTime:0.000560s ]
INFO: [ app_begin ] --START--
INFO: Run Behavior\ReadHtmlCacheBehavior [ RunTime:0.000563s ]
INFO: [ app_begin ] --END-- [ RunTime:0.000688s ]
NOTIC: [8] Use of undefined constant Blog - assumed 'Blog' D:\wamp64\www\web\marx\Application\Home\Controller\IndexController.class.php ç¬¬ 7 è¡Œ.
ERR: SQLSTATE[HY000] [2002] ÓÉÓÚÄ¿±ê¼ÆËã»ú»ý¼«¾Ü¾ø£¬ÎÞ·¨Á¬½Ó¡£


[ 2018-01-15T13:21:40+08:00 ] ::1 /web/marx/
INFO: [ app_init ] --START--
INFO: Run Behavior\BuildLiteBehavior [ RunTime:0.000023s ]
INFO: [ app_init ] --END-- [ RunTime:0.000403s ]
INFO: [ app_begin ] --START--
INFO: Run Behavior\ReadHtmlCacheBehavior [ RunTime:0.000589s ]
INFO: [ app_begin ] --END-- [ RunTime:0.000711s ]
NOTIC: [8] Use of undefined constant Blog - assumed 'Blog' D:\wamp64\www\web\marx\Application\Home\Controller\IndexController.class.php ç¬¬ 7 è¡Œ.
ERR: SQLSTATE[HY000] [2002] ÓÉÓÚÄ¿±ê¼ÆËã»ú»ý¼«¾Ü¾ø£¬ÎÞ·¨Á¬½Ó¡£


[ 2018-01-15T13:54:48+08:00 ] ::1 /web/marx/
INFO: [ app_init ] --START--
INFO: Run Behavior\BuildLiteBehavior [ RunTime:0.000050s ]
INFO: [ app_init ] --END-- [ RunTime:0.000671s ]
INFO: [ app_begin ] --START--
INFO: Run Behavior\ReadHtmlCacheBehavior [ RunTime:0.000816s ]
INFO: [ app_begin ] --END-- [ RunTime:0.001034s ]
NOTIC: [8] Use of undefined constant Blog - assumed 'Blog' D:\wamp64\www\web\marx\Application\Home\Controller\IndexController.class.php ç¬¬ 7 è¡Œ.
ERR: SQLSTATE[HY000] [2002] ÓÉÓÚÄ¿±ê¼ÆËã»ú»ý¼«¾Ü¾ø£¬ÎÞ·¨Á¬½Ó¡£


[ 2018-01-15T13:54:50+08:00 ] ::1 /web/marx/
INFO: [ app_init ] --START--
INFO: Run Behavior\BuildLiteBehavior [ RunTime:0.000022s ]
INFO: [ app_init ] --END-- [ RunTime:0.000367s ]
INFO: [ app_begin ] --START--
INFO: Run Behavior\ReadHtmlCacheBehavior [ RunTime:0.000520s ]
INFO: [ app_begin ] --END-- [ RunTime:0.000643s ]
NOTIC: [8] Use of undefined constant Blog - assumed 'Blog' D:\wamp64\www\web\marx\Application\Home\Controller\IndexController.class.php ç¬¬ 7 è¡Œ.
ERR: SQLSTATE[HY000] [2002] ÓÉÓÚÄ¿±ê¼ÆËã»ú»ý¼«¾Ü¾ø£¬ÎÞ·¨Á¬½Ó¡£


[ 2018-01-15T13:54:53+08:00 ] ::1 /web/marx/
INFO: [ app_init ] --START--
INFO: Run Behavior\BuildLiteBehavior [ RunTime:0.000020s ]
INFO: [ app_init ] --END-- [ RunTime:0.000333s ]
INFO: [ app_begin ] --START--
INFO: Run Behavior\ReadHtmlCacheBehavior [ RunTime:0.000351s ]
INFO: [ app_begin ] --END-- [ RunTime:0.000508s ]
NOTIC: [8] Use of undefined constant Blog - assumed 'Blog' D:\wamp64\www\web\marx\Application\Home\Controller\IndexController.class.php ç¬¬ 7 è¡Œ.
ERR: SQLSTATE[HY000] [2002] ÓÉÓÚÄ¿±ê¼ÆËã»ú»ý¼«¾Ü¾ø£¬ÎÞ·¨Á¬½Ó¡£


[ 2018-01-15T13:55:03+08:00 ] ::1 /web/marx/
INFO: [ app_init ] --START--
INFO: Run Behavior\BuildLiteBehavior [ RunTime:0.000021s ]
INFO: [ app_init ] --END-- [ RunTime:0.000373s ]
INFO: [ app_begin ] --START--
INFO: Run Behavior\ReadHtmlCacheBehavior [ RunTime:0.000802s ]
INFO: [ app_begin ] --END-- [ RunTime:0.000944s ]
NOTIC: [8] Use of undefined constant Blog - assumed 'Blog' D:\wamp64\www\web\marx\Application\Home\Controller\IndexController.class.php ç¬¬ 7 è¡Œ.
ERR: SQLSTATE[HY000] [2002] ÓÉÓÚÄ¿±ê¼ÆËã»ú»ý¼«¾Ü¾ø£¬ÎÞ·¨Á¬½Ó¡£


[ 2018-01-15T13:55:19+08:00 ] ::1 /web/marx/
INFO: [ app_init ] --START--
INFO: Run Behavior\BuildLiteBehavior [ RunTime:0.000051s ]
INFO: [ app_init ] --END-- [ RunTime:0.000658s ]
INFO: [ app_begin ] --START--
INFO: Run Behavior\ReadHtmlCacheBehavior [ RunTime:0.000729s ]
INFO: [ app_begin ] --END-- [ RunTime:0.000891s ]
NOTIC: [8] Use of undefined constant Blog - assumed 'Blog' D:\wamp64\www\web\marx\Application\Home\Controller\IndexController.class.php ç¬¬ 7 è¡Œ.
ERR: SQLSTATE[HY000] [2002] ÓÉÓÚÄ¿±ê¼ÆËã»ú»ý¼«¾Ü¾ø£¬ÎÞ·¨Á¬½Ó¡£


[ 2018-01-15T13:55:56+08:00 ] ::1 /web/marx/
INFO: [ app_init ] --START--
INFO: Run Behavior\BuildLiteBehavior [ RunTime:0.000020s ]
INFO: [ app_init ] --END-- [ RunTime:0.000409s ]
INFO: [ app_begin ] --START--
INFO: Run Behavior\ReadHtmlCacheBehavior [ RunTime:0.000412s ]
INFO: [ app_begin ] --END-- [ RunTime:0.000522s ]
NOTIC: [8] Use of undefined constant Blog - assumed 'Blog' D:\wamp64\www\web\marx\Application\Home\Controller\IndexController.class.php ç¬¬ 7 è¡Œ.
ERR: SQLSTATE[HY000] [2002] ÓÉÓÚÄ¿±ê¼ÆËã»ú»ý¼«¾Ü¾ø£¬ÎÞ·¨Á¬½Ó¡£


[ 2018-01-15T13:56:16+08:00 ] ::1 /web/marx/
INFO: [ app_init ] --START--
INFO: Run Behavior\BuildLiteBehavior [ RunTime:0.000024s ]
INFO: [ app_init ] --END-- [ RunTime:0.000588s ]
INFO: [ app_begin ] --START--
INFO: Run Behavior\ReadHtmlCacheBehavior [ RunTime:0.000653s ]
INFO: [ app_begin ] --END-- [ RunTime:0.000800s ]
NOTIC: [8] Use of undefined constant Blog - assumed 'Blog' D:\wamp64\www\web\marx\Application\Home\Controller\IndexController.class.php ç¬¬ 7 è¡Œ.
SQL: SHOW COLUMNS FROM `tp_blog` [ RunTime:0.1072s ]
SQL: SELECT `title`,`id` FROM `tp_blog` WHERE `cid` = 1 ORDER BY time desc LIMIT 8   [ RunTime:0.0009s ]
SQL: SELECT `title`,`id` FROM `tp_blog` WHERE `cid` = 2 ORDER BY time desc LIMIT 6   [ RunTime:0.0004s ]
INFO: [ view_parse ] --START--
INFO: [ template_filter ] --START--
INFO: Run Behavior\ContentReplaceBehavior [ RunTime:0.024943s ]
INFO: [ template_filter ] --END-- [ RunTime:0.025256s ]
INFO: Run Behavior\ParseTemplateBehavior [ RunTime:0.242970s ]
INFO: [ view_parse ] --END-- [ RunTime:0.243078s ]
INFO: [ view_filter ] --START--
INFO: Run Behavior\WriteHtmlCacheBehavior [ RunTime:0.027501s ]
INFO: [ view_filter ] --END-- [ RunTime:0.027607s ]
INFO: [ app_end ] --START--
INFO: Run Behavior\ShowPageTraceBehavior [ RunTime:0.038228s ]
INFO: [ app_end ] --END-- [ RunTime:0.038355s ]

[ 2018-01-15T13:57:02+08:00 ] ::1 /web/marx/
INFO: [ app_init ] --START--
INFO: Run Behavior\BuildLiteBehavior [ RunTime:0.000021s ]
INFO: [ app_init ] --END-- [ RunTime:0.000456s ]
INFO: [ app_begin ] --START--
INFO: Run Behavior\ReadHtmlCacheBehavior [ RunTime:0.000567s ]
INFO: [ app_begin ] --END-- [ RunTime:0.000681s ]
NOTIC: [8] Use of undefined constant Blog - assumed 'Blog' D:\wamp64\www\web\marx\Application\Home\Controller\IndexController.class.php ç¬¬ 7 è¡Œ.
SQL: SHOW COLUMNS FROM `tp_blog` [ RunTime:0.0013s ]
SQL: SELECT `title`,`id` FROM `tp_blog` WHERE `cid` = 1 ORDER BY time desc LIMIT 8   [ RunTime:0.0004s ]
SQL: SELECT `title`,`id` FROM `tp_blog` WHERE `cid` = 2 ORDER BY time desc LIMIT 6   [ RunTime:0.0004s ]
INFO: [ view_parse ] --START--
INFO: [ template_filter ] --START--
INFO: Run Behavior\ContentReplaceBehavior [ RunTime:0.000115s ]
INFO: [ template_filter ] --END-- [ RunTime:0.000227s ]
INFO: Run Behavior\ParseTemplateBehavior [ RunTime:0.043105s ]
INFO: [ view_parse ] --END-- [ RunTime:0.043283s ]
INFO: [ view_filter ] --START--
INFO: Run Behavior\WriteHtmlCacheBehavior [ RunTime:0.000850s ]
INFO: [ view_filter ] --END-- [ RunTime:0.001123s ]
INFO: [ app_end ] --START--
INFO: Run Behavior\ShowPageTraceBehavior [ RunTime:0.001234s ]
INFO: [ app_end ] --END-- [ RunTime:0.001400s ]

[ 2018-01-15T13:57:06+08:00 ] ::1 /web/marx/
INFO: [ app_init ] --START--
INFO: Run Behavior\BuildLiteBehavior [ RunTime:0.000021s ]
INFO: [ app_init ] --END-- [ RunTime:0.000335s ]
INFO: [ app_begin ] --START--
INFO: Run Behavior\ReadHtmlCacheBehavior [ RunTime:0.000389s ]
INFO: [ app_begin ] --END-- [ RunTime:0.000488s ]
NOTIC: [8] Use of undefined constant Blog - assumed 'Blog' D:\wamp64\www\web\marx\Application\Home\Controller\IndexController.class.php ç¬¬ 7 è¡Œ.
SQL: SHOW COLUMNS FROM `tp_blog` [ RunTime:0.0013s ]
SQL: SELECT `title`,`id` FROM `tp_blog` WHERE `cid` = 1 ORDER BY time desc LIMIT 8   [ RunTime:0.0010s ]
SQL: SELECT `title`,`id` FROM `tp_blog` WHERE `cid` = 2 ORDER BY time desc LIMIT 6   [ RunTime:0.0006s ]
INFO: [ view_parse ] --START--
INFO: [ template_filter ] --START--
INFO: Run Behavior\ContentReplaceBehavior [ RunTime:0.000110s ]
INFO: [ template_filter ] --END-- [ RunTime:0.000215s ]
INFO: Run Behavior\ParseTemplateBehavior [ RunTime:0.045907s ]
INFO: [ view_parse ] --END-- [ RunTime:0.046019s ]
INFO: [ view_filter ] --START--
INFO: Run Behavior\WriteHtmlCacheBehavior [ RunTime:0.000372s ]
INFO: [ view_filter ] --END-- [ RunTime:0.000467s ]
INFO: [ app_end ] --START--
INFO: Run Behavior\ShowPageTraceBehavior [ RunTime:0.002034s ]
INFO: [ app_end ] --END-- [ RunTime:0.002314s ]

[ 2018-01-15T13:57:40+08:00 ] ::1 /web/marx/index.php?s=/Home/Show/index/id/390.html
INFO: [ app_init ] --START--
INFO: Run Behavior\BuildLiteBehavior [ RunTime:0.000021s ]
INFO: [ app_init ] --END-- [ RunTime:0.000410s ]
INFO: [ app_begin ] --START--
INFO: Run Behavior\ReadHtmlCacheBehavior [ RunTime:0.000715s ]
INFO: [ app_begin ] --END-- [ RunTime:0.000917s ]
NOTIC: [8] Use of undefined constant blog - assumed 'blog' D:\wamp64\www\web\marx\Application\Home\Controller\ShowController.class.php ç¬¬ 13 è¡Œ.
SQL: SHOW COLUMNS FROM `tp_blog` [ RunTime:0.0014s ]
SQL: SELECT * FROM `tp_blog` WHERE `id` = 390  [ RunTime:0.0004s ]
NOTIC: [8] Use of undefined constant blog - assumed 'blog' D:\wamp64\www\web\marx\Application\Home\Controller\ShowController.class.php ç¬¬ 18 è¡Œ.
SQL: UPDATE `tp_blog` SET `click`='101' WHERE ( id=390 ) [ RunTime:0.0006s ]
INFO: [ view_parse ] --START--
INFO: [ template_filter ] --START--
INFO: Run Behavior\ContentReplaceBehavior [ RunTime:0.000094s ]
INFO: [ template_filter ] --END-- [ RunTime:0.000207s ]
INFO: Run Behavior\ParseTemplateBehavior [ RunTime:0.037445s ]
INFO: [ view_parse ] --END-- [ RunTime:0.037554s ]
INFO: [ view_filter ] --START--
INFO: Run Behavior\WriteHtmlCacheBehavior [ RunTime:0.000322s ]
INFO: [ view_filter ] --END-- [ RunTime:0.000417s ]
NOTIC: [8] Use of undefined constant cate - assumed 'cate' D:\wamp64\www\web\marx\Application\Home\Controller\ShowController.class.php ç¬¬ 35 è¡Œ.
SQL: SHOW COLUMNS FROM `tp_cate` [ RunTime:0.0827s ]
SQL: SELECT * FROM `tp_cate` WHERE `id` = 2  [ RunTime:0.0004s ]
NOTIC: [8] Use of undefined constant cate - assumed 'cate' D:\wamp64\www\web\marx\Application\Home\Controller\ShowController.class.php ç¬¬ 38 è¡Œ.
SQL: SELECT * FROM `tp_cate` WHERE `pid` = 28 ORDER BY id desc  [ RunTime:0.0003s ]
INFO: [ view_parse ] --START--
INFO: [ template_filter ] --START--
INFO: Run Behavior\ContentReplaceBehavior [ RunTime:0.000060s ]
INFO: [ template_filter ] --END-- [ RunTime:-0.113354s ]
INFO: Run Behavior\ParseTemplateBehavior [ RunTime:0.022639s ]
INFO: [ view_parse ] --END-- [ RunTime:-0.085588s ]
INFO: [ view_filter ] --START--
INFO: Run Behavior\WriteHtmlCacheBehavior [ RunTime:0.000028s ]
INFO: [ view_filter ] --END-- [ RunTime:-0.108059s ]
NOTIC: [2] Cannot modify header information - headers already sent by (output started at D:\wamp64\www\web\marx\ThinkPHP\Library\Think\View.class.php:95) D:\wamp64\www\web\marx\ThinkPHP\Library\Think\View.class.php ç¬¬ 91 è¡Œ.
NOTIC: [2] Cannot modify header information - headers already sent by (output started at D:\wamp64\www\web\marx\ThinkPHP\Library\Think\View.class.php:95) D:\wamp64\www\web\marx\ThinkPHP\Library\Think\View.class.php ç¬¬ 92 è¡Œ.
NOTIC: [2] Cannot modify header information - headers already sent by (output started at D:\wamp64\www\web\marx\ThinkPHP\Library\Think\View.class.php:95) D:\wamp64\www\web\marx\ThinkPHP\Library\Think\View.class.php ç¬¬ 93 è¡Œ.
INFO: [ app_end ] --START--
INFO: Run Behavior\ShowPageTraceBehavior [ RunTime:0.000560s ]
INFO: [ app_end ] --END-- [ RunTime:0.000663s ]

[ 2018-01-15T13:58:53+08:00 ] ::1 /web/marx/
INFO: [ app_init ] --START--
INFO: Run Behavior\BuildLiteBehavior [ RunTime:0.000024s ]
INFO: [ app_init ] --END-- [ RunTime:0.000397s ]
INFO: [ app_begin ] --START--
INFO: Run Behavior\ReadHtmlCacheBehavior [ RunTime:0.000419s ]
INFO: [ app_begin ] --END-- [ RunTime:0.000533s ]
NOTIC: [8] Use of undefined constant Blog - assumed 'Blog' D:\wamp64\www\web\marx\Application\Home\Controller\IndexController.class.php ç¬¬ 7 è¡Œ.
SQL: SHOW COLUMNS FROM `tp_blog` [ RunTime:0.0227s ]
SQL: SELECT `title`,`id` FROM `tp_blog` WHERE `cid` = 1 ORDER BY time desc LIMIT 8   [ RunTime:0.0005s ]
SQL: SELECT `title`,`id` FROM `tp_blog` WHERE `cid` = 2 ORDER BY time desc LIMIT 6   [ RunTime:0.0005s ]
INFO: [ view_parse ] --START--
INFO: [ template_filter ] --START--
INFO: Run Behavior\ContentReplaceBehavior [ RunTime:0.000181s ]
INFO: [ template_filter ] --END-- [ RunTime:0.000337s ]
INFO: Run Behavior\ParseTemplateBehavior [ RunTime:0.065944s ]
INFO: [ view_parse ] --END-- [ RunTime:0.066068s ]
INFO: [ view_filter ] --START--
INFO: Run Behavior\WriteHtmlCacheBehavior [ RunTime:0.000489s ]
INFO: [ view_filter ] --END-- [ RunTime:0.000598s ]
INFO: [ app_end ] --START--
INFO: Run Behavior\ShowPageTraceBehavior [ RunTime:0.038474s ]
INFO: [ app_end ] --END-- [ RunTime:0.038939s ]

[ 2018-01-15T14:08:26+08:00 ] ::1 /web/marx/
INFO: [ app_init ] --START--
INFO: Run Behavior\BuildLiteBehavior [ RunTime:0.000027s ]
INFO: [ app_init ] --END-- [ RunTime:0.000461s ]
INFO: [ app_begin ] --START--
INFO: Run Behavior\ReadHtmlCacheBehavior [ RunTime:0.000498s ]
INFO: [ app_begin ] --END-- [ RunTime:0.000617s ]
NOTIC: [8] Use of undefined constant Blog - assumed 'Blog' D:\wamp64\www\web\marx\Application\Home\Controller\IndexController.class.php ç¬¬ 7 è¡Œ.
SQL: SHOW COLUMNS FROM `tp_blog` [ RunTime:0.0011s ]
SQL: SELECT `title`,`id` FROM `tp_blog` WHERE `cid` = 1 ORDER BY time desc LIMIT 8   [ RunTime:0.0005s ]
SQL: SELECT `title`,`id` FROM `tp_blog` WHERE `cid` = 2 ORDER BY time desc LIMIT 6   [ RunTime:0.0004s ]
INFO: [ view_parse ] --START--
INFO: [ template_filter ] --START--
INFO: Run Behavior\ContentReplaceBehavior [ RunTime:0.000410s ]
INFO: [ template_filter ] --END-- [ RunTime:0.000636s ]
INFO: Run Behavior\ParseTemplateBehavior [ RunTime:0.070178s ]
INFO: [ view_parse ] --END-- [ RunTime:0.070409s ]
INFO: [ view_filter ] --START--
INFO: Run Behavior\WriteHtmlCacheBehavior [ RunTime:0.000431s ]
INFO: [ view_filter ] --END-- [ RunTime:0.000540s ]
INFO: [ app_end ] --START--
INFO: Run Behavior\ShowPageTraceBehavior [ RunTime:0.001598s ]
INFO: [ app_end ] --END-- [ RunTime:0.001768s ]

