[ 2018-01-02T09:51:40+08:00 ] ::1 /web/marx/index.php/Home/Index/index.html
INFO: [ app_init ] --START--
INFO: Run Behavior\BuildLiteBehavior [ RunTime:0.000028s ]
INFO: [ app_init ] --END-- [ RunTime:0.000481s ]
INFO: [ app_begin ] --START--
INFO: Run Behavior\ReadHtmlCacheBehavior [ RunTime:0.000647s ]
INFO: [ app_begin ] --END-- [ RunTime:0.000766s ]
NOTIC: [8] Use of undefined constant Blog - assumed 'Blog' D:\wamp64\www\web\marx\Application\Home\Controller\IndexController.class.php 第 7 行.
SQL: SHOW COLUMNS FROM `tp_blog` [ RunTime:0.0013s ]
SQL: SELECT `title`,`id` FROM `tp_blog` WHERE `cid` = 1 ORDER BY time desc LIMIT 8   [ RunTime:0.0008s ]
SQL: SELECT `title`,`id` FROM `tp_blog` WHERE `cid` = 2 ORDER BY time desc LIMIT 6   [ RunTime:0.0008s ]
INFO: [ view_parse ] --START--
INFO: [ template_filter ] --START--
INFO: Run Behavior\ContentReplaceBehavior [ RunTime:0.000124s ]
INFO: [ template_filter ] --END-- [ RunTime:0.000241s ]
INFO: Run Behavior\ParseTemplateBehavior [ RunTime:0.076450s ]
INFO: [ view_parse ] --END-- [ RunTime:0.076625s ]
INFO: [ view_filter ] --START--
INFO: Run Behavior\WriteHtmlCacheBehavior [ RunTime:0.000534s ]
INFO: [ view_filter ] --END-- [ RunTime:0.000631s ]
INFO: [ app_end ] --START--
INFO: Run Behavior\ShowPageTraceBehavior [ RunTime:0.000633s ]
INFO: [ app_end ] --END-- [ RunTime:0.000755s ]

[ 2018-01-02T09:51:44+08:00 ] ::1 /web/marx/index.php/Home/Index/index.html
INFO: [ app_init ] --START--
INFO: Run Behavior\BuildLiteBehavior [ RunTime:0.000046s ]
INFO: [ app_init ] --END-- [ RunTime:0.000429s ]
INFO: [ app_begin ] --START--
INFO: Run Behavior\ReadHtmlCacheBehavior [ RunTime:0.000582s ]
INFO: [ app_begin ] --END-- [ RunTime:0.000692s ]
NOTIC: [8] Use of undefined constant Blog - assumed 'Blog' D:\wamp64\www\web\marx\Application\Home\Controller\IndexController.class.php 第 7 行.
SQL: SHOW COLUMNS FROM `tp_blog` [ RunTime:0.0007s ]
SQL: SELECT `title`,`id` FROM `tp_blog` WHERE `cid` = 1 ORDER BY time desc LIMIT 8   [ RunTime:0.0005s ]
SQL: SELECT `title`,`id` FROM `tp_blog` WHERE `cid` = 2 ORDER BY time desc LIMIT 6   [ RunTime:0.0006s ]
INFO: [ view_parse ] --START--
INFO: [ template_filter ] --START--
INFO: Run Behavior\ContentReplaceBehavior [ RunTime:0.000184s ]
INFO: [ template_filter ] --END-- [ RunTime:0.000304s ]
INFO: Run Behavior\ParseTemplateBehavior [ RunTime:0.055395s ]
INFO: [ view_parse ] --END-- [ RunTime:0.055565s ]
INFO: [ view_filter ] --START--
INFO: Run Behavior\WriteHtmlCacheBehavior [ RunTime:0.000521s ]
INFO: [ view_filter ] --END-- [ RunTime:0.000620s ]
INFO: [ app_end ] --START--
INFO: Run Behavior\ShowPageTraceBehavior [ RunTime:0.000920s ]
INFO: [ app_end ] --END-- [ RunTime:0.001224s ]

[ 2018-01-02T09:53:30+08:00 ] ::1 /web/marx/index.php/Home/Index/index.html
INFO: [ app_init ] --START--
INFO: Run Behavior\BuildLiteBehavior [ RunTime:0.000024s ]
INFO: [ app_init ] --END-- [ RunTime:0.000442s ]
INFO: [ app_begin ] --START--
INFO: Run Behavior\ReadHtmlCacheBehavior [ RunTime:0.000885s ]
INFO: [ app_begin ] --END-- [ RunTime:0.001033s ]
NOTIC: [8] Use of undefined constant Blog - assumed 'Blog' D:\wamp64\www\web\marx\Application\Home\Controller\IndexController.class.php 第 7 行.
SQL: SHOW COLUMNS FROM `tp_blog` [ RunTime:0.0009s ]
SQL: SELECT `title`,`id` FROM `tp_blog` WHERE `cid` = 1 ORDER BY time desc LIMIT 8   [ RunTime:0.0005s ]
SQL: SELECT `title`,`id` FROM `tp_blog` WHERE `cid` = 2 ORDER BY time desc LIMIT 6   [ RunTime:0.0004s ]
INFO: [ view_parse ] --START--
INFO: [ template_filter ] --START--
INFO: Run Behavior\ContentReplaceBehavior [ RunTime:0.000114s ]
INFO: [ template_filter ] --END-- [ RunTime:0.000243s ]
INFO: Run Behavior\ParseTemplateBehavior [ RunTime:0.054155s ]
INFO: [ view_parse ] --END-- [ RunTime:0.054319s ]
INFO: [ view_filter ] --START--
INFO: Run Behavior\WriteHtmlCacheBehavior [ RunTime:0.000653s ]
INFO: [ view_filter ] --END-- [ RunTime:0.000806s ]
INFO: [ app_end ] --START--
INFO: Run Behavior\ShowPageTraceBehavior [ RunTime:0.001298s ]
INFO: [ app_end ] --END-- [ RunTime:0.001921s ]

[ 2018-01-02T09:54:14+08:00 ] ::1 /web/marx/index.php/Home/Lists/index/cid/4.html
INFO: [ app_init ] --START--
INFO: Run Behavior\BuildLiteBehavior [ RunTime:0.000027s ]
INFO: [ app_init ] --END-- [ RunTime:0.000427s ]
INFO: [ app_begin ] --START--
INFO: Run Behavior\ReadHtmlCacheBehavior [ RunTime:0.000492s ]
INFO: [ app_begin ] --END-- [ RunTime:0.000599s ]
NOTIC: [8] Use of undefined constant blog - assumed 'blog' D:\wamp64\www\web\marx\Application\Home\Controller\ListsController.class.php 第 13 行.
SQL: SHOW COLUMNS FROM `tp_blog` [ RunTime:0.0008s ]
SQL: SELECT * FROM `tp_blog` WHERE `cid` = 4 ORDER BY id desc  [ RunTime:0.0007s ]
NOTIC: [8] Use of undefined constant cate - assumed 'cate' D:\wamp64\www\web\marx\Application\Home\Controller\ListsController.class.php 第 14 行.
SQL: SHOW COLUMNS FROM `tp_cate` [ RunTime:0.0006s ]
SQL: SELECT * FROM `tp_cate` WHERE `id` = 4  [ RunTime:0.0005s ]
INFO: [ view_parse ] --START--
INFO: [ template_filter ] --START--
INFO: Run Behavior\ContentReplaceBehavior [ RunTime:0.000096s ]
INFO: [ template_filter ] --END-- [ RunTime:0.000257s ]
INFO: Run Behavior\ParseTemplateBehavior [ RunTime:0.055172s ]
INFO: [ view_parse ] --END-- [ RunTime:0.055292s ]
INFO: [ view_filter ] --START--
INFO: Run Behavior\WriteHtmlCacheBehavior [ RunTime:0.000639s ]
INFO: [ view_filter ] --END-- [ RunTime:0.000783s ]
NOTIC: [8] Use of undefined constant cate - assumed 'cate' D:\wamp64\www\web\marx\Application\Home\Controller\ListsController.class.php 第 24 行.
SQL: SELECT * FROM `tp_cate` WHERE `id` = 4  [ RunTime:0.0003s ]
NOTIC: [8] Use of undefined constant cate - assumed 'cate' D:\wamp64\www\web\marx\Application\Home\Controller\ListsController.class.php 第 27 行.
SQL: SELECT * FROM `tp_cate` WHERE `pid` = 29 ORDER BY id desc  [ RunTime:0.0007s ]
INFO: [ view_parse ] --START--
INFO: [ template_filter ] --START--
INFO: Run Behavior\ContentReplaceBehavior [ RunTime:0.000053s ]
INFO: [ template_filter ] --END-- [ RunTime:-0.043219s ]
INFO: Run Behavior\ParseTemplateBehavior [ RunTime:0.010523s ]
INFO: [ view_parse ] --END-- [ RunTime:-0.003589s ]
INFO: [ view_filter ] --START--
INFO: Run Behavior\WriteHtmlCacheBehavior [ RunTime:0.000027s ]
INFO: [ view_filter ] --END-- [ RunTime:-0.013498s ]
NOTIC: [2] Cannot modify header information - headers already sent by (output started at D:\wamp64\www\web\marx\ThinkPHP\Library\Think\View.class.php:95) D:\wamp64\www\web\marx\ThinkPHP\Library\Think\View.class.php 第 91 行.
NOTIC: [2] Cannot modify header information - headers already sent by (output started at D:\wamp64\www\web\marx\ThinkPHP\Library\Think\View.class.php:95) D:\wamp64\www\web\marx\ThinkPHP\Library\Think\View.class.php 第 92 行.
NOTIC: [2] Cannot modify header information - headers already sent by (output started at D:\wamp64\www\web\marx\ThinkPHP\Library\Think\View.class.php:95) D:\wamp64\www\web\marx\ThinkPHP\Library\Think\View.class.php 第 93 行.
INFO: [ app_end ] --START--
INFO: Run Behavior\ShowPageTraceBehavior [ RunTime:0.000692s ]
INFO: [ app_end ] --END-- [ RunTime:0.000795s ]

[ 2018-01-02T09:54:17+08:00 ] ::1 /web/marx/index.php/Home/Show/showdet/cid/3.html
INFO: [ app_init ] --START--
INFO: Run Behavior\BuildLiteBehavior [ RunTime:0.000023s ]
INFO: [ app_init ] --END-- [ RunTime:0.000364s ]
INFO: [ app_begin ] --START--
INFO: Run Behavior\ReadHtmlCacheBehavior [ RunTime:0.000574s ]
INFO: [ app_begin ] --END-- [ RunTime:0.000682s ]
NOTIC: [8] Use of undefined constant blog - assumed 'blog' D:\wamp64\www\web\marx\Application\Home\Controller\ShowController.class.php 第 26 行.
SQL: SHOW COLUMNS FROM `tp_blog` [ RunTime:0.0007s ]
SQL: SELECT * FROM `tp_blog` WHERE `cid` = 3  [ RunTime:0.0003s ]
INFO: [ view_parse ] --START--
INFO: [ template_filter ] --START--
INFO: Run Behavior\ContentReplaceBehavior [ RunTime:0.000081s ]
INFO: [ template_filter ] --END-- [ RunTime:0.000239s ]
INFO: Run Behavior\ParseTemplateBehavior [ RunTime:0.023491s ]
INFO: [ view_parse ] --END-- [ RunTime:0.023608s ]
INFO: [ view_filter ] --START--
INFO: Run Behavior\WriteHtmlCacheBehavior [ RunTime:0.000511s ]
INFO: [ view_filter ] --END-- [ RunTime:0.000608s ]
NOTIC: [8] Use of undefined constant cate - assumed 'cate' D:\wamp64\www\web\marx\Application\Home\Controller\ShowController.class.php 第 35 行.
SQL: SHOW COLUMNS FROM `tp_cate` [ RunTime:0.0022s ]
SQL: SELECT * FROM `tp_cate` WHERE `id` = 3  [ RunTime:0.0009s ]
NOTIC: [8] Use of undefined constant cate - assumed 'cate' D:\wamp64\www\web\marx\Application\Home\Controller\ShowController.class.php 第 38 行.
SQL: SELECT * FROM `tp_cate` WHERE `pid` = 29 ORDER BY id desc  [ RunTime:0.0004s ]
INFO: [ view_parse ] --START--
INFO: [ template_filter ] --START--
INFO: Run Behavior\ContentReplaceBehavior [ RunTime:0.000074s ]
INFO: [ template_filter ] --END-- [ RunTime:-0.017868s ]
INFO: Run Behavior\ParseTemplateBehavior [ RunTime:0.007843s ]
INFO: [ view_parse ] --END-- [ RunTime:-0.006139s ]
INFO: [ view_filter ] --START--
INFO: Run Behavior\WriteHtmlCacheBehavior [ RunTime:0.000031s ]
INFO: [ view_filter ] --END-- [ RunTime:-0.013537s ]
NOTIC: [2] Cannot modify header information - headers already sent by (output started at D:\wamp64\www\web\marx\ThinkPHP\Library\Think\View.class.php:95) D:\wamp64\www\web\marx\ThinkPHP\Library\Think\View.class.php 第 91 行.
NOTIC: [2] Cannot modify header information - headers already sent by (output started at D:\wamp64\www\web\marx\ThinkPHP\Library\Think\View.class.php:95) D:\wamp64\www\web\marx\ThinkPHP\Library\Think\View.class.php 第 92 行.
NOTIC: [2] Cannot modify header information - headers already sent by (output started at D:\wamp64\www\web\marx\ThinkPHP\Library\Think\View.class.php:95) D:\wamp64\www\web\marx\ThinkPHP\Library\Think\View.class.php 第 93 行.
INFO: [ app_end ] --START--
INFO: Run Behavior\ShowPageTraceBehavior [ RunTime:0.000924s ]
INFO: [ app_end ] --END-- [ RunTime:0.001039s ]

[ 2018-01-02T10:03:26+08:00 ] ::1 /web/marx/index.php/Home/Lists/index/cid/16.html
INFO: [ app_init ] --START--
INFO: Run Behavior\BuildLiteBehavior [ RunTime:0.000026s ]
INFO: [ app_init ] --END-- [ RunTime:0.000756s ]
INFO: [ app_begin ] --START--
INFO: Run Behavior\ReadHtmlCacheBehavior [ RunTime:0.000618s ]
INFO: [ app_begin ] --END-- [ RunTime:0.000727s ]
NOTIC: [8] Use of undefined constant blog - assumed 'blog' D:\wamp64\www\web\marx\Application\Home\Controller\ListsController.class.php 第 13 行.
SQL: SHOW COLUMNS FROM `tp_blog` [ RunTime:0.0010s ]
SQL: SELECT * FROM `tp_blog` WHERE `cid` = 16 ORDER BY id desc  [ RunTime:0.0009s ]
NOTIC: [8] Use of undefined constant cate - assumed 'cate' D:\wamp64\www\web\marx\Application\Home\Controller\ListsController.class.php 第 14 行.
SQL: SHOW COLUMNS FROM `tp_cate` [ RunTime:0.0012s ]
SQL: SELECT * FROM `tp_cate` WHERE `id` = 16  [ RunTime:0.0007s ]
INFO: [ view_parse ] --START--
INFO: [ template_filter ] --START--
INFO: Run Behavior\ContentReplaceBehavior [ RunTime:0.000098s ]
INFO: [ template_filter ] --END-- [ RunTime:0.000216s ]
INFO: Run Behavior\ParseTemplateBehavior [ RunTime:0.021097s ]
INFO: [ view_parse ] --END-- [ RunTime:0.021263s ]
INFO: [ view_filter ] --START--
INFO: Run Behavior\WriteHtmlCacheBehavior [ RunTime:0.000508s ]
INFO: [ view_filter ] --END-- [ RunTime:0.000605s ]
NOTIC: [8] Use of undefined constant cate - assumed 'cate' D:\wamp64\www\web\marx\Application\Home\Controller\ListsController.class.php 第 24 行.
SQL: SELECT * FROM `tp_cate` WHERE `id` = 16  [ RunTime:0.0003s ]
NOTIC: [8] Use of undefined constant cate - assumed 'cate' D:\wamp64\www\web\marx\Application\Home\Controller\ListsController.class.php 第 27 行.
SQL: SELECT * FROM `tp_cate` WHERE `pid` = 32 ORDER BY id desc  [ RunTime:0.0003s ]
INFO: [ view_parse ] --START--
INFO: [ template_filter ] --START--
INFO: Run Behavior\ContentReplaceBehavior [ RunTime:0.000089s ]
INFO: [ template_filter ] --END-- [ RunTime:-0.017698s ]
INFO: Run Behavior\ParseTemplateBehavior [ RunTime:0.006696s ]
INFO: [ view_parse ] --END-- [ RunTime:-0.002883s ]
INFO: [ view_filter ] --START--
INFO: Run Behavior\WriteHtmlCacheBehavior [ RunTime:0.000029s ]
INFO: [ view_filter ] --END-- [ RunTime:-0.009104s ]
NOTIC: [2] Cannot modify header information - headers already sent by (output started at D:\wamp64\www\web\marx\ThinkPHP\Library\Think\View.class.php:95) D:\wamp64\www\web\marx\ThinkPHP\Library\Think\View.class.php 第 91 行.
NOTIC: [2] Cannot modify header information - headers already sent by (output started at D:\wamp64\www\web\marx\ThinkPHP\Library\Think\View.class.php:95) D:\wamp64\www\web\marx\ThinkPHP\Library\Think\View.class.php 第 92 行.
NOTIC: [2] Cannot modify header information - headers already sent by (output started at D:\wamp64\www\web\marx\ThinkPHP\Library\Think\View.class.php:95) D:\wamp64\www\web\marx\ThinkPHP\Library\Think\View.class.php 第 93 行.
INFO: [ app_end ] --START--
INFO: Run Behavior\ShowPageTraceBehavior [ RunTime:0.001056s ]
INFO: [ app_end ] --END-- [ RunTime:0.001187s ]

[ 2018-01-02T10:03:28+08:00 ] ::1 /web/marx/index.php/Home/Show/index/id/330.html
INFO: [ app_init ] --START--
INFO: Run Behavior\BuildLiteBehavior [ RunTime:0.000023s ]
INFO: [ app_init ] --END-- [ RunTime:0.000402s ]
INFO: [ app_begin ] --START--
INFO: Run Behavior\ReadHtmlCacheBehavior [ RunTime:0.000622s ]
INFO: [ app_begin ] --END-- [ RunTime:0.000744s ]
NOTIC: [8] Use of undefined constant blog - assumed 'blog' D:\wamp64\www\web\marx\Application\Home\Controller\ShowController.class.php 第 13 行.
SQL: SHOW COLUMNS FROM `tp_blog` [ RunTime:0.0007s ]
SQL: SELECT * FROM `tp_blog` WHERE `id` = 330  [ RunTime:0.0003s ]
NOTIC: [8] Use of undefined constant blog - assumed 'blog' D:\wamp64\www\web\marx\Application\Home\Controller\ShowController.class.php 第 18 行.
SQL: UPDATE `tp_blog` SET `click`='104' WHERE ( id=330 ) [ RunTime:0.0004s ]
INFO: [ view_parse ] --START--
INFO: [ template_filter ] --START--
INFO: Run Behavior\ContentReplaceBehavior [ RunTime:0.000110s ]
INFO: [ template_filter ] --END-- [ RunTime:0.000263s ]
INFO: Run Behavior\ParseTemplateBehavior [ RunTime:0.016549s ]
INFO: [ view_parse ] --END-- [ RunTime:0.016690s ]
INFO: [ view_filter ] --START--
INFO: Run Behavior\WriteHtmlCacheBehavior [ RunTime:0.000427s ]
INFO: [ view_filter ] --END-- [ RunTime:0.000584s ]
NOTIC: [8] Use of undefined constant cate - assumed 'cate' D:\wamp64\www\web\marx\Application\Home\Controller\ShowController.class.php 第 35 行.
SQL: SHOW COLUMNS FROM `tp_cate` [ RunTime:0.0006s ]
SQL: SELECT * FROM `tp_cate` WHERE `id` = 16  [ RunTime:0.0004s ]
NOTIC: [8] Use of undefined constant cate - assumed 'cate' D:\wamp64\www\web\marx\Application\Home\Controller\ShowController.class.php 第 38 行.
SQL: SELECT * FROM `tp_cate` WHERE `pid` = 32 ORDER BY id desc  [ RunTime:0.0003s ]
INFO: [ view_parse ] --START--
INFO: [ template_filter ] --START--
INFO: Run Behavior\ContentReplaceBehavior [ RunTime:0.000052s ]
INFO: [ template_filter ] --END-- [ RunTime:-0.014466s ]
INFO: Run Behavior\ParseTemplateBehavior [ RunTime:0.006155s ]
INFO: [ view_parse ] --END-- [ RunTime:-0.003615s ]
INFO: [ view_filter ] --START--
INFO: Run Behavior\WriteHtmlCacheBehavior [ RunTime:0.000028s ]
INFO: [ view_filter ] --END-- [ RunTime:-0.009350s ]
NOTIC: [2] Cannot modify header information - headers already sent by (output started at D:\wamp64\www\web\marx\ThinkPHP\Library\Think\View.class.php:95) D:\wamp64\www\web\marx\ThinkPHP\Library\Think\View.class.php 第 91 行.
NOTIC: [2] Cannot modify header information - headers already sent by (output started at D:\wamp64\www\web\marx\ThinkPHP\Library\Think\View.class.php:95) D:\wamp64\www\web\marx\ThinkPHP\Library\Think\View.class.php 第 92 行.
NOTIC: [2] Cannot modify header information - headers already sent by (output started at D:\wamp64\www\web\marx\ThinkPHP\Library\Think\View.class.php:95) D:\wamp64\www\web\marx\ThinkPHP\Library\Think\View.class.php 第 93 行.
INFO: [ app_end ] --START--
INFO: Run Behavior\ShowPageTraceBehavior [ RunTime:0.000558s ]
INFO: [ app_end ] --END-- [ RunTime:0.000659s ]

[ 2018-01-02T10:14:03+08:00 ] ::1 /web/marx/index.php/Home/Index/index.html
INFO: [ app_init ] --START--
INFO: Run Behavior\BuildLiteBehavior [ RunTime:0.000021s ]
INFO: [ app_init ] --END-- [ RunTime:0.000504s ]
INFO: [ app_begin ] --START--
INFO: Run Behavior\ReadHtmlCacheBehavior [ RunTime:0.001150s ]
INFO: [ app_begin ] --END-- [ RunTime:0.001294s ]
NOTIC: [8] Use of undefined constant Blog - assumed 'Blog' D:\wamp64\www\web\marx\Application\Home\Controller\IndexController.class.php 第 7 行.
SQL: SHOW COLUMNS FROM `tp_blog` [ RunTime:0.0007s ]
SQL: SELECT `title`,`id` FROM `tp_blog` WHERE `cid` = 1 ORDER BY time desc LIMIT 8   [ RunTime:0.0006s ]
SQL: SELECT `title`,`id` FROM `tp_blog` WHERE `cid` = 2 ORDER BY time desc LIMIT 6   [ RunTime:0.0004s ]
INFO: [ view_parse ] --START--
INFO: [ template_filter ] --START--
INFO: Run Behavior\ContentReplaceBehavior [ RunTime:0.000295s ]
INFO: [ template_filter ] --END-- [ RunTime:0.000619s ]
INFO: Run Behavior\ParseTemplateBehavior [ RunTime:0.047949s ]
INFO: [ view_parse ] --END-- [ RunTime:0.048215s ]
INFO: [ view_filter ] --START--
INFO: Run Behavior\WriteHtmlCacheBehavior [ RunTime:0.001281s ]
INFO: [ view_filter ] --END-- [ RunTime:0.001539s ]
INFO: [ app_end ] --START--
INFO: Run Behavior\ShowPageTraceBehavior [ RunTime:0.002089s ]
INFO: [ app_end ] --END-- [ RunTime:0.002665s ]

[ 2018-01-02T10:14:09+08:00 ] ::1 /web/marx/index.php/Home/Show/index/id/393.html
INFO: [ app_init ] --START--
INFO: Run Behavior\BuildLiteBehavior [ RunTime:0.000023s ]
INFO: [ app_init ] --END-- [ RunTime:0.000454s ]
INFO: [ app_begin ] --START--
INFO: Run Behavior\ReadHtmlCacheBehavior [ RunTime:0.000705s ]
INFO: [ app_begin ] --END-- [ RunTime:0.000837s ]
NOTIC: [8] Use of undefined constant blog - assumed 'blog' D:\wamp64\www\web\marx\Application\Home\Controller\ShowController.class.php 第 13 行.
SQL: SHOW COLUMNS FROM `tp_blog` [ RunTime:0.0009s ]
SQL: SELECT * FROM `tp_blog` WHERE `id` = 393  [ RunTime:0.0004s ]
NOTIC: [8] Use of undefined constant blog - assumed 'blog' D:\wamp64\www\web\marx\Application\Home\Controller\ShowController.class.php 第 18 行.
SQL: UPDATE `tp_blog` SET `click`='102' WHERE ( id=393 ) [ RunTime:0.0004s ]
INFO: [ view_parse ] --START--
INFO: [ template_filter ] --START--
INFO: Run Behavior\ContentReplaceBehavior [ RunTime:0.000080s ]
INFO: [ template_filter ] --END-- [ RunTime:0.000182s ]
INFO: Run Behavior\ParseTemplateBehavior [ RunTime:0.016104s ]
INFO: [ view_parse ] --END-- [ RunTime:0.016216s ]
INFO: [ view_filter ] --START--
INFO: Run Behavior\WriteHtmlCacheBehavior [ RunTime:0.000444s ]
INFO: [ view_filter ] --END-- [ RunTime:0.000541s ]
NOTIC: [8] Use of undefined constant cate - assumed 'cate' D:\wamp64\www\web\marx\Application\Home\Controller\ShowController.class.php 第 35 行.
SQL: SHOW COLUMNS FROM `tp_cate` [ RunTime:0.0008s ]
SQL: SELECT * FROM `tp_cate` WHERE `id` = 2  [ RunTime:0.0004s ]
NOTIC: [8] Use of undefined constant cate - assumed 'cate' D:\wamp64\www\web\marx\Application\Home\Controller\ShowController.class.php 第 38 行.
SQL: SELECT * FROM `tp_cate` WHERE `pid` = 28 ORDER BY id desc  [ RunTime:0.0003s ]
INFO: [ view_parse ] --START--
INFO: [ template_filter ] --START--
INFO: Run Behavior\ContentReplaceBehavior [ RunTime:0.000050s ]
INFO: [ template_filter ] --END-- [ RunTime:-0.015758s ]
INFO: Run Behavior\ParseTemplateBehavior [ RunTime:0.005992s ]
INFO: [ view_parse ] --END-- [ RunTime:-0.003572s ]
INFO: [ view_filter ] --START--
INFO: Run Behavior\WriteHtmlCacheBehavior [ RunTime:0.000027s ]
INFO: [ view_filter ] --END-- [ RunTime:-0.009131s ]
NOTIC: [2] Cannot modify header information - headers already sent by (output started at D:\wamp64\www\web\marx\ThinkPHP\Library\Think\View.class.php:95) D:\wamp64\www\web\marx\ThinkPHP\Library\Think\View.class.php 第 91 行.
NOTIC: [2] Cannot modify header information - headers already sent by (output started at D:\wamp64\www\web\marx\ThinkPHP\Library\Think\View.class.php:95) D:\wamp64\www\web\marx\ThinkPHP\Library\Think\View.class.php 第 92 行.
NOTIC: [2] Cannot modify header information - headers already sent by (output started at D:\wamp64\www\web\marx\ThinkPHP\Library\Think\View.class.php:95) D:\wamp64\www\web\marx\ThinkPHP\Library\Think\View.class.php 第 93 行.
INFO: [ app_end ] --START--
INFO: Run Behavior\ShowPageTraceBehavior [ RunTime:0.000954s ]
INFO: [ app_end ] --END-- [ RunTime:0.001100s ]

[ 2018-01-02T10:14:12+08:00 ] ::1 /web/marx/index.php/Home/Show/index/id/401.html
INFO: [ app_init ] --START--
INFO: Run Behavior\BuildLiteBehavior [ RunTime:0.000032s ]
INFO: [ app_init ] --END-- [ RunTime:0.000483s ]
INFO: [ app_begin ] --START--
INFO: Run Behavior\ReadHtmlCacheBehavior [ RunTime:0.000518s ]
INFO: [ app_begin ] --END-- [ RunTime:0.000624s ]
NOTIC: [8] Use of undefined constant blog - assumed 'blog' D:\wamp64\www\web\marx\Application\Home\Controller\ShowController.class.php 第 13 行.
SQL: SHOW COLUMNS FROM `tp_blog` [ RunTime:0.0009s ]
SQL: SELECT * FROM `tp_blog` WHERE `id` = 401  [ RunTime:0.0004s ]
NOTIC: [8] Use of undefined constant blog - assumed 'blog' D:\wamp64\www\web\marx\Application\Home\Controller\ShowController.class.php 第 18 行.
SQL: UPDATE `tp_blog` SET `click`='101' WHERE ( id=401 ) [ RunTime:0.0003s ]
INFO: [ view_parse ] --START--
INFO: [ template_filter ] --START--
INFO: Run Behavior\ContentReplaceBehavior [ RunTime:0.000104s ]
INFO: [ template_filter ] --END-- [ RunTime:0.000239s ]
INFO: Run Behavior\ParseTemplateBehavior [ RunTime:0.015678s ]
INFO: [ view_parse ] --END-- [ RunTime:0.015861s ]
INFO: [ view_filter ] --START--
INFO: Run Behavior\WriteHtmlCacheBehavior [ RunTime:0.000431s ]
INFO: [ view_filter ] --END-- [ RunTime:0.000525s ]
NOTIC: [8] Use of undefined constant cate - assumed 'cate' D:\wamp64\www\web\marx\Application\Home\Controller\ShowController.class.php 第 35 行.
SQL: SHOW COLUMNS FROM `tp_cate` [ RunTime:0.0008s ]
SQL: SELECT * FROM `tp_cate` WHERE `id` = 1  [ RunTime:0.0004s ]
NOTIC: [8] Use of undefined constant cate - assumed 'cate' D:\wamp64\www\web\marx\Application\Home\Controller\ShowController.class.php 第 38 行.
SQL: SELECT * FROM `tp_cate` WHERE `pid` = 28 ORDER BY id desc  [ RunTime:0.0007s ]
INFO: [ view_parse ] --START--
INFO: [ template_filter ] --START--
INFO: Run Behavior\ContentReplaceBehavior [ RunTime:0.000063s ]
INFO: [ template_filter ] --END-- [ RunTime:-0.015732s ]
INFO: Run Behavior\ParseTemplateBehavior [ RunTime:0.008033s ]
INFO: [ view_parse ] --END-- [ RunTime:-0.004529s ]
INFO: [ view_filter ] --START--
INFO: Run Behavior\WriteHtmlCacheBehavior [ RunTime:0.000065s ]
INFO: [ view_filter ] --END-- [ RunTime:-0.012214s ]
NOTIC: [2] Cannot modify header information - headers already sent by (output started at D:\wamp64\www\web\marx\ThinkPHP\Library\Think\View.class.php:95) D:\wamp64\www\web\marx\ThinkPHP\Library\Think\View.class.php 第 91 行.
NOTIC: [2] Cannot modify header information - headers already sent by (output started at D:\wamp64\www\web\marx\ThinkPHP\Library\Think\View.class.php:95) D:\wamp64\www\web\marx\ThinkPHP\Library\Think\View.class.php 第 92 行.
NOTIC: [2] Cannot modify header information - headers already sent by (output started at D:\wamp64\www\web\marx\ThinkPHP\Library\Think\View.class.php:95) D:\wamp64\www\web\marx\ThinkPHP\Library\Think\View.class.php 第 93 行.
INFO: [ app_end ] --START--
INFO: Run Behavior\ShowPageTraceBehavior [ RunTime:0.000737s ]
INFO: [ app_end ] --END-- [ RunTime:0.000880s ]

