[ 2017-12-11T23:36:20+08:00 ] ::1 /web/marx/index.php/Admin
INFO: [ app_init ] --START--
INFO: Run Behavior\BuildLiteBehavior [ RunTime:0.000023s ]
INFO: [ app_init ] --END-- [ RunTime:0.000445s ]
INFO: [ app_begin ] --START--
INFO: Run Behavior\ReadHtmlCacheBehavior [ RunTime:0.000559s ]
INFO: [ app_begin ] --END-- [ RunTime:0.000692s ]
ERR: 无法加载控制器:Index

[ 2017-12-11T23:36:31+08:00 ] ::1 /web/marx/admin
INFO: [ app_init ] --START--
INFO: Run Behavior\BuildLiteBehavior [ RunTime:0.000021s ]
INFO: [ app_init ] --END-- [ RunTime:0.000385s ]
INFO: [ app_begin ] --START--
INFO: Run Behavior\ReadHtmlCacheBehavior [ RunTime:0.000498s ]
INFO: [ app_begin ] --END-- [ RunTime:0.000605s ]
ERR: 无法加载控制器:Index

[ 2017-12-11T23:36:42+08:00 ] ::1 /web/marx/Admin
INFO: [ app_init ] --START--
INFO: Run Behavior\BuildLiteBehavior [ RunTime:0.000022s ]
INFO: [ app_init ] --END-- [ RunTime:0.000379s ]
INFO: [ app_begin ] --START--
INFO: Run Behavior\ReadHtmlCacheBehavior [ RunTime:0.000659s ]
INFO: [ app_begin ] --END-- [ RunTime:0.000768s ]
ERR: 无法加载控制器:Index

[ 2017-12-11T23:37:36+08:00 ] ::1 /web/marx/Admin
INFO: [ app_init ] --START--
INFO: Run Behavior\BuildLiteBehavior [ RunTime:0.000021s ]
INFO: [ app_init ] --END-- [ RunTime:0.000408s ]
INFO: [ app_begin ] --START--
INFO: Run Behavior\ReadHtmlCacheBehavior [ RunTime:0.000519s ]
INFO: [ app_begin ] --END-- [ RunTime:0.000618s ]
INFO: [ app_end ] --START--
INFO: Run Behavior\ShowPageTraceBehavior [ RunTime:0.000540s ]
INFO: [ app_end ] --END-- [ RunTime:0.000660s ]

[ 2017-12-11T23:41:09+08:00 ] ::1 /web/marx/Admin
INFO: [ app_init ] --START--
INFO: Run Behavior\BuildLiteBehavior [ RunTime:0.000022s ]
INFO: [ app_init ] --END-- [ RunTime:0.000637s ]
INFO: [ app_begin ] --START--
INFO: Run Behavior\ReadHtmlCacheBehavior [ RunTime:0.000513s ]
INFO: [ app_begin ] --END-- [ RunTime:0.000623s ]
INFO: [ view_parse ] --START--
INFO: [ template_filter ] --START--
INFO: Run Behavior\ContentReplaceBehavior [ RunTime:0.000108s ]
INFO: [ template_filter ] --END-- [ RunTime:0.000213s ]
INFO: Run Behavior\ParseTemplateBehavior [ RunTime:0.044373s ]
INFO: [ view_parse ] --END-- [ RunTime:0.044508s ]
INFO: [ view_filter ] --START--
INFO: Run Behavior\WriteHtmlCacheBehavior [ RunTime:0.000355s ]
INFO: [ view_filter ] --END-- [ RunTime:0.000449s ]
INFO: [ app_end ] --START--
INFO: Run Behavior\ShowPageTraceBehavior [ RunTime:0.000513s ]
INFO: [ app_end ] --END-- [ RunTime:0.000609s ]

[ 2017-12-11T23:41:09+08:00 ] ::1 /web/marx/index.php/Admin/Index/content
INFO: [ app_init ] --START--
INFO: Run Behavior\BuildLiteBehavior [ RunTime:0.000024s ]
INFO: [ app_init ] --END-- [ RunTime:0.000450s ]
INFO: [ app_begin ] --START--
INFO: Run Behavior\ReadHtmlCacheBehavior [ RunTime:0.000549s ]
INFO: [ app_begin ] --END-- [ RunTime:0.000678s ]
INFO: [ view_parse ] --START--
INFO: [ template_filter ] --START--
INFO: Run Behavior\ContentReplaceBehavior [ RunTime:0.000075s ]
INFO: [ template_filter ] --END-- [ RunTime:0.000197s ]
INFO: Run Behavior\ParseTemplateBehavior [ RunTime:0.017137s ]
INFO: [ view_parse ] --END-- [ RunTime:0.017277s ]
INFO: [ view_filter ] --START--
INFO: Run Behavior\WriteHtmlCacheBehavior [ RunTime:0.000394s ]
INFO: [ view_filter ] --END-- [ RunTime:0.000505s ]
INFO: [ app_end ] --START--
INFO: Run Behavior\ShowPageTraceBehavior [ RunTime:0.000570s ]
INFO: [ app_end ] --END-- [ RunTime:0.000686s ]

[ 2017-12-11T23:41:15+08:00 ] ::1 /web/marx/index.php/Admin/Category/index
INFO: [ app_init ] --START--
INFO: Run Behavior\BuildLiteBehavior [ RunTime:0.000022s ]
INFO: [ app_init ] --END-- [ RunTime:0.000431s ]
INFO: [ app_begin ] --START--
INFO: Run Behavior\ReadHtmlCacheBehavior [ RunTime:0.000603s ]
INFO: [ app_begin ] --END-- [ RunTime:0.000795s ]
SQL: SHOW COLUMNS FROM `tp_cate` [ RunTime:0.1039s ]
SQL: SELECT * FROM `tp_cate` ORDER BY sort ASC  [ RunTime:0.0007s ]

[ 2017-12-11T23:41:21+08:00 ] ::1 /web/marx/index.php/Admin/Blog/index
INFO: [ app_init ] --START--
INFO: Run Behavior\BuildLiteBehavior [ RunTime:0.000023s ]
INFO: [ app_init ] --END-- [ RunTime:0.000391s ]
INFO: [ app_begin ] --START--
INFO: Run Behavior\ReadHtmlCacheBehavior [ RunTime:0.000474s ]
INFO: [ app_begin ] --END-- [ RunTime:0.000585s ]
SQL: SHOW COLUMNS FROM `tp_blog` [ RunTime:0.0006s ]
SQL: SELECT COUNT(*) AS tp_count FROM `tp_blog` WHERE ( del=0 ) LIMIT 1   [ RunTime:0.0339s ]
SQL: SHOW COLUMNS FROM `tp_blog` [ RunTime:0.0005s ]
SQL: SELECT `id`,`title`,`author`,`time`,`click`,`cid` FROM `tp_blog` WHERE `del` = 0 ORDER BY time DESC LIMIT 0,10   [ RunTime:0.0021s ]
SQL: SHOW COLUMNS FROM `tp_cate` [ RunTime:0.0008s ]
SQL: SELECT `name` FROM `tp_cate` WHERE ( 1=1 AND id='16' ) LIMIT 1   [ RunTime:0.0003s ]
SQL: SELECT `name` FROM `tp_cate` WHERE ( 1=1 AND id='16' ) LIMIT 1   [ RunTime:0.0003s ]
SQL: SELECT `name` FROM `tp_cate` WHERE ( 1=1 AND id='16' ) LIMIT 1   [ RunTime:0.0003s ]
SQL: SELECT `name` FROM `tp_cate` WHERE ( 1=1 AND id='16' ) LIMIT 1   [ RunTime:0.0003s ]
SQL: SELECT `name` FROM `tp_cate` WHERE ( 1=1 AND id='16' ) LIMIT 1   [ RunTime:0.0003s ]
SQL: SELECT `name` FROM `tp_cate` WHERE ( 1=1 AND id='16' ) LIMIT 1   [ RunTime:0.0003s ]
SQL: SELECT `name` FROM `tp_cate` WHERE ( 1=1 AND id='16' ) LIMIT 1   [ RunTime:0.0003s ]
SQL: SELECT `name` FROM `tp_cate` WHERE ( 1=1 AND id='16' ) LIMIT 1   [ RunTime:0.0003s ]
SQL: SELECT `name` FROM `tp_cate` WHERE ( 1=1 AND id='16' ) LIMIT 1   [ RunTime:0.0003s ]
SQL: SELECT `name` FROM `tp_cate` WHERE ( 1=1 AND id='16' ) LIMIT 1   [ RunTime:0.0003s ]
INFO: [ view_parse ] --START--
INFO: [ template_filter ] --START--
INFO: Run Behavior\ContentReplaceBehavior [ RunTime:0.000097s ]
INFO: [ template_filter ] --END-- [ RunTime:0.000240s ]
INFO: Run Behavior\ParseTemplateBehavior [ RunTime:0.031356s ]
INFO: [ view_parse ] --END-- [ RunTime:0.031515s ]
INFO: [ view_filter ] --START--
INFO: Run Behavior\WriteHtmlCacheBehavior [ RunTime:0.000340s ]
INFO: [ view_filter ] --END-- [ RunTime:0.000469s ]
INFO: [ app_end ] --START--
INFO: Run Behavior\ShowPageTraceBehavior [ RunTime:0.000569s ]
INFO: [ app_end ] --END-- [ RunTime:0.000675s ]

[ 2017-12-11T23:41:23+08:00 ] ::1 /web/marx/index.php/Admin/Blog/infoList
INFO: [ app_init ] --START--
INFO: Run Behavior\BuildLiteBehavior [ RunTime:0.000021s ]
INFO: [ app_init ] --END-- [ RunTime:0.000362s ]
INFO: [ app_begin ] --START--
INFO: Run Behavior\ReadHtmlCacheBehavior [ RunTime:0.000547s ]
INFO: [ app_begin ] --END-- [ RunTime:0.000648s ]
SQL: SHOW COLUMNS FROM `tp_cate` [ RunTime:0.0007s ]
SQL: SELECT * FROM `tp_cate` WHERE ( attr=2 )  [ RunTime:0.0004s ]
SQL: SHOW COLUMNS FROM `tp_blog` [ RunTime:0.0005s ]
SQL: SELECT `name` FROM `tp_cate` WHERE ( id=0 ) LIMIT 1   [ RunTime:0.0002s ]
SQL: SELECT * FROM `tp_blog` WHERE `cid` = 10 LIMIT 1   [ RunTime:0.0003s ]
SQL: SELECT `name` FROM `tp_cate` WHERE ( id=1 ) LIMIT 1   [ RunTime:0.0003s ]
SQL: SELECT * FROM `tp_blog` WHERE `cid` = 11 LIMIT 1   [ RunTime:0.0004s ]
SQL: SELECT `name` FROM `tp_cate` WHERE ( id=1 ) LIMIT 1   [ RunTime:0.0003s ]
SQL: SELECT * FROM `tp_blog` WHERE `cid` = 12 LIMIT 1   [ RunTime:0.0003s ]
SQL: SELECT `name` FROM `tp_cate` WHERE ( id=1 ) LIMIT 1   [ RunTime:0.0003s ]
SQL: SELECT * FROM `tp_blog` WHERE `cid` = 13 LIMIT 1   [ RunTime:0.0003s ]
SQL: SELECT `name` FROM `tp_cate` WHERE ( id=1 ) LIMIT 1   [ RunTime:0.0003s ]
SQL: SELECT * FROM `tp_blog` WHERE `cid` = 14 LIMIT 1   [ RunTime:0.0003s ]
SQL: SELECT `name` FROM `tp_cate` WHERE ( id=1 ) LIMIT 1   [ RunTime:0.0003s ]
SQL: SELECT * FROM `tp_blog` WHERE `cid` = 15 LIMIT 1   [ RunTime:0.0003s ]
SQL: SELECT `name` FROM `tp_cate` WHERE ( id=3 ) LIMIT 1   [ RunTime:0.0003s ]
SQL: SELECT * FROM `tp_blog` WHERE `cid` = 20 LIMIT 1   [ RunTime:0.0003s ]
SQL: SELECT `name` FROM `tp_cate` WHERE ( id=3 ) LIMIT 1   [ RunTime:0.0003s ]
SQL: SELECT * FROM `tp_blog` WHERE `cid` = 22 LIMIT 1   [ RunTime:0.0003s ]
SQL: SELECT `name` FROM `tp_cate` WHERE ( id=4 ) LIMIT 1   [ RunTime:0.0003s ]
SQL: SELECT * FROM `tp_blog` WHERE `cid` = 24 LIMIT 1   [ RunTime:0.0003s ]
SQL: SELECT `name` FROM `tp_cate` WHERE ( id=4 ) LIMIT 1   [ RunTime:0.0003s ]
SQL: SELECT * FROM `tp_blog` WHERE `cid` = 25 LIMIT 1   [ RunTime:0.0003s ]
SQL: SELECT `name` FROM `tp_cate` WHERE ( id=5 ) LIMIT 1   [ RunTime:0.0003s ]
SQL: SELECT * FROM `tp_blog` WHERE `cid` = 29 LIMIT 1   [ RunTime:0.0003s ]
SQL: SELECT `name` FROM `tp_cate` WHERE ( id=44 ) LIMIT 1   [ RunTime:0.0005s ]
SQL: SELECT * FROM `tp_blog` WHERE `cid` = 49 LIMIT 1   [ RunTime:0.0004s ]
SQL: SELECT `name` FROM `tp_cate` WHERE ( id=45 ) LIMIT 1   [ RunTime:0.0003s ]
SQL: SELECT * FROM `tp_blog` WHERE `cid` = 51 LIMIT 1   [ RunTime:0.0003s ]
SQL: SELECT `name` FROM `tp_cate` WHERE ( id=46 ) LIMIT 1   [ RunTime:0.0003s ]
SQL: SELECT * FROM `tp_blog` WHERE `cid` = 53 LIMIT 1   [ RunTime:0.0004s ]
INFO: [ view_parse ] --START--
INFO: [ template_filter ] --START--
INFO: Run Behavior\ContentReplaceBehavior [ RunTime:0.000101s ]
INFO: [ template_filter ] --END-- [ RunTime:0.000205s ]
INFO: Run Behavior\ParseTemplateBehavior [ RunTime:0.037629s ]
INFO: [ view_parse ] --END-- [ RunTime:0.037751s ]
INFO: [ view_filter ] --START--
INFO: Run Behavior\WriteHtmlCacheBehavior [ RunTime:0.000381s ]
INFO: [ view_filter ] --END-- [ RunTime:0.000485s ]
INFO: [ app_end ] --START--
INFO: Run Behavior\ShowPageTraceBehavior [ RunTime:0.000501s ]
INFO: [ app_end ] --END-- [ RunTime:0.000602s ]

[ 2017-12-11T23:41:23+08:00 ] ::1 /web/marx/index.php/Admin/Blog/trach
INFO: [ app_init ] --START--
INFO: Run Behavior\BuildLiteBehavior [ RunTime:0.000021s ]
INFO: [ app_init ] --END-- [ RunTime:0.000401s ]
INFO: [ app_begin ] --START--
INFO: Run Behavior\ReadHtmlCacheBehavior [ RunTime:0.000570s ]
INFO: [ app_begin ] --END-- [ RunTime:0.000671s ]
SQL: SHOW COLUMNS FROM `tp_blog` [ RunTime:0.0011s ]
SQL: SELECT COUNT(*) AS tp_count FROM `tp_blog` WHERE ( del=1 ) LIMIT 1   [ RunTime:0.0016s ]
SQL: SHOW COLUMNS FROM `tp_blog` [ RunTime:0.0005s ]
SQL: SELECT `id`,`title`,`author`,`time`,`click`,`cid` FROM `tp_blog` WHERE `del` = 1 ORDER BY time DESC LIMIT 0,10   [ RunTime:0.0016s ]
INFO: [ view_parse ] --START--
INFO: [ template_filter ] --START--
INFO: Run Behavior\ContentReplaceBehavior [ RunTime:0.000106s ]
INFO: [ template_filter ] --END-- [ RunTime:0.000261s ]
INFO: Run Behavior\ParseTemplateBehavior [ RunTime:0.011092s ]
INFO: [ view_parse ] --END-- [ RunTime:0.011215s ]
INFO: [ view_filter ] --START--
INFO: Run Behavior\WriteHtmlCacheBehavior [ RunTime:0.000356s ]
INFO: [ view_filter ] --END-- [ RunTime:0.000496s ]
INFO: [ app_end ] --START--
INFO: Run Behavior\ShowPageTraceBehavior [ RunTime:0.000497s ]
INFO: [ app_end ] --END-- [ RunTime:0.000592s ]

[ 2017-12-11T23:41:25+08:00 ] ::1 /web/marx/index.php/Admin/Blog/index
INFO: [ app_init ] --START--
INFO: Run Behavior\BuildLiteBehavior [ RunTime:0.000020s ]
INFO: [ app_init ] --END-- [ RunTime:0.000411s ]
INFO: [ app_begin ] --START--
INFO: Run Behavior\ReadHtmlCacheBehavior [ RunTime:0.000484s ]
INFO: [ app_begin ] --END-- [ RunTime:0.000587s ]
SQL: SHOW COLUMNS FROM `tp_blog` [ RunTime:0.0009s ]
SQL: SELECT COUNT(*) AS tp_count FROM `tp_blog` WHERE ( del=0 ) LIMIT 1   [ RunTime:0.0019s ]
SQL: SHOW COLUMNS FROM `tp_blog` [ RunTime:0.0007s ]
SQL: SELECT `id`,`title`,`author`,`time`,`click`,`cid` FROM `tp_blog` WHERE `del` = 0 ORDER BY time DESC LIMIT 0,10   [ RunTime:0.0023s ]
SQL: SHOW COLUMNS FROM `tp_cate` [ RunTime:0.0007s ]
SQL: SELECT `name` FROM `tp_cate` WHERE ( 1=1 AND id='16' ) LIMIT 1   [ RunTime:0.0003s ]
SQL: SELECT `name` FROM `tp_cate` WHERE ( 1=1 AND id='16' ) LIMIT 1   [ RunTime:0.0003s ]
SQL: SELECT `name` FROM `tp_cate` WHERE ( 1=1 AND id='16' ) LIMIT 1   [ RunTime:0.0003s ]
SQL: SELECT `name` FROM `tp_cate` WHERE ( 1=1 AND id='16' ) LIMIT 1   [ RunTime:0.0002s ]
SQL: SELECT `name` FROM `tp_cate` WHERE ( 1=1 AND id='16' ) LIMIT 1   [ RunTime:0.0003s ]
SQL: SELECT `name` FROM `tp_cate` WHERE ( 1=1 AND id='16' ) LIMIT 1   [ RunTime:0.0003s ]
SQL: SELECT `name` FROM `tp_cate` WHERE ( 1=1 AND id='16' ) LIMIT 1   [ RunTime:0.0002s ]
SQL: SELECT `name` FROM `tp_cate` WHERE ( 1=1 AND id='16' ) LIMIT 1   [ RunTime:0.0003s ]
SQL: SELECT `name` FROM `tp_cate` WHERE ( 1=1 AND id='16' ) LIMIT 1   [ RunTime:0.0003s ]
SQL: SELECT `name` FROM `tp_cate` WHERE ( 1=1 AND id='16' ) LIMIT 1   [ RunTime:0.0003s ]
INFO: [ view_parse ] --START--
INFO: [ template_filter ] --START--
INFO: Run Behavior\ContentReplaceBehavior [ RunTime:0.000094s ]
INFO: [ template_filter ] --END-- [ RunTime:0.000193s ]
INFO: Run Behavior\ParseTemplateBehavior [ RunTime:0.010124s ]
INFO: [ view_parse ] --END-- [ RunTime:0.010259s ]
INFO: [ view_filter ] --START--
INFO: Run Behavior\WriteHtmlCacheBehavior [ RunTime:0.000391s ]
INFO: [ view_filter ] --END-- [ RunTime:0.000493s ]
INFO: [ app_end ] --START--
INFO: Run Behavior\ShowPageTraceBehavior [ RunTime:0.000529s ]
INFO: [ app_end ] --END-- [ RunTime:0.000625s ]

[ 2017-12-11T23:41:30+08:00 ] ::1 /web/marx/index.php/Admin/Blog/addBlog
INFO: [ app_init ] --START--
INFO: Run Behavior\BuildLiteBehavior [ RunTime:0.000022s ]
INFO: [ app_init ] --END-- [ RunTime:0.000411s ]
INFO: [ app_begin ] --START--
INFO: Run Behavior\ReadHtmlCacheBehavior [ RunTime:0.000484s ]
INFO: [ app_begin ] --END-- [ RunTime:0.000587s ]
SQL: SHOW COLUMNS FROM `tp_cate` [ RunTime:0.0014s ]
SQL: SELECT * FROM `tp_cate` ORDER BY sort  [ RunTime:0.0004s ]

[ 2017-12-11T23:45:08+08:00 ] ::1 /web/marx/Admin
INFO: [ app_init ] --START--
INFO: Run Behavior\BuildLiteBehavior [ RunTime:0.000044s ]
INFO: [ app_init ] --END-- [ RunTime:0.000417s ]
INFO: [ app_begin ] --START--
INFO: Run Behavior\ReadHtmlCacheBehavior [ RunTime:0.000740s ]
INFO: [ app_begin ] --END-- [ RunTime:0.000845s ]
INFO: [ view_parse ] --START--
INFO: [ template_filter ] --START--
INFO: Run Behavior\ContentReplaceBehavior [ RunTime:0.000132s ]
INFO: [ template_filter ] --END-- [ RunTime:0.000240s ]
INFO: Run Behavior\ParseTemplateBehavior [ RunTime:0.012116s ]
INFO: [ view_parse ] --END-- [ RunTime:0.012247s ]
INFO: [ view_filter ] --START--
INFO: Run Behavior\WriteHtmlCacheBehavior [ RunTime:0.000584s ]
INFO: [ view_filter ] --END-- [ RunTime:0.000720s ]
INFO: [ app_end ] --START--
INFO: Run Behavior\ShowPageTraceBehavior [ RunTime:0.000900s ]
INFO: [ app_end ] --END-- [ RunTime:0.001067s ]

[ 2017-12-11T23:45:08+08:00 ] ::1 /web/marx/index.php/Admin/Index/content
INFO: [ app_init ] --START--
INFO: Run Behavior\BuildLiteBehavior [ RunTime:0.000023s ]
INFO: [ app_init ] --END-- [ RunTime:0.000446s ]
INFO: [ app_begin ] --START--
INFO: Run Behavior\ReadHtmlCacheBehavior [ RunTime:0.000573s ]
INFO: [ app_begin ] --END-- [ RunTime:0.000694s ]
INFO: [ view_parse ] --START--
INFO: [ template_filter ] --START--
INFO: Run Behavior\ContentReplaceBehavior [ RunTime:0.000072s ]
INFO: [ template_filter ] --END-- [ RunTime:0.000188s ]
INFO: Run Behavior\ParseTemplateBehavior [ RunTime:0.007723s ]
INFO: [ view_parse ] --END-- [ RunTime:0.007929s ]
INFO: [ view_filter ] --START--
INFO: Run Behavior\WriteHtmlCacheBehavior [ RunTime:0.000473s ]
INFO: [ view_filter ] --END-- [ RunTime:0.000590s ]
INFO: [ app_end ] --START--
INFO: Run Behavior\ShowPageTraceBehavior [ RunTime:0.000572s ]
INFO: [ app_end ] --END-- [ RunTime:0.000678s ]

[ 2017-12-11T23:45:12+08:00 ] ::1 /web/marx/index.php/Admin/Blog/index
INFO: [ app_init ] --START--
INFO: Run Behavior\BuildLiteBehavior [ RunTime:0.000022s ]
INFO: [ app_init ] --END-- [ RunTime:0.000448s ]
INFO: [ app_begin ] --START--
INFO: Run Behavior\ReadHtmlCacheBehavior [ RunTime:0.000525s ]
INFO: [ app_begin ] --END-- [ RunTime:0.000630s ]
SQL: SHOW COLUMNS FROM `tp_blog` [ RunTime:0.0009s ]
SQL: SELECT COUNT(*) AS tp_count FROM `tp_blog` WHERE ( del=0 ) LIMIT 1   [ RunTime:0.0021s ]
SQL: SHOW COLUMNS FROM `tp_blog` [ RunTime:0.0007s ]
SQL: SELECT `id`,`title`,`author`,`time`,`click`,`cid` FROM `tp_blog` WHERE `del` = 0 ORDER BY time DESC LIMIT 0,10   [ RunTime:0.0026s ]
SQL: SHOW COLUMNS FROM `tp_cate` [ RunTime:0.0008s ]
SQL: SELECT `name` FROM `tp_cate` WHERE ( 1=1 AND id='16' ) LIMIT 1   [ RunTime:0.0003s ]
SQL: SELECT `name` FROM `tp_cate` WHERE ( 1=1 AND id='16' ) LIMIT 1   [ RunTime:0.0004s ]
SQL: SELECT `name` FROM `tp_cate` WHERE ( 1=1 AND id='16' ) LIMIT 1   [ RunTime:0.0003s ]
SQL: SELECT `name` FROM `tp_cate` WHERE ( 1=1 AND id='16' ) LIMIT 1   [ RunTime:0.0003s ]
SQL: SELECT `name` FROM `tp_cate` WHERE ( 1=1 AND id='16' ) LIMIT 1   [ RunTime:0.0003s ]
SQL: SELECT `name` FROM `tp_cate` WHERE ( 1=1 AND id='16' ) LIMIT 1   [ RunTime:0.0003s ]
SQL: SELECT `name` FROM `tp_cate` WHERE ( 1=1 AND id='16' ) LIMIT 1   [ RunTime:0.0003s ]
SQL: SELECT `name` FROM `tp_cate` WHERE ( 1=1 AND id='16' ) LIMIT 1   [ RunTime:0.0003s ]
SQL: SELECT `name` FROM `tp_cate` WHERE ( 1=1 AND id='16' ) LIMIT 1   [ RunTime:0.0003s ]
SQL: SELECT `name` FROM `tp_cate` WHERE ( 1=1 AND id='16' ) LIMIT 1   [ RunTime:0.0003s ]
INFO: [ view_parse ] --START--
INFO: [ template_filter ] --START--
INFO: Run Behavior\ContentReplaceBehavior [ RunTime:0.000093s ]
INFO: [ template_filter ] --END-- [ RunTime:0.000216s ]
INFO: Run Behavior\ParseTemplateBehavior [ RunTime:0.011073s ]
INFO: [ view_parse ] --END-- [ RunTime:0.011295s ]
INFO: [ view_filter ] --START--
INFO: Run Behavior\WriteHtmlCacheBehavior [ RunTime:0.000462s ]
INFO: [ view_filter ] --END-- [ RunTime:0.000639s ]
INFO: [ app_end ] --START--
INFO: Run Behavior\ShowPageTraceBehavior [ RunTime:0.000758s ]
INFO: [ app_end ] --END-- [ RunTime:0.000911s ]

[ 2017-12-11T23:45:13+08:00 ] ::1 /web/marx/index.php/Admin/Blog/addBlog
INFO: [ app_init ] --START--
INFO: Run Behavior\BuildLiteBehavior [ RunTime:0.000022s ]
INFO: [ app_init ] --END-- [ RunTime:0.000387s ]
INFO: [ app_begin ] --START--
INFO: Run Behavior\ReadHtmlCacheBehavior [ RunTime:0.000572s ]
INFO: [ app_begin ] --END-- [ RunTime:0.000676s ]
SQL: SHOW COLUMNS FROM `tp_cate` [ RunTime:0.0011s ]
SQL: SELECT * FROM `tp_cate` ORDER BY sort  [ RunTime:0.0007s ]
INFO: [ view_parse ] --START--
INFO: [ template_filter ] --START--
INFO: Run Behavior\ContentReplaceBehavior [ RunTime:0.000100s ]
INFO: [ template_filter ] --END-- [ RunTime:0.000203s ]
NOTIC: [8] Undefined variable: blog D:\wamp64\www\web\marx\Application\Runtime\Cache\Admin\23baf280ad883decfca66f1b5e829b42.php 第 44 行.
NOTIC: [8] Undefined variable: blog D:\wamp64\www\web\marx\Application\Runtime\Cache\Admin\23baf280ad883decfca66f1b5e829b42.php 第 52 行.
NOTIC: [8] Undefined variable: blog D:\wamp64\www\web\marx\Application\Runtime\Cache\Admin\23baf280ad883decfca66f1b5e829b42.php 第 52 行.
NOTIC: [8] Undefined variable: blog D:\wamp64\www\web\marx\Application\Runtime\Cache\Admin\23baf280ad883decfca66f1b5e829b42.php 第 52 行.
NOTIC: [8] Undefined variable: blog D:\wamp64\www\web\marx\Application\Runtime\Cache\Admin\23baf280ad883decfca66f1b5e829b42.php 第 52 行.
NOTIC: [8] Undefined variable: blog D:\wamp64\www\web\marx\Application\Runtime\Cache\Admin\23baf280ad883decfca66f1b5e829b42.php 第 52 行.
NOTIC: [8] Undefined variable: blog D:\wamp64\www\web\marx\Application\Runtime\Cache\Admin\23baf280ad883decfca66f1b5e829b42.php 第 52 行.
NOTIC: [8] Undefined variable: blog D:\wamp64\www\web\marx\Application\Runtime\Cache\Admin\23baf280ad883decfca66f1b5e829b42.php 第 52 行.
NOTIC: [8] Undefined variable: blog D:\wamp64\www\web\marx\Application\Runtime\Cache\Admin\23baf280ad883decfca66f1b5e829b42.php 第 52 行.
NOTIC: [8] Undefined variable: blog D:\wamp64\www\web\marx\Application\Runtime\Cache\Admin\23baf280ad883decfca66f1b5e829b42.php 第 52 行.
NOTIC: [8] Undefined variable: blog D:\wamp64\www\web\marx\Application\Runtime\Cache\Admin\23baf280ad883decfca66f1b5e829b42.php 第 52 行.
NOTIC: [8] Undefined variable: blog D:\wamp64\www\web\marx\Application\Runtime\Cache\Admin\23baf280ad883decfca66f1b5e829b42.php 第 52 行.
NOTIC: [8] Undefined variable: blog D:\wamp64\www\web\marx\Application\Runtime\Cache\Admin\23baf280ad883decfca66f1b5e829b42.php 第 52 行.
NOTIC: [8] Undefined variable: blog D:\wamp64\www\web\marx\Application\Runtime\Cache\Admin\23baf280ad883decfca66f1b5e829b42.php 第 52 行.
NOTIC: [8] Undefined variable: blog D:\wamp64\www\web\marx\Application\Runtime\Cache\Admin\23baf280ad883decfca66f1b5e829b42.php 第 52 行.
NOTIC: [8] Undefined variable: blog D:\wamp64\www\web\marx\Application\Runtime\Cache\Admin\23baf280ad883decfca66f1b5e829b42.php 第 52 行.
NOTIC: [8] Undefined variable: blog D:\wamp64\www\web\marx\Application\Runtime\Cache\Admin\23baf280ad883decfca66f1b5e829b42.php 第 52 行.
NOTIC: [8] Undefined variable: blog D:\wamp64\www\web\marx\Application\Runtime\Cache\Admin\23baf280ad883decfca66f1b5e829b42.php 第 52 行.
NOTIC: [8] Undefined variable: blog D:\wamp64\www\web\marx\Application\Runtime\Cache\Admin\23baf280ad883decfca66f1b5e829b42.php 第 52 行.
NOTIC: [8] Undefined variable: blog D:\wamp64\www\web\marx\Application\Runtime\Cache\Admin\23baf280ad883decfca66f1b5e829b42.php 第 52 行.
NOTIC: [8] Undefined variable: blog D:\wamp64\www\web\marx\Application\Runtime\Cache\Admin\23baf280ad883decfca66f1b5e829b42.php 第 52 行.
NOTIC: [8] Undefined variable: blog D:\wamp64\www\web\marx\Application\Runtime\Cache\Admin\23baf280ad883decfca66f1b5e829b42.php 第 52 行.
NOTIC: [8] Undefined variable: blog D:\wamp64\www\web\marx\Application\Runtime\Cache\Admin\23baf280ad883decfca66f1b5e829b42.php 第 52 行.
NOTIC: [8] Undefined variable: blog D:\wamp64\www\web\marx\Application\Runtime\Cache\Admin\23baf280ad883decfca66f1b5e829b42.php 第 52 行.
NOTIC: [8] Undefined variable: blog D:\wamp64\www\web\marx\Application\Runtime\Cache\Admin\23baf280ad883decfca66f1b5e829b42.php 第 52 行.
NOTIC: [8] Undefined variable: blog D:\wamp64\www\web\marx\Application\Runtime\Cache\Admin\23baf280ad883decfca66f1b5e829b42.php 第 52 行.
NOTIC: [8] Undefined variable: blog D:\wamp64\www\web\marx\Application\Runtime\Cache\Admin\23baf280ad883decfca66f1b5e829b42.php 第 52 行.
NOTIC: [8] Undefined variable: blog D:\wamp64\www\web\marx\Application\Runtime\Cache\Admin\23baf280ad883decfca66f1b5e829b42.php 第 52 行.
NOTIC: [8] Undefined variable: blog D:\wamp64\www\web\marx\Application\Runtime\Cache\Admin\23baf280ad883decfca66f1b5e829b42.php 第 52 行.
NOTIC: [8] Undefined variable: blog D:\wamp64\www\web\marx\Application\Runtime\Cache\Admin\23baf280ad883decfca66f1b5e829b42.php 第 52 行.
NOTIC: [8] Undefined variable: blog D:\wamp64\www\web\marx\Application\Runtime\Cache\Admin\23baf280ad883decfca66f1b5e829b42.php 第 52 行.
NOTIC: [8] Undefined variable: blog D:\wamp64\www\web\marx\Application\Runtime\Cache\Admin\23baf280ad883decfca66f1b5e829b42.php 第 52 行.
NOTIC: [8] Undefined variable: blog D:\wamp64\www\web\marx\Application\Runtime\Cache\Admin\23baf280ad883decfca66f1b5e829b42.php 第 52 行.
NOTIC: [8] Undefined variable: blog D:\wamp64\www\web\marx\Application\Runtime\Cache\Admin\23baf280ad883decfca66f1b5e829b42.php 第 52 行.
NOTIC: [8] Undefined variable: blog D:\wamp64\www\web\marx\Application\Runtime\Cache\Admin\23baf280ad883decfca66f1b5e829b42.php 第 52 行.
NOTIC: [8] Undefined variable: blog D:\wamp64\www\web\marx\Application\Runtime\Cache\Admin\23baf280ad883decfca66f1b5e829b42.php 第 52 行.
NOTIC: [8] Undefined variable: blog D:\wamp64\www\web\marx\Application\Runtime\Cache\Admin\23baf280ad883decfca66f1b5e829b42.php 第 52 行.
NOTIC: [8] Undefined variable: blog D:\wamp64\www\web\marx\Application\Runtime\Cache\Admin\23baf280ad883decfca66f1b5e829b42.php 第 52 行.
NOTIC: [8] Undefined variable: blog D:\wamp64\www\web\marx\Application\Runtime\Cache\Admin\23baf280ad883decfca66f1b5e829b42.php 第 52 行.
NOTIC: [8] Undefined variable: blog D:\wamp64\www\web\marx\Application\Runtime\Cache\Admin\23baf280ad883decfca66f1b5e829b42.php 第 52 行.
NOTIC: [8] Undefined variable: blog D:\wamp64\www\web\marx\Application\Runtime\Cache\Admin\23baf280ad883decfca66f1b5e829b42.php 第 52 行.
NOTIC: [8] Undefined variable: blog D:\wamp64\www\web\marx\Application\Runtime\Cache\Admin\23baf280ad883decfca66f1b5e829b42.php 第 52 行.
NOTIC: [8] Undefined variable: blog D:\wamp64\www\web\marx\Application\Runtime\Cache\Admin\23baf280ad883decfca66f1b5e829b42.php 第 52 行.
NOTIC: [8] Undefined variable: blog D:\wamp64\www\web\marx\Application\Runtime\Cache\Admin\23baf280ad883decfca66f1b5e829b42.php 第 52 行.
NOTIC: [8] Undefined variable: blog D:\wamp64\www\web\marx\Application\Runtime\Cache\Admin\23baf280ad883decfca66f1b5e829b42.php 第 52 行.
NOTIC: [8] Undefined variable: blog D:\wamp64\www\web\marx\Application\Runtime\Cache\Admin\23baf280ad883decfca66f1b5e829b42.php 第 52 行.
NOTIC: [8] Undefined variable: blog D:\wamp64\www\web\marx\Application\Runtime\Cache\Admin\23baf280ad883decfca66f1b5e829b42.php 第 52 行.
NOTIC: [8] Undefined variable: blog D:\wamp64\www\web\marx\Application\Runtime\Cache\Admin\23baf280ad883decfca66f1b5e829b42.php 第 52 行.
NOTIC: [8] Undefined variable: blog D:\wamp64\www\web\marx\Application\Runtime\Cache\Admin\23baf280ad883decfca66f1b5e829b42.php 第 52 行.
NOTIC: [8] Undefined variable: blog D:\wamp64\www\web\marx\Application\Runtime\Cache\Admin\23baf280ad883decfca66f1b5e829b42.php 第 52 行.
NOTIC: [8] Undefined variable: blog D:\wamp64\www\web\marx\Application\Runtime\Cache\Admin\23baf280ad883decfca66f1b5e829b42.php 第 52 行.
NOTIC: [8] Undefined variable: blog D:\wamp64\www\web\marx\Application\Runtime\Cache\Admin\23baf280ad883decfca66f1b5e829b42.php 第 52 行.
NOTIC: [8] Undefined variable: blog D:\wamp64\www\web\marx\Application\Runtime\Cache\Admin\23baf280ad883decfca66f1b5e829b42.php 第 52 行.
NOTIC: [8] Undefined variable: blog D:\wamp64\www\web\marx\Application\Runtime\Cache\Admin\23baf280ad883decfca66f1b5e829b42.php 第 52 行.
NOTIC: [8] Undefined variable: blog D:\wamp64\www\web\marx\Application\Runtime\Cache\Admin\23baf280ad883decfca66f1b5e829b42.php 第 52 行.
NOTIC: [8] Undefined variable: blog D:\wamp64\www\web\marx\Application\Runtime\Cache\Admin\23baf280ad883decfca66f1b5e829b42.php 第 77 行.
INFO: Run Behavior\ParseTemplateBehavior [ RunTime:0.057442s ]
INFO: [ view_parse ] --END-- [ RunTime:0.057558s ]
INFO: [ view_filter ] --START--
INFO: Run Behavior\WriteHtmlCacheBehavior [ RunTime:0.000491s ]
INFO: [ view_filter ] --END-- [ RunTime:0.000645s ]
INFO: [ app_end ] --START--
INFO: Run Behavior\ShowPageTraceBehavior [ RunTime:0.001071s ]
INFO: [ app_end ] --END-- [ RunTime:0.001184s ]

