[ 2017-12-13T09:36:57+08:00 ] ::1 /web/marx/index.php/Admin/Blog/addBlog
INFO: [ app_init ] --START--
INFO: Run Behavior\BuildLiteBehavior [ RunTime:0.000021s ]
INFO: [ app_init ] --END-- [ RunTime:0.000436s ]
INFO: [ app_begin ] --START--
INFO: Run Behavior\ReadHtmlCacheBehavior [ RunTime:0.000630s ]
INFO: [ app_begin ] --END-- [ RunTime:0.000791s ]
SQL: SHOW COLUMNS FROM `tp_cate` [ RunTime:0.0015s ]
SQL: SELECT * FROM `tp_cate` ORDER BY sort  [ RunTime:0.0007s ]
INFO: [ view_parse ] --START--
INFO: [ template_filter ] --START--
INFO: Run Behavior\ContentReplaceBehavior [ RunTime:0.000109s ]
INFO: [ template_filter ] --END-- [ RunTime:0.000259s ]
NOTIC: [8] Undefined variable: blog D:\wamp64\www\web\marx\Application\Runtime\Cache\Admin\23baf280ad883decfca66f1b5e829b42.php 第 44 行.
NOTIC: [8] Undefined variable: blog D:\wamp64\www\web\marx\Application\Runtime\Cache\Admin\23baf280ad883decfca66f1b5e829b42.php 第 52 行.
NOTIC: [8] Undefined variable: blog D:\wamp64\www\web\marx\Application\Runtime\Cache\Admin\23baf280ad883decfca66f1b5e829b42.php 第 52 行.
NOTIC: [8] Undefined variable: blog D:\wamp64\www\web\marx\Application\Runtime\Cache\Admin\23baf280ad883decfca66f1b5e829b42.php 第 52 行.
NOTIC: [8] Undefined variable: blog D:\wamp64\www\web\marx\Application\Runtime\Cache\Admin\23baf280ad883decfca66f1b5e829b42.php 第 52 行.
NOTIC: [8] Undefined variable: blog D:\wamp64\www\web\marx\Application\Runtime\Cache\Admin\23baf280ad883decfca66f1b5e829b42.php 第 52 行.
NOTIC: [8] Undefined variable: blog D:\wamp64\www\web\marx\Application\Runtime\Cache\Admin\23baf280ad883decfca66f1b5e829b42.php 第 52 行.
NOTIC: [8] Undefined variable: blog D:\wamp64\www\web\marx\Application\Runtime\Cache\Admin\23baf280ad883decfca66f1b5e829b42.php 第 52 行.
NOTIC: [8] Undefined variable: blog D:\wamp64\www\web\marx\Application\Runtime\Cache\Admin\23baf280ad883decfca66f1b5e829b42.php 第 52 行.
NOTIC: [8] Undefined variable: blog D:\wamp64\www\web\marx\Application\Runtime\Cache\Admin\23baf280ad883decfca66f1b5e829b42.php 第 52 行.
NOTIC: [8] Undefined variable: blog D:\wamp64\www\web\marx\Application\Runtime\Cache\Admin\23baf280ad883decfca66f1b5e829b42.php 第 52 行.
NOTIC: [8] Undefined variable: blog D:\wamp64\www\web\marx\Application\Runtime\Cache\Admin\23baf280ad883decfca66f1b5e829b42.php 第 52 行.
NOTIC: [8] Undefined variable: blog D:\wamp64\www\web\marx\Application\Runtime\Cache\Admin\23baf280ad883decfca66f1b5e829b42.php 第 52 行.
NOTIC: [8] Undefined variable: blog D:\wamp64\www\web\marx\Application\Runtime\Cache\Admin\23baf280ad883decfca66f1b5e829b42.php 第 52 行.
NOTIC: [8] Undefined variable: blog D:\wamp64\www\web\marx\Application\Runtime\Cache\Admin\23baf280ad883decfca66f1b5e829b42.php 第 52 行.
NOTIC: [8] Undefined variable: blog D:\wamp64\www\web\marx\Application\Runtime\Cache\Admin\23baf280ad883decfca66f1b5e829b42.php 第 52 行.
NOTIC: [8] Undefined variable: blog D:\wamp64\www\web\marx\Application\Runtime\Cache\Admin\23baf280ad883decfca66f1b5e829b42.php 第 52 行.
NOTIC: [8] Undefined variable: blog D:\wamp64\www\web\marx\Application\Runtime\Cache\Admin\23baf280ad883decfca66f1b5e829b42.php 第 52 行.
NOTIC: [8] Undefined variable: blog D:\wamp64\www\web\marx\Application\Runtime\Cache\Admin\23baf280ad883decfca66f1b5e829b42.php 第 52 行.
NOTIC: [8] Undefined variable: blog D:\wamp64\www\web\marx\Application\Runtime\Cache\Admin\23baf280ad883decfca66f1b5e829b42.php 第 52 行.
NOTIC: [8] Undefined variable: blog D:\wamp64\www\web\marx\Application\Runtime\Cache\Admin\23baf280ad883decfca66f1b5e829b42.php 第 52 行.
NOTIC: [8] Undefined variable: blog D:\wamp64\www\web\marx\Application\Runtime\Cache\Admin\23baf280ad883decfca66f1b5e829b42.php 第 52 行.
NOTIC: [8] Undefined variable: blog D:\wamp64\www\web\marx\Application\Runtime\Cache\Admin\23baf280ad883decfca66f1b5e829b42.php 第 52 行.
NOTIC: [8] Undefined variable: blog D:\wamp64\www\web\marx\Application\Runtime\Cache\Admin\23baf280ad883decfca66f1b5e829b42.php 第 52 行.
NOTIC: [8] Undefined variable: blog D:\wamp64\www\web\marx\Application\Runtime\Cache\Admin\23baf280ad883decfca66f1b5e829b42.php 第 52 行.
NOTIC: [8] Undefined variable: blog D:\wamp64\www\web\marx\Application\Runtime\Cache\Admin\23baf280ad883decfca66f1b5e829b42.php 第 52 行.
NOTIC: [8] Undefined variable: blog D:\wamp64\www\web\marx\Application\Runtime\Cache\Admin\23baf280ad883decfca66f1b5e829b42.php 第 52 行.
NOTIC: [8] Undefined variable: blog D:\wamp64\www\web\marx\Application\Runtime\Cache\Admin\23baf280ad883decfca66f1b5e829b42.php 第 52 行.
NOTIC: [8] Undefined variable: blog D:\wamp64\www\web\marx\Application\Runtime\Cache\Admin\23baf280ad883decfca66f1b5e829b42.php 第 52 行.
NOTIC: [8] Undefined variable: blog D:\wamp64\www\web\marx\Application\Runtime\Cache\Admin\23baf280ad883decfca66f1b5e829b42.php 第 52 行.
NOTIC: [8] Undefined variable: blog D:\wamp64\www\web\marx\Application\Runtime\Cache\Admin\23baf280ad883decfca66f1b5e829b42.php 第 52 行.
NOTIC: [8] Undefined variable: blog D:\wamp64\www\web\marx\Application\Runtime\Cache\Admin\23baf280ad883decfca66f1b5e829b42.php 第 52 行.
NOTIC: [8] Undefined variable: blog D:\wamp64\www\web\marx\Application\Runtime\Cache\Admin\23baf280ad883decfca66f1b5e829b42.php 第 52 行.
NOTIC: [8] Undefined variable: blog D:\wamp64\www\web\marx\Application\Runtime\Cache\Admin\23baf280ad883decfca66f1b5e829b42.php 第 52 行.
NOTIC: [8] Undefined variable: blog D:\wamp64\www\web\marx\Application\Runtime\Cache\Admin\23baf280ad883decfca66f1b5e829b42.php 第 77 行.
INFO: Run Behavior\ParseTemplateBehavior [ RunTime:0.014970s ]
INFO: [ view_parse ] --END-- [ RunTime:0.015078s ]
INFO: [ view_filter ] --START--
INFO: Run Behavior\WriteHtmlCacheBehavior [ RunTime:0.000368s ]
INFO: [ view_filter ] --END-- [ RunTime:0.000465s ]
INFO: [ app_end ] --START--
INFO: Run Behavior\ShowPageTraceBehavior [ RunTime:0.000499s ]
INFO: [ app_end ] --END-- [ RunTime:0.000599s ]

