[ 2018-01-14T19:25:11+08:00 ] 192.168.8.1 /index.php?s=/Admin
INFO: [ app_init ] --START--
INFO: Run Behavior\BuildLiteBehavior [ RunTime:0.000051s ]
INFO: [ app_init ] --END-- [ RunTime:0.000178s ]
INFO: [ app_begin ] --START--
INFO: Run Behavior\ReadHtmlCacheBehavior [ RunTime:0.000064s ]
INFO: [ app_begin ] --END-- [ RunTime:0.000159s ]

[ 2018-01-14T19:25:11+08:00 ] 192.168.8.1 /index.php?s=/Admin/Login/index.html
INFO: [ app_init ] --START--
INFO: Run Behavior\BuildLiteBehavior [ RunTime:0.000010s ]
INFO: [ app_init ] --END-- [ RunTime:0.000084s ]
INFO: [ app_begin ] --START--
INFO: Run Behavior\ReadHtmlCacheBehavior [ RunTime:0.000065s ]
INFO: [ app_begin ] --END-- [ RunTime:0.000106s ]
INFO: [ view_parse ] --START--
INFO: [ template_filter ] --START--
INFO: Run Behavior\ContentReplaceBehavior [ RunTime:0.000042s ]
INFO: [ template_filter ] --END-- [ RunTime:0.000083s ]
INFO: Run Behavior\ParseTemplateBehavior [ RunTime:0.017018s ]
INFO: [ view_parse ] --END-- [ RunTime:0.017065s ]
INFO: [ view_filter ] --START--
INFO: Run Behavior\WriteHtmlCacheBehavior [ RunTime:0.000061s ]
INFO: [ view_filter ] --END-- [ RunTime:0.000081s ]
INFO: [ app_end ] --START--
INFO: Run Behavior\ShowPageTraceBehavior [ RunTime:0.000068s ]
INFO: [ app_end ] --END-- [ RunTime:0.000124s ]

[ 2018-01-14T19:25:11+08:00 ] 192.168.8.1 /index.php?s=/Admin/Login/verify
INFO: [ app_init ] --START--
INFO: Run Behavior\BuildLiteBehavior [ RunTime:0.000009s ]
INFO: [ app_init ] --END-- [ RunTime:0.000114s ]
INFO: [ app_begin ] --START--
INFO: Run Behavior\ReadHtmlCacheBehavior [ RunTime:0.000048s ]
INFO: [ app_begin ] --END-- [ RunTime:0.000077s ]
INFO: [ app_end ] --START--
INFO: Run Behavior\ShowPageTraceBehavior [ RunTime:0.000126s ]
INFO: [ app_end ] --END-- [ RunTime:0.000179s ]

[ 2018-01-14T19:25:15+08:00 ] 192.168.8.1 /index.php?s=/Admin/Login/index.html
INFO: [ app_init ] --START--
INFO: Run Behavior\BuildLiteBehavior [ RunTime:0.000011s ]
INFO: [ app_init ] --END-- [ RunTime:0.000119s ]
INFO: [ app_begin ] --START--
INFO: Run Behavior\ReadHtmlCacheBehavior [ RunTime:0.000091s ]
INFO: [ app_begin ] --END-- [ RunTime:0.000135s ]
INFO: [ view_parse ] --START--
INFO: [ template_filter ] --START--
INFO: Run Behavior\ContentReplaceBehavior [ RunTime:0.000059s ]
INFO: [ template_filter ] --END-- [ RunTime:0.000221s ]
INFO: Run Behavior\ParseTemplateBehavior [ RunTime:0.002188s ]
INFO: [ view_parse ] --END-- [ RunTime:0.002226s ]
INFO: [ view_filter ] --START--
INFO: Run Behavior\WriteHtmlCacheBehavior [ RunTime:0.000060s ]
INFO: [ view_filter ] --END-- [ RunTime:0.000080s ]
INFO: [ app_end ] --START--
INFO: Run Behavior\ShowPageTraceBehavior [ RunTime:0.000213s ]
INFO: [ app_end ] --END-- [ RunTime:0.000234s ]

[ 2018-01-14T19:25:15+08:00 ] 192.168.8.1 /index.php?s=/Admin/Login/verify
INFO: [ app_init ] --START--
INFO: Run Behavior\BuildLiteBehavior [ RunTime:0.000008s ]
INFO: [ app_init ] --END-- [ RunTime:0.000080s ]
INFO: [ app_begin ] --START--
INFO: Run Behavior\ReadHtmlCacheBehavior [ RunTime:0.000074s ]
INFO: [ app_begin ] --END-- [ RunTime:0.000169s ]
INFO: [ app_end ] --START--
INFO: Run Behavior\ShowPageTraceBehavior [ RunTime:0.000113s ]
INFO: [ app_end ] --END-- [ RunTime:0.000263s ]

[ 2018-01-14T19:25:30+08:00 ] 192.168.8.1 /index.php?s=/Admin/Login/login
INFO: [ app_init ] --START--
INFO: Run Behavior\BuildLiteBehavior [ RunTime:0.000009s ]
INFO: [ app_init ] --END-- [ RunTime:0.000100s ]
INFO: [ app_begin ] --START--
INFO: Run Behavior\ReadHtmlCacheBehavior [ RunTime:0.000049s ]
INFO: [ app_begin ] --END-- [ RunTime:0.000076s ]
SQL: SHOW COLUMNS FROM `tp_user` [ RunTime:0.0163s ]
SQL: SELECT * FROM `tp_user` WHERE `username` = 'admin' LIMIT 1   [ RunTime:0.0008s ]
INFO: [ view_parse ] --START--
INFO: [ template_filter ] --START--
INFO: Run Behavior\ContentReplaceBehavior [ RunTime:0.000035s ]
INFO: [ template_filter ] --END-- [ RunTime:0.000072s ]
INFO: Run Behavior\ParseTemplateBehavior [ RunTime:0.011859s ]
INFO: [ view_parse ] --END-- [ RunTime:0.011895s ]
INFO: [ view_filter ] --START--
INFO: Run Behavior\WriteHtmlCacheBehavior [ RunTime:0.000059s ]
INFO: [ view_filter ] --END-- [ RunTime:0.000078s ]

[ 2018-01-14T19:26:12+08:00 ] 192.168.8.1 /index.php?s=/Admin/Login/login
INFO: [ app_init ] --START--
INFO: Run Behavior\BuildLiteBehavior [ RunTime:0.000012s ]
INFO: [ app_init ] --END-- [ RunTime:0.000160s ]
INFO: [ app_begin ] --START--
INFO: Run Behavior\ReadHtmlCacheBehavior [ RunTime:0.000081s ]
INFO: [ app_begin ] --END-- [ RunTime:0.000121s ]
INFO: [ view_parse ] --START--
INFO: [ template_filter ] --START--
INFO: Run Behavior\ContentReplaceBehavior [ RunTime:0.000050s ]
INFO: [ template_filter ] --END-- [ RunTime:0.000124s ]
INFO: Run Behavior\ParseTemplateBehavior [ RunTime:0.002383s ]
INFO: [ view_parse ] --END-- [ RunTime:0.002431s ]
INFO: [ view_filter ] --START--
INFO: Run Behavior\WriteHtmlCacheBehavior [ RunTime:0.000110s ]
INFO: [ view_filter ] --END-- [ RunTime:0.000131s ]

[ 2018-01-14T19:26:19+08:00 ] 192.168.8.1 /index.php?s=/Admin/Login/verify?0.6615894089342127
INFO: [ app_init ] --START--
INFO: Run Behavior\BuildLiteBehavior [ RunTime:0.000010s ]
INFO: [ app_init ] --END-- [ RunTime:0.000086s ]
INFO: [ app_begin ] --START--
INFO: Run Behavior\ReadHtmlCacheBehavior [ RunTime:0.000127s ]
INFO: [ app_begin ] --END-- [ RunTime:0.000181s ]
ERR: 非法操作:verify?0.6615894089342127

[ 2018-01-14T19:26:22+08:00 ] 192.168.8.1 /index.php?s=/Admin/Login/index.html
INFO: [ app_init ] --START--
INFO: Run Behavior\BuildLiteBehavior [ RunTime:0.000010s ]
INFO: [ app_init ] --END-- [ RunTime:0.000165s ]
INFO: [ app_begin ] --START--
INFO: Run Behavior\ReadHtmlCacheBehavior [ RunTime:0.000050s ]
INFO: [ app_begin ] --END-- [ RunTime:0.000078s ]
INFO: [ view_parse ] --START--
INFO: [ template_filter ] --START--
INFO: Run Behavior\ContentReplaceBehavior [ RunTime:0.000041s ]
INFO: [ template_filter ] --END-- [ RunTime:0.000080s ]
INFO: Run Behavior\ParseTemplateBehavior [ RunTime:0.001471s ]
INFO: [ view_parse ] --END-- [ RunTime:0.001507s ]
INFO: [ view_filter ] --START--
INFO: Run Behavior\WriteHtmlCacheBehavior [ RunTime:0.000064s ]
INFO: [ view_filter ] --END-- [ RunTime:0.000085s ]
INFO: [ app_end ] --START--
INFO: Run Behavior\ShowPageTraceBehavior [ RunTime:0.000048s ]
INFO: [ app_end ] --END-- [ RunTime:0.000068s ]

[ 2018-01-14T19:26:22+08:00 ] 192.168.8.1 /index.php?s=/Admin/Login/verify
INFO: [ app_init ] --START--
INFO: Run Behavior\BuildLiteBehavior [ RunTime:0.000010s ]
INFO: [ app_init ] --END-- [ RunTime:0.000081s ]
INFO: [ app_begin ] --START--
INFO: Run Behavior\ReadHtmlCacheBehavior [ RunTime:0.000086s ]
INFO: [ app_begin ] --END-- [ RunTime:0.000111s ]
INFO: [ app_end ] --START--
INFO: Run Behavior\ShowPageTraceBehavior [ RunTime:0.000076s ]
INFO: [ app_end ] --END-- [ RunTime:0.000110s ]

[ 2018-01-14T19:26:37+08:00 ] 192.168.8.1 /index.php?s=/Admin/Login/login
INFO: [ app_init ] --START--
INFO: Run Behavior\BuildLiteBehavior [ RunTime:0.000010s ]
INFO: [ app_init ] --END-- [ RunTime:0.000092s ]
INFO: [ app_begin ] --START--
INFO: Run Behavior\ReadHtmlCacheBehavior [ RunTime:0.000064s ]
INFO: [ app_begin ] --END-- [ RunTime:0.000108s ]
SQL: SHOW COLUMNS FROM `tp_user` [ RunTime:0.0014s ]
SQL: SELECT * FROM `tp_user` WHERE `username` = 'admin' LIMIT 1   [ RunTime:0.0002s ]
NOTIC: [8] Undefined index: lock /data/wwwroot/default/Application/Admin/Controller/LoginController.class.php 第 30 行.
SQL: UPDATE `tp_user` SET `logintime`='1515929197',`loginip`='192.168.8.1' WHERE `id` = 1 [ RunTime:0.0016s ]

[ 2018-01-14T19:26:37+08:00 ] 192.168.8.1 /index.php?s=/Admin/Index
INFO: [ app_init ] --START--
INFO: Run Behavior\BuildLiteBehavior [ RunTime:0.000022s ]
INFO: [ app_init ] --END-- [ RunTime:0.000091s ]
INFO: [ app_begin ] --START--
INFO: Run Behavior\ReadHtmlCacheBehavior [ RunTime:0.000043s ]
INFO: [ app_begin ] --END-- [ RunTime:0.000069s ]
INFO: [ view_parse ] --START--
INFO: [ template_filter ] --START--
INFO: Run Behavior\ContentReplaceBehavior [ RunTime:0.000049s ]
INFO: [ template_filter ] --END-- [ RunTime:0.000087s ]
INFO: Run Behavior\ParseTemplateBehavior [ RunTime:0.017749s ]
INFO: [ view_parse ] --END-- [ RunTime:0.017778s ]
INFO: [ view_filter ] --START--
INFO: Run Behavior\WriteHtmlCacheBehavior [ RunTime:0.000057s ]
INFO: [ view_filter ] --END-- [ RunTime:0.000075s ]
INFO: [ app_end ] --START--
INFO: Run Behavior\ShowPageTraceBehavior [ RunTime:0.000045s ]
INFO: [ app_end ] --END-- [ RunTime:0.000064s ]

[ 2018-01-14T19:26:38+08:00 ] 192.168.8.1 /index.php?s=/Admin/Index/content
INFO: [ app_init ] --START--
INFO: Run Behavior\BuildLiteBehavior [ RunTime:0.000009s ]
INFO: [ app_init ] --END-- [ RunTime:0.000076s ]
INFO: [ app_begin ] --START--
INFO: Run Behavior\ReadHtmlCacheBehavior [ RunTime:0.000045s ]
INFO: [ app_begin ] --END-- [ RunTime:0.000085s ]
INFO: [ view_parse ] --START--
INFO: [ template_filter ] --START--
INFO: Run Behavior\ContentReplaceBehavior [ RunTime:0.000029s ]
INFO: [ template_filter ] --END-- [ RunTime:0.000068s ]
INFO: Run Behavior\ParseTemplateBehavior [ RunTime:0.038262s ]
INFO: [ view_parse ] --END-- [ RunTime:0.038296s ]
INFO: [ view_filter ] --START--
INFO: Run Behavior\WriteHtmlCacheBehavior [ RunTime:0.000127s ]
INFO: [ view_filter ] --END-- [ RunTime:0.000154s ]
INFO: [ app_end ] --START--
INFO: Run Behavior\ShowPageTraceBehavior [ RunTime:0.000060s ]
INFO: [ app_end ] --END-- [ RunTime:0.000081s ]

[ 2018-01-14T19:26:43+08:00 ] 192.168.8.1 /index.php?s=/Admin/Blog/index
INFO: [ app_init ] --START--
INFO: Run Behavior\BuildLiteBehavior [ RunTime:0.000012s ]
INFO: [ app_init ] --END-- [ RunTime:0.000146s ]
INFO: [ app_begin ] --START--
INFO: Run Behavior\ReadHtmlCacheBehavior [ RunTime:0.000050s ]
INFO: [ app_begin ] --END-- [ RunTime:0.000080s ]
SQL: SHOW COLUMNS FROM `tp_blog` [ RunTime:0.0015s ]
SQL: SELECT COUNT(*) AS tp_count FROM `tp_blog` WHERE ( del=0 ) LIMIT 1   [ RunTime:0.0781s ]
SQL: SHOW COLUMNS FROM `tp_blog` [ RunTime:0.0006s ]
SQL: SELECT `id`,`title`,`author`,`time`,`click`,`cid` FROM `tp_blog` WHERE `del` = 0 ORDER BY time DESC LIMIT 0,10   [ RunTime:0.0009s ]
SQL: SHOW COLUMNS FROM `tp_cate` [ RunTime:0.0004s ]
SQL: SELECT `name` FROM `tp_cate` WHERE ( 1=1 AND id='24' ) LIMIT 1   [ RunTime:0.0003s ]
SQL: SELECT `name` FROM `tp_cate` WHERE ( 1=1 AND id='24' ) LIMIT 1   [ RunTime:0.0001s ]
SQL: SELECT `name` FROM `tp_cate` WHERE ( 1=1 AND id='15' ) LIMIT 1   [ RunTime:0.0001s ]
SQL: SELECT `name` FROM `tp_cate` WHERE ( 1=1 AND id='7' ) LIMIT 1   [ RunTime:0.0001s ]
SQL: SELECT `name` FROM `tp_cate` WHERE ( 1=1 AND id='7' ) LIMIT 1   [ RunTime:0.0001s ]
SQL: SELECT `name` FROM `tp_cate` WHERE ( 1=1 AND id='9' ) LIMIT 1   [ RunTime:0.0002s ]
SQL: SELECT `name` FROM `tp_cate` WHERE ( 1=1 AND id='9' ) LIMIT 1   [ RunTime:0.0001s ]
SQL: SELECT `name` FROM `tp_cate` WHERE ( 1=1 AND id='9' ) LIMIT 1   [ RunTime:0.0000s ]
SQL: SELECT `name` FROM `tp_cate` WHERE ( 1=1 AND id='11' ) LIMIT 1   [ RunTime:0.0001s ]
SQL: SELECT `name` FROM `tp_cate` WHERE ( 1=1 AND id='11' ) LIMIT 1   [ RunTime:0.0001s ]
INFO: [ view_parse ] --START--
INFO: [ template_filter ] --START--
INFO: Run Behavior\ContentReplaceBehavior [ RunTime:0.000048s ]
INFO: [ template_filter ] --END-- [ RunTime:0.000090s ]
INFO: Run Behavior\ParseTemplateBehavior [ RunTime:0.003906s ]
INFO: [ view_parse ] --END-- [ RunTime:0.003944s ]
INFO: [ view_filter ] --START--
INFO: Run Behavior\WriteHtmlCacheBehavior [ RunTime:0.000149s ]
INFO: [ view_filter ] --END-- [ RunTime:0.000172s ]
INFO: [ app_end ] --START--
INFO: Run Behavior\ShowPageTraceBehavior [ RunTime:0.000052s ]
INFO: [ app_end ] --END-- [ RunTime:0.000072s ]

[ 2018-01-14T19:26:45+08:00 ] 192.168.8.1 /index.php?s=/Admin/Blog/infoList
INFO: [ app_init ] --START--
INFO: Run Behavior\BuildLiteBehavior [ RunTime:0.000010s ]
INFO: [ app_init ] --END-- [ RunTime:0.000120s ]
INFO: [ app_begin ] --START--
INFO: Run Behavior\ReadHtmlCacheBehavior [ RunTime:0.000144s ]
INFO: [ app_begin ] --END-- [ RunTime:0.000231s ]
SQL: SHOW COLUMNS FROM `tp_cate` [ RunTime:0.0005s ]
SQL: SELECT * FROM `tp_cate` WHERE ( attr=2 )  [ RunTime:0.0002s ]
SQL: SHOW COLUMNS FROM `tp_blog` [ RunTime:0.0003s ]
SQL: SELECT `name` FROM `tp_cate` WHERE ( id=29 ) LIMIT 1   [ RunTime:0.0003s ]
SQL: SELECT * FROM `tp_blog` WHERE `cid` = 3 LIMIT 1   [ RunTime:0.0002s ]
SQL: SELECT `name` FROM `tp_cate` WHERE ( id=34 ) LIMIT 1   [ RunTime:0.0002s ]
SQL: SELECT * FROM `tp_blog` WHERE `cid` = 26 LIMIT 1   [ RunTime:0.0002s ]
SQL: SELECT `name` FROM `tp_cate` WHERE ( id=34 ) LIMIT 1   [ RunTime:0.0001s ]
SQL: SELECT * FROM `tp_blog` WHERE `cid` = 22 LIMIT 1   [ RunTime:0.0005s ]
INFO: [ view_parse ] --START--
INFO: [ template_filter ] --START--
INFO: Run Behavior\ContentReplaceBehavior [ RunTime:0.000042s ]
INFO: [ template_filter ] --END-- [ RunTime:0.000080s ]
INFO: Run Behavior\ParseTemplateBehavior [ RunTime:0.007010s ]
INFO: [ view_parse ] --END-- [ RunTime:0.007051s ]
INFO: [ view_filter ] --START--
INFO: Run Behavior\WriteHtmlCacheBehavior [ RunTime:0.000085s ]
INFO: [ view_filter ] --END-- [ RunTime:0.000152s ]
INFO: [ app_end ] --START--
INFO: Run Behavior\ShowPageTraceBehavior [ RunTime:0.000059s ]
INFO: [ app_end ] --END-- [ RunTime:0.000077s ]

[ 2018-01-14T19:26:46+08:00 ] 192.168.8.1 /index.php?s=/Admin/Blog/trach
INFO: [ app_init ] --START--
INFO: Run Behavior\BuildLiteBehavior [ RunTime:0.000011s ]
INFO: [ app_init ] --END-- [ RunTime:0.000098s ]
INFO: [ app_begin ] --START--
INFO: Run Behavior\ReadHtmlCacheBehavior [ RunTime:0.000077s ]
INFO: [ app_begin ] --END-- [ RunTime:0.000107s ]
SQL: SHOW COLUMNS FROM `tp_blog` [ RunTime:0.0004s ]
SQL: SELECT COUNT(*) AS tp_count FROM `tp_blog` WHERE ( del=1 ) LIMIT 1   [ RunTime:0.0005s ]
SQL: SHOW COLUMNS FROM `tp_blog` [ RunTime:0.0003s ]
SQL: SELECT `id`,`title`,`author`,`time`,`click`,`cid` FROM `tp_blog` WHERE `del` = 1 ORDER BY time DESC LIMIT 0,10   [ RunTime:0.0004s ]
INFO: [ view_parse ] --START--
INFO: [ template_filter ] --START--
INFO: Run Behavior\ContentReplaceBehavior [ RunTime:0.000042s ]
INFO: [ template_filter ] --END-- [ RunTime:0.000073s ]
INFO: Run Behavior\ParseTemplateBehavior [ RunTime:0.002506s ]
INFO: [ view_parse ] --END-- [ RunTime:0.002537s ]
INFO: [ view_filter ] --START--
INFO: Run Behavior\WriteHtmlCacheBehavior [ RunTime:0.000052s ]
INFO: [ view_filter ] --END-- [ RunTime:0.000072s ]
INFO: [ app_end ] --START--
INFO: Run Behavior\ShowPageTraceBehavior [ RunTime:0.000045s ]
INFO: [ app_end ] --END-- [ RunTime:0.000064s ]

[ 2018-01-14T19:26:48+08:00 ] 192.168.8.1 /index.php?s=/Admin/Blog/infoList
INFO: [ app_init ] --START--
INFO: Run Behavior\BuildLiteBehavior [ RunTime:0.000010s ]
INFO: [ app_init ] --END-- [ RunTime:0.000089s ]
INFO: [ app_begin ] --START--
INFO: Run Behavior\ReadHtmlCacheBehavior [ RunTime:0.000068s ]
INFO: [ app_begin ] --END-- [ RunTime:0.000100s ]
SQL: SHOW COLUMNS FROM `tp_cate` [ RunTime:0.0005s ]
SQL: SELECT * FROM `tp_cate` WHERE ( attr=2 )  [ RunTime:0.0001s ]
SQL: SHOW COLUMNS FROM `tp_blog` [ RunTime:0.0004s ]
SQL: SELECT `name` FROM `tp_cate` WHERE ( id=29 ) LIMIT 1   [ RunTime:0.0001s ]
SQL: SELECT * FROM `tp_blog` WHERE `cid` = 3 LIMIT 1   [ RunTime:0.0001s ]
SQL: SELECT `name` FROM `tp_cate` WHERE ( id=34 ) LIMIT 1   [ RunTime:0.0000s ]
SQL: SELECT * FROM `tp_blog` WHERE `cid` = 26 LIMIT 1   [ RunTime:0.0001s ]
SQL: SELECT `name` FROM `tp_cate` WHERE ( id=34 ) LIMIT 1   [ RunTime:0.0000s ]
SQL: SELECT * FROM `tp_blog` WHERE `cid` = 22 LIMIT 1   [ RunTime:0.0001s ]
INFO: [ view_parse ] --START--
INFO: [ template_filter ] --START--
INFO: Run Behavior\ContentReplaceBehavior [ RunTime:0.000044s ]
INFO: [ template_filter ] --END-- [ RunTime:0.000083s ]
INFO: Run Behavior\ParseTemplateBehavior [ RunTime:0.003323s ]
INFO: [ view_parse ] --END-- [ RunTime:0.003357s ]
INFO: [ view_filter ] --START--
INFO: Run Behavior\WriteHtmlCacheBehavior [ RunTime:0.000057s ]
INFO: [ view_filter ] --END-- [ RunTime:0.000076s ]
INFO: [ app_end ] --START--
INFO: Run Behavior\ShowPageTraceBehavior [ RunTime:0.000045s ]
INFO: [ app_end ] --END-- [ RunTime:0.000063s ]

[ 2018-01-14T19:26:50+08:00 ] 192.168.8.1 /index.php?s=/Admin/Blog/index
INFO: [ app_init ] --START--
INFO: Run Behavior\BuildLiteBehavior [ RunTime:0.000010s ]
INFO: [ app_init ] --END-- [ RunTime:0.000105s ]
INFO: [ app_begin ] --START--
INFO: Run Behavior\ReadHtmlCacheBehavior [ RunTime:0.000077s ]
INFO: [ app_begin ] --END-- [ RunTime:0.000109s ]
SQL: SHOW COLUMNS FROM `tp_blog` [ RunTime:0.0004s ]
SQL: SELECT COUNT(*) AS tp_count FROM `tp_blog` WHERE ( del=0 ) LIMIT 1   [ RunTime:0.0001s ]
SQL: SHOW COLUMNS FROM `tp_blog` [ RunTime:0.0004s ]
SQL: SELECT `id`,`title`,`author`,`time`,`click`,`cid` FROM `tp_blog` WHERE `del` = 0 ORDER BY time DESC LIMIT 0,10   [ RunTime:0.0001s ]
SQL: SHOW COLUMNS FROM `tp_cate` [ RunTime:0.0003s ]
SQL: SELECT `name` FROM `tp_cate` WHERE ( 1=1 AND id='24' ) LIMIT 1   [ RunTime:0.0001s ]
SQL: SELECT `name` FROM `tp_cate` WHERE ( 1=1 AND id='24' ) LIMIT 1   [ RunTime:0.0001s ]
SQL: SELECT `name` FROM `tp_cate` WHERE ( 1=1 AND id='15' ) LIMIT 1   [ RunTime:0.0000s ]
SQL: SELECT `name` FROM `tp_cate` WHERE ( 1=1 AND id='7' ) LIMIT 1   [ RunTime:0.0001s ]
SQL: SELECT `name` FROM `tp_cate` WHERE ( 1=1 AND id='7' ) LIMIT 1   [ RunTime:0.0001s ]
SQL: SELECT `name` FROM `tp_cate` WHERE ( 1=1 AND id='9' ) LIMIT 1   [ RunTime:0.0001s ]
SQL: SELECT `name` FROM `tp_cate` WHERE ( 1=1 AND id='9' ) LIMIT 1   [ RunTime:0.0001s ]
SQL: SELECT `name` FROM `tp_cate` WHERE ( 1=1 AND id='9' ) LIMIT 1   [ RunTime:0.0001s ]
SQL: SELECT `name` FROM `tp_cate` WHERE ( 1=1 AND id='11' ) LIMIT 1   [ RunTime:0.0001s ]
SQL: SELECT `name` FROM `tp_cate` WHERE ( 1=1 AND id='11' ) LIMIT 1   [ RunTime:0.0001s ]
INFO: [ view_parse ] --START--
INFO: [ template_filter ] --START--
INFO: Run Behavior\ContentReplaceBehavior [ RunTime:0.000176s ]
INFO: [ template_filter ] --END-- [ RunTime:0.000222s ]
INFO: Run Behavior\ParseTemplateBehavior [ RunTime:0.003979s ]
INFO: [ view_parse ] --END-- [ RunTime:0.004041s ]
INFO: [ view_filter ] --START--
INFO: Run Behavior\WriteHtmlCacheBehavior [ RunTime:0.000112s ]
INFO: [ view_filter ] --END-- [ RunTime:0.000135s ]
INFO: [ app_end ] --START--
INFO: Run Behavior\ShowPageTraceBehavior [ RunTime:0.000054s ]
INFO: [ app_end ] --END-- [ RunTime:0.000073s ]

[ 2018-01-14T19:26:51+08:00 ] 192.168.8.1 /index.php?s=/Admin/Blog/addBlog
INFO: [ app_init ] --START--
INFO: Run Behavior\BuildLiteBehavior [ RunTime:0.000009s ]
INFO: [ app_init ] --END-- [ RunTime:0.000086s ]
INFO: [ app_begin ] --START--
INFO: Run Behavior\ReadHtmlCacheBehavior [ RunTime:0.000056s ]
INFO: [ app_begin ] --END-- [ RunTime:0.000100s ]
SQL: SHOW COLUMNS FROM `tp_cate` [ RunTime:0.0004s ]
SQL: SELECT * FROM `tp_cate` ORDER BY sort  [ RunTime:0.0004s ]
INFO: [ view_parse ] --START--
INFO: [ template_filter ] --START--
INFO: Run Behavior\ContentReplaceBehavior [ RunTime:0.000083s ]
INFO: [ template_filter ] --END-- [ RunTime:0.000163s ]
NOTIC: [8] Undefined variable: blog /data/wwwroot/default/Application/Runtime/Cache/Admin/23baf280ad883decfca66f1b5e829b42.php 第 44 行.
NOTIC: [8] Undefined variable: blog /data/wwwroot/default/Application/Runtime/Cache/Admin/23baf280ad883decfca66f1b5e829b42.php 第 52 行.
NOTIC: [8] Undefined variable: blog /data/wwwroot/default/Application/Runtime/Cache/Admin/23baf280ad883decfca66f1b5e829b42.php 第 52 行.
NOTIC: [8] Undefined variable: blog /data/wwwroot/default/Application/Runtime/Cache/Admin/23baf280ad883decfca66f1b5e829b42.php 第 52 行.
NOTIC: [8] Undefined variable: blog /data/wwwroot/default/Application/Runtime/Cache/Admin/23baf280ad883decfca66f1b5e829b42.php 第 52 行.
NOTIC: [8] Undefined variable: blog /data/wwwroot/default/Application/Runtime/Cache/Admin/23baf280ad883decfca66f1b5e829b42.php 第 52 行.
NOTIC: [8] Undefined variable: blog /data/wwwroot/default/Application/Runtime/Cache/Admin/23baf280ad883decfca66f1b5e829b42.php 第 52 行.
NOTIC: [8] Undefined variable: blog /data/wwwroot/default/Application/Runtime/Cache/Admin/23baf280ad883decfca66f1b5e829b42.php 第 52 行.
NOTIC: [8] Undefined variable: blog /data/wwwroot/default/Application/Runtime/Cache/Admin/23baf280ad883decfca66f1b5e829b42.php 第 52 行.
NOTIC: [8] Undefined variable: blog /data/wwwroot/default/Application/Runtime/Cache/Admin/23baf280ad883decfca66f1b5e829b42.php 第 52 行.
NOTIC: [8] Undefined variable: blog /data/wwwroot/default/Application/Runtime/Cache/Admin/23baf280ad883decfca66f1b5e829b42.php 第 52 行.
NOTIC: [8] Undefined variable: blog /data/wwwroot/default/Application/Runtime/Cache/Admin/23baf280ad883decfca66f1b5e829b42.php 第 52 行.
NOTIC: [8] Undefined variable: blog /data/wwwroot/default/Application/Runtime/Cache/Admin/23baf280ad883decfca66f1b5e829b42.php 第 52 行.
NOTIC: [8] Undefined variable: blog /data/wwwroot/default/Application/Runtime/Cache/Admin/23baf280ad883decfca66f1b5e829b42.php 第 52 行.
NOTIC: [8] Undefined variable: blog /data/wwwroot/default/Application/Runtime/Cache/Admin/23baf280ad883decfca66f1b5e829b42.php 第 52 行.
NOTIC: [8] Undefined variable: blog /data/wwwroot/default/Application/Runtime/Cache/Admin/23baf280ad883decfca66f1b5e829b42.php 第 52 行.
NOTIC: [8] Undefined variable: blog /data/wwwroot/default/Application/Runtime/Cache/Admin/23baf280ad883decfca66f1b5e829b42.php 第 52 行.
NOTIC: [8] Undefined variable: blog /data/wwwroot/default/Application/Runtime/Cache/Admin/23baf280ad883decfca66f1b5e829b42.php 第 52 行.
NOTIC: [8] Undefined variable: blog /data/wwwroot/default/Application/Runtime/Cache/Admin/23baf280ad883decfca66f1b5e829b42.php 第 52 行.
NOTIC: [8] Undefined variable: blog /data/wwwroot/default/Application/Runtime/Cache/Admin/23baf280ad883decfca66f1b5e829b42.php 第 52 行.
NOTIC: [8] Undefined variable: blog /data/wwwroot/default/Application/Runtime/Cache/Admin/23baf280ad883decfca66f1b5e829b42.php 第 52 行.
NOTIC: [8] Undefined variable: blog /data/wwwroot/default/Application/Runtime/Cache/Admin/23baf280ad883decfca66f1b5e829b42.php 第 52 行.
NOTIC: [8] Undefined variable: blog /data/wwwroot/default/Application/Runtime/Cache/Admin/23baf280ad883decfca66f1b5e829b42.php 第 52 行.
NOTIC: [8] Undefined variable: blog /data/wwwroot/default/Application/Runtime/Cache/Admin/23baf280ad883decfca66f1b5e829b42.php 第 52 行.
NOTIC: [8] Undefined variable: blog /data/wwwroot/default/Application/Runtime/Cache/Admin/23baf280ad883decfca66f1b5e829b42.php 第 52 行.
NOTIC: [8] Undefined variable: blog /data/wwwroot/default/Application/Runtime/Cache/Admin/23baf280ad883decfca66f1b5e829b42.php 第 52 行.
NOTIC: [8] Undefined variable: blog /data/wwwroot/default/Application/Runtime/Cache/Admin/23baf280ad883decfca66f1b5e829b42.php 第 52 行.
NOTIC: [8] Undefined variable: blog /data/wwwroot/default/Application/Runtime/Cache/Admin/23baf280ad883decfca66f1b5e829b42.php 第 52 行.
NOTIC: [8] Undefined variable: blog /data/wwwroot/default/Application/Runtime/Cache/Admin/23baf280ad883decfca66f1b5e829b42.php 第 52 行.
NOTIC: [8] Undefined variable: blog /data/wwwroot/default/Application/Runtime/Cache/Admin/23baf280ad883decfca66f1b5e829b42.php 第 52 行.
NOTIC: [8] Undefined variable: blog /data/wwwroot/default/Application/Runtime/Cache/Admin/23baf280ad883decfca66f1b5e829b42.php 第 52 行.
NOTIC: [8] Undefined variable: blog /data/wwwroot/default/Application/Runtime/Cache/Admin/23baf280ad883decfca66f1b5e829b42.php 第 52 行.
NOTIC: [8] Undefined variable: blog /data/wwwroot/default/Application/Runtime/Cache/Admin/23baf280ad883decfca66f1b5e829b42.php 第 52 行.
NOTIC: [8] Undefined variable: blog /data/wwwroot/default/Application/Runtime/Cache/Admin/23baf280ad883decfca66f1b5e829b42.php 第 52 行.
NOTIC: [8] Undefined variable: blog /data/wwwroot/default/Application/Runtime/Cache/Admin/23baf280ad883decfca66f1b5e829b42.php 第 77 行.
INFO: Run Behavior\ParseTemplateBehavior [ RunTime:0.004107s ]
INFO: [ view_parse ] --END-- [ RunTime:0.004146s ]
INFO: [ view_filter ] --START--
INFO: Run Behavior\WriteHtmlCacheBehavior [ RunTime:0.000071s ]
INFO: [ view_filter ] --END-- [ RunTime:0.000091s ]
INFO: [ app_end ] --START--
INFO: Run Behavior\ShowPageTraceBehavior [ RunTime:0.000048s ]
INFO: [ app_end ] --END-- [ RunTime:0.000067s ]

[ 2018-01-14T19:27:50+08:00 ] 192.168.8.1 /index.php?s=/Admin/Index
INFO: [ app_init ] --START--
INFO: Run Behavior\BuildLiteBehavior [ RunTime:0.000029s ]
INFO: [ app_init ] --END-- [ RunTime:0.000248s ]
INFO: [ app_begin ] --START--
INFO: Run Behavior\ReadHtmlCacheBehavior [ RunTime:0.000077s ]
INFO: [ app_begin ] --END-- [ RunTime:0.000123s ]
INFO: [ view_parse ] --START--
INFO: [ template_filter ] --START--
INFO: Run Behavior\ContentReplaceBehavior [ RunTime:0.000052s ]
INFO: [ template_filter ] --END-- [ RunTime:0.000090s ]
INFO: Run Behavior\ParseTemplateBehavior [ RunTime:0.002853s ]
INFO: [ view_parse ] --END-- [ RunTime:0.002891s ]
INFO: [ view_filter ] --START--
INFO: Run Behavior\WriteHtmlCacheBehavior [ RunTime:0.000175s ]
INFO: [ view_filter ] --END-- [ RunTime:0.000198s ]
INFO: [ app_end ] --START--
INFO: Run Behavior\ShowPageTraceBehavior [ RunTime:0.000071s ]
INFO: [ app_end ] --END-- [ RunTime:0.000093s ]

[ 2018-01-14T19:28:23+08:00 ] 192.168.8.1 /index.php?m=Admin
INFO: [ app_init ] --START--
INFO: Run Behavior\BuildLiteBehavior [ RunTime:0.000011s ]
INFO: [ app_init ] --END-- [ RunTime:0.000094s ]
INFO: [ app_begin ] --START--
INFO: Run Behavior\ReadHtmlCacheBehavior [ RunTime:0.000084s ]
INFO: [ app_begin ] --END-- [ RunTime:0.000115s ]
INFO: [ view_parse ] --START--
INFO: [ template_filter ] --START--
INFO: Run Behavior\ContentReplaceBehavior [ RunTime:0.000049s ]
INFO: [ template_filter ] --END-- [ RunTime:0.000084s ]
INFO: Run Behavior\ParseTemplateBehavior [ RunTime:0.003349s ]
INFO: [ view_parse ] --END-- [ RunTime:0.003396s ]
INFO: [ view_filter ] --START--
INFO: Run Behavior\WriteHtmlCacheBehavior [ RunTime:0.000085s ]
INFO: [ view_filter ] --END-- [ RunTime:0.000106s ]
INFO: [ app_end ] --START--
INFO: Run Behavior\ShowPageTraceBehavior [ RunTime:0.000049s ]
INFO: [ app_end ] --END-- [ RunTime:0.000085s ]

[ 2018-01-14T19:38:46+08:00 ] 192.168.8.1 /index.php?s=/Admin
INFO: [ app_init ] --START--
INFO: Run Behavior\BuildLiteBehavior [ RunTime:0.000009s ]
INFO: [ app_init ] --END-- [ RunTime:0.000085s ]
INFO: [ app_begin ] --START--
INFO: Run Behavior\ReadHtmlCacheBehavior [ RunTime:0.000045s ]
INFO: [ app_begin ] --END-- [ RunTime:0.000072s ]
INFO: [ view_parse ] --START--
INFO: [ template_filter ] --START--
INFO: Run Behavior\ContentReplaceBehavior [ RunTime:0.000051s ]
INFO: [ template_filter ] --END-- [ RunTime:0.000092s ]
INFO: Run Behavior\ParseTemplateBehavior [ RunTime:0.002492s ]
INFO: [ view_parse ] --END-- [ RunTime:0.002543s ]
INFO: [ view_filter ] --START--
INFO: Run Behavior\WriteHtmlCacheBehavior [ RunTime:0.000215s ]
INFO: [ view_filter ] --END-- [ RunTime:0.000240s ]
INFO: [ app_end ] --START--
INFO: Run Behavior\ShowPageTraceBehavior [ RunTime:0.000056s ]
INFO: [ app_end ] --END-- [ RunTime:0.000077s ]

[ 2018-01-14T19:38:46+08:00 ] 192.168.8.1 /index.php?s=/Admin/Index/content
INFO: [ app_init ] --START--
INFO: Run Behavior\BuildLiteBehavior [ RunTime:0.000009s ]
INFO: [ app_init ] --END-- [ RunTime:0.000106s ]
INFO: [ app_begin ] --START--
INFO: Run Behavior\ReadHtmlCacheBehavior [ RunTime:0.000054s ]
INFO: [ app_begin ] --END-- [ RunTime:0.000082s ]
INFO: [ view_parse ] --START--
INFO: [ template_filter ] --START--
INFO: Run Behavior\ContentReplaceBehavior [ RunTime:0.000030s ]
INFO: [ template_filter ] --END-- [ RunTime:0.000084s ]
INFO: Run Behavior\ParseTemplateBehavior [ RunTime:0.001200s ]
INFO: [ view_parse ] --END-- [ RunTime:0.001265s ]
INFO: [ view_filter ] --START--
INFO: Run Behavior\WriteHtmlCacheBehavior [ RunTime:0.000082s ]
INFO: [ view_filter ] --END-- [ RunTime:0.000156s ]
INFO: [ app_end ] --START--
INFO: Run Behavior\ShowPageTraceBehavior [ RunTime:0.000068s ]
INFO: [ app_end ] --END-- [ RunTime:0.000089s ]

[ 2018-01-14T19:38:50+08:00 ] 192.168.8.1 /index.php?s=/Admin/Blog/index
INFO: [ app_init ] --START--
INFO: Run Behavior\BuildLiteBehavior [ RunTime:0.000010s ]
INFO: [ app_init ] --END-- [ RunTime:0.000084s ]
INFO: [ app_begin ] --START--
INFO: Run Behavior\ReadHtmlCacheBehavior [ RunTime:0.000046s ]
INFO: [ app_begin ] --END-- [ RunTime:0.000071s ]
SQL: SHOW COLUMNS FROM `tp_blog` [ RunTime:0.0004s ]
SQL: SELECT COUNT(*) AS tp_count FROM `tp_blog` WHERE ( del=0 ) LIMIT 1   [ RunTime:0.0029s ]
SQL: SHOW COLUMNS FROM `tp_blog` [ RunTime:0.0006s ]
SQL: SELECT `id`,`title`,`author`,`time`,`click`,`cid` FROM `tp_blog` WHERE `del` = 0 ORDER BY time DESC LIMIT 0,10   [ RunTime:0.0009s ]
SQL: SHOW COLUMNS FROM `tp_cate` [ RunTime:0.0006s ]
SQL: SELECT `name` FROM `tp_cate` WHERE ( 1=1 AND id='24' ) LIMIT 1   [ RunTime:0.0001s ]
SQL: SELECT `name` FROM `tp_cate` WHERE ( 1=1 AND id='24' ) LIMIT 1   [ RunTime:0.0001s ]
SQL: SELECT `name` FROM `tp_cate` WHERE ( 1=1 AND id='15' ) LIMIT 1   [ RunTime:0.0001s ]
SQL: SELECT `name` FROM `tp_cate` WHERE ( 1=1 AND id='7' ) LIMIT 1   [ RunTime:0.0000s ]
SQL: SELECT `name` FROM `tp_cate` WHERE ( 1=1 AND id='7' ) LIMIT 1   [ RunTime:0.0000s ]
SQL: SELECT `name` FROM `tp_cate` WHERE ( 1=1 AND id='9' ) LIMIT 1   [ RunTime:0.0001s ]
SQL: SELECT `name` FROM `tp_cate` WHERE ( 1=1 AND id='9' ) LIMIT 1   [ RunTime:0.0000s ]
SQL: SELECT `name` FROM `tp_cate` WHERE ( 1=1 AND id='9' ) LIMIT 1   [ RunTime:0.0000s ]
SQL: SELECT `name` FROM `tp_cate` WHERE ( 1=1 AND id='11' ) LIMIT 1   [ RunTime:0.0000s ]
SQL: SELECT `name` FROM `tp_cate` WHERE ( 1=1 AND id='11' ) LIMIT 1   [ RunTime:0.0000s ]
INFO: [ view_parse ] --START--
INFO: [ template_filter ] --START--
INFO: Run Behavior\ContentReplaceBehavior [ RunTime:0.000053s ]
INFO: [ template_filter ] --END-- [ RunTime:0.000104s ]
INFO: Run Behavior\ParseTemplateBehavior [ RunTime:0.004583s ]
INFO: [ view_parse ] --END-- [ RunTime:0.004637s ]
INFO: [ view_filter ] --START--
INFO: Run Behavior\WriteHtmlCacheBehavior [ RunTime:0.000081s ]
INFO: [ view_filter ] --END-- [ RunTime:0.000101s ]
INFO: [ app_end ] --START--
INFO: Run Behavior\ShowPageTraceBehavior [ RunTime:0.000050s ]
INFO: [ app_end ] --END-- [ RunTime:0.000068s ]

[ 2018-01-14T19:38:51+08:00 ] 192.168.8.1 /index.php?s=/Admin/Blog/infoList
INFO: [ app_init ] --START--
INFO: Run Behavior\BuildLiteBehavior [ RunTime:0.000009s ]
INFO: [ app_init ] --END-- [ RunTime:0.000078s ]
INFO: [ app_begin ] --START--
INFO: Run Behavior\ReadHtmlCacheBehavior [ RunTime:0.000091s ]
INFO: [ app_begin ] --END-- [ RunTime:0.000128s ]
SQL: SHOW COLUMNS FROM `tp_cate` [ RunTime:0.0004s ]
SQL: SELECT * FROM `tp_cate` WHERE ( attr=2 )  [ RunTime:0.0001s ]
SQL: SHOW COLUMNS FROM `tp_blog` [ RunTime:0.0004s ]
SQL: SELECT `name` FROM `tp_cate` WHERE ( id=29 ) LIMIT 1   [ RunTime:0.0001s ]
SQL: SELECT * FROM `tp_blog` WHERE `cid` = 3 LIMIT 1   [ RunTime:0.0002s ]
SQL: SELECT `name` FROM `tp_cate` WHERE ( id=34 ) LIMIT 1   [ RunTime:0.0001s ]
SQL: SELECT * FROM `tp_blog` WHERE `cid` = 26 LIMIT 1   [ RunTime:0.0003s ]
SQL: SELECT `name` FROM `tp_cate` WHERE ( id=34 ) LIMIT 1   [ RunTime:0.0001s ]
SQL: SELECT * FROM `tp_blog` WHERE `cid` = 22 LIMIT 1   [ RunTime:0.0004s ]
INFO: [ view_parse ] --START--
INFO: [ template_filter ] --START--
INFO: Run Behavior\ContentReplaceBehavior [ RunTime:0.000049s ]
INFO: [ template_filter ] --END-- [ RunTime:0.000098s ]
INFO: Run Behavior\ParseTemplateBehavior [ RunTime:0.002950s ]
INFO: [ view_parse ] --END-- [ RunTime:0.003028s ]
INFO: [ view_filter ] --START--
INFO: Run Behavior\WriteHtmlCacheBehavior [ RunTime:0.000074s ]
INFO: [ view_filter ] --END-- [ RunTime:0.000094s ]
INFO: [ app_end ] --START--
INFO: Run Behavior\ShowPageTraceBehavior [ RunTime:0.000050s ]
INFO: [ app_end ] --END-- [ RunTime:0.000068s ]

[ 2018-01-14T19:38:53+08:00 ] 192.168.8.1 /index.php?s=/Admin/Blog/trach
INFO: [ app_init ] --START--
INFO: Run Behavior\BuildLiteBehavior [ RunTime:0.000008s ]
INFO: [ app_init ] --END-- [ RunTime:0.000075s ]
INFO: [ app_begin ] --START--
INFO: Run Behavior\ReadHtmlCacheBehavior [ RunTime:0.000044s ]
INFO: [ app_begin ] --END-- [ RunTime:0.000068s ]
SQL: SHOW COLUMNS FROM `tp_blog` [ RunTime:0.0006s ]
SQL: SELECT COUNT(*) AS tp_count FROM `tp_blog` WHERE ( del=1 ) LIMIT 1   [ RunTime:0.0014s ]
SQL: SHOW COLUMNS FROM `tp_blog` [ RunTime:0.0011s ]
SQL: SELECT `id`,`title`,`author`,`time`,`click`,`cid` FROM `tp_blog` WHERE `del` = 1 ORDER BY time DESC LIMIT 0,10   [ RunTime:0.0005s ]
INFO: [ view_parse ] --START--
INFO: [ template_filter ] --START--
INFO: Run Behavior\ContentReplaceBehavior [ RunTime:0.000042s ]
INFO: [ template_filter ] --END-- [ RunTime:0.000072s ]
INFO: Run Behavior\ParseTemplateBehavior [ RunTime:0.002680s ]
INFO: [ view_parse ] --END-- [ RunTime:0.002719s ]
INFO: [ view_filter ] --START--
INFO: Run Behavior\WriteHtmlCacheBehavior [ RunTime:0.000060s ]
INFO: [ view_filter ] --END-- [ RunTime:0.000082s ]
INFO: [ app_end ] --START--
INFO: Run Behavior\ShowPageTraceBehavior [ RunTime:0.000046s ]
INFO: [ app_end ] --END-- [ RunTime:0.000065s ]

[ 2018-01-14T20:32:26+08:00 ] 192.168.8.1 /index.php?s=/Admin
INFO: [ app_init ] --START--
INFO: Run Behavior\BuildLiteBehavior [ RunTime:0.000036s ]
INFO: [ app_init ] --END-- [ RunTime:0.000136s ]
INFO: [ app_begin ] --START--
INFO: Run Behavior\ReadHtmlCacheBehavior [ RunTime:0.000074s ]
INFO: [ app_begin ] --END-- [ RunTime:0.000100s ]
INFO: [ view_parse ] --START--
INFO: [ template_filter ] --START--
INFO: Run Behavior\ContentReplaceBehavior [ RunTime:0.000055s ]
INFO: [ template_filter ] --END-- [ RunTime:0.000105s ]
INFO: Run Behavior\ParseTemplateBehavior [ RunTime:0.002583s ]
INFO: [ view_parse ] --END-- [ RunTime:0.002623s ]
INFO: [ view_filter ] --START--
INFO: Run Behavior\WriteHtmlCacheBehavior [ RunTime:0.000061s ]
INFO: [ view_filter ] --END-- [ RunTime:0.000081s ]
INFO: [ app_end ] --START--
INFO: Run Behavior\ShowPageTraceBehavior [ RunTime:0.000066s ]
INFO: [ app_end ] --END-- [ RunTime:0.000088s ]

[ 2018-01-14T20:32:26+08:00 ] 192.168.8.1 /index.php?s=/Admin/Index/content
INFO: [ app_init ] --START--
INFO: Run Behavior\BuildLiteBehavior [ RunTime:0.000010s ]
INFO: [ app_init ] --END-- [ RunTime:0.000085s ]
INFO: [ app_begin ] --START--
INFO: Run Behavior\ReadHtmlCacheBehavior [ RunTime:0.000047s ]
INFO: [ app_begin ] --END-- [ RunTime:0.000073s ]
INFO: [ view_parse ] --START--
INFO: [ template_filter ] --START--
INFO: Run Behavior\ContentReplaceBehavior [ RunTime:0.000031s ]
INFO: [ template_filter ] --END-- [ RunTime:0.000062s ]
INFO: Run Behavior\ParseTemplateBehavior [ RunTime:0.001220s ]
INFO: [ view_parse ] --END-- [ RunTime:0.001254s ]
INFO: [ view_filter ] --START--
INFO: Run Behavior\WriteHtmlCacheBehavior [ RunTime:0.000122s ]
INFO: [ view_filter ] --END-- [ RunTime:0.000193s ]
INFO: [ app_end ] --START--
INFO: Run Behavior\ShowPageTraceBehavior [ RunTime:0.000056s ]
INFO: [ app_end ] --END-- [ RunTime:0.000075s ]

[ 2018-01-14T20:32:30+08:00 ] 192.168.8.1 /index.php?s=/Admin/Blog/index
INFO: [ app_init ] --START--
INFO: Run Behavior\BuildLiteBehavior [ RunTime:0.000011s ]
INFO: [ app_init ] --END-- [ RunTime:0.000104s ]
INFO: [ app_begin ] --START--
INFO: Run Behavior\ReadHtmlCacheBehavior [ RunTime:0.000259s ]
INFO: [ app_begin ] --END-- [ RunTime:0.000509s ]
SQL: SHOW COLUMNS FROM `tp_blog` [ RunTime:0.0004s ]
SQL: SELECT COUNT(*) AS tp_count FROM `tp_blog` WHERE ( del=0 ) LIMIT 1   [ RunTime:0.0011s ]
SQL: SHOW COLUMNS FROM `tp_blog` [ RunTime:0.0005s ]
SQL: SELECT `id`,`title`,`author`,`time`,`click`,`cid` FROM `tp_blog` WHERE `del` = 0 ORDER BY time DESC LIMIT 0,10   [ RunTime:0.0006s ]
SQL: SHOW COLUMNS FROM `tp_cate` [ RunTime:0.0003s ]
SQL: SELECT `name` FROM `tp_cate` WHERE ( 1=1 AND id='24' ) LIMIT 1   [ RunTime:0.0001s ]
SQL: SELECT `name` FROM `tp_cate` WHERE ( 1=1 AND id='24' ) LIMIT 1   [ RunTime:0.0001s ]
SQL: SELECT `name` FROM `tp_cate` WHERE ( 1=1 AND id='15' ) LIMIT 1   [ RunTime:0.0001s ]
SQL: SELECT `name` FROM `tp_cate` WHERE ( 1=1 AND id='7' ) LIMIT 1   [ RunTime:0.0000s ]
SQL: SELECT `name` FROM `tp_cate` WHERE ( 1=1 AND id='7' ) LIMIT 1   [ RunTime:0.0000s ]
SQL: SELECT `name` FROM `tp_cate` WHERE ( 1=1 AND id='9' ) LIMIT 1   [ RunTime:0.0001s ]
SQL: SELECT `name` FROM `tp_cate` WHERE ( 1=1 AND id='9' ) LIMIT 1   [ RunTime:0.0001s ]
SQL: SELECT `name` FROM `tp_cate` WHERE ( 1=1 AND id='9' ) LIMIT 1   [ RunTime:0.0001s ]
SQL: SELECT `name` FROM `tp_cate` WHERE ( 1=1 AND id='11' ) LIMIT 1   [ RunTime:0.0001s ]
SQL: SELECT `name` FROM `tp_cate` WHERE ( 1=1 AND id='11' ) LIMIT 1   [ RunTime:0.0001s ]
INFO: [ view_parse ] --START--
INFO: [ template_filter ] --START--
INFO: Run Behavior\ContentReplaceBehavior [ RunTime:0.000055s ]
INFO: [ template_filter ] --END-- [ RunTime:0.000099s ]
INFO: Run Behavior\ParseTemplateBehavior [ RunTime:0.003259s ]
INFO: [ view_parse ] --END-- [ RunTime:0.003302s ]
INFO: [ view_filter ] --START--
INFO: Run Behavior\WriteHtmlCacheBehavior [ RunTime:0.000115s ]
INFO: [ view_filter ] --END-- [ RunTime:0.000165s ]
INFO: [ app_end ] --START--
INFO: Run Behavior\ShowPageTraceBehavior [ RunTime:0.000154s ]
INFO: [ app_end ] --END-- [ RunTime:0.000184s ]

[ 2018-01-14T20:32:31+08:00 ] 192.168.8.1 /index.php?s=/Admin/Blog/addBlog
INFO: [ app_init ] --START--
INFO: Run Behavior\BuildLiteBehavior [ RunTime:0.000010s ]
INFO: [ app_init ] --END-- [ RunTime:0.000085s ]
INFO: [ app_begin ] --START--
INFO: Run Behavior\ReadHtmlCacheBehavior [ RunTime:0.000046s ]
INFO: [ app_begin ] --END-- [ RunTime:0.000070s ]
SQL: SHOW COLUMNS FROM `tp_cate` [ RunTime:0.0004s ]
SQL: SELECT * FROM `tp_cate` ORDER BY sort  [ RunTime:0.0001s ]
INFO: [ view_parse ] --START--
INFO: [ template_filter ] --START--
INFO: Run Behavior\ContentReplaceBehavior [ RunTime:0.000045s ]
INFO: [ template_filter ] --END-- [ RunTime:0.000094s ]
NOTIC: [8] Undefined variable: blog /data/wwwroot/default/Application/Runtime/Cache/Admin/23baf280ad883decfca66f1b5e829b42.php 第 44 行.
NOTIC: [8] Undefined variable: blog /data/wwwroot/default/Application/Runtime/Cache/Admin/23baf280ad883decfca66f1b5e829b42.php 第 52 行.
NOTIC: [8] Undefined variable: blog /data/wwwroot/default/Application/Runtime/Cache/Admin/23baf280ad883decfca66f1b5e829b42.php 第 52 行.
NOTIC: [8] Undefined variable: blog /data/wwwroot/default/Application/Runtime/Cache/Admin/23baf280ad883decfca66f1b5e829b42.php 第 52 行.
NOTIC: [8] Undefined variable: blog /data/wwwroot/default/Application/Runtime/Cache/Admin/23baf280ad883decfca66f1b5e829b42.php 第 52 行.
NOTIC: [8] Undefined variable: blog /data/wwwroot/default/Application/Runtime/Cache/Admin/23baf280ad883decfca66f1b5e829b42.php 第 52 行.
NOTIC: [8] Undefined variable: blog /data/wwwroot/default/Application/Runtime/Cache/Admin/23baf280ad883decfca66f1b5e829b42.php 第 52 行.
NOTIC: [8] Undefined variable: blog /data/wwwroot/default/Application/Runtime/Cache/Admin/23baf280ad883decfca66f1b5e829b42.php 第 52 行.
NOTIC: [8] Undefined variable: blog /data/wwwroot/default/Application/Runtime/Cache/Admin/23baf280ad883decfca66f1b5e829b42.php 第 52 行.
NOTIC: [8] Undefined variable: blog /data/wwwroot/default/Application/Runtime/Cache/Admin/23baf280ad883decfca66f1b5e829b42.php 第 52 行.
NOTIC: [8] Undefined variable: blog /data/wwwroot/default/Application/Runtime/Cache/Admin/23baf280ad883decfca66f1b5e829b42.php 第 52 行.
NOTIC: [8] Undefined variable: blog /data/wwwroot/default/Application/Runtime/Cache/Admin/23baf280ad883decfca66f1b5e829b42.php 第 52 行.
NOTIC: [8] Undefined variable: blog /data/wwwroot/default/Application/Runtime/Cache/Admin/23baf280ad883decfca66f1b5e829b42.php 第 52 行.
NOTIC: [8] Undefined variable: blog /data/wwwroot/default/Application/Runtime/Cache/Admin/23baf280ad883decfca66f1b5e829b42.php 第 52 行.
NOTIC: [8] Undefined variable: blog /data/wwwroot/default/Application/Runtime/Cache/Admin/23baf280ad883decfca66f1b5e829b42.php 第 52 行.
NOTIC: [8] Undefined variable: blog /data/wwwroot/default/Application/Runtime/Cache/Admin/23baf280ad883decfca66f1b5e829b42.php 第 52 行.
NOTIC: [8] Undefined variable: blog /data/wwwroot/default/Application/Runtime/Cache/Admin/23baf280ad883decfca66f1b5e829b42.php 第 52 行.
NOTIC: [8] Undefined variable: blog /data/wwwroot/default/Application/Runtime/Cache/Admin/23baf280ad883decfca66f1b5e829b42.php 第 52 行.
NOTIC: [8] Undefined variable: blog /data/wwwroot/default/Application/Runtime/Cache/Admin/23baf280ad883decfca66f1b5e829b42.php 第 52 行.
NOTIC: [8] Undefined variable: blog /data/wwwroot/default/Application/Runtime/Cache/Admin/23baf280ad883decfca66f1b5e829b42.php 第 52 行.
NOTIC: [8] Undefined variable: blog /data/wwwroot/default/Application/Runtime/Cache/Admin/23baf280ad883decfca66f1b5e829b42.php 第 52 行.
NOTIC: [8] Undefined variable: blog /data/wwwroot/default/Application/Runtime/Cache/Admin/23baf280ad883decfca66f1b5e829b42.php 第 52 行.
NOTIC: [8] Undefined variable: blog /data/wwwroot/default/Application/Runtime/Cache/Admin/23baf280ad883decfca66f1b5e829b42.php 第 52 行.
NOTIC: [8] Undefined variable: blog /data/wwwroot/default/Application/Runtime/Cache/Admin/23baf280ad883decfca66f1b5e829b42.php 第 52 行.
NOTIC: [8] Undefined variable: blog /data/wwwroot/default/Application/Runtime/Cache/Admin/23baf280ad883decfca66f1b5e829b42.php 第 52 行.
NOTIC: [8] Undefined variable: blog /data/wwwroot/default/Application/Runtime/Cache/Admin/23baf280ad883decfca66f1b5e829b42.php 第 52 行.
NOTIC: [8] Undefined variable: blog /data/wwwroot/default/Application/Runtime/Cache/Admin/23baf280ad883decfca66f1b5e829b42.php 第 52 行.
NOTIC: [8] Undefined variable: blog /data/wwwroot/default/Application/Runtime/Cache/Admin/23baf280ad883decfca66f1b5e829b42.php 第 52 行.
NOTIC: [8] Undefined variable: blog /data/wwwroot/default/Application/Runtime/Cache/Admin/23baf280ad883decfca66f1b5e829b42.php 第 52 行.
NOTIC: [8] Undefined variable: blog /data/wwwroot/default/Application/Runtime/Cache/Admin/23baf280ad883decfca66f1b5e829b42.php 第 52 行.
NOTIC: [8] Undefined variable: blog /data/wwwroot/default/Application/Runtime/Cache/Admin/23baf280ad883decfca66f1b5e829b42.php 第 52 行.
NOTIC: [8] Undefined variable: blog /data/wwwroot/default/Application/Runtime/Cache/Admin/23baf280ad883decfca66f1b5e829b42.php 第 52 行.
NOTIC: [8] Undefined variable: blog /data/wwwroot/default/Application/Runtime/Cache/Admin/23baf280ad883decfca66f1b5e829b42.php 第 52 行.
NOTIC: [8] Undefined variable: blog /data/wwwroot/default/Application/Runtime/Cache/Admin/23baf280ad883decfca66f1b5e829b42.php 第 52 行.
NOTIC: [8] Undefined variable: blog /data/wwwroot/default/Application/Runtime/Cache/Admin/23baf280ad883decfca66f1b5e829b42.php 第 77 行.
INFO: Run Behavior\ParseTemplateBehavior [ RunTime:0.035053s ]
INFO: [ view_parse ] --END-- [ RunTime:0.035100s ]
INFO: [ view_filter ] --START--
INFO: Run Behavior\WriteHtmlCacheBehavior [ RunTime:0.000064s ]
INFO: [ view_filter ] --END-- [ RunTime:0.000083s ]
INFO: [ app_end ] --START--
INFO: Run Behavior\ShowPageTraceBehavior [ RunTime:0.000094s ]
INFO: [ app_end ] --END-- [ RunTime:0.000113s ]

[ 2018-01-14T20:33:26+08:00 ] 192.168.8.1 /index.php?s=/Admin/Blog/trach
INFO: [ app_init ] --START--
INFO: Run Behavior\BuildLiteBehavior [ RunTime:0.000010s ]
INFO: [ app_init ] --END-- [ RunTime:0.000136s ]
INFO: [ app_begin ] --START--
INFO: Run Behavior\ReadHtmlCacheBehavior [ RunTime:0.000120s ]
INFO: [ app_begin ] --END-- [ RunTime:0.000165s ]
SQL: SHOW COLUMNS FROM `tp_blog` [ RunTime:0.0008s ]
SQL: SELECT COUNT(*) AS tp_count FROM `tp_blog` WHERE ( del=1 ) LIMIT 1   [ RunTime:0.0007s ]
SQL: SHOW COLUMNS FROM `tp_blog` [ RunTime:0.0008s ]
SQL: SELECT `id`,`title`,`author`,`time`,`click`,`cid` FROM `tp_blog` WHERE `del` = 1 ORDER BY time DESC LIMIT 0,10   [ RunTime:0.0006s ]
INFO: [ view_parse ] --START--
INFO: [ template_filter ] --START--
INFO: Run Behavior\ContentReplaceBehavior [ RunTime:0.000050s ]
INFO: [ template_filter ] --END-- [ RunTime:0.000086s ]
INFO: Run Behavior\ParseTemplateBehavior [ RunTime:0.003343s ]
INFO: [ view_parse ] --END-- [ RunTime:0.003387s ]
INFO: [ view_filter ] --START--
INFO: Run Behavior\WriteHtmlCacheBehavior [ RunTime:0.000287s ]
INFO: [ view_filter ] --END-- [ RunTime:0.000315s ]
INFO: [ app_end ] --START--
INFO: Run Behavior\ShowPageTraceBehavior [ RunTime:0.000072s ]
INFO: [ app_end ] --END-- [ RunTime:0.000107s ]

[ 2018-01-14T20:33:29+08:00 ] 192.168.8.1 /index.php?s=/Admin/Rbac/addRole
INFO: [ app_init ] --START--
INFO: Run Behavior\BuildLiteBehavior [ RunTime:0.000010s ]
INFO: [ app_init ] --END-- [ RunTime:0.000150s ]
INFO: [ app_begin ] --START--
INFO: Run Behavior\ReadHtmlCacheBehavior [ RunTime:0.000066s ]
INFO: [ app_begin ] --END-- [ RunTime:0.000125s ]
SQL: SHOW COLUMNS FROM `tp_role` [ RunTime:0.0262s ]
SQL: SELECT `id`,`name`,`status` FROM `tp_role` WHERE `id` = 0 LIMIT 1   [ RunTime:0.0200s ]
SQL: SHOW COLUMNS FROM `tp_node` [ RunTime:0.0126s ]
SQL: SELECT `id`,`name`,`title`,`pid`,`level` FROM `tp_node` ORDER BY sort  [ RunTime:0.0008s ]
SQL: SHOW COLUMNS FROM `tp_access` [ RunTime:0.0200s ]
SQL: SELECT `node_id` FROM `tp_access` WHERE `role_id` = 0  [ RunTime:0.0003s ]
NOTIC: [2] in_array() expects parameter 2 to be array, null given /data/wwwroot/default/Application/Admin/Controller/RbacController.class.php 第 251 行.
NOTIC: [2] in_array() expects parameter 2 to be array, null given /data/wwwroot/default/Application/Admin/Controller/RbacController.class.php 第 251 行.
NOTIC: [2] in_array() expects parameter 2 to be array, null given /data/wwwroot/default/Application/Admin/Controller/RbacController.class.php 第 251 行.
NOTIC: [2] in_array() expects parameter 2 to be array, null given /data/wwwroot/default/Application/Admin/Controller/RbacController.class.php 第 251 行.
NOTIC: [2] in_array() expects parameter 2 to be array, null given /data/wwwroot/default/Application/Admin/Controller/RbacController.class.php 第 251 行.
NOTIC: [2] in_array() expects parameter 2 to be array, null given /data/wwwroot/default/Application/Admin/Controller/RbacController.class.php 第 251 行.
NOTIC: [2] in_array() expects parameter 2 to be array, null given /data/wwwroot/default/Application/Admin/Controller/RbacController.class.php 第 251 行.
NOTIC: [2] in_array() expects parameter 2 to be array, null given /data/wwwroot/default/Application/Admin/Controller/RbacController.class.php 第 251 行.
NOTIC: [2] in_array() expects parameter 2 to be array, null given /data/wwwroot/default/Application/Admin/Controller/RbacController.class.php 第 251 行.
NOTIC: [2] in_array() expects parameter 2 to be array, null given /data/wwwroot/default/Application/Admin/Controller/RbacController.class.php 第 251 行.
NOTIC: [2] in_array() expects parameter 2 to be array, null given /data/wwwroot/default/Application/Admin/Controller/RbacController.class.php 第 251 行.
NOTIC: [2] in_array() expects parameter 2 to be array, null given /data/wwwroot/default/Application/Admin/Controller/RbacController.class.php 第 251 行.
NOTIC: [2] in_array() expects parameter 2 to be array, null given /data/wwwroot/default/Application/Admin/Controller/RbacController.class.php 第 251 行.
NOTIC: [2] in_array() expects parameter 2 to be array, null given /data/wwwroot/default/Application/Admin/Controller/RbacController.class.php 第 251 行.
NOTIC: [2] in_array() expects parameter 2 to be array, null given /data/wwwroot/default/Application/Admin/Controller/RbacController.class.php 第 251 行.
NOTIC: [2] in_array() expects parameter 2 to be array, null given /data/wwwroot/default/Application/Admin/Controller/RbacController.class.php 第 251 行.
NOTIC: [2] in_array() expects parameter 2 to be array, null given /data/wwwroot/default/Application/Admin/Controller/RbacController.class.php 第 251 行.
NOTIC: [2] in_array() expects parameter 2 to be array, null given /data/wwwroot/default/Application/Admin/Controller/RbacController.class.php 第 251 行.
NOTIC: [2] in_array() expects parameter 2 to be array, null given /data/wwwroot/default/Application/Admin/Controller/RbacController.class.php 第 251 行.
NOTIC: [2] in_array() expects parameter 2 to be array, null given /data/wwwroot/default/Application/Admin/Controller/RbacController.class.php 第 251 行.
NOTIC: [2] in_array() expects parameter 2 to be array, null given /data/wwwroot/default/Application/Admin/Controller/RbacController.class.php 第 251 行.
NOTIC: [2] in_array() expects parameter 2 to be array, null given /data/wwwroot/default/Application/Admin/Controller/RbacController.class.php 第 251 行.
NOTIC: [2] in_array() expects parameter 2 to be array, null given /data/wwwroot/default/Application/Admin/Controller/RbacController.class.php 第 251 行.
NOTIC: [2] in_array() expects parameter 2 to be array, null given /data/wwwroot/default/Application/Admin/Controller/RbacController.class.php 第 251 行.
NOTIC: [2] in_array() expects parameter 2 to be array, null given /data/wwwroot/default/Application/Admin/Controller/RbacController.class.php 第 251 行.
NOTIC: [2] in_array() expects parameter 2 to be array, null given /data/wwwroot/default/Application/Admin/Controller/RbacController.class.php 第 251 行.
NOTIC: [2] in_array() expects parameter 2 to be array, null given /data/wwwroot/default/Application/Admin/Controller/RbacController.class.php 第 251 行.
NOTIC: [2] in_array() expects parameter 2 to be array, null given /data/wwwroot/default/Application/Admin/Controller/RbacController.class.php 第 251 行.
NOTIC: [2] in_array() expects parameter 2 to be array, null given /data/wwwroot/default/Application/Admin/Controller/RbacController.class.php 第 251 行.
NOTIC: [2] in_array() expects parameter 2 to be array, null given /data/wwwroot/default/Application/Admin/Controller/RbacController.class.php 第 251 行.
NOTIC: [8] Undefined index: attr /data/wwwroot/default/Application/Common/Common/function.php 第 39 行.
NOTIC: [8] Undefined index: attr /data/wwwroot/default/Application/Common/Common/function.php 第 41 行.
NOTIC: [8] Undefined index: attr /data/wwwroot/default/Application/Common/Common/function.php 第 49 行.
NOTIC: [8] Undefined index: attr /data/wwwroot/default/Application/Common/Common/function.php 第 51 行.
NOTIC: [8] Undefined variable: url /data/wwwroot/default/Application/Common/Common/function.php 第 56 行.
NOTIC: [8] Undefined index: attr /data/wwwroot/default/Application/Common/Common/function.php 第 39 行.
NOTIC: [8] Undefined index: attr /data/wwwroot/default/Application/Common/Common/function.php 第 41 行.
NOTIC: [8] Undefined index: attr /data/wwwroot/default/Application/Common/Common/function.php 第 49 行.
NOTIC: [8] Undefined index: attr /data/wwwroot/default/Application/Common/Common/function.php 第 51 行.
NOTIC: [8] Undefined variable: url /data/wwwroot/default/Application/Common/Common/function.php 第 56 行.
NOTIC: [8] Undefined index: attr /data/wwwroot/default/Application/Common/Common/function.php 第 39 行.
NOTIC: [8] Undefined index: attr /data/wwwroot/default/Application/Common/Common/function.php 第 41 行.
NOTIC: [8] Undefined index: attr /data/wwwroot/default/Application/Common/Common/function.php 第 49 行.
NOTIC: [8] Undefined index: attr /data/wwwroot/default/Application/Common/Common/function.php 第 51 行.
NOTIC: [8] Undefined variable: url /data/wwwroot/default/Application/Common/Common/function.php 第 56 行.
NOTIC: [8] Undefined index: attr /data/wwwroot/default/Application/Common/Common/function.php 第 39 行.
NOTIC: [8] Undefined index: attr /data/wwwroot/default/Application/Common/Common/function.php 第 41 行.
NOTIC: [8] Undefined index: attr /data/wwwroot/default/Application/Common/Common/function.php 第 49 行.
NOTIC: [8] Undefined index: attr /data/wwwroot/default/Application/Common/Common/function.php 第 51 行.
NOTIC: [8] Undefined variable: url /data/wwwroot/default/Application/Common/Common/function.php 第 56 行.
NOTIC: [8] Undefined index: attr /data/wwwroot/default/Application/Common/Common/function.php 第 39 行.
NOTIC: [8] Undefined index: attr /data/wwwroot/default/Application/Common/Common/function.php 第 41 行.
NOTIC: [8] Undefined index: attr /data/wwwroot/default/Application/Common/Common/function.php 第 49 行.
NOTIC: [8] Undefined index: attr /data/wwwroot/default/Application/Common/Common/function.php 第 51 行.
NOTIC: [8] Undefined variable: url /data/wwwroot/default/Application/Common/Common/function.php 第 56 行.
NOTIC: [8] Undefined index: attr /data/wwwroot/default/Application/Common/Common/function.php 第 39 行.
NOTIC: [8] Undefined index: attr /data/wwwroot/default/Application/Common/Common/function.php 第 41 行.
NOTIC: [8] Undefined index: attr /data/wwwroot/default/Application/Common/Common/function.php 第 49 行.
NOTIC: [8] Undefined index: attr /data/wwwroot/default/Application/Common/Common/function.php 第 51 行.
NOTIC: [8] Undefined variable: url /data/wwwroot/default/Application/Common/Common/function.php 第 56 行.
NOTIC: [8] Undefined index: attr /data/wwwroot/default/Application/Common/Common/function.php 第 39 行.
NOTIC: [8] Undefined index: attr /data/wwwroot/default/Application/Common/Common/function.php 第 41 行.
NOTIC: [8] Undefined index: attr /data/wwwroot/default/Application/Common/Common/function.php 第 49 行.
NOTIC: [8] Undefined index: attr /data/wwwroot/default/Application/Common/Common/function.php 第 51 行.
NOTIC: [8] Undefined variable: url /data/wwwroot/default/Application/Common/Common/function.php 第 56 行.
NOTIC: [8] Undefined index: attr /data/wwwroot/default/Application/Common/Common/function.php 第 39 行.
NOTIC: [8] Undefined index: attr /data/wwwroot/default/Application/Common/Common/function.php 第 41 行.
NOTIC: [8] Undefined index: attr /data/wwwroot/default/Application/Common/Common/function.php 第 49 行.
NOTIC: [8] Undefined index: attr /data/wwwroot/default/Application/Common/Common/function.php 第 51 行.
NOTIC: [8] Undefined variable: url /data/wwwroot/default/Application/Common/Common/function.php 第 56 行.
NOTIC: [8] Undefined index: attr /data/wwwroot/default/Application/Common/Common/function.php 第 39 行.
NOTIC: [8] Undefined index: attr /data/wwwroot/default/Application/Common/Common/function.php 第 41 行.
NOTIC: [8] Undefined index: attr /data/wwwroot/default/Application/Common/Common/function.php 第 49 行.
NOTIC: [8] Undefined index: attr /data/wwwroot/default/Application/Common/Common/function.php 第 51 行.
NOTIC: [8] Undefined variable: url /data/wwwroot/default/Application/Common/Common/function.php 第 56 行.
NOTIC: [8] Undefined index: attr /data/wwwroot/default/Application/Common/Common/function.php 第 39 行.
NOTIC: [8] Undefined index: attr /data/wwwroot/default/Application/Common/Common/function.php 第 41 行.
NOTIC: [8] Undefined index: attr /data/wwwroot/default/Application/Common/Common/function.php 第 49 行.
NOTIC: [8] Undefined index: attr /data/wwwroot/default/Application/Common/Common/function.php 第 51 行.
NOTIC: [8] Undefined variable: url /data/wwwroot/default/Application/Common/Common/function.php 第 56 行.
NOTIC: [8] Undefined index: attr /data/wwwroot/default/Application/Common/Common/function.php 第 39 行.
NOTIC: [8] Undefined index: attr /data/wwwroot/default/Application/Common/Common/function.php 第 41 行.
NOTIC: [8] Undefined index: attr /data/wwwroot/default/Application/Common/Common/function.php 第 49 行.
NOTIC: [8] Undefined index: attr /data/wwwroot/default/Application/Common/Common/function.php 第 51 行.
NOTIC: [8] Undefined variable: url /data/wwwroot/default/Application/Common/Common/function.php 第 56 行.
NOTIC: [8] Undefined index: attr /data/wwwroot/default/Application/Common/Common/function.php 第 39 行.
NOTIC: [8] Undefined index: attr /data/wwwroot/default/Application/Common/Common/function.php 第 41 行.
NOTIC: [8] Undefined index: attr /data/wwwroot/default/Application/Common/Common/function.php 第 49 行.
NOTIC: [8] Undefined index: attr /data/wwwroot/default/Application/Common/Common/function.php 第 51 行.
NOTIC: [8] Undefined variable: url /data/wwwroot/default/Application/Common/Common/function.php 第 56 行.
NOTIC: [8] Undefined index: attr /data/wwwroot/default/Application/Common/Common/function.php 第 39 行.
NOTIC: [8] Undefined index: attr /data/wwwroot/default/Application/Common/Common/function.php 第 41 行.
NOTIC: [8] Undefined index: attr /data/wwwroot/default/Application/Common/Common/function.php 第 49 行.
NOTIC: [8] Undefined index: attr /data/wwwroot/default/Application/Common/Common/function.php 第 51 行.
NOTIC: [8] Undefined variable: url /data/wwwroot/default/Application/Common/Common/function.php 第 56 行.
NOTIC: [8] Undefined index: attr /data/wwwroot/default/Application/Common/Common/function.php 第 39 行.
NOTIC: [8] Undefined index: attr /data/wwwroot/default/Application/Common/Common/function.php 第 41 行.
NOTIC: [8] Undefined index: attr /data/wwwroot/default/Application/Common/Common/function.php 第 49 行.
NOTIC: [8] Undefined index: attr /data/wwwroot/default/Application/Common/Common/function.php 第 51 行.
NOTIC: [8] Undefined variable: url /data/wwwroot/default/Application/Common/Common/function.php 第 56 行.
NOTIC: [8] Undefined index: attr /data/wwwroot/default/Application/Common/Common/function.php 第 39 行.
NOTIC: [8] Undefined index: attr /data/wwwroot/default/Application/Common/Common/function.php 第 41 行.
NOTIC: [8] Undefined index: attr /data/wwwroot/default/Application/Common/Common/function.php 第 49 行.
NOTIC: [8] Undefined index: attr /data/wwwroot/default/Application/Common/Common/function.php 第 51 行.
NOTIC: [8] Undefined variable: url /data/wwwroot/default/Application/Common/Common/function.php 第 56 行.
NOTIC: [8] Undefined index: attr /data/wwwroot/default/Application/Common/Common/function.php 第 39 行.
NOTIC: [8] Undefined index: attr /data/wwwroot/default/Application/Common/Common/function.php 第 41 行.
NOTIC: [8] Undefined index: attr /data/wwwroot/default/Application/Common/Common/function.php 第 49 行.
NOTIC: [8] Undefined index: attr /data/wwwroot/default/Application/Common/Common/function.php 第 51 行.
NOTIC: [8] Undefined variable: url /data/wwwroot/default/Application/Common/Common/function.php 第 56 行.
NOTIC: [8] Undefined index: attr /data/wwwroot/default/Application/Common/Common/function.php 第 39 行.
NOTIC: [8] Undefined index: attr /data/wwwroot/default/Application/Common/Common/function.php 第 41 行.
NOTIC: [8] Undefined index: attr /data/wwwroot/default/Application/Common/Common/function.php 第 49 行.
NOTIC: [8] Undefined index: attr /data/wwwroot/default/Application/Common/Common/function.php 第 51 行.
NOTIC: [8] Undefined variable: url /data/wwwroot/default/Application/Common/Common/function.php 第 56 行.
NOTIC: [8] Undefined index: attr /data/wwwroot/default/Application/Common/Common/function.php 第 39 行.
NOTIC: [8] Undefined index: attr /data/wwwroot/default/Application/Common/Common/function.php 第 41 行.
NOTIC: [8] Undefined index: attr /data/wwwroot/default/Application/Common/Common/function.php 第 49 行.
NOTIC: [8] Undefined index: attr /data/wwwroot/default/Application/Common/Common/function.php 第 51 行.
NOTIC: [8] Undefined variable: url /data/wwwroot/default/Application/Common/Common/function.php 第 56 行.
NOTIC: [8] Undefined index: attr /data/wwwroot/default/Application/Common/Common/function.php 第 39 行.
NOTIC: [8] Undefined index: attr /data/wwwroot/default/Application/Common/Common/function.php 第 41 行.
NOTIC: [8] Undefined index: attr /data/wwwroot/default/Application/Common/Common/function.php 第 49 行.
NOTIC: [8] Undefined index: attr /data/wwwroot/default/Application/Common/Common/function.php 第 51 行.
NOTIC: [8] Undefined variable: url /data/wwwroot/default/Application/Common/Common/function.php 第 56 行.
NOTIC: [8] Undefined index: attr /data/wwwroot/default/Application/Common/Common/function.php 第 39 行.
NOTIC: [8] Undefined index: attr /data/wwwroot/default/Application/Common/Common/function.php 第 41 行.
NOTIC: [8] Undefined index: attr /data/wwwroot/default/Application/Common/Common/function.php 第 49 行.
NOTIC: [8] Undefined index: attr /data/wwwroot/default/Application/Common/Common/function.php 第 51 行.
NOTIC: [8] Undefined variable: url /data/wwwroot/default/Application/Common/Common/function.php 第 56 行.
NOTIC: [8] Undefined index: attr /data/wwwroot/default/Application/Common/Common/function.php 第 39 行.
NOTIC: [8] Undefined index: attr /data/wwwroot/default/Application/Common/Common/function.php 第 41 行.
NOTIC: [8] Undefined index: attr /data/wwwroot/default/Application/Common/Common/function.php 第 49 行.
NOTIC: [8] Undefined index: attr /data/wwwroot/default/Application/Common/Common/function.php 第 51 行.
NOTIC: [8] Undefined variable: url /data/wwwroot/default/Application/Common/Common/function.php 第 56 行.
NOTIC: [8] Undefined index: attr /data/wwwroot/default/Application/Common/Common/function.php 第 39 行.
NOTIC: [8] Undefined index: attr /data/wwwroot/default/Application/Common/Common/function.php 第 41 行.
NOTIC: [8] Undefined index: attr /data/wwwroot/default/Application/Common/Common/function.php 第 49 行.
NOTIC: [8] Undefined index: attr /data/wwwroot/default/Application/Common/Common/function.php 第 51 行.
NOTIC: [8] Undefined variable: url /data/wwwroot/default/Application/Common/Common/function.php 第 56 行.
NOTIC: [8] Undefined index: attr /data/wwwroot/default/Application/Common/Common/function.php 第 39 行.
NOTIC: [8] Undefined index: attr /data/wwwroot/default/Application/Common/Common/function.php 第 41 行.
NOTIC: [8] Undefined index: attr /data/wwwroot/default/Application/Common/Common/function.php 第 49 行.
NOTIC: [8] Undefined index: attr /data/wwwroot/default/Application/Common/Common/function.php 第 51 行.
NOTIC: [8] Undefined variable: url /data/wwwroot/default/Application/Common/Common/function.php 第 56 行.
NOTIC: [8] Undefined index: attr /data/wwwroot/default/Application/Common/Common/function.php 第 39 行.
NOTIC: [8] Undefined index: attr /data/wwwroot/default/Application/Common/Common/function.php 第 41 行.
NOTIC: [8] Undefined index: attr /data/wwwroot/default/Application/Common/Common/function.php 第 49 行.
NOTIC: [8] Undefined index: attr /data/wwwroot/default/Application/Common/Common/function.php 第 51 行.
NOTIC: [8] Undefined variable: url /data/wwwroot/default/Application/Common/Common/function.php 第 56 行.
NOTIC: [8] Undefined index: attr /data/wwwroot/default/Application/Common/Common/function.php 第 39 行.
NOTIC: [8] Undefined index: attr /data/wwwroot/default/Application/Common/Common/function.php 第 41 行.
NOTIC: [8] Undefined index: attr /data/wwwroot/default/Application/Common/Common/function.php 第 49 行.
NOTIC: [8] Undefined index: attr /data/wwwroot/default/Application/Common/Common/function.php 第 51 行.
NOTIC: [8] Undefined variable: url /data/wwwroot/default/Application/Common/Common/function.php 第 56 行.
NOTIC: [8] Undefined index: attr /data/wwwroot/default/Application/Common/Common/function.php 第 39 行.
NOTIC: [8] Undefined index: attr /data/wwwroot/default/Application/Common/Common/function.php 第 41 行.
NOTIC: [8] Undefined index: attr /data/wwwroot/default/Application/Common/Common/function.php 第 49 行.
NOTIC: [8] Undefined index: attr /data/wwwroot/default/Application/Common/Common/function.php 第 51 行.
NOTIC: [8] Undefined variable: url /data/wwwroot/default/Application/Common/Common/function.php 第 56 行.
NOTIC: [8] Undefined index: attr /data/wwwroot/default/Application/Common/Common/function.php 第 39 行.
NOTIC: [8] Undefined index: attr /data/wwwroot/default/Application/Common/Common/function.php 第 41 行.
NOTIC: [8] Undefined index: attr /data/wwwroot/default/Application/Common/Common/function.php 第 49 行.
NOTIC: [8] Undefined index: attr /data/wwwroot/default/Application/Common/Common/function.php 第 51 行.
NOTIC: [8] Undefined variable: url /data/wwwroot/default/Application/Common/Common/function.php 第 56 行.
NOTIC: [8] Undefined index: attr /data/wwwroot/default/Application/Common/Common/function.php 第 39 行.
NOTIC: [8] Undefined index: attr /data/wwwroot/default/Application/Common/Common/function.php 第 41 行.
NOTIC: [8] Undefined index: attr /data/wwwroot/default/Application/Common/Common/function.php 第 49 行.
NOTIC: [8] Undefined index: attr /data/wwwroot/default/Application/Common/Common/function.php 第 51 行.
NOTIC: [8] Undefined variable: url /data/wwwroot/default/Application/Common/Common/function.php 第 56 行.
NOTIC: [8] Undefined index: attr /data/wwwroot/default/Application/Common/Common/function.php 第 39 行.
NOTIC: [8] Undefined index: attr /data/wwwroot/default/Application/Common/Common/function.php 第 41 行.
NOTIC: [8] Undefined index: attr /data/wwwroot/default/Application/Common/Common/function.php 第 49 行.
NOTIC: [8] Undefined index: attr /data/wwwroot/default/Application/Common/Common/function.php 第 51 行.
NOTIC: [8] Undefined variable: url /data/wwwroot/default/Application/Common/Common/function.php 第 56 行.
NOTIC: [8] Undefined index: attr /data/wwwroot/default/Application/Common/Common/function.php 第 39 行.
NOTIC: [8] Undefined index: attr /data/wwwroot/default/Application/Common/Common/function.php 第 41 行.
NOTIC: [8] Undefined index: attr /data/wwwroot/default/Application/Common/Common/function.php 第 49 行.
NOTIC: [8] Undefined index: attr /data/wwwroot/default/Application/Common/Common/function.php 第 51 行.
NOTIC: [8] Undefined variable: url /data/wwwroot/default/Application/Common/Common/function.php 第 56 行.
INFO: [ view_parse ] --START--
INFO: [ template_filter ] --START--
INFO: Run Behavior\ContentReplaceBehavior [ RunTime:0.000072s ]
INFO: [ template_filter ] --END-- [ RunTime:0.000158s ]
INFO: Run Behavior\ParseTemplateBehavior [ RunTime:0.024433s ]
INFO: [ view_parse ] --END-- [ RunTime:0.024479s ]
INFO: [ view_filter ] --START--
INFO: Run Behavior\WriteHtmlCacheBehavior [ RunTime:0.000102s ]
INFO: [ view_filter ] --END-- [ RunTime:0.000125s ]
INFO: [ app_end ] --START--
INFO: Run Behavior\ShowPageTraceBehavior [ RunTime:0.000060s ]
INFO: [ app_end ] --END-- [ RunTime:0.000081s ]

[ 2018-01-14T20:33:31+08:00 ] 192.168.8.1 /index.php?s=/Admin/Rbac/index
INFO: [ app_init ] --START--
INFO: Run Behavior\BuildLiteBehavior [ RunTime:0.000011s ]
INFO: [ app_init ] --END-- [ RunTime:0.000122s ]
INFO: [ app_begin ] --START--
INFO: Run Behavior\ReadHtmlCacheBehavior [ RunTime:0.000089s ]
INFO: [ app_begin ] --END-- [ RunTime:0.000118s ]
SQL: SHOW COLUMNS FROM `tp_user` [ RunTime:0.0007s ]
SQL: SELECT * FROM `tp_user` WHERE `username` <> 'admin'  [ RunTime:0.0311s ]
SQL: SHOW COLUMNS FROM `tp_role` [ RunTime:0.0006s ]
NOTIC: [8] Undefined index: mapping_order /data/wwwroot/default/ThinkPHP/Library/Think/Model/RelationModel.class.php 第 186 行.
NOTIC: [8] Undefined index: mapping_limit /data/wwwroot/default/ThinkPHP/Library/Think/Model/RelationModel.class.php 第 187 行.
SQL: SELECT b.* FROM tp_role_user AS a, tp_role AS b WHERE a.role_id = b.id AND a. user_id='5' [ RunTime:0.0710s ]
NOTIC: [8] Undefined index: mapping_order /data/wwwroot/default/ThinkPHP/Library/Think/Model/RelationModel.class.php 第 186 行.
NOTIC: [8] Undefined index: mapping_limit /data/wwwroot/default/ThinkPHP/Library/Think/Model/RelationModel.class.php 第 187 行.
SQL: SELECT b.* FROM tp_role_user AS a, tp_role AS b WHERE a.role_id = b.id AND a. user_id='6' [ RunTime:0.0003s ]
NOTIC: [8] Undefined index: mapping_order /data/wwwroot/default/ThinkPHP/Library/Think/Model/RelationModel.class.php 第 186 行.
NOTIC: [8] Undefined index: mapping_limit /data/wwwroot/default/ThinkPHP/Library/Think/Model/RelationModel.class.php 第 187 行.
SQL: SELECT b.* FROM tp_role_user AS a, tp_role AS b WHERE a.role_id = b.id AND a. user_id='7' [ RunTime:0.0002s ]
INFO: [ view_parse ] --START--
INFO: [ template_filter ] --START--
INFO: Run Behavior\ContentReplaceBehavior [ RunTime:0.000044s ]
INFO: [ template_filter ] --END-- [ RunTime:0.000121s ]
NOTIC: [8] Undefined variable: page /data/wwwroot/default/Application/Runtime/Cache/Admin/acf17e19f34c500614b6a779d7eb5b54.php 第 74 行.
INFO: Run Behavior\ParseTemplateBehavior [ RunTime:0.020596s ]
INFO: [ view_parse ] --END-- [ RunTime:0.020628s ]
INFO: [ view_filter ] --START--
INFO: Run Behavior\WriteHtmlCacheBehavior [ RunTime:0.000098s ]
INFO: [ view_filter ] --END-- [ RunTime:0.000120s ]
INFO: [ app_end ] --START--
INFO: Run Behavior\ShowPageTraceBehavior [ RunTime:0.000051s ]
INFO: [ app_end ] --END-- [ RunTime:0.000069s ]

