[ 2018-03-03T17:28:36+08:00 ] ::1 /web/marx/admin
INFO: [ app_init ] --START--
INFO: Run Behavior\BuildLiteBehavior [ RunTime:0.000037s ]
INFO: [ app_init ] --END-- [ RunTime:0.000557s ]
INFO: [ app_begin ] --START--
INFO: Run Behavior\ReadHtmlCacheBehavior [ RunTime:0.001087s ]
INFO: [ app_begin ] --END-- [ RunTime:0.001223s ]

[ 2018-03-03T17:28:36+08:00 ] ::1 /web/marx/index.php?s=/Admin/Login/index.html
INFO: [ app_init ] --START--
INFO: Run Behavior\BuildLiteBehavior [ RunTime:0.000021s ]
INFO: [ app_init ] --END-- [ RunTime:0.000476s ]
INFO: [ app_begin ] --START--
INFO: Run Behavior\ReadHtmlCacheBehavior [ RunTime:0.001645s ]
INFO: [ app_begin ] --END-- [ RunTime:0.001755s ]
INFO: [ view_parse ] --START--
INFO: [ template_filter ] --START--
INFO: Run Behavior\ContentReplaceBehavior [ RunTime:0.000130s ]
INFO: [ template_filter ] --END-- [ RunTime:0.000248s ]
INFO: Run Behavior\ParseTemplateBehavior [ RunTime:0.015095s ]
INFO: [ view_parse ] --END-- [ RunTime:0.015213s ]
INFO: [ view_filter ] --START--
INFO: Run Behavior\WriteHtmlCacheBehavior [ RunTime:0.000689s ]
INFO: [ view_filter ] --END-- [ RunTime:0.000790s ]
INFO: [ app_end ] --START--
INFO: Run Behavior\ShowPageTraceBehavior [ RunTime:0.000893s ]
INFO: [ app_end ] --END-- [ RunTime:0.000997s ]

[ 2018-03-03T17:28:36+08:00 ] ::1 /web/marx/index.php?s=/Admin/Login/verify
INFO: [ app_init ] --START--
INFO: Run Behavior\BuildLiteBehavior [ RunTime:0.000024s ]
INFO: [ app_init ] --END-- [ RunTime:0.000565s ]
INFO: [ app_begin ] --START--
INFO: Run Behavior\ReadHtmlCacheBehavior [ RunTime:0.000787s ]
INFO: [ app_begin ] --END-- [ RunTime:0.000904s ]
INFO: [ app_end ] --START--
INFO: Run Behavior\ShowPageTraceBehavior [ RunTime:0.000767s ]
INFO: [ app_end ] --END-- [ RunTime:0.000927s ]

[ 2018-03-03T17:29:03+08:00 ] ::1 /web/marx/index.php?s=/Admin/Login/index.html
INFO: [ app_init ] --START--
INFO: Run Behavior\BuildLiteBehavior [ RunTime:0.000023s ]
INFO: [ app_init ] --END-- [ RunTime:0.000604s ]
INFO: [ app_begin ] --START--
INFO: Run Behavior\ReadHtmlCacheBehavior [ RunTime:0.000877s ]
INFO: [ app_begin ] --END-- [ RunTime:0.001050s ]
INFO: [ view_parse ] --START--
INFO: [ template_filter ] --START--
INFO: Run Behavior\ContentReplaceBehavior [ RunTime:0.000088s ]
INFO: [ template_filter ] --END-- [ RunTime:0.000203s ]
INFO: Run Behavior\ParseTemplateBehavior [ RunTime:0.008947s ]
INFO: [ view_parse ] --END-- [ RunTime:0.009092s ]
INFO: [ view_filter ] --START--
INFO: Run Behavior\WriteHtmlCacheBehavior [ RunTime:0.000595s ]
INFO: [ view_filter ] --END-- [ RunTime:0.000695s ]
INFO: [ app_end ] --START--
INFO: Run Behavior\ShowPageTraceBehavior [ RunTime:0.000775s ]
INFO: [ app_end ] --END-- [ RunTime:0.000879s ]

[ 2018-03-03T17:29:03+08:00 ] ::1 /web/marx/index.php?s=/Admin/Login/verify
INFO: [ app_init ] --START--
INFO: Run Behavior\BuildLiteBehavior [ RunTime:0.000026s ]
INFO: [ app_init ] --END-- [ RunTime:0.000520s ]
INFO: [ app_begin ] --START--
INFO: Run Behavior\ReadHtmlCacheBehavior [ RunTime:0.000505s ]
INFO: [ app_begin ] --END-- [ RunTime:0.000642s ]
INFO: [ app_end ] --START--
INFO: Run Behavior\ShowPageTraceBehavior [ RunTime:0.000861s ]
INFO: [ app_end ] --END-- [ RunTime:0.000992s ]

[ 2018-03-03T17:29:11+08:00 ] ::1 /web/marx/index.php?s=/Admin/Login/login
INFO: [ app_init ] --START--
INFO: Run Behavior\BuildLiteBehavior [ RunTime:0.000022s ]
INFO: [ app_init ] --END-- [ RunTime:0.000420s ]
INFO: [ app_begin ] --START--
INFO: Run Behavior\ReadHtmlCacheBehavior [ RunTime:0.000425s ]
INFO: [ app_begin ] --END-- [ RunTime:0.000540s ]
SQL: SHOW COLUMNS FROM `tp_user` [ RunTime:0.1481s ]
SQL: SELECT * FROM `tp_user` WHERE `username` = 'admin' LIMIT 1   [ RunTime:0.0004s ]
NOTIC: [8] Undefined index: lock D:\wamp64\www\web\marx\Application\Admin\Controller\LoginController.class.php 第 30 行.
SQL: UPDATE `tp_user` SET `logintime`='1520069351',`loginip`='0.0.0.0' WHERE `id` = 1 [ RunTime:0.0005s ]

[ 2018-03-03T17:29:11+08:00 ] ::1 /web/marx/index.php?s=/Admin/Index
INFO: [ app_init ] --START--
INFO: Run Behavior\BuildLiteBehavior [ RunTime:0.000023s ]
INFO: [ app_init ] --END-- [ RunTime:0.000413s ]
INFO: [ app_begin ] --START--
INFO: Run Behavior\ReadHtmlCacheBehavior [ RunTime:0.000438s ]
INFO: [ app_begin ] --END-- [ RunTime:0.000548s ]
INFO: [ view_parse ] --START--
INFO: [ template_filter ] --START--
INFO: Run Behavior\ContentReplaceBehavior [ RunTime:0.000121s ]
INFO: [ template_filter ] --END-- [ RunTime:0.000240s ]
INFO: Run Behavior\ParseTemplateBehavior [ RunTime:0.017000s ]
INFO: [ view_parse ] --END-- [ RunTime:0.017121s ]
INFO: [ view_filter ] --START--
INFO: Run Behavior\WriteHtmlCacheBehavior [ RunTime:0.000618s ]
INFO: [ view_filter ] --END-- [ RunTime:0.000721s ]
INFO: [ app_end ] --START--
INFO: Run Behavior\ShowPageTraceBehavior [ RunTime:0.000783s ]
INFO: [ app_end ] --END-- [ RunTime:0.000947s ]

[ 2018-03-03T17:29:11+08:00 ] ::1 /web/marx/index.php?s=/Admin/Index/content
INFO: [ app_init ] --START--
INFO: Run Behavior\BuildLiteBehavior [ RunTime:0.000026s ]
INFO: [ app_init ] --END-- [ RunTime:0.000552s ]
INFO: [ app_begin ] --START--
INFO: Run Behavior\ReadHtmlCacheBehavior [ RunTime:0.001592s ]
INFO: [ app_begin ] --END-- [ RunTime:0.001845s ]
INFO: [ view_parse ] --START--
INFO: [ template_filter ] --START--
INFO: Run Behavior\ContentReplaceBehavior [ RunTime:0.000092s ]
INFO: [ template_filter ] --END-- [ RunTime:0.000217s ]
INFO: Run Behavior\ParseTemplateBehavior [ RunTime:0.010263s ]
INFO: [ view_parse ] --END-- [ RunTime:0.010476s ]
INFO: [ view_filter ] --START--
INFO: Run Behavior\WriteHtmlCacheBehavior [ RunTime:0.000502s ]
INFO: [ view_filter ] --END-- [ RunTime:0.000600s ]
INFO: [ app_end ] --START--
INFO: Run Behavior\ShowPageTraceBehavior [ RunTime:0.000780s ]
INFO: [ app_end ] --END-- [ RunTime:0.000880s ]

[ 2018-03-03T17:29:14+08:00 ] ::1 /web/marx/index.php?s=/Admin/Rbac/index
INFO: [ app_init ] --START--
INFO: Run Behavior\BuildLiteBehavior [ RunTime:0.000022s ]
INFO: [ app_init ] --END-- [ RunTime:0.000518s ]
INFO: [ app_begin ] --START--
INFO: Run Behavior\ReadHtmlCacheBehavior [ RunTime:0.000831s ]
INFO: [ app_begin ] --END-- [ RunTime:0.000940s ]
SQL: SHOW COLUMNS FROM `tp_user` [ RunTime:0.0008s ]
SQL: SELECT * FROM `tp_user` WHERE `username` <> 'admin'  [ RunTime:0.0004s ]
SQL: SHOW COLUMNS FROM `tp_role` [ RunTime:0.0435s ]
NOTIC: [8] Undefined index: mapping_order D:\wamp64\www\web\marx\ThinkPHP\Library\Think\Model\RelationModel.class.php 第 186 行.
NOTIC: [8] Undefined index: mapping_limit D:\wamp64\www\web\marx\ThinkPHP\Library\Think\Model\RelationModel.class.php 第 187 行.
SQL: SELECT b.* FROM tp_role_user AS a, tp_role AS b WHERE a.role_id = b.id AND a. user_id='5' [ RunTime:0.0091s ]
NOTIC: [8] Undefined index: mapping_order D:\wamp64\www\web\marx\ThinkPHP\Library\Think\Model\RelationModel.class.php 第 186 行.
NOTIC: [8] Undefined index: mapping_limit D:\wamp64\www\web\marx\ThinkPHP\Library\Think\Model\RelationModel.class.php 第 187 行.
SQL: SELECT b.* FROM tp_role_user AS a, tp_role AS b WHERE a.role_id = b.id AND a. user_id='6' [ RunTime:0.0003s ]
NOTIC: [8] Undefined index: mapping_order D:\wamp64\www\web\marx\ThinkPHP\Library\Think\Model\RelationModel.class.php 第 186 行.
NOTIC: [8] Undefined index: mapping_limit D:\wamp64\www\web\marx\ThinkPHP\Library\Think\Model\RelationModel.class.php 第 187 行.
SQL: SELECT b.* FROM tp_role_user AS a, tp_role AS b WHERE a.role_id = b.id AND a. user_id='7' [ RunTime:0.0002s ]
INFO: [ view_parse ] --START--
INFO: [ template_filter ] --START--
INFO: Run Behavior\ContentReplaceBehavior [ RunTime:0.000099s ]
INFO: [ template_filter ] --END-- [ RunTime:0.000219s ]
NOTIC: [8] Undefined variable: page D:\wamp64\www\web\marx\Application\Runtime\Cache\Admin\acf17e19f34c500614b6a779d7eb5b54.php 第 74 行.
INFO: Run Behavior\ParseTemplateBehavior [ RunTime:0.036576s ]
INFO: [ view_parse ] --END-- [ RunTime:0.036706s ]
INFO: [ view_filter ] --START--
INFO: Run Behavior\WriteHtmlCacheBehavior [ RunTime:0.000715s ]
INFO: [ view_filter ] --END-- [ RunTime:0.000812s ]
INFO: [ app_end ] --START--
INFO: Run Behavior\ShowPageTraceBehavior [ RunTime:0.001054s ]
INFO: [ app_end ] --END-- [ RunTime:0.001214s ]

[ 2018-03-03T17:29:16+08:00 ] ::1 /web/marx/index.php?s=/Admin/Rbac/addUser
INFO: [ app_init ] --START--
INFO: Run Behavior\BuildLiteBehavior [ RunTime:0.000064s ]
INFO: [ app_init ] --END-- [ RunTime:0.000752s ]
INFO: [ app_begin ] --START--
INFO: Run Behavior\ReadHtmlCacheBehavior [ RunTime:0.000579s ]
INFO: [ app_begin ] --END-- [ RunTime:0.000697s ]
SQL: SHOW COLUMNS FROM `tp_user` [ RunTime:0.0009s ]
SQL: SELECT * FROM `tp_user` WHERE `id` = 0 LIMIT 1   [ RunTime:0.0003s ]
SQL: SHOW COLUMNS FROM `tp_role` [ RunTime:0.0010s ]
SQL: SELECT * FROM `tp_role`  [ RunTime:0.0003s ]
INFO: [ view_parse ] --START--
INFO: [ template_filter ] --START--
INFO: Run Behavior\ContentReplaceBehavior [ RunTime:0.000131s ]
INFO: [ template_filter ] --END-- [ RunTime:0.000298s ]
INFO: Run Behavior\ParseTemplateBehavior [ RunTime:0.012201s ]
INFO: [ view_parse ] --END-- [ RunTime:0.012327s ]
INFO: [ view_filter ] --START--
INFO: Run Behavior\WriteHtmlCacheBehavior [ RunTime:0.000319s ]
INFO: [ view_filter ] --END-- [ RunTime:0.000418s ]
INFO: [ app_end ] --START--
INFO: Run Behavior\ShowPageTraceBehavior [ RunTime:0.000560s ]
INFO: [ app_end ] --END-- [ RunTime:0.000679s ]

[ 2018-03-03T17:29:16+08:00 ] ::1 /web/marx/index.php?s=/Admin/Rbac/role
INFO: [ app_init ] --START--
INFO: Run Behavior\BuildLiteBehavior [ RunTime:0.000022s ]
INFO: [ app_init ] --END-- [ RunTime:0.000421s ]
INFO: [ app_begin ] --START--
INFO: Run Behavior\ReadHtmlCacheBehavior [ RunTime:0.000430s ]
INFO: [ app_begin ] --END-- [ RunTime:0.000559s ]
SQL: SHOW COLUMNS FROM `tp_role` [ RunTime:0.0009s ]
SQL: SELECT * FROM `tp_role`  [ RunTime:0.0003s ]
INFO: [ view_parse ] --START--
INFO: [ template_filter ] --START--
INFO: Run Behavior\ContentReplaceBehavior [ RunTime:0.000088s ]
INFO: [ template_filter ] --END-- [ RunTime:0.000204s ]
INFO: Run Behavior\ParseTemplateBehavior [ RunTime:0.010127s ]
INFO: [ view_parse ] --END-- [ RunTime:0.010258s ]
INFO: [ view_filter ] --START--
INFO: Run Behavior\WriteHtmlCacheBehavior [ RunTime:0.000305s ]
INFO: [ view_filter ] --END-- [ RunTime:0.000404s ]
INFO: [ app_end ] --START--
INFO: Run Behavior\ShowPageTraceBehavior [ RunTime:0.000522s ]
INFO: [ app_end ] --END-- [ RunTime:0.000623s ]

[ 2018-03-03T17:29:18+08:00 ] ::1 /web/marx/index.php?s=/Admin/Rbac/addRole
INFO: [ app_init ] --START--
INFO: Run Behavior\BuildLiteBehavior [ RunTime:0.000023s ]
INFO: [ app_init ] --END-- [ RunTime:0.000499s ]
INFO: [ app_begin ] --START--
INFO: Run Behavior\ReadHtmlCacheBehavior [ RunTime:0.000443s ]
INFO: [ app_begin ] --END-- [ RunTime:0.000556s ]
SQL: SHOW COLUMNS FROM `tp_role` [ RunTime:0.0007s ]
SQL: SELECT `id`,`name`,`status` FROM `tp_role` WHERE `id` = 0 LIMIT 1   [ RunTime:0.0003s ]
SQL: SHOW COLUMNS FROM `tp_node` [ RunTime:0.1082s ]
SQL: SELECT `id`,`name`,`title`,`pid`,`level` FROM `tp_node` ORDER BY sort  [ RunTime:0.0172s ]
SQL: SHOW COLUMNS FROM `tp_access` [ RunTime:0.0361s ]
SQL: SELECT `node_id` FROM `tp_access` WHERE `role_id` = 0  [ RunTime:0.0005s ]
NOTIC: [2] in_array() expects parameter 2 to be array, null given D:\wamp64\www\web\marx\Application\Admin\Controller\RbacController.class.php 第 251 行.
NOTIC: [2] in_array() expects parameter 2 to be array, null given D:\wamp64\www\web\marx\Application\Admin\Controller\RbacController.class.php 第 251 行.
NOTIC: [2] in_array() expects parameter 2 to be array, null given D:\wamp64\www\web\marx\Application\Admin\Controller\RbacController.class.php 第 251 行.
NOTIC: [2] in_array() expects parameter 2 to be array, null given D:\wamp64\www\web\marx\Application\Admin\Controller\RbacController.class.php 第 251 行.
NOTIC: [2] in_array() expects parameter 2 to be array, null given D:\wamp64\www\web\marx\Application\Admin\Controller\RbacController.class.php 第 251 行.
NOTIC: [2] in_array() expects parameter 2 to be array, null given D:\wamp64\www\web\marx\Application\Admin\Controller\RbacController.class.php 第 251 行.
NOTIC: [2] in_array() expects parameter 2 to be array, null given D:\wamp64\www\web\marx\Application\Admin\Controller\RbacController.class.php 第 251 行.
NOTIC: [2] in_array() expects parameter 2 to be array, null given D:\wamp64\www\web\marx\Application\Admin\Controller\RbacController.class.php 第 251 行.
NOTIC: [2] in_array() expects parameter 2 to be array, null given D:\wamp64\www\web\marx\Application\Admin\Controller\RbacController.class.php 第 251 行.
NOTIC: [2] in_array() expects parameter 2 to be array, null given D:\wamp64\www\web\marx\Application\Admin\Controller\RbacController.class.php 第 251 行.
NOTIC: [2] in_array() expects parameter 2 to be array, null given D:\wamp64\www\web\marx\Application\Admin\Controller\RbacController.class.php 第 251 行.
NOTIC: [2] in_array() expects parameter 2 to be array, null given D:\wamp64\www\web\marx\Application\Admin\Controller\RbacController.class.php 第 251 行.
NOTIC: [2] in_array() expects parameter 2 to be array, null given D:\wamp64\www\web\marx\Application\Admin\Controller\RbacController.class.php 第 251 行.
NOTIC: [2] in_array() expects parameter 2 to be array, null given D:\wamp64\www\web\marx\Application\Admin\Controller\RbacController.class.php 第 251 行.
NOTIC: [2] in_array() expects parameter 2 to be array, null given D:\wamp64\www\web\marx\Application\Admin\Controller\RbacController.class.php 第 251 行.
NOTIC: [2] in_array() expects parameter 2 to be array, null given D:\wamp64\www\web\marx\Application\Admin\Controller\RbacController.class.php 第 251 行.
NOTIC: [2] in_array() expects parameter 2 to be array, null given D:\wamp64\www\web\marx\Application\Admin\Controller\RbacController.class.php 第 251 行.
NOTIC: [2] in_array() expects parameter 2 to be array, null given D:\wamp64\www\web\marx\Application\Admin\Controller\RbacController.class.php 第 251 行.
NOTIC: [2] in_array() expects parameter 2 to be array, null given D:\wamp64\www\web\marx\Application\Admin\Controller\RbacController.class.php 第 251 行.
NOTIC: [2] in_array() expects parameter 2 to be array, null given D:\wamp64\www\web\marx\Application\Admin\Controller\RbacController.class.php 第 251 行.
NOTIC: [2] in_array() expects parameter 2 to be array, null given D:\wamp64\www\web\marx\Application\Admin\Controller\RbacController.class.php 第 251 行.
NOTIC: [2] in_array() expects parameter 2 to be array, null given D:\wamp64\www\web\marx\Application\Admin\Controller\RbacController.class.php 第 251 行.
NOTIC: [2] in_array() expects parameter 2 to be array, null given D:\wamp64\www\web\marx\Application\Admin\Controller\RbacController.class.php 第 251 行.
NOTIC: [2] in_array() expects parameter 2 to be array, null given D:\wamp64\www\web\marx\Application\Admin\Controller\RbacController.class.php 第 251 行.
NOTIC: [2] in_array() expects parameter 2 to be array, null given D:\wamp64\www\web\marx\Application\Admin\Controller\RbacController.class.php 第 251 行.
NOTIC: [2] in_array() expects parameter 2 to be array, null given D:\wamp64\www\web\marx\Application\Admin\Controller\RbacController.class.php 第 251 行.
NOTIC: [2] in_array() expects parameter 2 to be array, null given D:\wamp64\www\web\marx\Application\Admin\Controller\RbacController.class.php 第 251 行.
NOTIC: [2] in_array() expects parameter 2 to be array, null given D:\wamp64\www\web\marx\Application\Admin\Controller\RbacController.class.php 第 251 行.
NOTIC: [2] in_array() expects parameter 2 to be array, null given D:\wamp64\www\web\marx\Application\Admin\Controller\RbacController.class.php 第 251 行.
NOTIC: [2] in_array() expects parameter 2 to be array, null given D:\wamp64\www\web\marx\Application\Admin\Controller\RbacController.class.php 第 251 行.
NOTIC: [8] Undefined index: attr D:\wamp64\www\web\marx\Application\Common\Common\function.php 第 39 行.
NOTIC: [8] Undefined index: attr D:\wamp64\www\web\marx\Application\Common\Common\function.php 第 41 行.
NOTIC: [8] Undefined index: attr D:\wamp64\www\web\marx\Application\Common\Common\function.php 第 49 行.
NOTIC: [8] Undefined index: attr D:\wamp64\www\web\marx\Application\Common\Common\function.php 第 51 行.
NOTIC: [8] Undefined variable: url D:\wamp64\www\web\marx\Application\Common\Common\function.php 第 56 行.
NOTIC: [8] Undefined index: attr D:\wamp64\www\web\marx\Application\Common\Common\function.php 第 39 行.
NOTIC: [8] Undefined index: attr D:\wamp64\www\web\marx\Application\Common\Common\function.php 第 41 行.
NOTIC: [8] Undefined index: attr D:\wamp64\www\web\marx\Application\Common\Common\function.php 第 49 行.
NOTIC: [8] Undefined index: attr D:\wamp64\www\web\marx\Application\Common\Common\function.php 第 51 行.
NOTIC: [8] Undefined variable: url D:\wamp64\www\web\marx\Application\Common\Common\function.php 第 56 行.
NOTIC: [8] Undefined index: attr D:\wamp64\www\web\marx\Application\Common\Common\function.php 第 39 行.
NOTIC: [8] Undefined index: attr D:\wamp64\www\web\marx\Application\Common\Common\function.php 第 41 行.
NOTIC: [8] Undefined index: attr D:\wamp64\www\web\marx\Application\Common\Common\function.php 第 49 行.
NOTIC: [8] Undefined index: attr D:\wamp64\www\web\marx\Application\Common\Common\function.php 第 51 行.
NOTIC: [8] Undefined variable: url D:\wamp64\www\web\marx\Application\Common\Common\function.php 第 56 行.
NOTIC: [8] Undefined index: attr D:\wamp64\www\web\marx\Application\Common\Common\function.php 第 39 行.
NOTIC: [8] Undefined index: attr D:\wamp64\www\web\marx\Application\Common\Common\function.php 第 41 行.
NOTIC: [8] Undefined index: attr D:\wamp64\www\web\marx\Application\Common\Common\function.php 第 49 行.
NOTIC: [8] Undefined index: attr D:\wamp64\www\web\marx\Application\Common\Common\function.php 第 51 行.
NOTIC: [8] Undefined variable: url D:\wamp64\www\web\marx\Application\Common\Common\function.php 第 56 行.
NOTIC: [8] Undefined index: attr D:\wamp64\www\web\marx\Application\Common\Common\function.php 第 39 行.
NOTIC: [8] Undefined index: attr D:\wamp64\www\web\marx\Application\Common\Common\function.php 第 41 行.
NOTIC: [8] Undefined index: attr D:\wamp64\www\web\marx\Application\Common\Common\function.php 第 49 行.
NOTIC: [8] Undefined index: attr D:\wamp64\www\web\marx\Application\Common\Common\function.php 第 51 行.
NOTIC: [8] Undefined variable: url D:\wamp64\www\web\marx\Application\Common\Common\function.php 第 56 行.
NOTIC: [8] Undefined index: attr D:\wamp64\www\web\marx\Application\Common\Common\function.php 第 39 行.
NOTIC: [8] Undefined index: attr D:\wamp64\www\web\marx\Application\Common\Common\function.php 第 41 行.
NOTIC: [8] Undefined index: attr D:\wamp64\www\web\marx\Application\Common\Common\function.php 第 49 行.
NOTIC: [8] Undefined index: attr D:\wamp64\www\web\marx\Application\Common\Common\function.php 第 51 行.
NOTIC: [8] Undefined variable: url D:\wamp64\www\web\marx\Application\Common\Common\function.php 第 56 行.
NOTIC: [8] Undefined index: attr D:\wamp64\www\web\marx\Application\Common\Common\function.php 第 39 行.
NOTIC: [8] Undefined index: attr D:\wamp64\www\web\marx\Application\Common\Common\function.php 第 41 行.
NOTIC: [8] Undefined index: attr D:\wamp64\www\web\marx\Application\Common\Common\function.php 第 49 行.
NOTIC: [8] Undefined index: attr D:\wamp64\www\web\marx\Application\Common\Common\function.php 第 51 行.
NOTIC: [8] Undefined variable: url D:\wamp64\www\web\marx\Application\Common\Common\function.php 第 56 行.
NOTIC: [8] Undefined index: attr D:\wamp64\www\web\marx\Application\Common\Common\function.php 第 39 行.
NOTIC: [8] Undefined index: attr D:\wamp64\www\web\marx\Application\Common\Common\function.php 第 41 行.
NOTIC: [8] Undefined index: attr D:\wamp64\www\web\marx\Application\Common\Common\function.php 第 49 行.
NOTIC: [8] Undefined index: attr D:\wamp64\www\web\marx\Application\Common\Common\function.php 第 51 行.
NOTIC: [8] Undefined variable: url D:\wamp64\www\web\marx\Application\Common\Common\function.php 第 56 行.
NOTIC: [8] Undefined index: attr D:\wamp64\www\web\marx\Application\Common\Common\function.php 第 39 行.
NOTIC: [8] Undefined index: attr D:\wamp64\www\web\marx\Application\Common\Common\function.php 第 41 行.
NOTIC: [8] Undefined index: attr D:\wamp64\www\web\marx\Application\Common\Common\function.php 第 49 行.
NOTIC: [8] Undefined index: attr D:\wamp64\www\web\marx\Application\Common\Common\function.php 第 51 行.
NOTIC: [8] Undefined variable: url D:\wamp64\www\web\marx\Application\Common\Common\function.php 第 56 行.
NOTIC: [8] Undefined index: attr D:\wamp64\www\web\marx\Application\Common\Common\function.php 第 39 行.
NOTIC: [8] Undefined index: attr D:\wamp64\www\web\marx\Application\Common\Common\function.php 第 41 行.
NOTIC: [8] Undefined index: attr D:\wamp64\www\web\marx\Application\Common\Common\function.php 第 49 行.
NOTIC: [8] Undefined index: attr D:\wamp64\www\web\marx\Application\Common\Common\function.php 第 51 行.
NOTIC: [8] Undefined variable: url D:\wamp64\www\web\marx\Application\Common\Common\function.php 第 56 行.
NOTIC: [8] Undefined index: attr D:\wamp64\www\web\marx\Application\Common\Common\function.php 第 39 行.
NOTIC: [8] Undefined index: attr D:\wamp64\www\web\marx\Application\Common\Common\function.php 第 41 行.
NOTIC: [8] Undefined index: attr D:\wamp64\www\web\marx\Application\Common\Common\function.php 第 49 行.
NOTIC: [8] Undefined index: attr D:\wamp64\www\web\marx\Application\Common\Common\function.php 第 51 行.
NOTIC: [8] Undefined variable: url D:\wamp64\www\web\marx\Application\Common\Common\function.php 第 56 行.
NOTIC: [8] Undefined index: attr D:\wamp64\www\web\marx\Application\Common\Common\function.php 第 39 行.
NOTIC: [8] Undefined index: attr D:\wamp64\www\web\marx\Application\Common\Common\function.php 第 41 行.
NOTIC: [8] Undefined index: attr D:\wamp64\www\web\marx\Application\Common\Common\function.php 第 49 行.
NOTIC: [8] Undefined index: attr D:\wamp64\www\web\marx\Application\Common\Common\function.php 第 51 行.
NOTIC: [8] Undefined variable: url D:\wamp64\www\web\marx\Application\Common\Common\function.php 第 56 行.
NOTIC: [8] Undefined index: attr D:\wamp64\www\web\marx\Application\Common\Common\function.php 第 39 行.
NOTIC: [8] Undefined index: attr D:\wamp64\www\web\marx\Application\Common\Common\function.php 第 41 行.
NOTIC: [8] Undefined index: attr D:\wamp64\www\web\marx\Application\Common\Common\function.php 第 49 行.
NOTIC: [8] Undefined index: attr D:\wamp64\www\web\marx\Application\Common\Common\function.php 第 51 行.
NOTIC: [8] Undefined variable: url D:\wamp64\www\web\marx\Application\Common\Common\function.php 第 56 行.
NOTIC: [8] Undefined index: attr D:\wamp64\www\web\marx\Application\Common\Common\function.php 第 39 行.
NOTIC: [8] Undefined index: attr D:\wamp64\www\web\marx\Application\Common\Common\function.php 第 41 行.
NOTIC: [8] Undefined index: attr D:\wamp64\www\web\marx\Application\Common\Common\function.php 第 49 行.
NOTIC: [8] Undefined index: attr D:\wamp64\www\web\marx\Application\Common\Common\function.php 第 51 行.
NOTIC: [8] Undefined variable: url D:\wamp64\www\web\marx\Application\Common\Common\function.php 第 56 行.
NOTIC: [8] Undefined index: attr D:\wamp64\www\web\marx\Application\Common\Common\function.php 第 39 行.
NOTIC: [8] Undefined index: attr D:\wamp64\www\web\marx\Application\Common\Common\function.php 第 41 行.
NOTIC: [8] Undefined index: attr D:\wamp64\www\web\marx\Application\Common\Common\function.php 第 49 行.
NOTIC: [8] Undefined index: attr D:\wamp64\www\web\marx\Application\Common\Common\function.php 第 51 行.
NOTIC: [8] Undefined variable: url D:\wamp64\www\web\marx\Application\Common\Common\function.php 第 56 行.
NOTIC: [8] Undefined index: attr D:\wamp64\www\web\marx\Application\Common\Common\function.php 第 39 行.
NOTIC: [8] Undefined index: attr D:\wamp64\www\web\marx\Application\Common\Common\function.php 第 41 行.
NOTIC: [8] Undefined index: attr D:\wamp64\www\web\marx\Application\Common\Common\function.php 第 49 行.
NOTIC: [8] Undefined index: attr D:\wamp64\www\web\marx\Application\Common\Common\function.php 第 51 行.
NOTIC: [8] Undefined variable: url D:\wamp64\www\web\marx\Application\Common\Common\function.php 第 56 行.
NOTIC: [8] Undefined index: attr D:\wamp64\www\web\marx\Application\Common\Common\function.php 第 39 行.
NOTIC: [8] Undefined index: attr D:\wamp64\www\web\marx\Application\Common\Common\function.php 第 41 行.
NOTIC: [8] Undefined index: attr D:\wamp64\www\web\marx\Application\Common\Common\function.php 第 49 行.
NOTIC: [8] Undefined index: attr D:\wamp64\www\web\marx\Application\Common\Common\function.php 第 51 行.
NOTIC: [8] Undefined variable: url D:\wamp64\www\web\marx\Application\Common\Common\function.php 第 56 行.
NOTIC: [8] Undefined index: attr D:\wamp64\www\web\marx\Application\Common\Common\function.php 第 39 行.
NOTIC: [8] Undefined index: attr D:\wamp64\www\web\marx\Application\Common\Common\function.php 第 41 行.
NOTIC: [8] Undefined index: attr D:\wamp64\www\web\marx\Application\Common\Common\function.php 第 49 行.
NOTIC: [8] Undefined index: attr D:\wamp64\www\web\marx\Application\Common\Common\function.php 第 51 行.
NOTIC: [8] Undefined variable: url D:\wamp64\www\web\marx\Application\Common\Common\function.php 第 56 行.
NOTIC: [8] Undefined index: attr D:\wamp64\www\web\marx\Application\Common\Common\function.php 第 39 行.
NOTIC: [8] Undefined index: attr D:\wamp64\www\web\marx\Application\Common\Common\function.php 第 41 行.
NOTIC: [8] Undefined index: attr D:\wamp64\www\web\marx\Application\Common\Common\function.php 第 49 行.
NOTIC: [8] Undefined index: attr D:\wamp64\www\web\marx\Application\Common\Common\function.php 第 51 行.
NOTIC: [8] Undefined variable: url D:\wamp64\www\web\marx\Application\Common\Common\function.php 第 56 行.
NOTIC: [8] Undefined index: attr D:\wamp64\www\web\marx\Application\Common\Common\function.php 第 39 行.
NOTIC: [8] Undefined index: attr D:\wamp64\www\web\marx\Application\Common\Common\function.php 第 41 行.
NOTIC: [8] Undefined index: attr D:\wamp64\www\web\marx\Application\Common\Common\function.php 第 49 行.
NOTIC: [8] Undefined index: attr D:\wamp64\www\web\marx\Application\Common\Common\function.php 第 51 行.
NOTIC: [8] Undefined variable: url D:\wamp64\www\web\marx\Application\Common\Common\function.php 第 56 行.
NOTIC: [8] Undefined index: attr D:\wamp64\www\web\marx\Application\Common\Common\function.php 第 39 行.
NOTIC: [8] Undefined index: attr D:\wamp64\www\web\marx\Application\Common\Common\function.php 第 41 行.
NOTIC: [8] Undefined index: attr D:\wamp64\www\web\marx\Application\Common\Common\function.php 第 49 行.
NOTIC: [8] Undefined index: attr D:\wamp64\www\web\marx\Application\Common\Common\function.php 第 51 行.
NOTIC: [8] Undefined variable: url D:\wamp64\www\web\marx\Application\Common\Common\function.php 第 56 行.
NOTIC: [8] Undefined index: attr D:\wamp64\www\web\marx\Application\Common\Common\function.php 第 39 行.
NOTIC: [8] Undefined index: attr D:\wamp64\www\web\marx\Application\Common\Common\function.php 第 41 行.
NOTIC: [8] Undefined index: attr D:\wamp64\www\web\marx\Application\Common\Common\function.php 第 49 行.
NOTIC: [8] Undefined index: attr D:\wamp64\www\web\marx\Application\Common\Common\function.php 第 51 行.
NOTIC: [8] Undefined variable: url D:\wamp64\www\web\marx\Application\Common\Common\function.php 第 56 行.
NOTIC: [8] Undefined index: attr D:\wamp64\www\web\marx\Application\Common\Common\function.php 第 39 行.
NOTIC: [8] Undefined index: attr D:\wamp64\www\web\marx\Application\Common\Common\function.php 第 41 行.
NOTIC: [8] Undefined index: attr D:\wamp64\www\web\marx\Application\Common\Common\function.php 第 49 行.
NOTIC: [8] Undefined index: attr D:\wamp64\www\web\marx\Application\Common\Common\function.php 第 51 行.
NOTIC: [8] Undefined variable: url D:\wamp64\www\web\marx\Application\Common\Common\function.php 第 56 行.
NOTIC: [8] Undefined index: attr D:\wamp64\www\web\marx\Application\Common\Common\function.php 第 39 行.
NOTIC: [8] Undefined index: attr D:\wamp64\www\web\marx\Application\Common\Common\function.php 第 41 行.
NOTIC: [8] Undefined index: attr D:\wamp64\www\web\marx\Application\Common\Common\function.php 第 49 行.
NOTIC: [8] Undefined index: attr D:\wamp64\www\web\marx\Application\Common\Common\function.php 第 51 行.
NOTIC: [8] Undefined variable: url D:\wamp64\www\web\marx\Application\Common\Common\function.php 第 56 行.
NOTIC: [8] Undefined index: attr D:\wamp64\www\web\marx\Application\Common\Common\function.php 第 39 行.
NOTIC: [8] Undefined index: attr D:\wamp64\www\web\marx\Application\Common\Common\function.php 第 41 行.
NOTIC: [8] Undefined index: attr D:\wamp64\www\web\marx\Application\Common\Common\function.php 第 49 行.
NOTIC: [8] Undefined index: attr D:\wamp64\www\web\marx\Application\Common\Common\function.php 第 51 行.
NOTIC: [8] Undefined variable: url D:\wamp64\www\web\marx\Application\Common\Common\function.php 第 56 行.
NOTIC: [8] Undefined index: attr D:\wamp64\www\web\marx\Application\Common\Common\function.php 第 39 行.
NOTIC: [8] Undefined index: attr D:\wamp64\www\web\marx\Application\Common\Common\function.php 第 41 行.
NOTIC: [8] Undefined index: attr D:\wamp64\www\web\marx\Application\Common\Common\function.php 第 49 行.
NOTIC: [8] Undefined index: attr D:\wamp64\www\web\marx\Application\Common\Common\function.php 第 51 行.
NOTIC: [8] Undefined variable: url D:\wamp64\www\web\marx\Application\Common\Common\function.php 第 56 行.
NOTIC: [8] Undefined index: attr D:\wamp64\www\web\marx\Application\Common\Common\function.php 第 39 行.
NOTIC: [8] Undefined index: attr D:\wamp64\www\web\marx\Application\Common\Common\function.php 第 41 行.
NOTIC: [8] Undefined index: attr D:\wamp64\www\web\marx\Application\Common\Common\function.php 第 49 行.
NOTIC: [8] Undefined index: attr D:\wamp64\www\web\marx\Application\Common\Common\function.php 第 51 行.
NOTIC: [8] Undefined variable: url D:\wamp64\www\web\marx\Application\Common\Common\function.php 第 56 行.
NOTIC: [8] Undefined index: attr D:\wamp64\www\web\marx\Application\Common\Common\function.php 第 39 行.
NOTIC: [8] Undefined index: attr D:\wamp64\www\web\marx\Application\Common\Common\function.php 第 41 行.
NOTIC: [8] Undefined index: attr D:\wamp64\www\web\marx\Application\Common\Common\function.php 第 49 行.
NOTIC: [8] Undefined index: attr D:\wamp64\www\web\marx\Application\Common\Common\function.php 第 51 行.
NOTIC: [8] Undefined variable: url D:\wamp64\www\web\marx\Application\Common\Common\function.php 第 56 行.
NOTIC: [8] Undefined index: attr D:\wamp64\www\web\marx\Application\Common\Common\function.php 第 39 行.
NOTIC: [8] Undefined index: attr D:\wamp64\www\web\marx\Application\Common\Common\function.php 第 41 行.
NOTIC: [8] Undefined index: attr D:\wamp64\www\web\marx\Application\Common\Common\function.php 第 49 行.
NOTIC: [8] Undefined index: attr D:\wamp64\www\web\marx\Application\Common\Common\function.php 第 51 行.
NOTIC: [8] Undefined variable: url D:\wamp64\www\web\marx\Application\Common\Common\function.php 第 56 行.
NOTIC: [8] Undefined index: attr D:\wamp64\www\web\marx\Application\Common\Common\function.php 第 39 行.
NOTIC: [8] Undefined index: attr D:\wamp64\www\web\marx\Application\Common\Common\function.php 第 41 行.
NOTIC: [8] Undefined index: attr D:\wamp64\www\web\marx\Application\Common\Common\function.php 第 49 行.
NOTIC: [8] Undefined index: attr D:\wamp64\www\web\marx\Application\Common\Common\function.php 第 51 行.
NOTIC: [8] Undefined variable: url D:\wamp64\www\web\marx\Application\Common\Common\function.php 第 56 行.
INFO: [ view_parse ] --START--
INFO: [ template_filter ] --START--
INFO: Run Behavior\ContentReplaceBehavior [ RunTime:0.000112s ]
INFO: [ template_filter ] --END-- [ RunTime:0.000239s ]
INFO: Run Behavior\ParseTemplateBehavior [ RunTime:0.016372s ]
INFO: [ view_parse ] --END-- [ RunTime:0.016505s ]
INFO: [ view_filter ] --START--
INFO: Run Behavior\WriteHtmlCacheBehavior [ RunTime:0.000368s ]
INFO: [ view_filter ] --END-- [ RunTime:0.000465s ]
INFO: [ app_end ] --START--
INFO: Run Behavior\ShowPageTraceBehavior [ RunTime:0.000610s ]
INFO: [ app_end ] --END-- [ RunTime:0.000745s ]

